==> Installing environment /
[+] /spack/opt/spack/[padded-to-256-chars]/linux-ubuntu20.04-x86_64/clang-15.0.6/pkgconf-1.8.0-xksz3xou3mbc3lpshgnvwhfnzb5hodmm
[+] /spack/opt/spack/[padded-to-256-chars]/linux-ubuntu20.04-x86_64/clang-15.0.6/ca-certificates-mozilla-2022-10-11-zbk2wl2ebtba6vl34i2bpodfnwy7iyzu
[+] /spack/opt/spack/[padded-to-256-chars]/linux-ubuntu20.04-x86_64/clang-15.0.6/berkeley-db-18.1.40-ezsvwnsjc3qmggylnbqvnivdeod6377w
[+] /spack/opt/spack/[padded-to-256-chars]/linux-ubuntu20.04-x86_64/clang-15.0.6/libiconv-1.16-hxkyau7zweprjwiklx77xy5uk4jgc3gh
[+] /spack/opt/spack/[padded-to-256-chars]/linux-ubuntu20.04-x86_64/clang-15.0.6/zlib-1.2.13-2ekbc22kudeq7t7yi23ynvq5qb62lyrt
[+] /spack/opt/spack/[padded-to-256-chars]/linux-ubuntu20.04-x86_64/clang-15.0.6/libsigsegv-2.13-6icdiifz4li6n2rxwlbjrlvqbalgkdgb
[+] /spack/opt/spack/[padded-to-256-chars]/linux-ubuntu20.04-x86_64/clang-15.0.6/findutils-4.9.0-oqxf6rf6hwpbnputigwzyuygq6qsbptg
[+] /spack/opt/spack/[padded-to-256-chars]/linux-ubuntu20.04-x86_64/clang-15.0.6/util-macros-1.19.3-66wvnolwjyjv3gxh6vtuybaqpcoydprh
[+] /spack/opt/spack/[padded-to-256-chars]/linux-ubuntu20.04-x86_64/clang-15.0.6/xz-5.2.7-qaeqhhnsciec4yu4n3d7oddsxbosp52k
[+] /spack/opt/spack/[padded-to-256-chars]/linux-ubuntu20.04-x86_64/clang-15.0.6/libfabric-1.16.1-pfo7welh32ltr6gmfvr3nsfbbuudefhm
[+] /spack/opt/spack/[padded-to-256-chars]/linux-ubuntu20.04-x86_64/clang-15.0.6/libmd-1.0.4-pzcw2ur6z6szlkfddcppcjrbazownyug
[+] /spack/opt/spack/[padded-to-256-chars]/linux-ubuntu20.04-x86_64/clang-15.0.6/zstd-1.5.2-7cypj47seafzja4c2vo5ldbtyzwjoa3u
[+] /spack/opt/spack/[padded-to-256-chars]/linux-ubuntu20.04-x86_64/clang-15.0.6/libffi-3.4.2-jcpgm3egfrcoi46qix3cq6o2lkayw2az
[+] /spack/opt/spack/[padded-to-256-chars]/linux-ubuntu20.04-x86_64/clang-15.0.6/libxcrypt-4.4.33-5tz3unu2vxwkosdrs5wbxvgdfkeuczuk
[+] /spack/opt/spack/[padded-to-256-chars]/linux-ubuntu20.04-x86_64/clang-15.0.6/ncurses-6.3-3v6uyyykzsjdtxfwvikyposaxma6iaud
[+] /spack/opt/spack/[padded-to-256-chars]/linux-ubuntu20.04-x86_64/clang-15.0.6/util-linux-uuid-2.38.1-5qt5sndo25p5funvjspxa3btjvwcys4x
[+] /spack/opt/spack/[padded-to-256-chars]/linux-ubuntu20.04-x86_64/clang-15.0.6/diffutils-3.8-257ucyf4u7vxpwks6btuhlzfs2wln56w
[+] /spack/opt/spack/[padded-to-256-chars]/linux-ubuntu20.04-x86_64/clang-15.0.6/pigz-2.7-ut4slyuajtmw5azoik4c47zfgpy75ulj
[+] /spack/opt/spack/[padded-to-256-chars]/linux-ubuntu20.04-x86_64/clang-15.0.6/libxml2-2.10.3-2yymdxhoniemqbvetg5gt3zo7yo6yurp
[+] /spack/opt/spack/[padded-to-256-chars]/linux-ubuntu20.04-x86_64/clang-15.0.6/libbsd-0.11.5-zmb6riiee5b4nf4pdzoo7nmyuyculwdb
[+] /spack/opt/spack/[padded-to-256-chars]/linux-ubuntu20.04-x86_64/clang-15.0.6/readline-8.2-7p4qhyjuldke5ymksborc5lvqwxf6dix
[+] /spack/opt/spack/[padded-to-256-chars]/linux-ubuntu20.04-x86_64/clang-15.0.6/bzip2-1.0.8-ruw77v4cw3t5pwxj2wxnasymokt2h3wv
[+] /spack/opt/spack/[padded-to-256-chars]/linux-ubuntu20.04-x86_64/clang-15.0.6/m4-1.4.19-hsvmwm3k3qp2t347k7qbe32ijl67gn2k
[+] /spack/opt/spack/[padded-to-256-chars]/linux-ubuntu20.04-x86_64/clang-15.0.6/expat-2.5.0-itldrwzwf723tp5ozijulv2j4z6hxyvm
[+] /spack/opt/spack/[padded-to-256-chars]/linux-ubuntu20.04-x86_64/clang-15.0.6/gdbm-1.23-hwbpsifdgrtf3vkvgw4xlqbrjoilwqxo
[+] /spack/opt/spack/[padded-to-256-chars]/linux-ubuntu20.04-x86_64/clang-15.0.6/sqlite-3.40.0-4fq3btqpkj3je4cibwg5t2eerv3ly3ed
[+] /spack/opt/spack/[padded-to-256-chars]/linux-ubuntu20.04-x86_64/clang-15.0.6/tar-1.34-ldq3pyn7mk6b4yind3jlrfo4amtij7dd
[+] /spack/opt/spack/[padded-to-256-chars]/linux-ubuntu20.04-x86_64/clang-15.0.6/libtool-2.4.7-prv6j2lp3akoldialxoawg6oplzechen
[+] /spack/opt/spack/[padded-to-256-chars]/linux-ubuntu20.04-x86_64/clang-15.0.6/perl-5.36.0-nbdau6i77p7qhabnrjomk3sbn57bcoao
[+] /spack/opt/spack/[padded-to-256-chars]/linux-ubuntu20.04-x86_64/clang-15.0.6/gettext-0.21.1-tozxgnmx5birylxldmzpgn67ii3kp7mk
[+] /spack/opt/spack/[padded-to-256-chars]/linux-ubuntu20.04-x86_64/clang-15.0.6/libpciaccess-0.16-c3bxkjrr4ywi4j7ttzs4m7tw5jyk74cm
[+] /spack/opt/spack/[padded-to-256-chars]/linux-ubuntu20.04-x86_64/clang-15.0.6/bison-3.8.2-gvvpfpbfcl5de2fgnpv5c4gpjvbfzcvu
[+] /spack/opt/spack/[padded-to-256-chars]/linux-ubuntu20.04-x86_64/clang-15.0.6/autoconf-2.69-qk6o72uuq5fmnhc6prnrqut5yav3ivbh
[+] /spack/opt/spack/[padded-to-256-chars]/linux-ubuntu20.04-x86_64/clang-15.0.6/openssl-1.1.1s-o6mxdlfgh7yqay6kw6lnx6lyra7fmvzz
[+] /spack/opt/spack/[padded-to-256-chars]/linux-ubuntu20.04-x86_64/clang-15.0.6/hwloc-2.8.0-jcqwo4y5qxvl4cfpfgje2tdffnoza3m7
[+] /spack/opt/spack/[padded-to-256-chars]/linux-ubuntu20.04-x86_64/clang-15.0.6/flex-2.6.3-xqqjloq6xexcinzoqyg4n2lnfxm6dt6y
[+] /spack/opt/spack/[padded-to-256-chars]/linux-ubuntu20.04-x86_64/clang-15.0.6/automake-1.16.5-qxy7reki3kxllczss2mxexzn4exq74z5
[+] /spack/opt/spack/[padded-to-256-chars]/linux-ubuntu20.04-x86_64/clang-15.0.6/python-3.10.8-diap73shj55by2xvz4duv3wycq4c6vmh
[+] /spack/opt/spack/[padded-to-256-chars]/linux-ubuntu20.04-x86_64/clang-15.0.6/cmake-3.25.1-v7rz7lmdkwr2s46kk5i4o4bhj5t6bjun
[+] /spack/opt/spack/[padded-to-256-chars]/linux-ubuntu20.04-x86_64/clang-15.0.6/yaksa-0.2-2o2pnoa6t4du5i64jbwrdw5awzdwglzw
==> Installing w3nco-2.4.1-z4ginocepzdyyvzlicejqqhdl7l3isux
==> w3nco exists in binary cache but with different hash
==> No binary for w3nco-2.4.1-z4ginocepzdyyvzlicejqqhdl7l3isux found: installing from source
==> Warning: download_tarball() was unable to download w3nco@2.4.1%clang@15.0.6~ipo build_system=cmake build_type=RelWithDebInfo arch=linux-ubuntu20.04-x86_64 ^berkeley-db@18.1.40%clang@15.0.6+cxx~docs+stl build_system=autotools patches=26090f4,b231fcc arch=linux-ubuntu20.04-x86_64 ^bzip2@1.0.8%clang@15.0.6~debug~pic+shared build_system=generic arch=linux-ubuntu20.04-x86_64 ^ca-certificates-mozilla@2022-10-11%clang@15.0.6 build_system=generic arch=linux-ubuntu20.04-x86_64 ^cmake@3.25.1%clang@15.0.6~doc+ncurses+ownlibs~qt build_system=generic build_type=Release arch=linux-ubuntu20.04-x86_64 ^diffutils@3.8%clang@15.0.6 build_system=autotools arch=linux-ubuntu20.04-x86_64 ^gdbm@1.23%clang@15.0.6 build_system=autotools arch=linux-ubuntu20.04-x86_64 ^libiconv@1.16%clang@15.0.6 build_system=autotools libs=shared,static arch=linux-ubuntu20.04-x86_64 ^ncurses@6.3%clang@15.0.6~symlinks+termlib abi=none build_system=autotools arch=linux-ubuntu20.04-x86_64 ^openssl@1.1.1s%clang@15.0.6~docs~shared build_system=generic certs=mozilla arch=linux-ubuntu20.04-x86_64 ^perl@5.36.0%clang@15.0.6+cpanm+shared+threads build_system=generic arch=linux-ubuntu20.04-x86_64 ^pkgconf@1.8.0%clang@15.0.6 build_system=autotools arch=linux-ubuntu20.04-x86_64 ^readline@8.2%clang@15.0.6 build_system=autotools patches=bbf97f1 arch=linux-ubuntu20.04-x86_64 ^zlib@1.2.13%clang@15.0.6+optimize+pic+shared build_system=makefile arch=linux-ubuntu20.04-x86_64 from any configured mirrors
==> Using cached archive: /spack/var/spack/cache/_source-cache/archive/48/48b06e0ea21d3d0fd5d5c4e7eb50b081402567c1bff6c4abf4fd4f3669070139.tar.gz
==> No patches needed for w3nco
==> w3nco: Executing phase: 'cmake'
==> Error: ProcessError: Command exited with status 1:
    '/spack/opt/spack/__spack_path_placeholder__/__spack_path_placeholder__/__spack_path_placeholder__/__spack_path_placeholder__/__spack_path_placeholder__/__spack_path_placeholder__/__spack_path_placeholder__/__spack_path_placeholder__/__spack_path_placeholde/linux-ubuntu20.04-x86_64/clang-15.0.6/cmake-3.25.1-v7rz7lmdkwr2s46kk5i4o4bhj5t6bjun/bin/cmake' '-G' 'Unix Makefiles' '-DCMAKE_INSTALL_PREFIX:STRING=/spack/opt/spack/__spack_path_placeholder__/__spack_path_placeholder__/__spack_path_placeholder__/__spack_path_placeholder__/__spack_path_placeholder__/__spack_path_placeholder__/__spack_path_placeholder__/__spack_path_placeholder__/__spack_path_placeholde/linux-ubuntu20.04-x86_64/clang-15.0.6/w3nco-2.4.1-z4ginocepzdyyvzlicejqqhdl7l3isux' '-DCMAKE_BUILD_TYPE:STRING=RelWithDebInfo' '-DBUILD_TESTING:BOOL=OFF' '-DCMAKE_INTERPROCEDURAL_OPTIMIZATION:BOOL=OFF' '-DCMAKE_VERBOSE_MAKEFILE:BOOL=ON' '-DCMAKE_INSTALL_RPATH_USE_LINK_PATH:BOOL=ON' '-DCMAKE_INSTALL_RPATH:STRING=/spack/opt/spack/__spack_path_placeholder__/__spack_path_placeholder__/__spack_path_placeholder__/__spack_path_placeholder__/__spack_path_placeholder__/__spack_path_placeholder__/__spack_path_placeholder__/__spack_path_placeholder__/__spack_path_placeholde/linux-ubuntu20.04-x86_64/clang-15.0.6/w3nco-2.4.1-z4ginocepzdyyvzlicejqqhdl7l3isux/lib;/spack/opt/spack/__spack_path_placeholder__/__spack_path_placeholder__/__spack_path_placeholder__/__spack_path_placeholder__/__spack_path_placeholder__/__spack_path_placeholder__/__spack_path_placeholder__/__spack_path_placeholder__/__spack_path_placeholde/linux-ubuntu20.04-x86_64/clang-15.0.6/w3nco-2.4.1-z4ginocepzdyyvzlicejqqhdl7l3isux/lib64' '-DCMAKE_PREFIX_PATH:STRING=/spack/opt/spack/__spack_path_placeholder__/__spack_path_placeholder__/__spack_path_placeholder__/__spack_path_placeholder__/__spack_path_placeholder__/__spack_path_placeholder__/__spack_path_placeholder__/__spack_path_placeholder__/__spack_path_placeholde/linux-ubuntu20.04-x86_64/clang-15.0.6/cmake-3.25.1-v7rz7lmdkwr2s46kk5i4o4bhj5t6bjun' '/tmp/root/spack-stage/spack-stage-w3nco-2.4.1-z4ginocepzdyyvzlicejqqhdl7l3isux/spack-src'

3 errors found in build log:
     8     -- Detecting C compile features
     9     -- Detecting C compile features - done
     10    -- Detecting Fortran compiler ABI info
     11    -- Detecting Fortran compiler ABI info - failed
     12    -- Check for working Fortran compiler: /spack/lib/spack/env/clang/flang
     13    -- Check for working Fortran compiler: /spack/lib/spack/env/clang/flang - broken
  >> 14    CMake Error at /spack/opt/spack/__spack_path_placeholder__/__spack_path_placeholder__/__spack_path_placeholder__/__spack_path_placeholder__/__spack_path_placeholder__/__spack_p
           ath_placeholder__/__spack_path_placeholder__/__spack_path_placeholder__/__spack_path_placeholde/linux-ubuntu20.04-x86_64/clang-15.0.6/cmake-3.25.1-v7rz7lmdkwr2s46kk5i4o4bhj5t6b
           jun/share/cmake-3.25/Modules/CMakeTestFortranCompiler.cmake:62 (message):
     15      The Fortran compiler
     16    
     17        "/spack/lib/spack/env/clang/flang"
     18    
     19      is not able to compile a simple test program.
     20    

     ...

     24    
     25        Run Build Command(s):/usr/bin/make -f Makefile cmTC_325d3/fast && /usr/bin/make  -f CMakeFiles/cmTC_325d3.dir/build.make CMakeFiles/cmTC_325d3.dir/build
     26        make[1]: Entering directory '/tmp/root/spack-stage/spack-stage-w3nco-2.4.1-z4ginocepzdyyvzlicejqqhdl7l3isux/spack-build-z4ginoc/CMakeFiles/CMakeScratch/TryCompile-qAWKEP'
     27        Building Fortran object CMakeFiles/cmTC_325d3.dir/testFortranCompiler.f.o
     28        /spack/lib/spack/env/clang/flang    -c /tmp/root/spack-stage/spack-stage-w3nco-2.4.1-z4ginocepzdyyvzlicejqqhdl7l3isux/spack-build-z4ginoc/CMakeFiles/CMakeScratch/TryCompile
           -qAWKEP/testFortranCompiler.f -o CMakeFiles/cmTC_325d3.dir/testFortranCompiler.f.o
     29        [spack cc] ERROR: Compiler 'clang@15.0.6' does not have a Fortran 90 compiler configured.
  >> 30    make[1]: *** [CMakeFiles/cmTC_325d3.dir/build.make:78: CMakeFiles/cmTC_325d3.dir/testFortranCompiler.f.o] Error 1
     31        make[1]: Leaving directory '/tmp/root/spack-stage/spack-stage-w3nco-2.4.1-z4ginocepzdyyvzlicejqqhdl7l3isux/spack-build-z4ginoc/CMakeFiles/CMakeScratch/TryCompile-qAWKEP'
  >> 32        make: *** [Makefile:127: cmTC_325d3/fast] Error 2
     33    
     34    
     35    
     36    
     37    
     38      CMake will not be able to correctly generate this project.

See build log for details:
  /tmp/root/spack-stage/spack-stage-w3nco-2.4.1-z4ginocepzdyyvzlicejqqhdl7l3isux/spack-build-out.txt

==> Installing bufr-11.7.0-ornojxgkl5pw63cou4m2hufwd56sr7il
==> bufr exists in binary cache but with different hash
==> No binary for bufr-11.7.0-ornojxgkl5pw63cou4m2hufwd56sr7il found: installing from source
==> Warning: download_tarball() was unable to download bufr@11.7.0%clang@15.0.6~ipo build_system=cmake build_type=RelWithDebInfo arch=linux-ubuntu20.04-x86_64 ^berkeley-db@18.1.40%clang@15.0.6+cxx~docs+stl build_system=autotools patches=26090f4,b231fcc arch=linux-ubuntu20.04-x86_64 ^bzip2@1.0.8%clang@15.0.6~debug~pic+shared build_system=generic arch=linux-ubuntu20.04-x86_64 ^ca-certificates-mozilla@2022-10-11%clang@15.0.6 build_system=generic arch=linux-ubuntu20.04-x86_64 ^cmake@3.25.1%clang@15.0.6~doc+ncurses+ownlibs~qt build_system=generic build_type=Release arch=linux-ubuntu20.04-x86_64 ^diffutils@3.8%clang@15.0.6 build_system=autotools arch=linux-ubuntu20.04-x86_64 ^gdbm@1.23%clang@15.0.6 build_system=autotools arch=linux-ubuntu20.04-x86_64 ^libiconv@1.16%clang@15.0.6 build_system=autotools libs=shared,static arch=linux-ubuntu20.04-x86_64 ^ncurses@6.3%clang@15.0.6~symlinks+termlib abi=none build_system=autotools arch=linux-ubuntu20.04-x86_64 ^openssl@1.1.1s%clang@15.0.6~docs~shared build_system=generic certs=mozilla arch=linux-ubuntu20.04-x86_64 ^perl@5.36.0%clang@15.0.6+cpanm+shared+threads build_system=generic arch=linux-ubuntu20.04-x86_64 ^pkgconf@1.8.0%clang@15.0.6 build_system=autotools arch=linux-ubuntu20.04-x86_64 ^readline@8.2%clang@15.0.6 build_system=autotools patches=bbf97f1 arch=linux-ubuntu20.04-x86_64 ^zlib@1.2.13%clang@15.0.6+optimize+pic+shared build_system=makefile arch=linux-ubuntu20.04-x86_64 from any configured mirrors
==> Warning: There is no checksum on file to fetch bufr@11.7.0 safely.
==> Error: FetchError: Will not fetch bufr@11.7.0
    Add a checksum or use --no-checksum to skip this check.

/spack/lib/spack/spack/package_base.py:1415, in do_fetch:
       1412                if ignore_checksum:
       1413                    tty.debug("Fetching with no checksum. {0}".format(ck_msg))
       1414
  >>   1415            if not ignore_checksum:
       1416                raise FetchError(
       1417                    "Will not fetch %s" % self.spec.format("{name}{@version}"), ck_msg
       1418                )


[+] /spack/opt/spack/[padded-to-256-chars]/linux-ubuntu20.04-x86_64/clang-15.0.6/ecbuild-3.6.5-c5zuyuqtozrp2pt6czqswgyfimajfm4a
[+] /spack/opt/spack/[padded-to-256-chars]/linux-ubuntu20.04-x86_64/clang-15.0.6/mpich-4.0.2-ns2hn3cy4r3ror7wwqbauc56gehhktyt
==> Installing eckit-1.20.2-okyfhs6visthqymertaxqm4fidzq6wn7
==> eckit exists in binary cache but with different hash
==> No binary for eckit-1.20.2-okyfhs6visthqymertaxqm4fidzq6wn7 found: installing from source
==> Warning: download_tarball() was unable to download eckit@1.20.2%clang@15.0.6+admin+aio~curl~ipo~jemalloc+mpi+sql~ssl+tools+unicode+xxhash build_system=cmake build_type=RelWithDebInfo compression=none linalg=none arch=linux-ubuntu20.04-x86_64 ^autoconf@2.69%clang@15.0.6 build_system=autotools patches=35c4492,7793209,a49dd5b arch=linux-ubuntu20.04-x86_64 ^automake@1.16.5%clang@15.0.6 build_system=autotools arch=linux-ubuntu20.04-x86_64 ^berkeley-db@18.1.40%clang@15.0.6+cxx~docs+stl build_system=autotools patches=26090f4,b231fcc arch=linux-ubuntu20.04-x86_64 ^bison@3.8.2%clang@15.0.6 build_system=autotools arch=linux-ubuntu20.04-x86_64 ^bzip2@1.0.8%clang@15.0.6~debug~pic+shared build_system=generic arch=linux-ubuntu20.04-x86_64 ^ca-certificates-mozilla@2022-10-11%clang@15.0.6 build_system=generic arch=linux-ubuntu20.04-x86_64 ^cmake@3.25.1%clang@15.0.6~doc+ncurses+ownlibs~qt build_system=generic build_type=Release arch=linux-ubuntu20.04-x86_64 ^diffutils@3.8%clang@15.0.6 build_system=autotools arch=linux-ubuntu20.04-x86_64 ^ecbuild@3.6.5%clang@15.0.6~ipo build_system=cmake build_type=RelWithDebInfo arch=linux-ubuntu20.04-x86_64 ^expat@2.5.0%clang@15.0.6+libbsd build_system=autotools arch=linux-ubuntu20.04-x86_64 ^findutils@4.9.0%clang@15.0.6 build_system=autotools patches=440b954 arch=linux-ubuntu20.04-x86_64 ^flex@2.6.3%clang@15.0.6+lex~nls build_system=autotools arch=linux-ubuntu20.04-x86_64 ^gdbm@1.23%clang@15.0.6 build_system=autotools arch=linux-ubuntu20.04-x86_64 ^gettext@0.21.1%clang@15.0.6+bzip2+curses+git~libunistring+libxml2+tar+xz build_system=autotools arch=linux-ubuntu20.04-x86_64 ^hwloc@2.8.0%clang@15.0.6~cairo~cuda~gl~libudev+libxml2~netloc~nvml~oneapi-level-zero~opencl+pci~rocm build_system=autotools libs=shared,static arch=linux-ubuntu20.04-x86_64 ^libbsd@0.11.5%clang@15.0.6 build_system=autotools arch=linux-ubuntu20.04-x86_64 ^libfabric@1.16.1%clang@15.0.6~debug~kdreg build_system=autotools fabrics=sockets,tcp,udp arch=linux-ubuntu20.04-x86_64 ^libffi@3.4.2%clang@15.0.6 build_system=autotools arch=linux-ubuntu20.04-x86_64 ^libiconv@1.16%clang@15.0.6 build_system=autotools libs=shared,static arch=linux-ubuntu20.04-x86_64 ^libmd@1.0.4%clang@15.0.6 build_system=autotools arch=linux-ubuntu20.04-x86_64 ^libpciaccess@0.16%clang@15.0.6 build_system=autotools arch=linux-ubuntu20.04-x86_64 ^libsigsegv@2.13%clang@15.0.6 build_system=autotools arch=linux-ubuntu20.04-x86_64 ^libtool@2.4.7%clang@15.0.6 build_system=autotools arch=linux-ubuntu20.04-x86_64 ^libxcrypt@4.4.33%clang@15.0.6~obsolete_api build_system=autotools arch=linux-ubuntu20.04-x86_64 ^libxml2@2.10.3%clang@15.0.6~python build_system=autotools arch=linux-ubuntu20.04-x86_64 ^m4@1.4.19%clang@15.0.6+sigsegv build_system=autotools patches=9dc5fbd,bfdffa7 arch=linux-ubuntu20.04-x86_64 ^mpich@4.0.2%clang@15.0.6~argobots~cuda+fortran+hwloc+hydra+libxml2+pci~rocm+romio~slurm~two_level_namespace~vci~verbs~wrapperrpath build_system=autotools datatype-engine=auto device=ch4 netmod=ofi patches=d4c0e99 pmi=pmi arch=linux-ubuntu20.04-x86_64 ^ncurses@6.3%clang@15.0.6~symlinks+termlib abi=none build_system=autotools arch=linux-ubuntu20.04-x86_64 ^openssl@1.1.1s%clang@15.0.6~docs~shared build_system=generic certs=mozilla arch=linux-ubuntu20.04-x86_64 ^perl@5.36.0%clang@15.0.6+cpanm+shared+threads build_system=generic arch=linux-ubuntu20.04-x86_64 ^pigz@2.7%clang@15.0.6 build_system=makefile arch=linux-ubuntu20.04-x86_64 ^pkgconf@1.8.0%clang@15.0.6 build_system=autotools arch=linux-ubuntu20.04-x86_64 ^python@3.10.8%clang@15.0.6+bz2+crypt+ctypes+dbm~debug+libxml2+lzma~nis~optimizations+pic+pyexpat+pythoncmd+readline+shared+sqlite3+ssl~tkinter+uuid+zlib build_system=generic patches=0d98e93,7d40923,f2fd060 arch=linux-ubuntu20.04-x86_64 ^readline@8.2%clang@15.0.6 build_system=autotools patches=bbf97f1 arch=linux-ubuntu20.04-x86_64 ^sqlite@3.40.0%clang@15.0.6+column_metadata+dynamic_extensions+fts~functions+rtree build_system=autotools arch=linux-ubuntu20.04-x86_64 ^tar@1.34%clang@15.0.6 build_system=autotools zip=pigz arch=linux-ubuntu20.04-x86_64 ^util-linux-uuid@2.38.1%clang@15.0.6 build_system=autotools arch=linux-ubuntu20.04-x86_64 ^util-macros@1.19.3%clang@15.0.6 build_system=autotools arch=linux-ubuntu20.04-x86_64 ^xz@5.2.7%clang@15.0.6~pic build_system=autotools libs=shared,static arch=linux-ubuntu20.04-x86_64 ^yaksa@0.2%clang@15.0.6~cuda~rocm build_system=autotools arch=linux-ubuntu20.04-x86_64 ^zlib@1.2.13%clang@15.0.6+optimize+pic+shared build_system=makefile arch=linux-ubuntu20.04-x86_64 ^zstd@1.5.2%clang@15.0.6+programs build_system=makefile compression=none libs=shared,static arch=linux-ubuntu20.04-x86_64 from any configured mirrors
==> Fetching https://mirror.spack.io/_source-cache/archive/9c/9c11ddaaf346e40d11312b81ca7f1b510017f26618f4c0f5c5c59c37623fbac8.tar.gz
==> No patches needed for eckit
==> eckit: Executing phase: 'cmake'
==> eckit: Executing phase: 'build'
==> eckit: Executing phase: 'install'
==> eckit: Successfully installed eckit-1.20.2-okyfhs6visthqymertaxqm4fidzq6wn7
  Stage: 0.56s.  Cmake: 5.49s.  Build: 12.65s.  Install: 0.72s.  Total: 19.54s
[+] /spack/opt/spack/[padded-to-256-chars]/linux-ubuntu20.04-x86_64/clang-15.0.6/eckit-1.20.2-okyfhs6visthqymertaxqm4fidzq6wn7
[+] /spack/opt/spack/[padded-to-256-chars]/linux-ubuntu20.04-x86_64/clang-15.0.6/hdf5-1.12.2-croa67xpmlguu4vjq6bmlyemvdr36buu
==> Installing eckit-1.19.0-bzputqjh5fxbn7zmg7wtcybss5m3i5vl
==> eckit exists in binary cache but with different hash
==> No binary for eckit-1.19.0-bzputqjh5fxbn7zmg7wtcybss5m3i5vl found: installing from source
==> Warning: download_tarball() was unable to download eckit@1.19.0%clang@15.0.6+admin+aio~curl~ipo~jemalloc+mpi+sql~ssl+tools+unicode+xxhash build_system=cmake build_type=RelWithDebInfo compression=none linalg=none arch=linux-ubuntu20.04-x86_64 ^autoconf@2.69%clang@15.0.6 build_system=autotools patches=35c4492,7793209,a49dd5b arch=linux-ubuntu20.04-x86_64 ^automake@1.16.5%clang@15.0.6 build_system=autotools arch=linux-ubuntu20.04-x86_64 ^berkeley-db@18.1.40%clang@15.0.6+cxx~docs+stl build_system=autotools patches=26090f4,b231fcc arch=linux-ubuntu20.04-x86_64 ^bison@3.8.2%clang@15.0.6 build_system=autotools arch=linux-ubuntu20.04-x86_64 ^bzip2@1.0.8%clang@15.0.6~debug~pic+shared build_system=generic arch=linux-ubuntu20.04-x86_64 ^ca-certificates-mozilla@2022-10-11%clang@15.0.6 build_system=generic arch=linux-ubuntu20.04-x86_64 ^cmake@3.25.1%clang@15.0.6~doc+ncurses+ownlibs~qt build_system=generic build_type=Release arch=linux-ubuntu20.04-x86_64 ^diffutils@3.8%clang@15.0.6 build_system=autotools arch=linux-ubuntu20.04-x86_64 ^ecbuild@3.6.5%clang@15.0.6~ipo build_system=cmake build_type=RelWithDebInfo arch=linux-ubuntu20.04-x86_64 ^expat@2.5.0%clang@15.0.6+libbsd build_system=autotools arch=linux-ubuntu20.04-x86_64 ^findutils@4.9.0%clang@15.0.6 build_system=autotools patches=440b954 arch=linux-ubuntu20.04-x86_64 ^flex@2.6.3%clang@15.0.6+lex~nls build_system=autotools arch=linux-ubuntu20.04-x86_64 ^gdbm@1.23%clang@15.0.6 build_system=autotools arch=linux-ubuntu20.04-x86_64 ^gettext@0.21.1%clang@15.0.6+bzip2+curses+git~libunistring+libxml2+tar+xz build_system=autotools arch=linux-ubuntu20.04-x86_64 ^hwloc@2.8.0%clang@15.0.6~cairo~cuda~gl~libudev+libxml2~netloc~nvml~oneapi-level-zero~opencl+pci~rocm build_system=autotools libs=shared,static arch=linux-ubuntu20.04-x86_64 ^libbsd@0.11.5%clang@15.0.6 build_system=autotools arch=linux-ubuntu20.04-x86_64 ^libfabric@1.16.1%clang@15.0.6~debug~kdreg build_system=autotools fabrics=sockets,tcp,udp arch=linux-ubuntu20.04-x86_64 ^libffi@3.4.2%clang@15.0.6 build_system=autotools arch=linux-ubuntu20.04-x86_64 ^libiconv@1.16%clang@15.0.6 build_system=autotools libs=shared,static arch=linux-ubuntu20.04-x86_64 ^libmd@1.0.4%clang@15.0.6 build_system=autotools arch=linux-ubuntu20.04-x86_64 ^libpciaccess@0.16%clang@15.0.6 build_system=autotools arch=linux-ubuntu20.04-x86_64 ^libsigsegv@2.13%clang@15.0.6 build_system=autotools arch=linux-ubuntu20.04-x86_64 ^libtool@2.4.7%clang@15.0.6 build_system=autotools arch=linux-ubuntu20.04-x86_64 ^libxcrypt@4.4.33%clang@15.0.6~obsolete_api build_system=autotools arch=linux-ubuntu20.04-x86_64 ^libxml2@2.10.3%clang@15.0.6~python build_system=autotools arch=linux-ubuntu20.04-x86_64 ^m4@1.4.19%clang@15.0.6+sigsegv build_system=autotools patches=9dc5fbd,bfdffa7 arch=linux-ubuntu20.04-x86_64 ^mpich@4.0.2%clang@15.0.6~argobots~cuda+fortran+hwloc+hydra+libxml2+pci~rocm+romio~slurm~two_level_namespace~vci~verbs~wrapperrpath build_system=autotools datatype-engine=auto device=ch4 netmod=ofi patches=d4c0e99 pmi=pmi arch=linux-ubuntu20.04-x86_64 ^ncurses@6.3%clang@15.0.6~symlinks+termlib abi=none build_system=autotools arch=linux-ubuntu20.04-x86_64 ^openssl@1.1.1s%clang@15.0.6~docs~shared build_system=generic certs=mozilla arch=linux-ubuntu20.04-x86_64 ^perl@5.36.0%clang@15.0.6+cpanm+shared+threads build_system=generic arch=linux-ubuntu20.04-x86_64 ^pigz@2.7%clang@15.0.6 build_system=makefile arch=linux-ubuntu20.04-x86_64 ^pkgconf@1.8.0%clang@15.0.6 build_system=autotools arch=linux-ubuntu20.04-x86_64 ^python@3.10.8%clang@15.0.6+bz2+crypt+ctypes+dbm~debug+libxml2+lzma~nis~optimizations+pic+pyexpat+pythoncmd+readline+shared+sqlite3+ssl~tkinter+uuid+zlib build_system=generic patches=0d98e93,7d40923,f2fd060 arch=linux-ubuntu20.04-x86_64 ^readline@8.2%clang@15.0.6 build_system=autotools patches=bbf97f1 arch=linux-ubuntu20.04-x86_64 ^sqlite@3.40.0%clang@15.0.6+column_metadata+dynamic_extensions+fts~functions+rtree build_system=autotools arch=linux-ubuntu20.04-x86_64 ^tar@1.34%clang@15.0.6 build_system=autotools zip=pigz arch=linux-ubuntu20.04-x86_64 ^util-linux-uuid@2.38.1%clang@15.0.6 build_system=autotools arch=linux-ubuntu20.04-x86_64 ^util-macros@1.19.3%clang@15.0.6 build_system=autotools arch=linux-ubuntu20.04-x86_64 ^xz@5.2.7%clang@15.0.6~pic build_system=autotools libs=shared,static arch=linux-ubuntu20.04-x86_64 ^yaksa@0.2%clang@15.0.6~cuda~rocm build_system=autotools arch=linux-ubuntu20.04-x86_64 ^zlib@1.2.13%clang@15.0.6+optimize+pic+shared build_system=makefile arch=linux-ubuntu20.04-x86_64 ^zstd@1.5.2%clang@15.0.6+programs build_system=makefile compression=none libs=shared,static arch=linux-ubuntu20.04-x86_64 from any configured mirrors
==> Warning: There is no checksum on file to fetch eckit@1.19.0 safely.
==> Error: FetchError: Will not fetch eckit@1.19.0
    Add a checksum or use --no-checksum to skip this check.

/spack/lib/spack/spack/package_base.py:1415, in do_fetch:
       1412                if ignore_checksum:
       1413                    tty.debug("Fetching with no checksum. {0}".format(ck_msg))
       1414
  >>   1415            if not ignore_checksum:
       1416                raise FetchError(
       1417                    "Will not fetch %s" % self.spec.format("{name}{@version}"), ck_msg
       1418                )


==> Installing odc-1.4.5-7gtqihin4zv5kiynbr2whtln4l5t642k
==> odc exists in binary cache but with different hash
==> No binary for odc-1.4.5-7gtqihin4zv5kiynbr2whtln4l5t642k found: installing from source
==> Warning: download_tarball() was unable to download odc@1.4.5%clang@15.0.6~fortran~ipo build_system=cmake build_type=RelWithDebInfo arch=linux-ubuntu20.04-x86_64 ^autoconf@2.69%clang@15.0.6 build_system=autotools patches=35c4492,7793209,a49dd5b arch=linux-ubuntu20.04-x86_64 ^automake@1.16.5%clang@15.0.6 build_system=autotools arch=linux-ubuntu20.04-x86_64 ^berkeley-db@18.1.40%clang@15.0.6+cxx~docs+stl build_system=autotools patches=26090f4,b231fcc arch=linux-ubuntu20.04-x86_64 ^bison@3.8.2%clang@15.0.6 build_system=autotools arch=linux-ubuntu20.04-x86_64 ^bzip2@1.0.8%clang@15.0.6~debug~pic+shared build_system=generic arch=linux-ubuntu20.04-x86_64 ^ca-certificates-mozilla@2022-10-11%clang@15.0.6 build_system=generic arch=linux-ubuntu20.04-x86_64 ^cmake@3.25.1%clang@15.0.6~doc+ncurses+ownlibs~qt build_system=generic build_type=Release arch=linux-ubuntu20.04-x86_64 ^diffutils@3.8%clang@15.0.6 build_system=autotools arch=linux-ubuntu20.04-x86_64 ^ecbuild@3.6.5%clang@15.0.6~ipo build_system=cmake build_type=RelWithDebInfo arch=linux-ubuntu20.04-x86_64 ^eckit@1.20.2%clang@15.0.6+admin+aio~curl~ipo~jemalloc+mpi+sql~ssl+tools+unicode+xxhash build_system=cmake build_type=RelWithDebInfo compression=none linalg=none arch=linux-ubuntu20.04-x86_64 ^expat@2.5.0%clang@15.0.6+libbsd build_system=autotools arch=linux-ubuntu20.04-x86_64 ^findutils@4.9.0%clang@15.0.6 build_system=autotools patches=440b954 arch=linux-ubuntu20.04-x86_64 ^flex@2.6.3%clang@15.0.6+lex~nls build_system=autotools arch=linux-ubuntu20.04-x86_64 ^gdbm@1.23%clang@15.0.6 build_system=autotools arch=linux-ubuntu20.04-x86_64 ^gettext@0.21.1%clang@15.0.6+bzip2+curses+git~libunistring+libxml2+tar+xz build_system=autotools arch=linux-ubuntu20.04-x86_64 ^hwloc@2.8.0%clang@15.0.6~cairo~cuda~gl~libudev+libxml2~netloc~nvml~oneapi-level-zero~opencl+pci~rocm build_system=autotools libs=shared,static arch=linux-ubuntu20.04-x86_64 ^libbsd@0.11.5%clang@15.0.6 build_system=autotools arch=linux-ubuntu20.04-x86_64 ^libfabric@1.16.1%clang@15.0.6~debug~kdreg build_system=autotools fabrics=sockets,tcp,udp arch=linux-ubuntu20.04-x86_64 ^libffi@3.4.2%clang@15.0.6 build_system=autotools arch=linux-ubuntu20.04-x86_64 ^libiconv@1.16%clang@15.0.6 build_system=autotools libs=shared,static arch=linux-ubuntu20.04-x86_64 ^libmd@1.0.4%clang@15.0.6 build_system=autotools arch=linux-ubuntu20.04-x86_64 ^libpciaccess@0.16%clang@15.0.6 build_system=autotools arch=linux-ubuntu20.04-x86_64 ^libsigsegv@2.13%clang@15.0.6 build_system=autotools arch=linux-ubuntu20.04-x86_64 ^libtool@2.4.7%clang@15.0.6 build_system=autotools arch=linux-ubuntu20.04-x86_64 ^libxcrypt@4.4.33%clang@15.0.6~obsolete_api build_system=autotools arch=linux-ubuntu20.04-x86_64 ^libxml2@2.10.3%clang@15.0.6~python build_system=autotools arch=linux-ubuntu20.04-x86_64 ^m4@1.4.19%clang@15.0.6+sigsegv build_system=autotools patches=9dc5fbd,bfdffa7 arch=linux-ubuntu20.04-x86_64 ^mpich@4.0.2%clang@15.0.6~argobots~cuda+fortran+hwloc+hydra+libxml2+pci~rocm+romio~slurm~two_level_namespace~vci~verbs~wrapperrpath build_system=autotools datatype-engine=auto device=ch4 netmod=ofi patches=d4c0e99 pmi=pmi arch=linux-ubuntu20.04-x86_64 ^ncurses@6.3%clang@15.0.6~symlinks+termlib abi=none build_system=autotools arch=linux-ubuntu20.04-x86_64 ^openssl@1.1.1s%clang@15.0.6~docs~shared build_system=generic certs=mozilla arch=linux-ubuntu20.04-x86_64 ^perl@5.36.0%clang@15.0.6+cpanm+shared+threads build_system=generic arch=linux-ubuntu20.04-x86_64 ^pigz@2.7%clang@15.0.6 build_system=makefile arch=linux-ubuntu20.04-x86_64 ^pkgconf@1.8.0%clang@15.0.6 build_system=autotools arch=linux-ubuntu20.04-x86_64 ^python@3.10.8%clang@15.0.6+bz2+crypt+ctypes+dbm~debug+libxml2+lzma~nis~optimizations+pic+pyexpat+pythoncmd+readline+shared+sqlite3+ssl~tkinter+uuid+zlib build_system=generic patches=0d98e93,7d40923,f2fd060 arch=linux-ubuntu20.04-x86_64 ^readline@8.2%clang@15.0.6 build_system=autotools patches=bbf97f1 arch=linux-ubuntu20.04-x86_64 ^sqlite@3.40.0%clang@15.0.6+column_metadata+dynamic_extensions+fts~functions+rtree build_system=autotools arch=linux-ubuntu20.04-x86_64 ^tar@1.34%clang@15.0.6 build_system=autotools zip=pigz arch=linux-ubuntu20.04-x86_64 ^util-linux-uuid@2.38.1%clang@15.0.6 build_system=autotools arch=linux-ubuntu20.04-x86_64 ^util-macros@1.19.3%clang@15.0.6 build_system=autotools arch=linux-ubuntu20.04-x86_64 ^xz@5.2.7%clang@15.0.6~pic build_system=autotools libs=shared,static arch=linux-ubuntu20.04-x86_64 ^yaksa@0.2%clang@15.0.6~cuda~rocm build_system=autotools arch=linux-ubuntu20.04-x86_64 ^zlib@1.2.13%clang@15.0.6+optimize+pic+shared build_system=makefile arch=linux-ubuntu20.04-x86_64 ^zstd@1.5.2%clang@15.0.6+programs build_system=makefile compression=none libs=shared,static arch=linux-ubuntu20.04-x86_64 from any configured mirrors
==> Warning: There is no checksum on file to fetch odc@1.4.5 safely.
==> Error: FetchError: Will not fetch odc@1.4.5
    Add a checksum or use --no-checksum to skip this check.

/spack/lib/spack/spack/package_base.py:1415, in do_fetch:
       1412                if ignore_checksum:
       1413                    tty.debug("Fetching with no checksum. {0}".format(ck_msg))
       1414
  >>   1415            if not ignore_checksum:
       1416                raise FetchError(
       1417                    "Will not fetch %s" % self.spec.format("{name}{@version}"), ck_msg
       1418                )


[+] /spack/opt/spack/[padded-to-256-chars]/linux-ubuntu20.04-x86_64/clang-15.0.6/netcdf-c-4.9.0-mpxejdft2skhx7zxgjrgvu2zuilmksda
[+] /spack/opt/spack/[padded-to-256-chars]/linux-ubuntu20.04-x86_64/clang-15.0.6/netcdf-fortran-4.6.0-skgx7p2j2toll5pmp5ebhvybn4ahjwnv
==> Installing parallelio-2_5_4-d4fazwb2wwoy7i3rid6a46li5ojuhrwv
==> parallelio exists in binary cache but with different hash
==> No binary for parallelio-2_5_4-d4fazwb2wwoy7i3rid6a46li5ojuhrwv found: installing from source
==> Warning: download_tarball() was unable to download parallelio@2_5_4%clang@15.0.6+fortran~ipo~logging+mpi~pnetcdf~timing build_system=cmake build_type=RelWithDebInfo arch=linux-ubuntu20.04-x86_64 ^autoconf@2.69%clang@15.0.6 build_system=autotools patches=35c4492,7793209,a49dd5b arch=linux-ubuntu20.04-x86_64 ^automake@1.16.5%clang@15.0.6 build_system=autotools arch=linux-ubuntu20.04-x86_64 ^berkeley-db@18.1.40%clang@15.0.6+cxx~docs+stl build_system=autotools patches=26090f4,b231fcc arch=linux-ubuntu20.04-x86_64 ^bzip2@1.0.8%clang@15.0.6~debug~pic+shared build_system=generic arch=linux-ubuntu20.04-x86_64 ^ca-certificates-mozilla@2022-10-11%clang@15.0.6 build_system=generic arch=linux-ubuntu20.04-x86_64 ^cmake@3.25.1%clang@15.0.6~doc+ncurses+ownlibs~qt build_system=generic build_type=Release arch=linux-ubuntu20.04-x86_64 ^diffutils@3.8%clang@15.0.6 build_system=autotools arch=linux-ubuntu20.04-x86_64 ^expat@2.5.0%clang@15.0.6+libbsd build_system=autotools arch=linux-ubuntu20.04-x86_64 ^findutils@4.9.0%clang@15.0.6 build_system=autotools patches=440b954 arch=linux-ubuntu20.04-x86_64 ^gdbm@1.23%clang@15.0.6 build_system=autotools arch=linux-ubuntu20.04-x86_64 ^gettext@0.21.1%clang@15.0.6+bzip2+curses+git~libunistring+libxml2+tar+xz build_system=autotools arch=linux-ubuntu20.04-x86_64 ^hdf5@1.12.2%clang@15.0.6~cxx~fortran+hl~ipo~java+mpi+shared~szip~threadsafe+tools api=default build_system=cmake build_type=RelWithDebInfo arch=linux-ubuntu20.04-x86_64 ^hwloc@2.8.0%clang@15.0.6~cairo~cuda~gl~libudev+libxml2~netloc~nvml~oneapi-level-zero~opencl+pci~rocm build_system=autotools libs=shared,static arch=linux-ubuntu20.04-x86_64 ^libbsd@0.11.5%clang@15.0.6 build_system=autotools arch=linux-ubuntu20.04-x86_64 ^libfabric@1.16.1%clang@15.0.6~debug~kdreg build_system=autotools fabrics=sockets,tcp,udp arch=linux-ubuntu20.04-x86_64 ^libffi@3.4.2%clang@15.0.6 build_system=autotools arch=linux-ubuntu20.04-x86_64 ^libiconv@1.16%clang@15.0.6 build_system=autotools libs=shared,static arch=linux-ubuntu20.04-x86_64 ^libmd@1.0.4%clang@15.0.6 build_system=autotools arch=linux-ubuntu20.04-x86_64 ^libpciaccess@0.16%clang@15.0.6 build_system=autotools arch=linux-ubuntu20.04-x86_64 ^libsigsegv@2.13%clang@15.0.6 build_system=autotools arch=linux-ubuntu20.04-x86_64 ^libtool@2.4.7%clang@15.0.6 build_system=autotools arch=linux-ubuntu20.04-x86_64 ^libxcrypt@4.4.33%clang@15.0.6~obsolete_api build_system=autotools arch=linux-ubuntu20.04-x86_64 ^libxml2@2.10.3%clang@15.0.6~python build_system=autotools arch=linux-ubuntu20.04-x86_64 ^m4@1.4.19%clang@15.0.6+sigsegv build_system=autotools patches=9dc5fbd,bfdffa7 arch=linux-ubuntu20.04-x86_64 ^mpich@4.0.2%clang@15.0.6~argobots~cuda+fortran+hwloc+hydra+libxml2+pci~rocm+romio~slurm~two_level_namespace~vci~verbs~wrapperrpath build_system=autotools datatype-engine=auto device=ch4 netmod=ofi patches=d4c0e99 pmi=pmi arch=linux-ubuntu20.04-x86_64 ^ncurses@6.3%clang@15.0.6~symlinks+termlib abi=none build_system=autotools arch=linux-ubuntu20.04-x86_64 ^netcdf-c@4.9.0%clang@15.0.6~dap~fsync~hdf4~jna+mpi+optimize~parallel-netcdf+pic+shared+zstd build_system=autotools arch=linux-ubuntu20.04-x86_64 ^netcdf-fortran@4.6.0%clang@15.0.6~doc+pic+shared build_system=autotools arch=linux-ubuntu20.04-x86_64 ^openssl@1.1.1s%clang@15.0.6~docs~shared build_system=generic certs=mozilla arch=linux-ubuntu20.04-x86_64 ^perl@5.36.0%clang@15.0.6+cpanm+shared+threads build_system=generic arch=linux-ubuntu20.04-x86_64 ^pigz@2.7%clang@15.0.6 build_system=makefile arch=linux-ubuntu20.04-x86_64 ^pkgconf@1.8.0%clang@15.0.6 build_system=autotools arch=linux-ubuntu20.04-x86_64 ^python@3.10.8%clang@15.0.6+bz2+crypt+ctypes+dbm~debug+libxml2+lzma~nis~optimizations+pic+pyexpat+pythoncmd+readline+shared+sqlite3+ssl~tkinter+uuid+zlib build_system=generic patches=0d98e93,7d40923,f2fd060 arch=linux-ubuntu20.04-x86_64 ^readline@8.2%clang@15.0.6 build_system=autotools patches=bbf97f1 arch=linux-ubuntu20.04-x86_64 ^sqlite@3.40.0%clang@15.0.6+column_metadata+dynamic_extensions+fts~functions+rtree build_system=autotools arch=linux-ubuntu20.04-x86_64 ^tar@1.34%clang@15.0.6 build_system=autotools zip=pigz arch=linux-ubuntu20.04-x86_64 ^util-linux-uuid@2.38.1%clang@15.0.6 build_system=autotools arch=linux-ubuntu20.04-x86_64 ^util-macros@1.19.3%clang@15.0.6 build_system=autotools arch=linux-ubuntu20.04-x86_64 ^xz@5.2.7%clang@15.0.6~pic build_system=autotools libs=shared,static arch=linux-ubuntu20.04-x86_64 ^yaksa@0.2%clang@15.0.6~cuda~rocm build_system=autotools arch=linux-ubuntu20.04-x86_64 ^zlib@1.2.13%clang@15.0.6+optimize+pic+shared build_system=makefile arch=linux-ubuntu20.04-x86_64 ^zstd@1.5.2%clang@15.0.6+programs build_system=makefile compression=none libs=shared,static arch=linux-ubuntu20.04-x86_64 from any configured mirrors
==> Using cached archive: /spack/var/spack/cache/_source-cache/archive/e5/e51dc71683da808a714deddc1a80c2650ce847110383e42f1710f3ba567e7a65.tar.gz
==> Using cached archive: /spack/var/spack/cache/_source-cache/git//PARALLELIO/genf90.git/genf90_200608.tar.gz
==> Moving resource stage
	source: /tmp/root/spack-stage/resource-genf90-d4fazwb2wwoy7i3rid6a46li5ojuhrwv/spack-src/
	destination: /tmp/root/spack-stage/spack-stage-parallelio-2_5_4-d4fazwb2wwoy7i3rid6a46li5ojuhrwv/spack-src/genf90
==> No patches needed for parallelio
==> Warning: Fetching from mirror without a checksum!
  This package is normally checked out from a version control system, but it has been archived on a spack mirror.  This means we cannot know a checksum for the tarball in advance. Be sure that your connection to this mirror is secure!
==> parallelio: Executing phase: 'cmake'
==> Error: ProcessError: Command exited with status 1:
    '/spack/opt/spack/__spack_path_placeholder__/__spack_path_placeholder__/__spack_path_placeholder__/__spack_path_placeholder__/__spack_path_placeholder__/__spack_path_placeholder__/__spack_path_placeholder__/__spack_path_placeholder__/__spack_path_placeholde/linux-ubuntu20.04-x86_64/clang-15.0.6/cmake-3.25.1-v7rz7lmdkwr2s46kk5i4o4bhj5t6bjun/bin/cmake' '-G' 'Unix Makefiles' '-DCMAKE_INSTALL_PREFIX:STRING=/spack/opt/spack/__spack_path_placeholder__/__spack_path_placeholder__/__spack_path_placeholder__/__spack_path_placeholder__/__spack_path_placeholder__/__spack_path_placeholder__/__spack_path_placeholder__/__spack_path_placeholder__/__spack_path_placeholde/linux-ubuntu20.04-x86_64/clang-15.0.6/parallelio-2_5_4-d4fazwb2wwoy7i3rid6a46li5ojuhrwv' '-DCMAKE_BUILD_TYPE:STRING=RelWithDebInfo' '-DBUILD_TESTING:BOOL=OFF' '-DCMAKE_INTERPROCEDURAL_OPTIMIZATION:BOOL=OFF' '-DCMAKE_VERBOSE_MAKEFILE:BOOL=ON' '-DCMAKE_INSTALL_RPATH_USE_LINK_PATH:BOOL=ON' '-DCMAKE_INSTALL_RPATH:STRING=/spack/opt/spack/__spack_path_placeholder__/__spack_path_placeholder__/__spack_path_placeholder__/__spack_path_placeholder__/__spack_path_placeholder__/__spack_path_placeholder__/__spack_path_placeholder__/__spack_path_placeholder__/__spack_path_placeholde/linux-ubuntu20.04-x86_64/clang-15.0.6/parallelio-2_5_4-d4fazwb2wwoy7i3rid6a46li5ojuhrwv/lib;/spack/opt/spack/__spack_path_placeholder__/__spack_path_placeholder__/__spack_path_placeholder__/__spack_path_placeholder__/__spack_path_placeholder__/__spack_path_placeholder__/__spack_path_placeholder__/__spack_path_placeholder__/__spack_path_placeholde/linux-ubuntu20.04-x86_64/clang-15.0.6/parallelio-2_5_4-d4fazwb2wwoy7i3rid6a46li5ojuhrwv/lib64;/spack/opt/spack/__spack_path_placeholder__/__spack_path_placeholder__/__spack_path_placeholder__/__spack_path_placeholder__/__spack_path_placeholder__/__spack_path_placeholder__/__spack_path_placeholder__/__spack_path_placeholder__/__spack_path_placeholde/linux-ubuntu20.04-x86_64/clang-15.0.6/mpich-4.0.2-ns2hn3cy4r3ror7wwqbauc56gehhktyt/lib;/spack/opt/spack/__spack_path_placeholder__/__spack_path_placeholder__/__spack_path_placeholder__/__spack_path_placeholder__/__spack_path_placeholder__/__spack_path_placeholder__/__spack_path_placeholder__/__spack_path_placeholder__/__spack_path_placeholde/linux-ubuntu20.04-x86_64/clang-15.0.6/hwloc-2.8.0-jcqwo4y5qxvl4cfpfgje2tdffnoza3m7/lib;/spack/opt/spack/__spack_path_placeholder__/__spack_path_placeholder__/__spack_path_placeholder__/__spack_path_placeholder__/__spack_path_placeholder__/__spack_path_placeholder__/__spack_path_placeholder__/__spack_path_placeholder__/__spack_path_placeholde/linux-ubuntu20.04-x86_64/clang-15.0.6/libpciaccess-0.16-c3bxkjrr4ywi4j7ttzs4m7tw5jyk74cm/lib;/spack/opt/spack/__spack_path_placeholder__/__spack_path_placeholder__/__spack_path_placeholder__/__spack_path_placeholder__/__spack_path_placeholder__/__spack_path_placeholder__/__spack_path_placeholder__/__spack_path_placeholder__/__spack_path_placeholde/linux-ubuntu20.04-x86_64/clang-15.0.6/libxml2-2.10.3-2yymdxhoniemqbvetg5gt3zo7yo6yurp/lib;/spack/opt/spack/__spack_path_placeholder__/__spack_path_placeholder__/__spack_path_placeholder__/__spack_path_placeholder__/__spack_path_placeholder__/__spack_path_placeholder__/__spack_path_placeholder__/__spack_path_placeholder__/__spack_path_placeholde/linux-ubuntu20.04-x86_64/clang-15.0.6/libiconv-1.16-hxkyau7zweprjwiklx77xy5uk4jgc3gh/lib;/spack/opt/spack/__spack_path_placeholder__/__spack_path_placeholder__/__spack_path_placeholder__/__spack_path_placeholder__/__spack_path_placeholder__/__spack_path_placeholder__/__spack_path_placeholder__/__spack_path_placeholder__/__spack_path_placeholde/linux-ubuntu20.04-x86_64/clang-15.0.6/xz-5.2.7-qaeqhhnsciec4yu4n3d7oddsxbosp52k/lib;/spack/opt/spack/__spack_path_placeholder__/__spack_path_placeholder__/__spack_path_placeholder__/__spack_path_placeholder__/__spack_path_placeholder__/__spack_path_placeholder__/__spack_path_placeholder__/__spack_path_placeholder__/__spack_path_placeholde/linux-ubuntu20.04-x86_64/clang-15.0.6/zlib-1.2.13-2ekbc22kudeq7t7yi23ynvq5qb62lyrt/lib;/spack/opt/spack/__spack_path_placeholder__/__spack_path_placeholder__/__spack_path_placeholder__/__spack_path_placeholder__/__spack_path_placeholder__/__spack_path_placeholder__/__spack_path_placeholder__/__spack_path_placeholder__/__spack_path_placeholde/linux-ubuntu20.04-x86_64/clang-15.0.6/ncurses-6.3-3v6uyyykzsjdtxfwvikyposaxma6iaud/lib;/spack/opt/spack/__spack_path_placeholder__/__spack_path_placeholder__/__spack_path_placeholder__/__spack_path_placeholder__/__spack_path_placeholder__/__spack_path_placeholder__/__spack_path_placeholder__/__spack_path_placeholder__/__spack_path_placeholde/linux-ubuntu20.04-x86_64/clang-15.0.6/libfabric-1.16.1-pfo7welh32ltr6gmfvr3nsfbbuudefhm/lib;/spack/opt/spack/__spack_path_placeholder__/__spack_path_placeholder__/__spack_path_placeholder__/__spack_path_placeholder__/__spack_path_placeholder__/__spack_path_placeholder__/__spack_path_placeholder__/__spack_path_placeholder__/__spack_path_placeholde/linux-ubuntu20.04-x86_64/clang-15.0.6/yaksa-0.2-2o2pnoa6t4du5i64jbwrdw5awzdwglzw/lib;/spack/opt/spack/__spack_path_placeholder__/__spack_path_placeholder__/__spack_path_placeholder__/__spack_path_placeholder__/__spack_path_placeholder__/__spack_path_placeholder__/__spack_path_placeholder__/__spack_path_placeholder__/__spack_path_placeholde/linux-ubuntu20.04-x86_64/clang-15.0.6/netcdf-c-4.9.0-mpxejdft2skhx7zxgjrgvu2zuilmksda/lib;/spack/opt/spack/__spack_path_placeholder__/__spack_path_placeholder__/__spack_path_placeholder__/__spack_path_placeholder__/__spack_path_placeholder__/__spack_path_placeholder__/__spack_path_placeholder__/__spack_path_placeholder__/__spack_path_placeholde/linux-ubuntu20.04-x86_64/clang-15.0.6/hdf5-1.12.2-croa67xpmlguu4vjq6bmlyemvdr36buu/lib;/spack/opt/spack/__spack_path_placeholder__/__spack_path_placeholder__/__spack_path_placeholder__/__spack_path_placeholder__/__spack_path_placeholder__/__spack_path_placeholder__/__spack_path_placeholder__/__spack_path_placeholder__/__spack_path_placeholde/linux-ubuntu20.04-x86_64/clang-15.0.6/zstd-1.5.2-7cypj47seafzja4c2vo5ldbtyzwjoa3u/lib;/spack/opt/spack/__spack_path_placeholder__/__spack_path_placeholder__/__spack_path_placeholder__/__spack_path_placeholder__/__spack_path_placeholder__/__spack_path_placeholder__/__spack_path_placeholder__/__spack_path_placeholder__/__spack_path_placeholde/linux-ubuntu20.04-x86_64/clang-15.0.6/netcdf-fortran-4.6.0-skgx7p2j2toll5pmp5ebhvybn4ahjwnv/lib' '-DCMAKE_PREFIX_PATH:STRING=/spack/opt/spack/__spack_path_placeholder__/__spack_path_placeholder__/__spack_path_placeholder__/__spack_path_placeholder__/__spack_path_placeholder__/__spack_path_placeholder__/__spack_path_placeholder__/__spack_path_placeholder__/__spack_path_placeholde/linux-ubuntu20.04-x86_64/clang-15.0.6/netcdf-fortran-4.6.0-skgx7p2j2toll5pmp5ebhvybn4ahjwnv;/spack/opt/spack/__spack_path_placeholder__/__spack_path_placeholder__/__spack_path_placeholder__/__spack_path_placeholder__/__spack_path_placeholder__/__spack_path_placeholder__/__spack_path_placeholder__/__spack_path_placeholder__/__spack_path_placeholde/linux-ubuntu20.04-x86_64/clang-15.0.6/netcdf-c-4.9.0-mpxejdft2skhx7zxgjrgvu2zuilmksda;/spack/opt/spack/__spack_path_placeholder__/__spack_path_placeholder__/__spack_path_placeholder__/__spack_path_placeholder__/__spack_path_placeholder__/__spack_path_placeholder__/__spack_path_placeholder__/__spack_path_placeholder__/__spack_path_placeholde/linux-ubuntu20.04-x86_64/clang-15.0.6/hdf5-1.12.2-croa67xpmlguu4vjq6bmlyemvdr36buu;/spack/opt/spack/__spack_path_placeholder__/__spack_path_placeholder__/__spack_path_placeholder__/__spack_path_placeholder__/__spack_path_placeholder__/__spack_path_placeholder__/__spack_path_placeholder__/__spack_path_placeholder__/__spack_path_placeholde/linux-ubuntu20.04-x86_64/clang-15.0.6/mpich-4.0.2-ns2hn3cy4r3ror7wwqbauc56gehhktyt;/spack/opt/spack/__spack_path_placeholder__/__spack_path_placeholder__/__spack_path_placeholder__/__spack_path_placeholder__/__spack_path_placeholder__/__spack_path_placeholder__/__spack_path_placeholder__/__spack_path_placeholder__/__spack_path_placeholde/linux-ubuntu20.04-x86_64/clang-15.0.6/yaksa-0.2-2o2pnoa6t4du5i64jbwrdw5awzdwglzw;/spack/opt/spack/__spack_path_placeholder__/__spack_path_placeholder__/__spack_path_placeholder__/__spack_path_placeholder__/__spack_path_placeholder__/__spack_path_placeholder__/__spack_path_placeholder__/__spack_path_placeholder__/__spack_path_placeholde/linux-ubuntu20.04-x86_64/clang-15.0.6/zstd-1.5.2-7cypj47seafzja4c2vo5ldbtyzwjoa3u;/spack/opt/spack/__spack_path_placeholder__/__spack_path_placeholder__/__spack_path_placeholder__/__spack_path_placeholder__/__spack_path_placeholder__/__spack_path_placeholder__/__spack_path_placeholder__/__spack_path_placeholder__/__spack_path_placeholde/linux-ubuntu20.04-x86_64/clang-15.0.6/libfabric-1.16.1-pfo7welh32ltr6gmfvr3nsfbbuudefhm;/spack/opt/spack/__spack_path_placeholder__/__spack_path_placeholder__/__spack_path_placeholder__/__spack_path_placeholder__/__spack_path_placeholder__/__spack_path_placeholder__/__spack_path_placeholder__/__spack_path_placeholder__/__spack_path_placeholde/linux-ubuntu20.04-x86_64/clang-15.0.6/hwloc-2.8.0-jcqwo4y5qxvl4cfpfgje2tdffnoza3m7;/spack/opt/spack/__spack_path_placeholder__/__spack_path_placeholder__/__spack_path_placeholder__/__spack_path_placeholder__/__spack_path_placeholder__/__spack_path_placeholder__/__spack_path_placeholder__/__spack_path_placeholder__/__spack_path_placeholde/linux-ubuntu20.04-x86_64/clang-15.0.6/libxml2-2.10.3-2yymdxhoniemqbvetg5gt3zo7yo6yurp;/spack/opt/spack/__spack_path_placeholder__/__spack_path_placeholder__/__spack_path_placeholder__/__spack_path_placeholder__/__spack_path_placeholder__/__spack_path_placeholder__/__spack_path_placeholder__/__spack_path_placeholder__/__spack_path_placeholde/linux-ubuntu20.04-x86_64/clang-15.0.6/xz-5.2.7-qaeqhhnsciec4yu4n3d7oddsxbosp52k;/spack/opt/spack/__spack_path_placeholder__/__spack_path_placeholder__/__spack_path_placeholder__/__spack_path_placeholder__/__spack_path_placeholder__/__spack_path_placeholder__/__spack_path_placeholder__/__spack_path_placeholder__/__spack_path_placeholde/linux-ubuntu20.04-x86_64/clang-15.0.6/libpciaccess-0.16-c3bxkjrr4ywi4j7ttzs4m7tw5jyk74cm;/spack/opt/spack/__spack_path_placeholder__/__spack_path_placeholder__/__spack_path_placeholder__/__spack_path_placeholder__/__spack_path_placeholder__/__spack_path_placeholder__/__spack_path_placeholder__/__spack_path_placeholder__/__spack_path_placeholde/linux-ubuntu20.04-x86_64/clang-15.0.6/cmake-3.25.1-v7rz7lmdkwr2s46kk5i4o4bhj5t6bjun;/spack/opt/spack/__spack_path_placeholder__/__spack_path_placeholder__/__spack_path_placeholder__/__spack_path_placeholder__/__spack_path_placeholder__/__spack_path_placeholder__/__spack_path_placeholder__/__spack_path_placeholder__/__spack_path_placeholde/linux-ubuntu20.04-x86_64/clang-15.0.6/zlib-1.2.13-2ekbc22kudeq7t7yi23ynvq5qb62lyrt;/spack/opt/spack/__spack_path_placeholder__/__spack_path_placeholder__/__spack_path_placeholder__/__spack_path_placeholder__/__spack_path_placeholder__/__spack_path_placeholder__/__spack_path_placeholder__/__spack_path_placeholder__/__spack_path_placeholde/linux-ubuntu20.04-x86_64/clang-15.0.6/libiconv-1.16-hxkyau7zweprjwiklx77xy5uk4jgc3gh;/spack/opt/spack/__spack_path_placeholder__/__spack_path_placeholder__/__spack_path_placeholder__/__spack_path_placeholder__/__spack_path_placeholder__/__spack_path_placeholder__/__spack_path_placeholder__/__spack_path_placeholder__/__spack_path_placeholde/linux-ubuntu20.04-x86_64/clang-15.0.6/ncurses-6.3-3v6uyyykzsjdtxfwvikyposaxma6iaud' '-DNetCDF_C_PATH:STRING=/spack/opt/spack/__spack_path_placeholder__/__spack_path_placeholder__/__spack_path_placeholder__/__spack_path_placeholder__/__spack_path_placeholder__/__spack_path_placeholder__/__spack_path_placeholder__/__spack_path_placeholder__/__spack_path_placeholde/linux-ubuntu20.04-x86_64/clang-15.0.6/netcdf-c-4.9.0-mpxejdft2skhx7zxgjrgvu2zuilmksda' '-DUSER_CMAKE_MODULE_PATH:STRING=/tmp/root/spack-stage/spack-stage-parallelio-2_5_4-d4fazwb2wwoy7i3rid6a46li5ojuhrwv/spack-src/cmake' '-DGENF90_PATH:STRING=/tmp/root/spack-stage/spack-stage-parallelio-2_5_4-d4fazwb2wwoy7i3rid6a46li5ojuhrwv/spack-src/genf90' '-DBUILD_SHARED_LIBS:BOOL=ON' '-DPIO_ENABLE_EXAMPLES:BOOL=OFF' '-DNetCDF_Fortran_PATH:STRING=/spack/opt/spack/__spack_path_placeholder__/__spack_path_placeholder__/__spack_path_placeholder__/__spack_path_placeholder__/__spack_path_placeholder__/__spack_path_placeholder__/__spack_path_placeholder__/__spack_path_placeholder__/__spack_path_placeholde/linux-ubuntu20.04-x86_64/clang-15.0.6/netcdf-fortran-4.6.0-skgx7p2j2toll5pmp5ebhvybn4ahjwnv' '-DPIO_ENABLE_TIMING:BOOL=OFF' '-DPIO_ENABLE_LOGGING:BOOL=OFF' '-DPIO_ENABLE_FORTRAN:BOOL=ON' '/tmp/root/spack-stage/spack-stage-parallelio-2_5_4-d4fazwb2wwoy7i3rid6a46li5ojuhrwv/spack-src'

3 errors found in build log:
     8     -- Detecting C compile features
     9     -- Detecting C compile features - done
     10    -- Detecting Fortran compiler ABI info
     11    -- Detecting Fortran compiler ABI info - failed
     12    -- Check for working Fortran compiler: /spack/opt/spack/__spack_path_placeholder__/__spack_path_placeholder__/__spack_path_placeholder__/__spack_path_placeholder__/__spack_path
           _placeholder__/__spack_path_placeholder__/__spack_path_placeholder__/__spack_path_placeholder__/__spack_path_placeholde/linux-ubuntu20.04-x86_64/clang-15.0.6/mpich-4.0.2-ns2hn3
           cy4r3ror7wwqbauc56gehhktyt/bin/mpif90
     13    -- Check for working Fortran compiler: /spack/opt/spack/__spack_path_placeholder__/__spack_path_placeholder__/__spack_path_placeholder__/__spack_path_placeholder__/__spack_path
           _placeholder__/__spack_path_placeholder__/__spack_path_placeholder__/__spack_path_placeholder__/__spack_path_placeholde/linux-ubuntu20.04-x86_64/clang-15.0.6/mpich-4.0.2-ns2hn3
           cy4r3ror7wwqbauc56gehhktyt/bin/mpif90 - broken
  >> 14    CMake Error at /spack/opt/spack/__spack_path_placeholder__/__spack_path_placeholder__/__spack_path_placeholder__/__spack_path_placeholder__/__spack_path_placeholder__/__spack_p
           ath_placeholder__/__spack_path_placeholder__/__spack_path_placeholder__/__spack_path_placeholde/linux-ubuntu20.04-x86_64/clang-15.0.6/cmake-3.25.1-v7rz7lmdkwr2s46kk5i4o4bhj5t6b
           jun/share/cmake-3.25/Modules/CMakeTestFortranCompiler.cmake:62 (message):
     15      The Fortran compiler
     16    
     17        "/spack/opt/spack/__spack_path_placeholder__/__spack_path_placeholder__/__spack_path_placeholder__/__spack_path_placeholder__/__spack_path_placeholder__/__spack_path_placeh
           older__/__spack_path_placeholder__/__spack_path_placeholder__/__spack_path_placeholde/linux-ubuntu20.04-x86_64/clang-15.0.6/mpich-4.0.2-ns2hn3cy4r3ror7wwqbauc56gehhktyt/bin/mpi
           f90"
     18    
     19      is not able to compile a simple test program.
     20    

     ...

     24    
     25        Run Build Command(s):/usr/bin/make -f Makefile cmTC_ab60c/fast && /usr/bin/make  -f CMakeFiles/cmTC_ab60c.dir/build.make CMakeFiles/cmTC_ab60c.dir/build
     26        make[1]: Entering directory '/tmp/root/spack-stage/spack-stage-parallelio-2_5_4-d4fazwb2wwoy7i3rid6a46li5ojuhrwv/spack-build-d4fazwb/CMakeFiles/CMakeScratch/TryCompile-V5cF
           lm'
     27        Building Fortran object CMakeFiles/cmTC_ab60c.dir/testFortranCompiler.f.o
     28        /spack/opt/spack/__spack_path_placeholder__/__spack_path_placeholder__/__spack_path_placeholder__/__spack_path_placeholder__/__spack_path_placeholder__/__spack_path_placeho
           lder__/__spack_path_placeholder__/__spack_path_placeholder__/__spack_path_placeholde/linux-ubuntu20.04-x86_64/clang-15.0.6/mpich-4.0.2-ns2hn3cy4r3ror7wwqbauc56gehhktyt/bin/mpif
           90    -c /tmp/root/spack-stage/spack-stage-parallelio-2_5_4-d4fazwb2wwoy7i3rid6a46li5ojuhrwv/spack-build-d4fazwb/CMakeFiles/CMakeScratch/TryCompile-V5cFlm/testFortranCompiler.f
            -o CMakeFiles/cmTC_ab60c.dir/testFortranCompiler.f.o
     29        [spack cc] ERROR: Compiler 'clang@15.0.6' does not have a Fortran 90 compiler configured.
  >> 30    make[1]: *** [CMakeFiles/cmTC_ab60c.dir/build.make:78: CMakeFiles/cmTC_ab60c.dir/testFortranCompiler.f.o] Error 1
     31        make[1]: Leaving directory '/tmp/root/spack-stage/spack-stage-parallelio-2_5_4-d4fazwb2wwoy7i3rid6a46li5ojuhrwv/spack-build-d4fazwb/CMakeFiles/CMakeScratch/TryCompile-V5cFl
           m'
  >> 32        make: *** [Makefile:127: cmTC_ab60c/fast] Error 2
     33    
     34    
     35    
     36    
     37    
     38      CMake will not be able to correctly generate this project.

See build log for details:
  /tmp/root/spack-stage/spack-stage-parallelio-2_5_4-d4fazwb2wwoy7i3rid6a46li5ojuhrwv/spack-build-out.txt

==> Installing fms-2019.01.03-umb7wadzipcuky4ux62vi7picxzkjccn
==> fms exists in binary cache but with different hash
==> No binary for fms-2019.01.03-umb7wadzipcuky4ux62vi7picxzkjccn found: installing from source
==> Warning: download_tarball() was unable to download fms@2019.01.03%clang@15.0.6+64bit+gfs_phys~ipo+openmp+quad_precision build_system=cmake build_type=RelWithDebInfo arch=linux-ubuntu20.04-x86_64 ^autoconf@2.69%clang@15.0.6 build_system=autotools patches=35c4492,7793209,a49dd5b arch=linux-ubuntu20.04-x86_64 ^automake@1.16.5%clang@15.0.6 build_system=autotools arch=linux-ubuntu20.04-x86_64 ^berkeley-db@18.1.40%clang@15.0.6+cxx~docs+stl build_system=autotools patches=26090f4,b231fcc arch=linux-ubuntu20.04-x86_64 ^bzip2@1.0.8%clang@15.0.6~debug~pic+shared build_system=generic arch=linux-ubuntu20.04-x86_64 ^ca-certificates-mozilla@2022-10-11%clang@15.0.6 build_system=generic arch=linux-ubuntu20.04-x86_64 ^cmake@3.25.1%clang@15.0.6~doc+ncurses+ownlibs~qt build_system=generic build_type=Release arch=linux-ubuntu20.04-x86_64 ^diffutils@3.8%clang@15.0.6 build_system=autotools arch=linux-ubuntu20.04-x86_64 ^expat@2.5.0%clang@15.0.6+libbsd build_system=autotools arch=linux-ubuntu20.04-x86_64 ^findutils@4.9.0%clang@15.0.6 build_system=autotools patches=440b954 arch=linux-ubuntu20.04-x86_64 ^gdbm@1.23%clang@15.0.6 build_system=autotools arch=linux-ubuntu20.04-x86_64 ^gettext@0.21.1%clang@15.0.6+bzip2+curses+git~libunistring+libxml2+tar+xz build_system=autotools arch=linux-ubuntu20.04-x86_64 ^hdf5@1.12.2%clang@15.0.6~cxx~fortran+hl~ipo~java+mpi+shared~szip~threadsafe+tools api=default build_system=cmake build_type=RelWithDebInfo arch=linux-ubuntu20.04-x86_64 ^hwloc@2.8.0%clang@15.0.6~cairo~cuda~gl~libudev+libxml2~netloc~nvml~oneapi-level-zero~opencl+pci~rocm build_system=autotools libs=shared,static arch=linux-ubuntu20.04-x86_64 ^libbsd@0.11.5%clang@15.0.6 build_system=autotools arch=linux-ubuntu20.04-x86_64 ^libfabric@1.16.1%clang@15.0.6~debug~kdreg build_system=autotools fabrics=sockets,tcp,udp arch=linux-ubuntu20.04-x86_64 ^libffi@3.4.2%clang@15.0.6 build_system=autotools arch=linux-ubuntu20.04-x86_64 ^libiconv@1.16%clang@15.0.6 build_system=autotools libs=shared,static arch=linux-ubuntu20.04-x86_64 ^libmd@1.0.4%clang@15.0.6 build_system=autotools arch=linux-ubuntu20.04-x86_64 ^libpciaccess@0.16%clang@15.0.6 build_system=autotools arch=linux-ubuntu20.04-x86_64 ^libsigsegv@2.13%clang@15.0.6 build_system=autotools arch=linux-ubuntu20.04-x86_64 ^libtool@2.4.7%clang@15.0.6 build_system=autotools arch=linux-ubuntu20.04-x86_64 ^libxcrypt@4.4.33%clang@15.0.6~obsolete_api build_system=autotools arch=linux-ubuntu20.04-x86_64 ^libxml2@2.10.3%clang@15.0.6~python build_system=autotools arch=linux-ubuntu20.04-x86_64 ^m4@1.4.19%clang@15.0.6+sigsegv build_system=autotools patches=9dc5fbd,bfdffa7 arch=linux-ubuntu20.04-x86_64 ^mpich@4.0.2%clang@15.0.6~argobots~cuda+fortran+hwloc+hydra+libxml2+pci~rocm+romio~slurm~two_level_namespace~vci~verbs~wrapperrpath build_system=autotools datatype-engine=auto device=ch4 netmod=ofi patches=d4c0e99 pmi=pmi arch=linux-ubuntu20.04-x86_64 ^ncurses@6.3%clang@15.0.6~symlinks+termlib abi=none build_system=autotools arch=linux-ubuntu20.04-x86_64 ^netcdf-c@4.9.0%clang@15.0.6~dap~fsync~hdf4~jna+mpi+optimize~parallel-netcdf+pic+shared+zstd build_system=autotools arch=linux-ubuntu20.04-x86_64 ^netcdf-fortran@4.6.0%clang@15.0.6~doc+pic+shared build_system=autotools arch=linux-ubuntu20.04-x86_64 ^openssl@1.1.1s%clang@15.0.6~docs~shared build_system=generic certs=mozilla arch=linux-ubuntu20.04-x86_64 ^perl@5.36.0%clang@15.0.6+cpanm+shared+threads build_system=generic arch=linux-ubuntu20.04-x86_64 ^pigz@2.7%clang@15.0.6 build_system=makefile arch=linux-ubuntu20.04-x86_64 ^pkgconf@1.8.0%clang@15.0.6 build_system=autotools arch=linux-ubuntu20.04-x86_64 ^python@3.10.8%clang@15.0.6+bz2+crypt+ctypes+dbm~debug+libxml2+lzma~nis~optimizations+pic+pyexpat+pythoncmd+readline+shared+sqlite3+ssl~tkinter+uuid+zlib build_system=generic patches=0d98e93,7d40923,f2fd060 arch=linux-ubuntu20.04-x86_64 ^readline@8.2%clang@15.0.6 build_system=autotools patches=bbf97f1 arch=linux-ubuntu20.04-x86_64 ^sqlite@3.40.0%clang@15.0.6+column_metadata+dynamic_extensions+fts~functions+rtree build_system=autotools arch=linux-ubuntu20.04-x86_64 ^tar@1.34%clang@15.0.6 build_system=autotools zip=pigz arch=linux-ubuntu20.04-x86_64 ^util-linux-uuid@2.38.1%clang@15.0.6 build_system=autotools arch=linux-ubuntu20.04-x86_64 ^util-macros@1.19.3%clang@15.0.6 build_system=autotools arch=linux-ubuntu20.04-x86_64 ^xz@5.2.7%clang@15.0.6~pic build_system=autotools libs=shared,static arch=linux-ubuntu20.04-x86_64 ^yaksa@0.2%clang@15.0.6~cuda~rocm build_system=autotools arch=linux-ubuntu20.04-x86_64 ^zlib@1.2.13%clang@15.0.6+optimize+pic+shared build_system=makefile arch=linux-ubuntu20.04-x86_64 ^zstd@1.5.2%clang@15.0.6+programs build_system=makefile compression=none libs=shared,static arch=linux-ubuntu20.04-x86_64 from any configured mirrors
==> Warning: There is no checksum on file to fetch fms@2019.01.03 safely.
==> Error: FetchError: Will not fetch fms@2019.01.03
    Add a checksum or use --no-checksum to skip this check.

/spack/lib/spack/spack/package_base.py:1415, in do_fetch:
       1412                if ignore_checksum:
       1413                    tty.debug("Fetching with no checksum. {0}".format(ck_msg))
       1414
  >>   1415            if not ignore_checksum:
       1416                raise FetchError(
       1417                    "Will not fetch %s" % self.spec.format("{name}{@version}"), ck_msg
       1418                )


==> Error: w3nco-2.4.1-z4ginocepzdyyvzlicejqqhdl7l3isux: ProcessError: Command exited with status 1:
    '/spack/opt/spack/__spack_path_placeholder__/__spack_path_placeholder__/__spack_path_placeholder__/__spack_path_placeholder__/__spack_path_placeholder__/__spack_path_placeholder__/__spack_path_placeholder__/__spack_path_placeholder__/__spack_path_placeholde/linux-ubuntu20.04-x86_64/clang-15.0.6/cmake-3.25.1-v7rz7lmdkwr2s46kk5i4o4bhj5t6bjun/bin/cmake' '-G' 'Unix Makefiles' '-DCMAKE_INSTALL_PREFIX:STRING=/spack/opt/spack/__spack_path_placeholder__/__spack_path_placeholder__/__spack_path_placeholder__/__spack_path_placeholder__/__spack_path_placeholder__/__spack_path_placeholder__/__spack_path_placeholder__/__spack_path_placeholder__/__spack_path_placeholde/linux-ubuntu20.04-x86_64/clang-15.0.6/w3nco-2.4.1-z4ginocepzdyyvzlicejqqhdl7l3isux' '-DCMAKE_BUILD_TYPE:STRING=RelWithDebInfo' '-DBUILD_TESTING:BOOL=OFF' '-DCMAKE_INTERPROCEDURAL_OPTIMIZATION:BOOL=OFF' '-DCMAKE_VERBOSE_MAKEFILE:BOOL=ON' '-DCMAKE_INSTALL_RPATH_USE_LINK_PATH:BOOL=ON' '-DCMAKE_INSTALL_RPATH:STRING=/spack/opt/spack/__spack_path_placeholder__/__spack_path_placeholder__/__spack_path_placeholder__/__spack_path_placeholder__/__spack_path_placeholder__/__spack_path_placeholder__/__spack_path_placeholder__/__spack_path_placeholder__/__spack_path_placeholde/linux-ubuntu20.04-x86_64/clang-15.0.6/w3nco-2.4.1-z4ginocepzdyyvzlicejqqhdl7l3isux/lib;/spack/opt/spack/__spack_path_placeholder__/__spack_path_placeholder__/__spack_path_placeholder__/__spack_path_placeholder__/__spack_path_placeholder__/__spack_path_placeholder__/__spack_path_placeholder__/__spack_path_placeholder__/__spack_path_placeholde/linux-ubuntu20.04-x86_64/clang-15.0.6/w3nco-2.4.1-z4ginocepzdyyvzlicejqqhdl7l3isux/lib64' '-DCMAKE_PREFIX_PATH:STRING=/spack/opt/spack/__spack_path_placeholder__/__spack_path_placeholder__/__spack_path_placeholder__/__spack_path_placeholder__/__spack_path_placeholder__/__spack_path_placeholder__/__spack_path_placeholder__/__spack_path_placeholder__/__spack_path_placeholde/linux-ubuntu20.04-x86_64/clang-15.0.6/cmake-3.25.1-v7rz7lmdkwr2s46kk5i4o4bhj5t6bjun' '/tmp/root/spack-stage/spack-stage-w3nco-2.4.1-z4ginocepzdyyvzlicejqqhdl7l3isux/spack-src'
==> Error: bufr-11.7.0-ornojxgkl5pw63cou4m2hufwd56sr7il: FetchError: Will not fetch bufr@11.7.0
    Add a checksum or use --no-checksum to skip this check.
==> Error: eckit-1.19.0-bzputqjh5fxbn7zmg7wtcybss5m3i5vl: FetchError: Will not fetch eckit@1.19.0
    Add a checksum or use --no-checksum to skip this check.
==> Error: odc-1.4.5-7gtqihin4zv5kiynbr2whtln4l5t642k: FetchError: Will not fetch odc@1.4.5
    Add a checksum or use --no-checksum to skip this check.
==> Error: parallelio-2_5_4-d4fazwb2wwoy7i3rid6a46li5ojuhrwv: ProcessError: Command exited with status 1:
    '/spack/opt/spack/__spack_path_placeholder__/__spack_path_placeholder__/__spack_path_placeholder__/__spack_path_placeholder__/__spack_path_placeholder__/__spack_path_placeholder__/__spack_path_placeholder__/__spack_path_placeholder__/__spack_path_placeholde/linux-ubuntu20.04-x86_64/clang-15.0.6/cmake-3.25.1-v7rz7lmdkwr2s46kk5i4o4bhj5t6bjun/bin/cmake' '-G' 'Unix Makefiles' '-DCMAKE_INSTALL_PREFIX:STRING=/spack/opt/spack/__spack_path_placeholder__/__spack_path_placeholder__/__spack_path_placeholder__/__spack_path_placeholder__/__spack_path_placeholder__/__spack_path_placeholder__/__spack_path_placeholder__/__spack_path_placeholder__/__spack_path_placeholde/linux-ubuntu20.04-x86_64/clang-15.0.6/parallelio-2_5_4-d4fazwb2wwoy7i3rid6a46li5ojuhrwv' '-DCMAKE_BUILD_TYPE:STRING=RelWithDebInfo' '-DBUILD_TESTING:BOOL=OFF' '-DCMAKE_INTERPROCEDURAL_OPTIMIZATION:BOOL=OFF' '-DCMAKE_VERBOSE_MAKEFILE:BOOL=ON' '-DCMAKE_INSTALL_RPATH_USE_LINK_PATH:BOOL=ON' '-DCMAKE_INSTALL_RPATH:STRING=/spack/opt/spack/__spack_path_placeholder__/__spack_path_placeholder__/__spack_path_placeholder__/__spack_path_placeholder__/__spack_path_placeholder__/__spack_path_placeholder__/__spack_path_placeholder__/__spack_path_placeholder__/__spack_path_placeholde/linux-ubuntu20.04-x86_64/clang-15.0.6/parallelio-2_5_4-d4fazwb2wwoy7i3rid6a46li5ojuhrwv/lib;/spack/opt/spack/__spack_path_placeholder__/__spack_path_placeholder__/__spack_path_placeholder__/__spack_path_placeholder__/__spack_path_placeholder__/__spack_path_placeholder__/__spack_path_placeholder__/__spack_path_placeholder__/__spack_path_placeholde/linux-ubuntu20.04-x86_64/clang-15.0.6/parallelio-2_5_4-d4fazwb2wwoy7i3rid6a46li5ojuhrwv/lib64;/spack/opt/spack/__spack_path_placeholder__/__spack_path_placeholder__/__spack_path_placeholder__/__spack_path_placeholder__/__spack_path_placeholder__/__spack_path_placeholder__/__spack_path_placeholder__/__spack_path_placeholder__/__spack_path_placeholde/linux-ubuntu20.04-x86_64/clang-15.0.6/mpich-4.0.2-ns2hn3cy4r3ror7wwqbauc56gehhktyt/lib;/spack/opt/spack/__spack_path_placeholder__/__spack_path_placeholder__/__spack_path_placeholder__/__spack_path_placeholder__/__spack_path_placeholder__/__spack_path_placeholder__/__spack_path_placeholder__/__spack_path_placeholder__/__spack_path_placeholde/linux-ubuntu20.04-x86_64/clang-15.0.6/hwloc-2.8.0-jcqwo4y5qxvl4cfpfgje2tdffnoza3m7/lib;/spack/opt/spack/__spack_path_placeholder__/__spack_path_placeholder__/__spack_path_placeholder__/__spack_path_placeholder__/__spack_path_placeholder__/__spack_path_placeholder__/__spack_path_placeholder__/__spack_path_placeholder__/__spack_path_placeholde/linux-ubuntu20.04-x86_64/clang-15.0.6/libpciaccess-0.16-c3bxkjrr4ywi4j7ttzs4m7tw5jyk74cm/lib;/spack/opt/spack/__spack_path_placeholder__/__spack_path_placeholder__/__spack_path_placeholder__/__spack_path_placeholder__/__spack_path_placeholder__/__spack_path_placeholder__/__spack_path_placeholder__/__spack_path_placeholder__/__spack_path_placeholde/linux-ubuntu20.04-x86_64/clang-15.0.6/libxml2-2.10.3-2yymdxhoniemqbvetg5gt3zo7yo6yurp/lib;/spack/opt/spack/__spack_path_placeholder__/__spack_path_placeholder__/__spack_path_placeholder__/__spack_path_placeholder__/__spack_path_placeholder__/__spack_path_placeholder__/__spack_path_placeholder__/__spack_path_placeholder__/__spack_path_placeholde/linux-ubuntu20.04-x86_64/clang-15.0.6/libiconv-1.16-hxkyau7zweprjwiklx77xy5uk4jgc3gh/lib;/spack/opt/spack/__spack_path_placeholder__/__spack_path_placeholder__/__spack_path_placeholder__/__spack_path_placeholder__/__spack_path_placeholder__/__spack_path_placeholder__/__spack_path_placeholder__/__spack_path_placeholder__/__spack_path_placeholde/linux-ubuntu20.04-x86_64/clang-15.0.6/xz-5.2.7-qaeqhhnsciec4yu4n3d7oddsxbosp52k/lib;/spack/opt/spack/__spack_path_placeholder__/__spack_path_placeholder__/__spack_path_placeholder__/__spack_path_placeholder__/__spack_path_placeholder__/__spack_path_placeholder__/__spack_path_placeholder__/__spack_path_placeholder__/__spack_path_placeholde/linux-ubuntu20.04-x86_64/clang-15.0.6/zlib-1.2.13-2ekbc22kudeq7t7yi23ynvq5qb62lyrt/lib;/spack/opt/spack/__spack_path_placeholder__/__spack_path_placeholder__/__spack_path_placeholder__/__spack_path_placeholder__/__spack_path_placeholder__/__spack_path_placeholder__/__spack_path_placeholder__/__spack_path_placeholder__/__spack_path_placeholde/linux-ubuntu20.04-x86_64/clang-15.0.6/ncurses-6.3-3v6uyyykzsjdtxfwvikyposaxma6iaud/lib;/spack/opt/spack/__spack_path_placeholder__/__spack_path_placeholder__/__spack_path_placeholder__/__spack_path_placeholder__/__spack_path_placeholder__/__spack_path_placeholder__/__spack_path_placeholder__/__spack_path_placeholder__/__spack_path_placeholde/linux-ubuntu20.04-x86_64/clang-15.0.6/libfabric-1.16.1-pfo7welh32ltr6gmfvr3nsfbbuudefhm/lib;/spack/opt/spack/__spack_path_placeholder__/__spack_path_placeholder__/__spack_path_placeholder__/__spack_path_placeholder__/__spack_path_placeholder__/__spack_path_placeholder__/__spack_path_placeholder__/__spack_path_placeholder__/__spack_path_placeholde/linux-ubuntu20.04-x86_64/clang-15.0.6/yaksa-0.2-2o2pnoa6t4du5i64jbwrdw5awzdwglzw/lib;/spack/opt/spack/__spack_path_placeholder__/__spack_path_placeholder__/__spack_path_placeholder__/__spack_path_placeholder__/__spack_path_placeholder__/__spack_path_placeholder__/__spack_path_placeholder__/__spack_path_placeholder__/__spack_path_placeholde/linux-ubuntu20.04-x86_64/clang-15.0.6/netcdf-c-4.9.0-mpxejdft2skhx7zxgjrgvu2zuilmksda/lib;/spack/opt/spack/__spack_path_placeholder__/__spack_path_placeholder__/__spack_path_placeholder__/__spack_path_placeholder__/__spack_path_placeholder__/__spack_path_placeholder__/__spack_path_placeholder__/__spack_path_placeholder__/__spack_path_placeholde/linux-ubuntu20.04-x86_64/clang-15.0.6/hdf5-1.12.2-croa67xpmlguu4vjq6bmlyemvdr36buu/lib;/spack/opt/spack/__spack_path_placeholder__/__spack_path_placeholder__/__spack_path_placeholder__/__spack_path_placeholder__/__spack_path_placeholder__/__spack_path_placeholder__/__spack_path_placeholder__/__spack_path_placeholder__/__spack_path_placeholde/linux-ubuntu20.04-x86_64/clang-15.0.6/zstd-1.5.2-7cypj47seafzja4c2vo5ldbtyzwjoa3u/lib;/spack/opt/spack/__spack_path_placeholder__/__spack_path_placeholder__/__spack_path_placeholder__/__spack_path_placeholder__/__spack_path_placeholder__/__spack_path_placeholder__/__spack_path_placeholder__/__spack_path_placeholder__/__spack_path_placeholde/linux-ubuntu20.04-x86_64/clang-15.0.6/netcdf-fortran-4.6.0-skgx7p2j2toll5pmp5ebhvybn4ahjwnv/lib' '-DCMAKE_PREFIX_PATH:STRING=/spack/opt/spack/__spack_path_placeholder__/__spack_path_placeholder__/__spack_path_placeholder__/__spack_path_placeholder__/__spack_path_placeholder__/__spack_path_placeholder__/__spack_path_placeholder__/__spack_path_placeholder__/__spack_path_placeholde/linux-ubuntu20.04-x86_64/clang-15.0.6/netcdf-fortran-4.6.0-skgx7p2j2toll5pmp5ebhvybn4ahjwnv;/spack/opt/spack/__spack_path_placeholder__/__spack_path_placeholder__/__spack_path_placeholder__/__spack_path_placeholder__/__spack_path_placeholder__/__spack_path_placeholder__/__spack_path_placeholder__/__spack_path_placeholder__/__spack_path_placeholde/linux-ubuntu20.04-x86_64/clang-15.0.6/netcdf-c-4.9.0-mpxejdft2skhx7zxgjrgvu2zuilmksda;/spack/opt/spack/__spack_path_placeholder__/__spack_path_placeholder__/__spack_path_placeholder__/__spack_path_placeholder__/__spack_path_placeholder__/__spack_path_placeholder__/__spack_path_placeholder__/__spack_path_placeholder__/__spack_path_placeholde/linux-ubuntu20.04-x86_64/clang-15.0.6/hdf5-1.12.2-croa67xpmlguu4vjq6bmlyemvdr36buu;/spack/opt/spack/__spack_path_placeholder__/__spack_path_placeholder__/__spack_path_placeholder__/__spack_path_placeholder__/__spack_path_placeholder__/__spack_path_placeholder__/__spack_path_placeholder__/__spack_path_placeholder__/__spack_path_placeholde/linux-ubuntu20.04-x86_64/clang-15.0.6/mpich-4.0.2-ns2hn3cy4r3ror7wwqbauc56gehhktyt;/spack/opt/spack/__spack_path_placeholder__/__spack_path_placeholder__/__spack_path_placeholder__/__spack_path_placeholder__/__spack_path_placeholder__/__spack_path_placeholder__/__spack_path_placeholder__/__spack_path_placeholder__/__spack_path_placeholde/linux-ubuntu20.04-x86_64/clang-15.0.6/yaksa-0.2-2o2pnoa6t4du5i64jbwrdw5awzdwglzw;/spack/opt/spack/__spack_path_placeholder__/__spack_path_placeholder__/__spack_path_placeholder__/__spack_path_placeholder__/__spack_path_placeholder__/__spack_path_placeholder__/__spack_path_placeholder__/__spack_path_placeholder__/__spack_path_placeholde/linux-ubuntu20.04-x86_64/clang-15.0.6/zstd-1.5.2-7cypj47seafzja4c2vo5ldbtyzwjoa3u;/spack/opt/spack/__spack_path_placeholder__/__spack_path_placeholder__/__spack_path_placeholder__/__spack_path_placeholder__/__spack_path_placeholder__/__spack_path_placeholder__/__spack_path_placeholder__/__spack_path_placeholder__/__spack_path_placeholde/linux-ubuntu20.04-x86_64/clang-15.0.6/libfabric-1.16.1-pfo7welh32ltr6gmfvr3nsfbbuudefhm;/spack/opt/spack/__spack_path_placeholder__/__spack_path_placeholder__/__spack_path_placeholder__/__spack_path_placeholder__/__spack_path_placeholder__/__spack_path_placeholder__/__spack_path_placeholder__/__spack_path_placeholder__/__spack_path_placeholde/linux-ubuntu20.04-x86_64/clang-15.0.6/hwloc-2.8.0-jcqwo4y5qxvl4cfpfgje2tdffnoza3m7;/spack/opt/spack/__spack_path_placeholder__/__spack_path_placeholder__/__spack_path_placeholder__/__spack_path_placeholder__/__spack_path_placeholder__/__spack_path_placeholder__/__spack_path_placeholder__/__spack_path_placeholder__/__spack_path_placeholde/linux-ubuntu20.04-x86_64/clang-15.0.6/libxml2-2.10.3-2yymdxhoniemqbvetg5gt3zo7yo6yurp;/spack/opt/spack/__spack_path_placeholder__/__spack_path_placeholder__/__spack_path_placeholder__/__spack_path_placeholder__/__spack_path_placeholder__/__spack_path_placeholder__/__spack_path_placeholder__/__spack_path_placeholder__/__spack_path_placeholde/linux-ubuntu20.04-x86_64/clang-15.0.6/xz-5.2.7-qaeqhhnsciec4yu4n3d7oddsxbosp52k;/spack/opt/spack/__spack_path_placeholder__/__spack_path_placeholder__/__spack_path_placeholder__/__spack_path_placeholder__/__spack_path_placeholder__/__spack_path_placeholder__/__spack_path_placeholder__/__spack_path_placeholder__/__spack_path_placeholde/linux-ubuntu20.04-x86_64/clang-15.0.6/libpciaccess-0.16-c3bxkjrr4ywi4j7ttzs4m7tw5jyk74cm;/spack/opt/spack/__spack_path_placeholder__/__spack_path_placeholder__/__spack_path_placeholder__/__spack_path_placeholder__/__spack_path_placeholder__/__spack_path_placeholder__/__spack_path_placeholder__/__spack_path_placeholder__/__spack_path_placeholde/linux-ubuntu20.04-x86_64/clang-15.0.6/cmake-3.25.1-v7rz7lmdkwr2s46kk5i4o4bhj5t6bjun;/spack/opt/spack/__spack_path_placeholder__/__spack_path_placeholder__/__spack_path_placeholder__/__spack_path_placeholder__/__spack_path_placeholder__/__spack_path_placeholder__/__spack_path_placeholder__/__spack_path_placeholder__/__spack_path_placeholde/linux-ubuntu20.04-x86_64/clang-15.0.6/zlib-1.2.13-2ekbc22kudeq7t7yi23ynvq5qb62lyrt;/spack/opt/spack/__spack_path_placeholder__/__spack_path_placeholder__/__spack_path_placeholder__/__spack_path_placeholder__/__spack_path_placeholder__/__spack_path_placeholder__/__spack_path_placeholder__/__spack_path_placeholder__/__spack_path_placeholde/linux-ubuntu20.04-x86_64/clang-15.0.6/libiconv-1.16-hxkyau7zweprjwiklx77xy5uk4jgc3gh;/spack/opt/spack/__spack_path_placeholder__/__spack_path_placeholder__/__spack_path_placeholder__/__spack_path_placeholder__/__spack_path_placeholder__/__spack_path_placeholder__/__spack_path_placeholder__/__spack_path_placeholder__/__spack_path_placeholde/linux-ubuntu20.04-x86_64/clang-15.0.6/ncurses-6.3-3v6uyyykzsjdtxfwvikyposaxma6iaud' '-DNetCDF_C_PATH:STRING=/spack/opt/spack/__spack_path_placeholder__/__spack_path_placeholder__/__spack_path_placeholder__/__spack_path_placeholder__/__spack_path_placeholder__/__spack_path_placeholder__/__spack_path_placeholder__/__spack_path_placeholder__/__spack_path_placeholde/linux-ubuntu20.04-x86_64/clang-15.0.6/netcdf-c-4.9.0-mpxejdft2skhx7zxgjrgvu2zuilmksda' '-DUSER_CMAKE_MODULE_PATH:STRING=/tmp/root/spack-stage/spack-stage-parallelio-2_5_4-d4fazwb2wwoy7i3rid6a46li5ojuhrwv/spack-src/cmake' '-DGENF90_PATH:STRING=/tmp/root/spack-stage/spack-stage-parallelio-2_5_4-d4fazwb2wwoy7i3rid6a46li5ojuhrwv/spack-src/genf90' '-DBUILD_SHARED_LIBS:BOOL=ON' '-DPIO_ENABLE_EXAMPLES:BOOL=OFF' '-DNetCDF_Fortran_PATH:STRING=/spack/opt/spack/__spack_path_placeholder__/__spack_path_placeholder__/__spack_path_placeholder__/__spack_path_placeholder__/__spack_path_placeholder__/__spack_path_placeholder__/__spack_path_placeholder__/__spack_path_placeholder__/__spack_path_placeholde/linux-ubuntu20.04-x86_64/clang-15.0.6/netcdf-fortran-4.6.0-skgx7p2j2toll5pmp5ebhvybn4ahjwnv' '-DPIO_ENABLE_TIMING:BOOL=OFF' '-DPIO_ENABLE_LOGGING:BOOL=OFF' '-DPIO_ENABLE_FORTRAN:BOOL=ON' '/tmp/root/spack-stage/spack-stage-parallelio-2_5_4-d4fazwb2wwoy7i3rid6a46li5ojuhrwv/spack-src'
==> Error: fms-2019.01.03-umb7wadzipcuky4ux62vi7picxzkjccn: FetchError: Will not fetch fms@2019.01.03
    Add a checksum or use --no-checksum to skip this check.
==> Error: bufr-11.7.0-ornojxgkl5pw63cou4m2hufwd56sr7il: Package was not installed
==> Error: eckit-1.19.0-bzputqjh5fxbn7zmg7wtcybss5m3i5vl: Package was not installed
==> Error: fms-2019.01.03-umb7wadzipcuky4ux62vi7picxzkjccn: Package was not installed
==> Error: odc-1.4.5-7gtqihin4zv5kiynbr2whtln4l5t642k: Package was not installed
==> Error: parallelio-2_5_4-d4fazwb2wwoy7i3rid6a46li5ojuhrwv: Package was not installed
==> Error: w3nco-2.4.1-z4ginocepzdyyvzlicejqqhdl7l3isux: Package was not installed
==> Error: Installation request failed.  Refer to reported errors for failing package(s).
