==> Starting concretization pool with 10 processes
==> Environment concretized in 18.68 seconds.
==> Concretized ecflow@5.8.3
 -   2dq2l3l  ecflow@5.8.3%oneapi@2023.0.0~ipo+ssl~static_boost~ui build_system=cmake build_type=RelWithDebInfo arch=linux-ubuntu20.04-x86_64
[+]  ecrppnb      ^boost@1.79.0%oneapi@2023.0.0~atomic+chrono~clanglibcpp~container~context~contract~coroutine+date_time~debug+exception~fiber+filesystem~graph~graph_parallel~icu~iostreams~json~locale~log~math~mpi+multithreaded~nowide~numpy~pic+program_options+python~random+regex+serialization+shared~signals~singlethreaded~stacktrace+system~taggedlayout+test+thread+timer~type_erasure~versionedlayout~wave build_system=generic cxxstd=98 patches=8e3faa2,a440f96,b8569d7 visibility=hidden arch=linux-ubuntu20.04-x86_64
[+]  hlmiiuc      ^cmake@3.25.1%oneapi@2023.0.0~doc+ncurses+ownlibs~qt build_system=generic build_type=Release arch=linux-ubuntu20.04-x86_64
[+]  eqrdohf          ^ncurses@6.3%oneapi@2023.0.0~symlinks+termlib abi=none build_system=autotools arch=linux-ubuntu20.04-x86_64
[+]  nnrbq5c      ^openssl@1.1.1s%oneapi@2023.0.0~docs~shared build_system=generic certs=mozilla arch=linux-ubuntu20.04-x86_64
[+]  psly5rt          ^ca-certificates-mozilla@2022-10-11%oneapi@2023.0.0 build_system=generic arch=linux-ubuntu20.04-x86_64
[+]  6vijuny          ^perl@5.36.0%oneapi@2023.0.0+cpanm+shared+threads build_system=generic arch=linux-ubuntu20.04-x86_64
[+]  qgys5kc              ^berkeley-db@18.1.40%oneapi@2023.0.0+cxx~docs+stl build_system=autotools patches=26090f4,b231fcc arch=linux-ubuntu20.04-x86_64
[+]  lwn6ryu          ^zlib@1.2.13%oneapi@2023.0.0+optimize+pic+shared build_system=makefile arch=linux-ubuntu20.04-x86_64
[+]  vc4f4et      ^py-numpy@1.22.4%oneapi@2023.0.0+blas+lapack build_system=python_pip patches=873745d arch=linux-ubuntu20.04-x86_64
[+]  6za527o          ^openblas@0.3.21%oneapi@2023.0.0~bignuma~consistent_fpcsr+fortran~ilp64+locking+pic+shared build_system=makefile patches=d3d9b15 symbol_suffix=none threads=none arch=linux-ubuntu20.04-x86_64
[+]  mqyrjoj          ^py-cython@0.29.32%oneapi@2023.0.0 build_system=python_pip arch=linux-ubuntu20.04-x86_64
[+]  mlb7gab          ^py-wheel@0.37.1%oneapi@2023.0.0 build_system=generic arch=linux-ubuntu20.04-x86_64
[+]  6xk3vae      ^py-pip@22.2.2%oneapi@2023.0.0 build_system=generic arch=linux-ubuntu20.04-x86_64
[+]  22au5nn      ^py-setuptools@63.0.0%oneapi@2023.0.0 build_system=generic arch=linux-ubuntu20.04-x86_64
[+]  xjl5thp      ^python@3.10.8%oneapi@2023.0.0+bz2+crypt+ctypes+dbm~debug+libxml2+lzma~nis~optimizations+pic+pyexpat+pythoncmd+readline+shared+sqlite3+ssl~tkinter+uuid+zlib build_system=generic patches=0d98e93,7d40923,f2fd060 arch=linux-ubuntu20.04-x86_64
[+]  5ynu7nl          ^bzip2@1.0.8%oneapi@2023.0.0~debug~pic+shared build_system=generic arch=linux-ubuntu20.04-x86_64
[+]  3zsaf4w              ^diffutils@3.8%oneapi@2023.0.0 build_system=autotools arch=linux-ubuntu20.04-x86_64
[+]  xl6pnud          ^expat@2.5.0%oneapi@2023.0.0+libbsd build_system=autotools arch=linux-ubuntu20.04-x86_64
[+]  bxop23q              ^libbsd@0.11.5%oneapi@2023.0.0 build_system=autotools arch=linux-ubuntu20.04-x86_64
[+]  4eg4w4y                  ^libmd@1.0.4%oneapi@2023.0.0 build_system=autotools arch=linux-ubuntu20.04-x86_64
[+]  lmrydsn          ^gdbm@1.23%oneapi@2023.0.0 build_system=autotools arch=linux-ubuntu20.04-x86_64
[+]  h4glb5u          ^gettext@0.21.1%oneapi@2023.0.0+bzip2+curses+git~libunistring+libxml2+tar+xz build_system=autotools arch=linux-ubuntu20.04-x86_64
[+]  lqnl4fj              ^libiconv@1.16%oneapi@2023.0.0 build_system=autotools libs=shared,static arch=linux-ubuntu20.04-x86_64
[+]  vkxdkfa              ^libxml2@2.10.3%oneapi@2023.0.0~python build_system=autotools arch=linux-ubuntu20.04-x86_64
[+]  atcgbbp              ^tar@1.34%oneapi@2023.0.0 build_system=autotools zip=pigz arch=linux-ubuntu20.04-x86_64
[+]  yfxsdlo                  ^pigz@2.7%oneapi@2023.0.0 build_system=makefile arch=linux-ubuntu20.04-x86_64
[+]  y6aldie                  ^zstd@1.5.2%oneapi@2023.0.0+programs build_system=makefile compression=none libs=shared,static arch=linux-ubuntu20.04-x86_64
[+]  dsvval4          ^libffi@3.4.2%oneapi@2023.0.0 build_system=autotools arch=linux-ubuntu20.04-x86_64
[+]  kpj6xba          ^libxcrypt@4.4.33%oneapi@2023.0.0~obsolete_api build_system=autotools arch=linux-ubuntu20.04-x86_64
[+]  y7skjlq          ^pkgconf@1.8.0%oneapi@2023.0.0 build_system=autotools arch=linux-ubuntu20.04-x86_64
[+]  vbuvtn5          ^readline@8.2%oneapi@2023.0.0 build_system=autotools patches=bbf97f1 arch=linux-ubuntu20.04-x86_64
[+]  p4u5dij          ^sqlite@3.40.0%oneapi@2023.0.0+column_metadata+dynamic_extensions+fts~functions+rtree build_system=autotools arch=linux-ubuntu20.04-x86_64
[+]  y34yiwb          ^util-linux-uuid@2.38.1%oneapi@2023.0.0 build_system=autotools arch=linux-ubuntu20.04-x86_64
[+]  oyuyhoj          ^xz@5.2.7%oneapi@2023.0.0~pic build_system=autotools libs=shared,static arch=linux-ubuntu20.04-x86_64

==> Concretized eckit@1.19.0
 -   naw4hvr  eckit@1.19.0%oneapi@2023.0.0+admin+aio~curl~ipo~jemalloc+mpi+sql~ssl+tools+unicode+xxhash build_system=cmake build_type=RelWithDebInfo compression=none linalg=none arch=linux-ubuntu20.04-x86_64
[+]  xca2sot      ^bison@3.8.2%oneapi@2023.0.0 build_system=autotools arch=linux-ubuntu20.04-x86_64
[+]  3zsaf4w          ^diffutils@3.8%oneapi@2023.0.0 build_system=autotools arch=linux-ubuntu20.04-x86_64
[+]  lqnl4fj              ^libiconv@1.16%oneapi@2023.0.0 build_system=autotools libs=shared,static arch=linux-ubuntu20.04-x86_64
[+]  p3otmji          ^m4@1.4.19%gcc@11.1.0+sigsegv build_system=autotools patches=9dc5fbd,bfdffa7 arch=linux-ubuntu20.04-x86_64
[+]  72k3wti              ^libsigsegv@2.13%oneapi@2023.0.0 build_system=autotools arch=linux-ubuntu20.04-x86_64
[+]  6vijuny          ^perl@5.36.0%oneapi@2023.0.0+cpanm+shared+threads build_system=generic arch=linux-ubuntu20.04-x86_64
[+]  qgys5kc              ^berkeley-db@18.1.40%oneapi@2023.0.0+cxx~docs+stl build_system=autotools patches=26090f4,b231fcc arch=linux-ubuntu20.04-x86_64
[+]  5ynu7nl              ^bzip2@1.0.8%oneapi@2023.0.0~debug~pic+shared build_system=generic arch=linux-ubuntu20.04-x86_64
[+]  lmrydsn              ^gdbm@1.23%oneapi@2023.0.0 build_system=autotools arch=linux-ubuntu20.04-x86_64
[+]  vbuvtn5                  ^readline@8.2%oneapi@2023.0.0 build_system=autotools patches=bbf97f1 arch=linux-ubuntu20.04-x86_64
[+]  lwn6ryu              ^zlib@1.2.13%oneapi@2023.0.0+optimize+pic+shared build_system=makefile arch=linux-ubuntu20.04-x86_64
[+]  hlmiiuc      ^cmake@3.25.1%oneapi@2023.0.0~doc+ncurses+ownlibs~qt build_system=generic build_type=Release arch=linux-ubuntu20.04-x86_64
[+]  nnrbq5c          ^openssl@1.1.1s%oneapi@2023.0.0~docs~shared build_system=generic certs=mozilla arch=linux-ubuntu20.04-x86_64
[+]  psly5rt              ^ca-certificates-mozilla@2022-10-11%oneapi@2023.0.0 build_system=generic arch=linux-ubuntu20.04-x86_64
[+]  fylsrn5      ^ecbuild@3.6.5%oneapi@2023.0.0~ipo build_system=cmake build_type=RelWithDebInfo arch=linux-ubuntu20.04-x86_64
[+]  xhjzoeg      ^flex@2.6.3%oneapi@2023.0.0+lex~nls build_system=autotools arch=linux-ubuntu20.04-x86_64
[+]  kvidjln          ^findutils@4.9.0%oneapi@2023.0.0 build_system=autotools patches=440b954 arch=linux-ubuntu20.04-x86_64
[+]  zf4wjjd      ^intel-oneapi-mpi@2021.8.0%oneapi@2023.0.0+envmods~external-libfabric~generic-names~ilp64 build_system=generic arch=linux-ubuntu20.04-x86_64
[+]  eqrdohf      ^ncurses@6.3%oneapi@2023.0.0~symlinks+termlib abi=none build_system=autotools arch=linux-ubuntu20.04-x86_64
[+]  y7skjlq          ^pkgconf@1.8.0%oneapi@2023.0.0 build_system=autotools arch=linux-ubuntu20.04-x86_64

==> Concretized esmf@8.3.0b09+pio
 -   mqdiuc7  esmf@8.3.0b09%oneapi@2023.0.0~debug~external-lapack+mpi+netcdf~parallelio+pio+pnetcdf+shared+xerces build_system=makefile patches=e931f6d arch=linux-ubuntu20.04-x86_64
[+]  zf4wjjd      ^intel-oneapi-mpi@2021.8.0%oneapi@2023.0.0+envmods~external-libfabric~generic-names~ilp64 build_system=generic arch=linux-ubuntu20.04-x86_64
[+]  vkxdkfa      ^libxml2@2.10.3%oneapi@2023.0.0~python build_system=autotools arch=linux-ubuntu20.04-x86_64
[+]  lqnl4fj          ^libiconv@1.16%oneapi@2023.0.0 build_system=autotools libs=shared,static arch=linux-ubuntu20.04-x86_64
[+]  y7skjlq          ^pkgconf@1.8.0%oneapi@2023.0.0 build_system=autotools arch=linux-ubuntu20.04-x86_64
[+]  oyuyhoj          ^xz@5.2.7%oneapi@2023.0.0~pic build_system=autotools libs=shared,static arch=linux-ubuntu20.04-x86_64
[+]  unlfaft      ^netcdf-c@4.9.0%oneapi@2023.0.0~dap~fsync~hdf4~jna+mpi+optimize~parallel-netcdf+pic+shared+zstd build_system=autotools arch=linux-ubuntu20.04-x86_64
[+]  kukypds          ^hdf5@1.12.2%oneapi@2023.0.0~cxx~fortran+hl~ipo~java+mpi+shared~szip~threadsafe+tools api=default build_system=cmake build_type=RelWithDebInfo arch=linux-ubuntu20.04-x86_64
[+]  hlmiiuc              ^cmake@3.25.1%oneapi@2023.0.0~doc+ncurses+ownlibs~qt build_system=generic build_type=Release arch=linux-ubuntu20.04-x86_64
[+]  eqrdohf                  ^ncurses@6.3%oneapi@2023.0.0~symlinks+termlib abi=none build_system=autotools arch=linux-ubuntu20.04-x86_64
[+]  p3otmji          ^m4@1.4.19%gcc@11.1.0+sigsegv build_system=autotools patches=9dc5fbd,bfdffa7 arch=linux-ubuntu20.04-x86_64
[+]  3zsaf4w              ^diffutils@3.8%oneapi@2023.0.0 build_system=autotools arch=linux-ubuntu20.04-x86_64
[+]  72k3wti              ^libsigsegv@2.13%oneapi@2023.0.0 build_system=autotools arch=linux-ubuntu20.04-x86_64
[+]  jxbwijd          ^zstd@1.5.2%oneapi@2023.0.0~programs build_system=makefile libs=shared,static arch=linux-ubuntu20.04-x86_64
[+]  vd3mb52      ^netcdf-fortran@4.6.0%oneapi@2023.0.0~doc+pic+shared build_system=autotools arch=linux-ubuntu20.04-x86_64
[+]  hd5jcsf      ^parallel-netcdf@1.12.3%oneapi@2023.0.0~burstbuffer+cxx+fortran+pic+shared build_system=autotools arch=linux-ubuntu20.04-x86_64
[+]  6vijuny          ^perl@5.36.0%oneapi@2023.0.0+cpanm+shared+threads build_system=generic arch=linux-ubuntu20.04-x86_64
[+]  qgys5kc              ^berkeley-db@18.1.40%oneapi@2023.0.0+cxx~docs+stl build_system=autotools patches=26090f4,b231fcc arch=linux-ubuntu20.04-x86_64
[+]  5ynu7nl              ^bzip2@1.0.8%oneapi@2023.0.0~debug~pic+shared build_system=generic arch=linux-ubuntu20.04-x86_64
[+]  lmrydsn              ^gdbm@1.23%oneapi@2023.0.0 build_system=autotools arch=linux-ubuntu20.04-x86_64
[+]  vbuvtn5                  ^readline@8.2%oneapi@2023.0.0 build_system=autotools patches=bbf97f1 arch=linux-ubuntu20.04-x86_64
[+]  ukzifhs      ^xerces-c@3.2.3%oneapi@2023.0.0 build_system=autotools cxxstd=default netaccessor=curl transcoder=gnuiconv arch=linux-ubuntu20.04-x86_64
[+]  bijwzut          ^curl@7.85.0%oneapi@2023.0.0~gssapi~ldap~libidn2~librtmp~libssh~libssh2~nghttp2 build_system=autotools libs=shared,static tls=openssl arch=linux-ubuntu20.04-x86_64
[+]  nnrbq5c              ^openssl@1.1.1s%oneapi@2023.0.0~docs~shared build_system=generic certs=mozilla arch=linux-ubuntu20.04-x86_64
[+]  psly5rt                  ^ca-certificates-mozilla@2022-10-11%oneapi@2023.0.0 build_system=generic arch=linux-ubuntu20.04-x86_64
[+]  lwn6ryu      ^zlib@1.2.13%oneapi@2023.0.0+optimize+pic+shared build_system=makefile arch=linux-ubuntu20.04-x86_64

==> Concretized fms@2019.01.03
 -   qr2jzm2  fms@2019.01.03%oneapi@2023.0.0+64bit+gfs_phys~ipo+openmp+quad_precision build_system=cmake build_type=RelWithDebInfo arch=linux-ubuntu20.04-x86_64
[+]  hlmiiuc      ^cmake@3.25.1%oneapi@2023.0.0~doc+ncurses+ownlibs~qt build_system=generic build_type=Release arch=linux-ubuntu20.04-x86_64
[+]  eqrdohf          ^ncurses@6.3%oneapi@2023.0.0~symlinks+termlib abi=none build_system=autotools arch=linux-ubuntu20.04-x86_64
[+]  y7skjlq              ^pkgconf@1.8.0%oneapi@2023.0.0 build_system=autotools arch=linux-ubuntu20.04-x86_64
[+]  nnrbq5c          ^openssl@1.1.1s%oneapi@2023.0.0~docs~shared build_system=generic certs=mozilla arch=linux-ubuntu20.04-x86_64
[+]  psly5rt              ^ca-certificates-mozilla@2022-10-11%oneapi@2023.0.0 build_system=generic arch=linux-ubuntu20.04-x86_64
[+]  6vijuny              ^perl@5.36.0%oneapi@2023.0.0+cpanm+shared+threads build_system=generic arch=linux-ubuntu20.04-x86_64
[+]  qgys5kc                  ^berkeley-db@18.1.40%oneapi@2023.0.0+cxx~docs+stl build_system=autotools patches=26090f4,b231fcc arch=linux-ubuntu20.04-x86_64
[+]  5ynu7nl                  ^bzip2@1.0.8%oneapi@2023.0.0~debug~pic+shared build_system=generic arch=linux-ubuntu20.04-x86_64
[+]  lmrydsn                  ^gdbm@1.23%oneapi@2023.0.0 build_system=autotools arch=linux-ubuntu20.04-x86_64
[+]  vbuvtn5                      ^readline@8.2%oneapi@2023.0.0 build_system=autotools patches=bbf97f1 arch=linux-ubuntu20.04-x86_64
[+]  zf4wjjd      ^intel-oneapi-mpi@2021.8.0%oneapi@2023.0.0+envmods~external-libfabric~generic-names~ilp64 build_system=generic arch=linux-ubuntu20.04-x86_64
[+]  unlfaft      ^netcdf-c@4.9.0%oneapi@2023.0.0~dap~fsync~hdf4~jna+mpi+optimize~parallel-netcdf+pic+shared+zstd build_system=autotools arch=linux-ubuntu20.04-x86_64
[+]  kukypds          ^hdf5@1.12.2%oneapi@2023.0.0~cxx~fortran+hl~ipo~java+mpi+shared~szip~threadsafe+tools api=default build_system=cmake build_type=RelWithDebInfo arch=linux-ubuntu20.04-x86_64
[+]  p3otmji          ^m4@1.4.19%gcc@11.1.0+sigsegv build_system=autotools patches=9dc5fbd,bfdffa7 arch=linux-ubuntu20.04-x86_64
[+]  3zsaf4w              ^diffutils@3.8%oneapi@2023.0.0 build_system=autotools arch=linux-ubuntu20.04-x86_64
[+]  lqnl4fj                  ^libiconv@1.16%oneapi@2023.0.0 build_system=autotools libs=shared,static arch=linux-ubuntu20.04-x86_64
[+]  72k3wti              ^libsigsegv@2.13%oneapi@2023.0.0 build_system=autotools arch=linux-ubuntu20.04-x86_64
[+]  lwn6ryu          ^zlib@1.2.13%oneapi@2023.0.0+optimize+pic+shared build_system=makefile arch=linux-ubuntu20.04-x86_64
[+]  jxbwijd          ^zstd@1.5.2%oneapi@2023.0.0~programs build_system=makefile libs=shared,static arch=linux-ubuntu20.04-x86_64
[+]  vd3mb52      ^netcdf-fortran@4.6.0%oneapi@2023.0.0~doc+pic+shared build_system=autotools arch=linux-ubuntu20.04-x86_64

==> Concretized gftl-shared@1.5.0
 -   bvijhei  gftl-shared@1.5.0%oneapi@2023.0.0~ipo build_system=cmake build_type=Release arch=linux-ubuntu20.04-x86_64
[+]  hlmiiuc      ^cmake@3.25.1%oneapi@2023.0.0~doc+ncurses+ownlibs~qt build_system=generic build_type=Release arch=linux-ubuntu20.04-x86_64
[+]  eqrdohf          ^ncurses@6.3%oneapi@2023.0.0~symlinks+termlib abi=none build_system=autotools arch=linux-ubuntu20.04-x86_64
[+]  y7skjlq              ^pkgconf@1.8.0%oneapi@2023.0.0 build_system=autotools arch=linux-ubuntu20.04-x86_64
[+]  nnrbq5c          ^openssl@1.1.1s%oneapi@2023.0.0~docs~shared build_system=generic certs=mozilla arch=linux-ubuntu20.04-x86_64
[+]  psly5rt              ^ca-certificates-mozilla@2022-10-11%oneapi@2023.0.0 build_system=generic arch=linux-ubuntu20.04-x86_64
[+]  6vijuny              ^perl@5.36.0%oneapi@2023.0.0+cpanm+shared+threads build_system=generic arch=linux-ubuntu20.04-x86_64
[+]  qgys5kc                  ^berkeley-db@18.1.40%oneapi@2023.0.0+cxx~docs+stl build_system=autotools patches=26090f4,b231fcc arch=linux-ubuntu20.04-x86_64
[+]  5ynu7nl                  ^bzip2@1.0.8%oneapi@2023.0.0~debug~pic+shared build_system=generic arch=linux-ubuntu20.04-x86_64
[+]  lmrydsn                  ^gdbm@1.23%oneapi@2023.0.0 build_system=autotools arch=linux-ubuntu20.04-x86_64
[+]  vbuvtn5                      ^readline@8.2%oneapi@2023.0.0 build_system=autotools patches=bbf97f1 arch=linux-ubuntu20.04-x86_64
[+]  lwn6ryu              ^zlib@1.2.13%oneapi@2023.0.0+optimize+pic+shared build_system=makefile arch=linux-ubuntu20.04-x86_64
[+]  4tpk2eg      ^gftl@1.8.1%oneapi@2023.0.0~ipo build_system=cmake build_type=Release arch=linux-ubuntu20.04-x86_64
[+]  p3otmji      ^m4@1.4.19%gcc@11.1.0+sigsegv build_system=autotools patches=9dc5fbd,bfdffa7 arch=linux-ubuntu20.04-x86_64
[+]  3zsaf4w          ^diffutils@3.8%oneapi@2023.0.0 build_system=autotools arch=linux-ubuntu20.04-x86_64
[+]  lqnl4fj              ^libiconv@1.16%oneapi@2023.0.0 build_system=autotools libs=shared,static arch=linux-ubuntu20.04-x86_64
[+]  72k3wti          ^libsigsegv@2.13%oneapi@2023.0.0 build_system=autotools arch=linux-ubuntu20.04-x86_64

==> Concretized hdf@4.2.15
 -   xhtllse  hdf@4.2.15%oneapi@2023.0.0+external-xdr~fortran~java~netcdf+pic~shared~szip build_system=autotools patches=49733dd,5434f29,ce75518,d54592d,f7d67e8 arch=linux-ubuntu20.04-x86_64
[+]  xca2sot      ^bison@3.8.2%oneapi@2023.0.0 build_system=autotools arch=linux-ubuntu20.04-x86_64
[+]  3zsaf4w          ^diffutils@3.8%oneapi@2023.0.0 build_system=autotools arch=linux-ubuntu20.04-x86_64
[+]  lqnl4fj              ^libiconv@1.16%oneapi@2023.0.0 build_system=autotools libs=shared,static arch=linux-ubuntu20.04-x86_64
[+]  p3otmji          ^m4@1.4.19%gcc@11.1.0+sigsegv build_system=autotools patches=9dc5fbd,bfdffa7 arch=linux-ubuntu20.04-x86_64
[+]  72k3wti              ^libsigsegv@2.13%oneapi@2023.0.0 build_system=autotools arch=linux-ubuntu20.04-x86_64
[+]  6vijuny          ^perl@5.36.0%oneapi@2023.0.0+cpanm+shared+threads build_system=generic arch=linux-ubuntu20.04-x86_64
[+]  qgys5kc              ^berkeley-db@18.1.40%oneapi@2023.0.0+cxx~docs+stl build_system=autotools patches=26090f4,b231fcc arch=linux-ubuntu20.04-x86_64
[+]  5ynu7nl              ^bzip2@1.0.8%oneapi@2023.0.0~debug~pic+shared build_system=generic arch=linux-ubuntu20.04-x86_64
[+]  lmrydsn              ^gdbm@1.23%oneapi@2023.0.0 build_system=autotools arch=linux-ubuntu20.04-x86_64
[+]  vbuvtn5                  ^readline@8.2%oneapi@2023.0.0 build_system=autotools patches=bbf97f1 arch=linux-ubuntu20.04-x86_64
[+]  xhjzoeg      ^flex@2.6.3%oneapi@2023.0.0+lex~nls build_system=autotools arch=linux-ubuntu20.04-x86_64
[+]  kvidjln          ^findutils@4.9.0%oneapi@2023.0.0 build_system=autotools patches=440b954 arch=linux-ubuntu20.04-x86_64
[+]  dg2uruu      ^libjpeg-turbo@2.1.4%oneapi@2023.0.0~ipo~jpeg8+shared+static build_system=cmake build_type=RelWithDebInfo arch=linux-ubuntu20.04-x86_64
[+]  hlmiiuc          ^cmake@3.25.1%oneapi@2023.0.0~doc+ncurses+ownlibs~qt build_system=generic build_type=Release arch=linux-ubuntu20.04-x86_64
[+]  eqrdohf              ^ncurses@6.3%oneapi@2023.0.0~symlinks+termlib abi=none build_system=autotools arch=linux-ubuntu20.04-x86_64
[+]  y7skjlq                  ^pkgconf@1.8.0%oneapi@2023.0.0 build_system=autotools arch=linux-ubuntu20.04-x86_64
[+]  nnrbq5c              ^openssl@1.1.1s%oneapi@2023.0.0~docs~shared build_system=generic certs=mozilla arch=linux-ubuntu20.04-x86_64
[+]  psly5rt                  ^ca-certificates-mozilla@2022-10-11%oneapi@2023.0.0 build_system=generic arch=linux-ubuntu20.04-x86_64
[+]  z52uo7r          ^nasm@2.15.05%oneapi@2023.0.0 build_system=autotools arch=linux-ubuntu20.04-x86_64
 -   jktyd7e      ^libtirpc@1.2.6%oneapi@2023.0.0 build_system=autotools arch=linux-ubuntu20.04-x86_64
 -   i7uu3mm          ^krb5@1.20.1%gcc@11.1.0+shared build_system=autotools arch=linux-ubuntu20.04-x86_64
[+]  h4glb5u              ^gettext@0.21.1%oneapi@2023.0.0+bzip2+curses+git~libunistring+libxml2+tar+xz build_system=autotools arch=linux-ubuntu20.04-x86_64
[+]  vkxdkfa                  ^libxml2@2.10.3%oneapi@2023.0.0~python build_system=autotools arch=linux-ubuntu20.04-x86_64
[+]  atcgbbp                  ^tar@1.34%oneapi@2023.0.0 build_system=autotools zip=pigz arch=linux-ubuntu20.04-x86_64
[+]  yfxsdlo                      ^pigz@2.7%oneapi@2023.0.0 build_system=makefile arch=linux-ubuntu20.04-x86_64
[+]  y6aldie                      ^zstd@1.5.2%oneapi@2023.0.0+programs build_system=makefile compression=none libs=shared,static arch=linux-ubuntu20.04-x86_64
[+]  oyuyhoj                  ^xz@5.2.7%oneapi@2023.0.0~pic build_system=autotools libs=shared,static arch=linux-ubuntu20.04-x86_64
[+]  lwn6ryu      ^zlib@1.2.13%oneapi@2023.0.0+optimize+pic+shared build_system=makefile arch=linux-ubuntu20.04-x86_64

==> Concretized odc@1.4.5
 -   cafx5cn  odc@1.4.5%oneapi@2023.0.0~fortran~ipo build_system=cmake build_type=RelWithDebInfo arch=linux-ubuntu20.04-x86_64
[+]  hlmiiuc      ^cmake@3.25.1%oneapi@2023.0.0~doc+ncurses+ownlibs~qt build_system=generic build_type=Release arch=linux-ubuntu20.04-x86_64
[+]  eqrdohf          ^ncurses@6.3%oneapi@2023.0.0~symlinks+termlib abi=none build_system=autotools arch=linux-ubuntu20.04-x86_64
[+]  y7skjlq              ^pkgconf@1.8.0%oneapi@2023.0.0 build_system=autotools arch=linux-ubuntu20.04-x86_64
[+]  nnrbq5c          ^openssl@1.1.1s%oneapi@2023.0.0~docs~shared build_system=generic certs=mozilla arch=linux-ubuntu20.04-x86_64
[+]  psly5rt              ^ca-certificates-mozilla@2022-10-11%oneapi@2023.0.0 build_system=generic arch=linux-ubuntu20.04-x86_64
[+]  lwn6ryu              ^zlib@1.2.13%oneapi@2023.0.0+optimize+pic+shared build_system=makefile arch=linux-ubuntu20.04-x86_64
[+]  fylsrn5      ^ecbuild@3.6.5%oneapi@2023.0.0~ipo build_system=cmake build_type=RelWithDebInfo arch=linux-ubuntu20.04-x86_64
[+]  6vijuny          ^perl@5.36.0%oneapi@2023.0.0+cpanm+shared+threads build_system=generic arch=linux-ubuntu20.04-x86_64
[+]  qgys5kc              ^berkeley-db@18.1.40%oneapi@2023.0.0+cxx~docs+stl build_system=autotools patches=26090f4,b231fcc arch=linux-ubuntu20.04-x86_64
[+]  5ynu7nl              ^bzip2@1.0.8%oneapi@2023.0.0~debug~pic+shared build_system=generic arch=linux-ubuntu20.04-x86_64
[+]  lmrydsn              ^gdbm@1.23%oneapi@2023.0.0 build_system=autotools arch=linux-ubuntu20.04-x86_64
[+]  vbuvtn5                  ^readline@8.2%oneapi@2023.0.0 build_system=autotools patches=bbf97f1 arch=linux-ubuntu20.04-x86_64
 -   grju6ri      ^eckit@1.20.2%oneapi@2023.0.0+admin+aio~curl~ipo~jemalloc+mpi+sql~ssl+tools+unicode+xxhash build_system=cmake build_type=RelWithDebInfo compression=none linalg=none arch=linux-ubuntu20.04-x86_64
[+]  xca2sot          ^bison@3.8.2%oneapi@2023.0.0 build_system=autotools arch=linux-ubuntu20.04-x86_64
[+]  3zsaf4w              ^diffutils@3.8%oneapi@2023.0.0 build_system=autotools arch=linux-ubuntu20.04-x86_64
[+]  lqnl4fj                  ^libiconv@1.16%oneapi@2023.0.0 build_system=autotools libs=shared,static arch=linux-ubuntu20.04-x86_64
[+]  p3otmji              ^m4@1.4.19%gcc@11.1.0+sigsegv build_system=autotools patches=9dc5fbd,bfdffa7 arch=linux-ubuntu20.04-x86_64
[+]  72k3wti                  ^libsigsegv@2.13%oneapi@2023.0.0 build_system=autotools arch=linux-ubuntu20.04-x86_64
[+]  xhjzoeg          ^flex@2.6.3%oneapi@2023.0.0+lex~nls build_system=autotools arch=linux-ubuntu20.04-x86_64
[+]  kvidjln              ^findutils@4.9.0%oneapi@2023.0.0 build_system=autotools patches=440b954 arch=linux-ubuntu20.04-x86_64
[+]  zf4wjjd          ^intel-oneapi-mpi@2021.8.0%oneapi@2023.0.0+envmods~external-libfabric~generic-names~ilp64 build_system=generic arch=linux-ubuntu20.04-x86_64

==> Concretized py-pandas@1.4.0
 -   u357ow5  py-pandas@1.4.0%oneapi@2023.0.0 build_system=python_pip arch=linux-ubuntu20.04-x86_64
[+]  ix7jn4h      ^py-bottleneck@1.3.5%oneapi@2023.0.0 build_system=python_pip arch=linux-ubuntu20.04-x86_64
[+]  xexsc3v          ^py-versioneer@0.26%oneapi@2023.0.0 build_system=python_pip arch=linux-ubuntu20.04-x86_64
[+]  mqyrjoj      ^py-cython@0.29.32%oneapi@2023.0.0 build_system=python_pip arch=linux-ubuntu20.04-x86_64
[+]  vzxniw4      ^py-numexpr@2.8.3%oneapi@2023.0.0 build_system=python_pip arch=linux-ubuntu20.04-x86_64
[+]  6r4fbvq          ^py-packaging@21.3%oneapi@2023.0.0 build_system=python_pip arch=linux-ubuntu20.04-x86_64
[+]  m4ut23r              ^py-pyparsing@3.0.9%oneapi@2023.0.0 build_system=python_pip arch=linux-ubuntu20.04-x86_64
[+]  62tbfqx                  ^py-flit-core@3.7.1%oneapi@2023.0.0 build_system=python_pip arch=linux-ubuntu20.04-x86_64
[+]  vc4f4et      ^py-numpy@1.22.4%oneapi@2023.0.0+blas+lapack build_system=python_pip patches=873745d arch=linux-ubuntu20.04-x86_64
[+]  6za527o          ^openblas@0.3.21%oneapi@2023.0.0~bignuma~consistent_fpcsr+fortran~ilp64+locking+pic+shared build_system=makefile patches=d3d9b15 symbol_suffix=none threads=none arch=linux-ubuntu20.04-x86_64
[+]  6vijuny              ^perl@5.36.0%oneapi@2023.0.0+cpanm+shared+threads build_system=generic arch=linux-ubuntu20.04-x86_64
[+]  qgys5kc                  ^berkeley-db@18.1.40%oneapi@2023.0.0+cxx~docs+stl build_system=autotools patches=26090f4,b231fcc arch=linux-ubuntu20.04-x86_64
[+]  6xk3vae      ^py-pip@22.2.2%oneapi@2023.0.0 build_system=generic arch=linux-ubuntu20.04-x86_64
 -   7gjj3os      ^py-python-dateutil@2.8.2%oneapi@2023.0.0 build_system=python_pip arch=linux-ubuntu20.04-x86_64
 -   43dym4g          ^py-setuptools-scm@7.0.5%oneapi@2023.0.0+toml build_system=python_pip arch=linux-ubuntu20.04-x86_64
[+]  3zaogg6              ^py-tomli@2.0.1%oneapi@2023.0.0 build_system=python_pip arch=linux-ubuntu20.04-x86_64
[+]  lwwn4cr              ^py-typing-extensions@4.3.0%oneapi@2023.0.0 build_system=python_pip arch=linux-ubuntu20.04-x86_64
[+]  w7uasqt          ^py-six@1.16.0%oneapi@2023.0.0 build_system=python_pip arch=linux-ubuntu20.04-x86_64
[+]  z7hfvjh      ^py-pytz@2022.2.1%oneapi@2023.0.0 build_system=python_pip arch=linux-ubuntu20.04-x86_64
[+]  22au5nn      ^py-setuptools@63.0.0%oneapi@2023.0.0 build_system=generic arch=linux-ubuntu20.04-x86_64
[+]  mlb7gab      ^py-wheel@0.37.1%oneapi@2023.0.0 build_system=generic arch=linux-ubuntu20.04-x86_64
[+]  xjl5thp      ^python@3.10.8%oneapi@2023.0.0+bz2+crypt+ctypes+dbm~debug+libxml2+lzma~nis~optimizations+pic+pyexpat+pythoncmd+readline+shared+sqlite3+ssl~tkinter+uuid+zlib build_system=generic patches=0d98e93,7d40923,f2fd060 arch=linux-ubuntu20.04-x86_64
[+]  5ynu7nl          ^bzip2@1.0.8%oneapi@2023.0.0~debug~pic+shared build_system=generic arch=linux-ubuntu20.04-x86_64
[+]  3zsaf4w              ^diffutils@3.8%oneapi@2023.0.0 build_system=autotools arch=linux-ubuntu20.04-x86_64
[+]  xl6pnud          ^expat@2.5.0%oneapi@2023.0.0+libbsd build_system=autotools arch=linux-ubuntu20.04-x86_64
[+]  bxop23q              ^libbsd@0.11.5%oneapi@2023.0.0 build_system=autotools arch=linux-ubuntu20.04-x86_64
[+]  4eg4w4y                  ^libmd@1.0.4%oneapi@2023.0.0 build_system=autotools arch=linux-ubuntu20.04-x86_64
[+]  lmrydsn          ^gdbm@1.23%oneapi@2023.0.0 build_system=autotools arch=linux-ubuntu20.04-x86_64
[+]  h4glb5u          ^gettext@0.21.1%oneapi@2023.0.0+bzip2+curses+git~libunistring+libxml2+tar+xz build_system=autotools arch=linux-ubuntu20.04-x86_64
[+]  lqnl4fj              ^libiconv@1.16%oneapi@2023.0.0 build_system=autotools libs=shared,static arch=linux-ubuntu20.04-x86_64
[+]  vkxdkfa              ^libxml2@2.10.3%oneapi@2023.0.0~python build_system=autotools arch=linux-ubuntu20.04-x86_64
[+]  atcgbbp              ^tar@1.34%oneapi@2023.0.0 build_system=autotools zip=pigz arch=linux-ubuntu20.04-x86_64
[+]  yfxsdlo                  ^pigz@2.7%oneapi@2023.0.0 build_system=makefile arch=linux-ubuntu20.04-x86_64
[+]  y6aldie                  ^zstd@1.5.2%oneapi@2023.0.0+programs build_system=makefile compression=none libs=shared,static arch=linux-ubuntu20.04-x86_64
[+]  dsvval4          ^libffi@3.4.2%oneapi@2023.0.0 build_system=autotools arch=linux-ubuntu20.04-x86_64
[+]  kpj6xba          ^libxcrypt@4.4.33%oneapi@2023.0.0~obsolete_api build_system=autotools arch=linux-ubuntu20.04-x86_64
[+]  eqrdohf          ^ncurses@6.3%oneapi@2023.0.0~symlinks+termlib abi=none build_system=autotools arch=linux-ubuntu20.04-x86_64
[+]  nnrbq5c          ^openssl@1.1.1s%oneapi@2023.0.0~docs~shared build_system=generic certs=mozilla arch=linux-ubuntu20.04-x86_64
[+]  psly5rt              ^ca-certificates-mozilla@2022-10-11%oneapi@2023.0.0 build_system=generic arch=linux-ubuntu20.04-x86_64
[+]  y7skjlq          ^pkgconf@1.8.0%oneapi@2023.0.0 build_system=autotools arch=linux-ubuntu20.04-x86_64
[+]  vbuvtn5          ^readline@8.2%oneapi@2023.0.0 build_system=autotools patches=bbf97f1 arch=linux-ubuntu20.04-x86_64
[+]  p4u5dij          ^sqlite@3.40.0%oneapi@2023.0.0+column_metadata+dynamic_extensions+fts~functions+rtree build_system=autotools arch=linux-ubuntu20.04-x86_64
[+]  y34yiwb          ^util-linux-uuid@2.38.1%oneapi@2023.0.0 build_system=autotools arch=linux-ubuntu20.04-x86_64
[+]  oyuyhoj          ^xz@5.2.7%oneapi@2023.0.0~pic build_system=autotools libs=shared,static arch=linux-ubuntu20.04-x86_64
[+]  lwn6ryu          ^zlib@1.2.13%oneapi@2023.0.0+optimize+pic+shared build_system=makefile arch=linux-ubuntu20.04-x86_64

==> Concretized py-scipy@1.8.0
 -   ow3s2o6  py-scipy@1.8.0%oneapi@2023.0.0 build_system=python_pip arch=linux-ubuntu20.04-x86_64
[+]  6za527o      ^openblas@0.3.21%oneapi@2023.0.0~bignuma~consistent_fpcsr+fortran~ilp64+locking+pic+shared build_system=makefile patches=d3d9b15 symbol_suffix=none threads=none arch=linux-ubuntu20.04-x86_64
[+]  6vijuny          ^perl@5.36.0%oneapi@2023.0.0+cpanm+shared+threads build_system=generic arch=linux-ubuntu20.04-x86_64
[+]  qgys5kc              ^berkeley-db@18.1.40%oneapi@2023.0.0+cxx~docs+stl build_system=autotools patches=26090f4,b231fcc arch=linux-ubuntu20.04-x86_64
[+]  pjsznba      ^py-cython@0.29.32%oneapi@2023.0.0 build_system=python_pip arch=linux-ubuntu20.04-x86_64
[+]  mbpewqo      ^py-numpy@1.22.4%oneapi@2023.0.0+blas+lapack build_system=python_pip patches=873745d arch=linux-ubuntu20.04-x86_64
[+]  6xk3vae      ^py-pip@22.2.2%oneapi@2023.0.0 build_system=generic arch=linux-ubuntu20.04-x86_64
[+]  mjkftw4      ^py-pybind11@2.8.1%oneapi@2023.0.0~ipo build_system=cmake build_type=RelWithDebInfo arch=linux-ubuntu20.04-x86_64
[+]  hlmiiuc          ^cmake@3.25.1%oneapi@2023.0.0~doc+ncurses+ownlibs~qt build_system=generic build_type=Release arch=linux-ubuntu20.04-x86_64
[+]  eedokzi          ^ninja@1.11.1%oneapi@2023.0.0 build_system=generic arch=linux-ubuntu20.04-x86_64
[+]  pxuwke7              ^re2c@2.2%oneapi@2023.0.0 build_system=generic arch=linux-ubuntu20.04-x86_64
[+]  2gyzeni      ^py-pythran@0.10.0%oneapi@2023.0.0 build_system=python_pip arch=linux-ubuntu20.04-x86_64
[+]  n4qb6hy          ^py-beniget@0.4.1%oneapi@2023.0.0 build_system=python_pip arch=linux-ubuntu20.04-x86_64
[+]  2ukquom          ^py-gast@0.5.3%oneapi@2023.0.0 build_system=python_pip arch=linux-ubuntu20.04-x86_64
[+]  2u6zgsw          ^py-ply@3.11%oneapi@2023.0.0 build_system=python_pip arch=linux-ubuntu20.04-x86_64
[+]  nb6rsed      ^py-setuptools@59.4.0%oneapi@2023.0.0 build_system=generic arch=linux-ubuntu20.04-x86_64
[+]  mlb7gab      ^py-wheel@0.37.1%oneapi@2023.0.0 build_system=generic arch=linux-ubuntu20.04-x86_64
[+]  xjl5thp      ^python@3.10.8%oneapi@2023.0.0+bz2+crypt+ctypes+dbm~debug+libxml2+lzma~nis~optimizations+pic+pyexpat+pythoncmd+readline+shared+sqlite3+ssl~tkinter+uuid+zlib build_system=generic patches=0d98e93,7d40923,f2fd060 arch=linux-ubuntu20.04-x86_64
[+]  5ynu7nl          ^bzip2@1.0.8%oneapi@2023.0.0~debug~pic+shared build_system=generic arch=linux-ubuntu20.04-x86_64
[+]  3zsaf4w              ^diffutils@3.8%oneapi@2023.0.0 build_system=autotools arch=linux-ubuntu20.04-x86_64
[+]  xl6pnud          ^expat@2.5.0%oneapi@2023.0.0+libbsd build_system=autotools arch=linux-ubuntu20.04-x86_64
[+]  bxop23q              ^libbsd@0.11.5%oneapi@2023.0.0 build_system=autotools arch=linux-ubuntu20.04-x86_64
[+]  4eg4w4y                  ^libmd@1.0.4%oneapi@2023.0.0 build_system=autotools arch=linux-ubuntu20.04-x86_64
[+]  lmrydsn          ^gdbm@1.23%oneapi@2023.0.0 build_system=autotools arch=linux-ubuntu20.04-x86_64
[+]  h4glb5u          ^gettext@0.21.1%oneapi@2023.0.0+bzip2+curses+git~libunistring+libxml2+tar+xz build_system=autotools arch=linux-ubuntu20.04-x86_64
[+]  lqnl4fj              ^libiconv@1.16%oneapi@2023.0.0 build_system=autotools libs=shared,static arch=linux-ubuntu20.04-x86_64
[+]  vkxdkfa              ^libxml2@2.10.3%oneapi@2023.0.0~python build_system=autotools arch=linux-ubuntu20.04-x86_64
[+]  atcgbbp              ^tar@1.34%oneapi@2023.0.0 build_system=autotools zip=pigz arch=linux-ubuntu20.04-x86_64
[+]  yfxsdlo                  ^pigz@2.7%oneapi@2023.0.0 build_system=makefile arch=linux-ubuntu20.04-x86_64
[+]  y6aldie                  ^zstd@1.5.2%oneapi@2023.0.0+programs build_system=makefile compression=none libs=shared,static arch=linux-ubuntu20.04-x86_64
[+]  dsvval4          ^libffi@3.4.2%oneapi@2023.0.0 build_system=autotools arch=linux-ubuntu20.04-x86_64
[+]  kpj6xba          ^libxcrypt@4.4.33%oneapi@2023.0.0~obsolete_api build_system=autotools arch=linux-ubuntu20.04-x86_64
[+]  eqrdohf          ^ncurses@6.3%oneapi@2023.0.0~symlinks+termlib abi=none build_system=autotools arch=linux-ubuntu20.04-x86_64
[+]  nnrbq5c          ^openssl@1.1.1s%oneapi@2023.0.0~docs~shared build_system=generic certs=mozilla arch=linux-ubuntu20.04-x86_64
[+]  psly5rt              ^ca-certificates-mozilla@2022-10-11%oneapi@2023.0.0 build_system=generic arch=linux-ubuntu20.04-x86_64
[+]  y7skjlq          ^pkgconf@1.8.0%oneapi@2023.0.0 build_system=autotools arch=linux-ubuntu20.04-x86_64
[+]  vbuvtn5          ^readline@8.2%oneapi@2023.0.0 build_system=autotools patches=bbf97f1 arch=linux-ubuntu20.04-x86_64
[+]  p4u5dij          ^sqlite@3.40.0%oneapi@2023.0.0+column_metadata+dynamic_extensions+fts~functions+rtree build_system=autotools arch=linux-ubuntu20.04-x86_64
[+]  y34yiwb          ^util-linux-uuid@2.38.1%oneapi@2023.0.0 build_system=autotools arch=linux-ubuntu20.04-x86_64
[+]  oyuyhoj          ^xz@5.2.7%oneapi@2023.0.0~pic build_system=autotools libs=shared,static arch=linux-ubuntu20.04-x86_64
[+]  lwn6ryu          ^zlib@1.2.13%oneapi@2023.0.0+optimize+pic+shared build_system=makefile arch=linux-ubuntu20.04-x86_64

==> Concretized w3nco@2.4.1
 -   2l5dq4o  w3nco@2.4.1%oneapi@2023.0.0~ipo build_system=cmake build_type=RelWithDebInfo arch=linux-ubuntu20.04-x86_64
[+]  hlmiiuc      ^cmake@3.25.1%oneapi@2023.0.0~doc+ncurses+ownlibs~qt build_system=generic build_type=Release arch=linux-ubuntu20.04-x86_64
[+]  eqrdohf          ^ncurses@6.3%oneapi@2023.0.0~symlinks+termlib abi=none build_system=autotools arch=linux-ubuntu20.04-x86_64
[+]  y7skjlq              ^pkgconf@1.8.0%oneapi@2023.0.0 build_system=autotools arch=linux-ubuntu20.04-x86_64
[+]  nnrbq5c          ^openssl@1.1.1s%oneapi@2023.0.0~docs~shared build_system=generic certs=mozilla arch=linux-ubuntu20.04-x86_64
[+]  psly5rt              ^ca-certificates-mozilla@2022-10-11%oneapi@2023.0.0 build_system=generic arch=linux-ubuntu20.04-x86_64
[+]  6vijuny              ^perl@5.36.0%oneapi@2023.0.0+cpanm+shared+threads build_system=generic arch=linux-ubuntu20.04-x86_64
[+]  qgys5kc                  ^berkeley-db@18.1.40%oneapi@2023.0.0+cxx~docs+stl build_system=autotools patches=26090f4,b231fcc arch=linux-ubuntu20.04-x86_64
[+]  5ynu7nl                  ^bzip2@1.0.8%oneapi@2023.0.0~debug~pic+shared build_system=generic arch=linux-ubuntu20.04-x86_64
[+]  3zsaf4w                      ^diffutils@3.8%oneapi@2023.0.0 build_system=autotools arch=linux-ubuntu20.04-x86_64
[+]  lqnl4fj                          ^libiconv@1.16%oneapi@2023.0.0 build_system=autotools libs=shared,static arch=linux-ubuntu20.04-x86_64
[+]  lmrydsn                  ^gdbm@1.23%oneapi@2023.0.0 build_system=autotools arch=linux-ubuntu20.04-x86_64
[+]  vbuvtn5                      ^readline@8.2%oneapi@2023.0.0 build_system=autotools patches=bbf97f1 arch=linux-ubuntu20.04-x86_64
[+]  lwn6ryu              ^zlib@1.2.13%oneapi@2023.0.0+optimize+pic+shared build_system=makefile arch=linux-ubuntu20.04-x86_64

