==> Starting concretization pool with 4 processes
==> Environment concretized in 14.41 seconds.
==> Concretized bufr@11.7.0
 -   4hhopfb  bufr@11.7.0%gcc@11.1.0~ipo build_system=cmake build_type=RelWithDebInfo arch=linux-ubuntu20.04-x86_64
[+]  brghmpd      ^cmake@3.25.1%gcc@11.1.0~doc+ncurses+ownlibs~qt build_system=generic build_type=Release arch=linux-ubuntu20.04-x86_64
[+]  uvosrzt          ^ncurses@6.4%gcc@11.1.0~symlinks+termlib abi=none build_system=autotools arch=linux-ubuntu20.04-x86_64
[+]  uorrjkf              ^pkgconf@1.8.0%gcc@11.1.0 build_system=autotools arch=linux-ubuntu20.04-x86_64
[+]  53uimxu          ^openssl@1.1.1s%gcc@11.1.0~docs~shared build_system=generic certs=mozilla arch=linux-ubuntu20.04-x86_64
[+]  w233qs7              ^ca-certificates-mozilla@2023-01-10%gcc@11.1.0 build_system=generic arch=linux-ubuntu20.04-x86_64
[+]  vjctwmd              ^perl@5.36.0%gcc@11.1.0+cpanm+open+shared+threads build_system=generic arch=linux-ubuntu20.04-x86_64
[+]  alkzfee                  ^berkeley-db@18.1.40%gcc@11.1.0+cxx~docs+stl build_system=autotools patches=26090f4,b231fcc arch=linux-ubuntu20.04-x86_64
[+]  4w6pcqh                  ^bzip2@1.0.8%gcc@11.1.0~debug~pic+shared build_system=generic arch=linux-ubuntu20.04-x86_64
[+]  zbe45vu                      ^diffutils@3.8%gcc@11.1.0 build_system=autotools arch=linux-ubuntu20.04-x86_64
[+]  5f66p4a                          ^libiconv@1.17%gcc@11.1.0 build_system=autotools libs=shared,static arch=linux-ubuntu20.04-x86_64
[+]  qdviltn                  ^gdbm@1.23%gcc@11.1.0 build_system=autotools arch=linux-ubuntu20.04-x86_64
[+]  vxrl4pn                      ^readline@8.2%gcc@11.1.0 build_system=autotools patches=bbf97f1 arch=linux-ubuntu20.04-x86_64
[+]  55gmmg7              ^zlib@1.2.13%gcc@11.1.0+optimize+pic+shared build_system=makefile arch=linux-ubuntu20.04-x86_64

==> Concretized fms@2019.01.03
 -   g3xubts  fms@2019.01.03%gcc@11.1.0+gfs_phys~ipo+openmp+quad_precision build_system=cmake build_type=RelWithDebInfo precision=32 arch=linux-ubuntu20.04-x86_64
[+]  brghmpd      ^cmake@3.25.1%gcc@11.1.0~doc+ncurses+ownlibs~qt build_system=generic build_type=Release arch=linux-ubuntu20.04-x86_64
[+]  uvosrzt          ^ncurses@6.4%gcc@11.1.0~symlinks+termlib abi=none build_system=autotools arch=linux-ubuntu20.04-x86_64
[+]  53uimxu          ^openssl@1.1.1s%gcc@11.1.0~docs~shared build_system=generic certs=mozilla arch=linux-ubuntu20.04-x86_64
[+]  w233qs7              ^ca-certificates-mozilla@2023-01-10%gcc@11.1.0 build_system=generic arch=linux-ubuntu20.04-x86_64
[+]  vjctwmd              ^perl@5.36.0%gcc@11.1.0+cpanm+open+shared+threads build_system=generic arch=linux-ubuntu20.04-x86_64
[+]  alkzfee                  ^berkeley-db@18.1.40%gcc@11.1.0+cxx~docs+stl build_system=autotools patches=26090f4,b231fcc arch=linux-ubuntu20.04-x86_64
[+]  4w6pcqh                  ^bzip2@1.0.8%gcc@11.1.0~debug~pic+shared build_system=generic arch=linux-ubuntu20.04-x86_64
[+]  qdviltn                  ^gdbm@1.23%gcc@11.1.0 build_system=autotools arch=linux-ubuntu20.04-x86_64
[+]  n4lv2u3      ^mpich@4.0.2%gcc@11.1.0~argobots~cuda+fortran+hwloc+hydra+libxml2+pci~rocm+romio~slurm~two_level_namespace~vci~verbs~wrapperrpath build_system=autotools datatype-engine=auto device=ch4 netmod=ofi patches=d4c0e99 pmi=pmi arch=linux-ubuntu20.04-x86_64
[+]  bqre6so          ^findutils@4.9.0%gcc@11.1.0 build_system=autotools patches=440b954 arch=linux-ubuntu20.04-x86_64
[+]  5hzfle3          ^hwloc@2.9.0%gcc@11.1.0~cairo~cuda~gl~libudev+libxml2~netloc~nvml~oneapi-level-zero~opencl+pci~rocm build_system=autotools libs=shared,static arch=linux-ubuntu20.04-x86_64
[+]  qppnie2          ^libfabric@1.16.1%gcc@11.1.0~debug~kdreg build_system=autotools fabrics=sockets,tcp,udp arch=linux-ubuntu20.04-x86_64
[+]  srwvvk5          ^libpciaccess@0.16%gcc@11.1.0 build_system=autotools arch=linux-ubuntu20.04-x86_64
[+]  bntep2v              ^libtool@2.4.7%gcc@11.1.0 build_system=autotools arch=linux-ubuntu20.04-x86_64
[+]  i5p6x5b              ^util-macros@1.19.3%gcc@11.1.0 build_system=autotools arch=linux-ubuntu20.04-x86_64
[+]  z7ski47          ^libxml2@2.10.3%gcc@11.1.0~python build_system=autotools arch=linux-ubuntu20.04-x86_64
[+]  5f66p4a              ^libiconv@1.17%gcc@11.1.0 build_system=autotools libs=shared,static arch=linux-ubuntu20.04-x86_64
[+]  g2fdtei              ^xz@5.2.7%gcc@11.1.0~pic build_system=autotools libs=shared,static arch=linux-ubuntu20.04-x86_64
[+]  uorrjkf          ^pkgconf@1.8.0%gcc@11.1.0 build_system=autotools arch=linux-ubuntu20.04-x86_64
[+]  alwwxwe          ^yaksa@0.2%gcc@11.1.0~cuda~rocm build_system=autotools arch=linux-ubuntu20.04-x86_64
[+]  rri3iyz              ^autoconf@2.69%gcc@11.1.0 build_system=autotools patches=35c4492,7793209,a49dd5b arch=linux-ubuntu20.04-x86_64
[+]  n7fisjn              ^automake@1.16.5%gcc@11.1.0 build_system=autotools arch=linux-ubuntu20.04-x86_64
[+]  e7lub3t              ^python@3.10.8%gcc@11.1.0+bz2+crypt+ctypes+dbm~debug+libxml2+lzma~nis~optimizations+pic+pyexpat+pythoncmd+readline+shared+sqlite3+ssl~tkinter+uuid+zlib build_system=generic patches=0d98e93,7d40923,f2fd060 arch=linux-ubuntu20.04-x86_64
[+]  4qorfjg                  ^expat@2.5.0%gcc@11.1.0+libbsd build_system=autotools arch=linux-ubuntu20.04-x86_64
[+]  bstssvl                      ^libbsd@0.11.7%gcc@11.1.0 build_system=autotools arch=linux-ubuntu20.04-x86_64
[+]  cb26zci                          ^libmd@1.0.4%gcc@11.1.0 build_system=autotools arch=linux-ubuntu20.04-x86_64
[+]  vyzlwpg                  ^gettext@0.21.1%gcc@11.1.0+bzip2+curses+git~libunistring+libxml2+tar+xz build_system=autotools arch=linux-ubuntu20.04-x86_64
[+]  n2vwyyh                      ^tar@1.34%gcc@11.1.0 build_system=autotools zip=pigz arch=linux-ubuntu20.04-x86_64
[+]  6fhsko7                          ^pigz@2.7%gcc@11.1.0 build_system=makefile arch=linux-ubuntu20.04-x86_64
[+]  mgim53z                  ^libffi@3.4.3%gcc@11.1.0 build_system=autotools arch=linux-ubuntu20.04-x86_64
[+]  jky7lis                  ^libxcrypt@4.4.33%gcc@11.1.0~obsolete_api build_system=autotools arch=linux-ubuntu20.04-x86_64
[+]  vxrl4pn                  ^readline@8.2%gcc@11.1.0 build_system=autotools patches=bbf97f1 arch=linux-ubuntu20.04-x86_64
[+]  nuy4oha                  ^sqlite@3.40.1%gcc@11.1.0+column_metadata+dynamic_extensions+fts~functions+rtree build_system=autotools arch=linux-ubuntu20.04-x86_64
[+]  i5b6dq6                  ^util-linux-uuid@2.38.1%gcc@11.1.0 build_system=autotools arch=linux-ubuntu20.04-x86_64
[+]  e6kr2zu      ^netcdf-c@4.9.0%gcc@11.1.0~dap~fsync~hdf4~jna+mpi+optimize~parallel-netcdf+pic+shared+zstd build_system=autotools arch=linux-ubuntu20.04-x86_64
[+]  mjjz3ep          ^hdf5@1.12.2%gcc@11.1.0~cxx~fortran+hl~ipo~java+mpi+shared~szip~threadsafe+tools api=default build_system=cmake build_type=RelWithDebInfo arch=linux-ubuntu20.04-x86_64
[+]  qdxsvxc          ^m4@1.4.19%gcc@11.1.0+sigsegv build_system=autotools patches=9dc5fbd,bfdffa7 arch=linux-ubuntu20.04-x86_64
[+]  zbe45vu              ^diffutils@3.8%gcc@11.1.0 build_system=autotools arch=linux-ubuntu20.04-x86_64
[+]  lypoofr              ^libsigsegv@2.13%gcc@11.1.0 build_system=autotools arch=linux-ubuntu20.04-x86_64
[+]  55gmmg7          ^zlib@1.2.13%gcc@11.1.0+optimize+pic+shared build_system=makefile arch=linux-ubuntu20.04-x86_64
[+]  nwwllvp          ^zstd@1.5.2%gcc@11.1.0+programs build_system=makefile compression=none libs=shared,static arch=linux-ubuntu20.04-x86_64
[+]  ccquhnd      ^netcdf-fortran@4.6.0%gcc@11.1.0~doc+pic+shared build_system=autotools arch=linux-ubuntu20.04-x86_64

==> Concretized parallelio@2.5.4
 -   e2glz3t  parallelio@2.5.4%gcc@11.1.0+fortran~ipo~logging+mpi~pnetcdf+shared~timing build_system=cmake build_type=RelWithDebInfo patches=55a6d7a,55d424e arch=linux-ubuntu20.04-x86_64
[+]  brghmpd      ^cmake@3.25.1%gcc@11.1.0~doc+ncurses+ownlibs~qt build_system=generic build_type=Release arch=linux-ubuntu20.04-x86_64
[+]  uvosrzt          ^ncurses@6.4%gcc@11.1.0~symlinks+termlib abi=none build_system=autotools arch=linux-ubuntu20.04-x86_64
[+]  53uimxu          ^openssl@1.1.1s%gcc@11.1.0~docs~shared build_system=generic certs=mozilla arch=linux-ubuntu20.04-x86_64
[+]  w233qs7              ^ca-certificates-mozilla@2023-01-10%gcc@11.1.0 build_system=generic arch=linux-ubuntu20.04-x86_64
[+]  vjctwmd              ^perl@5.36.0%gcc@11.1.0+cpanm+open+shared+threads build_system=generic arch=linux-ubuntu20.04-x86_64
[+]  alkzfee                  ^berkeley-db@18.1.40%gcc@11.1.0+cxx~docs+stl build_system=autotools patches=26090f4,b231fcc arch=linux-ubuntu20.04-x86_64
[+]  4w6pcqh                  ^bzip2@1.0.8%gcc@11.1.0~debug~pic+shared build_system=generic arch=linux-ubuntu20.04-x86_64
[+]  qdviltn                  ^gdbm@1.23%gcc@11.1.0 build_system=autotools arch=linux-ubuntu20.04-x86_64
[+]  n4lv2u3      ^mpich@4.0.2%gcc@11.1.0~argobots~cuda+fortran+hwloc+hydra+libxml2+pci~rocm+romio~slurm~two_level_namespace~vci~verbs~wrapperrpath build_system=autotools datatype-engine=auto device=ch4 netmod=ofi patches=d4c0e99 pmi=pmi arch=linux-ubuntu20.04-x86_64
[+]  bqre6so          ^findutils@4.9.0%gcc@11.1.0 build_system=autotools patches=440b954 arch=linux-ubuntu20.04-x86_64
[+]  5hzfle3          ^hwloc@2.9.0%gcc@11.1.0~cairo~cuda~gl~libudev+libxml2~netloc~nvml~oneapi-level-zero~opencl+pci~rocm build_system=autotools libs=shared,static arch=linux-ubuntu20.04-x86_64
[+]  qppnie2          ^libfabric@1.16.1%gcc@11.1.0~debug~kdreg build_system=autotools fabrics=sockets,tcp,udp arch=linux-ubuntu20.04-x86_64
[+]  srwvvk5          ^libpciaccess@0.16%gcc@11.1.0 build_system=autotools arch=linux-ubuntu20.04-x86_64
[+]  bntep2v              ^libtool@2.4.7%gcc@11.1.0 build_system=autotools arch=linux-ubuntu20.04-x86_64
[+]  i5p6x5b              ^util-macros@1.19.3%gcc@11.1.0 build_system=autotools arch=linux-ubuntu20.04-x86_64
[+]  z7ski47          ^libxml2@2.10.3%gcc@11.1.0~python build_system=autotools arch=linux-ubuntu20.04-x86_64
[+]  5f66p4a              ^libiconv@1.17%gcc@11.1.0 build_system=autotools libs=shared,static arch=linux-ubuntu20.04-x86_64
[+]  g2fdtei              ^xz@5.2.7%gcc@11.1.0~pic build_system=autotools libs=shared,static arch=linux-ubuntu20.04-x86_64
[+]  uorrjkf          ^pkgconf@1.8.0%gcc@11.1.0 build_system=autotools arch=linux-ubuntu20.04-x86_64
[+]  alwwxwe          ^yaksa@0.2%gcc@11.1.0~cuda~rocm build_system=autotools arch=linux-ubuntu20.04-x86_64
[+]  rri3iyz              ^autoconf@2.69%gcc@11.1.0 build_system=autotools patches=35c4492,7793209,a49dd5b arch=linux-ubuntu20.04-x86_64
[+]  n7fisjn              ^automake@1.16.5%gcc@11.1.0 build_system=autotools arch=linux-ubuntu20.04-x86_64
[+]  e7lub3t              ^python@3.10.8%gcc@11.1.0+bz2+crypt+ctypes+dbm~debug+libxml2+lzma~nis~optimizations+pic+pyexpat+pythoncmd+readline+shared+sqlite3+ssl~tkinter+uuid+zlib build_system=generic patches=0d98e93,7d40923,f2fd060 arch=linux-ubuntu20.04-x86_64
[+]  4qorfjg                  ^expat@2.5.0%gcc@11.1.0+libbsd build_system=autotools arch=linux-ubuntu20.04-x86_64
[+]  bstssvl                      ^libbsd@0.11.7%gcc@11.1.0 build_system=autotools arch=linux-ubuntu20.04-x86_64
[+]  cb26zci                          ^libmd@1.0.4%gcc@11.1.0 build_system=autotools arch=linux-ubuntu20.04-x86_64
[+]  vyzlwpg                  ^gettext@0.21.1%gcc@11.1.0+bzip2+curses+git~libunistring+libxml2+tar+xz build_system=autotools arch=linux-ubuntu20.04-x86_64
[+]  n2vwyyh                      ^tar@1.34%gcc@11.1.0 build_system=autotools zip=pigz arch=linux-ubuntu20.04-x86_64
[+]  6fhsko7                          ^pigz@2.7%gcc@11.1.0 build_system=makefile arch=linux-ubuntu20.04-x86_64
[+]  mgim53z                  ^libffi@3.4.3%gcc@11.1.0 build_system=autotools arch=linux-ubuntu20.04-x86_64
[+]  jky7lis                  ^libxcrypt@4.4.33%gcc@11.1.0~obsolete_api build_system=autotools arch=linux-ubuntu20.04-x86_64
[+]  vxrl4pn                  ^readline@8.2%gcc@11.1.0 build_system=autotools patches=bbf97f1 arch=linux-ubuntu20.04-x86_64
[+]  nuy4oha                  ^sqlite@3.40.1%gcc@11.1.0+column_metadata+dynamic_extensions+fts~functions+rtree build_system=autotools arch=linux-ubuntu20.04-x86_64
[+]  i5b6dq6                  ^util-linux-uuid@2.38.1%gcc@11.1.0 build_system=autotools arch=linux-ubuntu20.04-x86_64
[+]  e6kr2zu      ^netcdf-c@4.9.0%gcc@11.1.0~dap~fsync~hdf4~jna+mpi+optimize~parallel-netcdf+pic+shared+zstd build_system=autotools arch=linux-ubuntu20.04-x86_64
[+]  mjjz3ep          ^hdf5@1.12.2%gcc@11.1.0~cxx~fortran+hl~ipo~java+mpi+shared~szip~threadsafe+tools api=default build_system=cmake build_type=RelWithDebInfo arch=linux-ubuntu20.04-x86_64
[+]  qdxsvxc          ^m4@1.4.19%gcc@11.1.0+sigsegv build_system=autotools patches=9dc5fbd,bfdffa7 arch=linux-ubuntu20.04-x86_64
[+]  zbe45vu              ^diffutils@3.8%gcc@11.1.0 build_system=autotools arch=linux-ubuntu20.04-x86_64
[+]  lypoofr              ^libsigsegv@2.13%gcc@11.1.0 build_system=autotools arch=linux-ubuntu20.04-x86_64
[+]  55gmmg7          ^zlib@1.2.13%gcc@11.1.0+optimize+pic+shared build_system=makefile arch=linux-ubuntu20.04-x86_64
[+]  nwwllvp          ^zstd@1.5.2%gcc@11.1.0+programs build_system=makefile compression=none libs=shared,static arch=linux-ubuntu20.04-x86_64
[+]  ccquhnd      ^netcdf-fortran@4.6.0%gcc@11.1.0~doc+pic+shared build_system=autotools arch=linux-ubuntu20.04-x86_64

==> Concretized w3nco@2.4.1
 -   4xyfbyv  w3nco@2.4.1%gcc@11.1.0~ipo build_system=cmake build_type=RelWithDebInfo arch=linux-ubuntu20.04-x86_64
[+]  brghmpd      ^cmake@3.25.1%gcc@11.1.0~doc+ncurses+ownlibs~qt build_system=generic build_type=Release arch=linux-ubuntu20.04-x86_64
[+]  uvosrzt          ^ncurses@6.4%gcc@11.1.0~symlinks+termlib abi=none build_system=autotools arch=linux-ubuntu20.04-x86_64
[+]  uorrjkf              ^pkgconf@1.8.0%gcc@11.1.0 build_system=autotools arch=linux-ubuntu20.04-x86_64
[+]  53uimxu          ^openssl@1.1.1s%gcc@11.1.0~docs~shared build_system=generic certs=mozilla arch=linux-ubuntu20.04-x86_64
[+]  w233qs7              ^ca-certificates-mozilla@2023-01-10%gcc@11.1.0 build_system=generic arch=linux-ubuntu20.04-x86_64
[+]  vjctwmd              ^perl@5.36.0%gcc@11.1.0+cpanm+open+shared+threads build_system=generic arch=linux-ubuntu20.04-x86_64
[+]  alkzfee                  ^berkeley-db@18.1.40%gcc@11.1.0+cxx~docs+stl build_system=autotools patches=26090f4,b231fcc arch=linux-ubuntu20.04-x86_64
[+]  4w6pcqh                  ^bzip2@1.0.8%gcc@11.1.0~debug~pic+shared build_system=generic arch=linux-ubuntu20.04-x86_64
[+]  zbe45vu                      ^diffutils@3.8%gcc@11.1.0 build_system=autotools arch=linux-ubuntu20.04-x86_64
[+]  5f66p4a                          ^libiconv@1.17%gcc@11.1.0 build_system=autotools libs=shared,static arch=linux-ubuntu20.04-x86_64
[+]  qdviltn                  ^gdbm@1.23%gcc@11.1.0 build_system=autotools arch=linux-ubuntu20.04-x86_64
[+]  vxrl4pn                      ^readline@8.2%gcc@11.1.0 build_system=autotools patches=bbf97f1 arch=linux-ubuntu20.04-x86_64
[+]  55gmmg7              ^zlib@1.2.13%gcc@11.1.0+optimize+pic+shared build_system=makefile arch=linux-ubuntu20.04-x86_64

