==> Installing environment /
[+] /spack/opt/spack/[padded-to-256-chars]/linux-ubuntu20.04-x86_64/clang-15.0.6/pkgconf-1.8.0-xksz3xou3mbc3lpshgnvwhfnzb5hodmm
[+] /spack/opt/spack/[padded-to-256-chars]/linux-ubuntu20.04-x86_64/clang-15.0.6/ca-certificates-mozilla-2022-10-11-zbk2wl2ebtba6vl34i2bpodfnwy7iyzu
[+] /spack/opt/spack/[padded-to-256-chars]/linux-ubuntu20.04-x86_64/clang-15.0.6/berkeley-db-18.1.40-ezsvwnsjc3qmggylnbqvnivdeod6377w
[+] /spack/opt/spack/[padded-to-256-chars]/linux-ubuntu20.04-x86_64/clang-15.0.6/libiconv-1.16-hxkyau7zweprjwiklx77xy5uk4jgc3gh
[+] /spack/opt/spack/[padded-to-256-chars]/linux-ubuntu20.04-x86_64/clang-15.0.6/zlib-1.2.13-2ekbc22kudeq7t7yi23ynvq5qb62lyrt
[+] /spack/opt/spack/[padded-to-256-chars]/linux-ubuntu20.04-x86_64/clang-15.0.6/xz-5.2.7-qaeqhhnsciec4yu4n3d7oddsxbosp52k
[+] /spack/opt/spack/[padded-to-256-chars]/linux-ubuntu20.04-x86_64/clang-15.0.6/findutils-4.9.0-oqxf6rf6hwpbnputigwzyuygq6qsbptg
[+] /spack/opt/spack/[padded-to-256-chars]/linux-ubuntu20.04-x86_64/clang-15.0.6/libsigsegv-2.13-6icdiifz4li6n2rxwlbjrlvqbalgkdgb
[+] /spack/opt/spack/[padded-to-256-chars]/linux-ubuntu20.04-x86_64/clang-15.0.6/util-macros-1.19.3-66wvnolwjyjv3gxh6vtuybaqpcoydprh
[+] /spack/opt/spack/[padded-to-256-chars]/linux-ubuntu20.04-x86_64/clang-15.0.6/libfabric-1.16.1-pfo7welh32ltr6gmfvr3nsfbbuudefhm
[+] /spack/opt/spack/[padded-to-256-chars]/linux-ubuntu20.04-x86_64/clang-15.0.6/libmd-1.0.4-pzcw2ur6z6szlkfddcppcjrbazownyug
[+] /spack/opt/spack/[padded-to-256-chars]/linux-ubuntu20.04-x86_64/clang-15.0.6/zstd-1.5.2-7cypj47seafzja4c2vo5ldbtyzwjoa3u
[+] /spack/opt/spack/[padded-to-256-chars]/linux-ubuntu20.04-x86_64/clang-15.0.6/libffi-3.4.2-jcpgm3egfrcoi46qix3cq6o2lkayw2az
[+] /spack/opt/spack/[padded-to-256-chars]/linux-ubuntu20.04-x86_64/clang-15.0.6/libxcrypt-4.4.33-5tz3unu2vxwkosdrs5wbxvgdfkeuczuk
[+] /spack/opt/spack/[padded-to-256-chars]/linux-ubuntu20.04-x86_64/clang-15.0.6/ncurses-6.3-3v6uyyykzsjdtxfwvikyposaxma6iaud
[+] /spack/opt/spack/[padded-to-256-chars]/linux-ubuntu20.04-x86_64/clang-15.0.6/util-linux-uuid-2.38.1-5qt5sndo25p5funvjspxa3btjvwcys4x
[+] /spack/opt/spack/[padded-to-256-chars]/linux-ubuntu20.04-x86_64/clang-15.0.6/diffutils-3.8-257ucyf4u7vxpwks6btuhlzfs2wln56w
[+] /spack/opt/spack/[padded-to-256-chars]/linux-ubuntu20.04-x86_64/clang-15.0.6/pigz-2.7-ut4slyuajtmw5azoik4c47zfgpy75ulj
[+] /spack/opt/spack/[padded-to-256-chars]/linux-ubuntu20.04-x86_64/clang-15.0.6/libxml2-2.10.3-2yymdxhoniemqbvetg5gt3zo7yo6yurp
[+] /spack/opt/spack/[padded-to-256-chars]/linux-ubuntu20.04-x86_64/clang-15.0.6/libbsd-0.11.5-zmb6riiee5b4nf4pdzoo7nmyuyculwdb
[+] /spack/opt/spack/[padded-to-256-chars]/linux-ubuntu20.04-x86_64/clang-15.0.6/readline-8.2-7p4qhyjuldke5ymksborc5lvqwxf6dix
[+] /spack/opt/spack/[padded-to-256-chars]/linux-ubuntu20.04-x86_64/clang-15.0.6/bzip2-1.0.8-ruw77v4cw3t5pwxj2wxnasymokt2h3wv
[+] /spack/opt/spack/[padded-to-256-chars]/linux-ubuntu20.04-x86_64/clang-15.0.6/m4-1.4.19-hsvmwm3k3qp2t347k7qbe32ijl67gn2k
[+] /spack/opt/spack/[padded-to-256-chars]/linux-ubuntu20.04-x86_64/clang-15.0.6/expat-2.5.0-itldrwzwf723tp5ozijulv2j4z6hxyvm
[+] /spack/opt/spack/[padded-to-256-chars]/linux-ubuntu20.04-x86_64/clang-15.0.6/sqlite-3.40.0-4fq3btqpkj3je4cibwg5t2eerv3ly3ed
[+] /spack/opt/spack/[padded-to-256-chars]/linux-ubuntu20.04-x86_64/clang-15.0.6/gdbm-1.23-hwbpsifdgrtf3vkvgw4xlqbrjoilwqxo
[+] /spack/opt/spack/[padded-to-256-chars]/linux-ubuntu20.04-x86_64/clang-15.0.6/tar-1.34-ldq3pyn7mk6b4yind3jlrfo4amtij7dd
[+] /spack/opt/spack/[padded-to-256-chars]/linux-ubuntu20.04-x86_64/clang-15.0.6/libtool-2.4.7-prv6j2lp3akoldialxoawg6oplzechen
[+] /spack/opt/spack/[padded-to-256-chars]/linux-ubuntu20.04-x86_64/clang-15.0.6/perl-5.36.0-nbdau6i77p7qhabnrjomk3sbn57bcoao
[+] /spack/opt/spack/[padded-to-256-chars]/linux-ubuntu20.04-x86_64/clang-15.0.6/gettext-0.21.1-tozxgnmx5birylxldmzpgn67ii3kp7mk
[+] /spack/opt/spack/[padded-to-256-chars]/linux-ubuntu20.04-x86_64/clang-15.0.6/libpciaccess-0.16-c3bxkjrr4ywi4j7ttzs4m7tw5jyk74cm
[+] /spack/opt/spack/[padded-to-256-chars]/linux-ubuntu20.04-x86_64/clang-15.0.6/autoconf-2.69-qk6o72uuq5fmnhc6prnrqut5yav3ivbh
[+] /spack/opt/spack/[padded-to-256-chars]/linux-ubuntu20.04-x86_64/clang-15.0.6/openssl-1.1.1s-o6mxdlfgh7yqay6kw6lnx6lyra7fmvzz
[+] /spack/opt/spack/[padded-to-256-chars]/linux-ubuntu20.04-x86_64/clang-15.0.6/hwloc-2.8.0-jcqwo4y5qxvl4cfpfgje2tdffnoza3m7
[+] /spack/opt/spack/[padded-to-256-chars]/linux-ubuntu20.04-x86_64/clang-15.0.6/automake-1.16.5-qxy7reki3kxllczss2mxexzn4exq74z5
[+] /spack/opt/spack/[padded-to-256-chars]/linux-ubuntu20.04-x86_64/clang-15.0.6/curl-7.85.0-uiq7qmsxjk7sah2vxmqqx7plpuemj7df
[+] /spack/opt/spack/[padded-to-256-chars]/linux-ubuntu20.04-x86_64/clang-15.0.6/python-3.10.8-diap73shj55by2xvz4duv3wycq4c6vmh
[+] /spack/opt/spack/[padded-to-256-chars]/linux-ubuntu20.04-x86_64/clang-15.0.6/cmake-3.25.1-v7rz7lmdkwr2s46kk5i4o4bhj5t6bjun
[+] /spack/opt/spack/[padded-to-256-chars]/linux-ubuntu20.04-x86_64/clang-15.0.6/xerces-c-3.2.3-ejkzzhb74uow7pqg7qpdk3xk2kum2srd
[+] /spack/opt/spack/[padded-to-256-chars]/linux-ubuntu20.04-x86_64/clang-15.0.6/yaksa-0.2-2o2pnoa6t4du5i64jbwrdw5awzdwglzw
==> Installing bufr-11.7.0-6ofk5pxpgzi2ugljjekp3xymxfdmnlxk
==> bufr exists in binary cache but with different hash
==> No binary for bufr-11.7.0-6ofk5pxpgzi2ugljjekp3xymxfdmnlxk found: installing from source
==> Using cached archive: /spack/var/spack/cache/_source-cache/archive/6a/6a76ae8e7682bbc790321bf80c2f9417775c5b01a5c4f10763df92e01b20b9ca.tar.gz
==> No patches needed for bufr
==> bufr: Executing phase: 'cmake'
==> Error: ProcessError: Command exited with status 1:
    '/spack/opt/spack/__spack_path_placeholder__/__spack_path_placeholder__/__spack_path_placeholder__/__spack_path_placeholder__/__spack_path_placeholder__/__spack_path_placeholder__/__spack_path_placeholder__/__spack_path_placeholder__/__spack_path_placeholde/linux-ubuntu20.04-x86_64/clang-15.0.6/cmake-3.25.1-v7rz7lmdkwr2s46kk5i4o4bhj5t6bjun/bin/cmake' '-G' 'Unix Makefiles' '-DCMAKE_INSTALL_PREFIX:STRING=/spack/opt/spack/__spack_path_placeholder__/__spack_path_placeholder__/__spack_path_placeholder__/__spack_path_placeholder__/__spack_path_placeholder__/__spack_path_placeholder__/__spack_path_placeholder__/__spack_path_placeholder__/__spack_path_placeholde/linux-ubuntu20.04-x86_64/clang-15.0.6/bufr-11.7.0-6ofk5pxpgzi2ugljjekp3xymxfdmnlxk' '-DCMAKE_BUILD_TYPE:STRING=RelWithDebInfo' '-DBUILD_TESTING:BOOL=OFF' '-DCMAKE_INTERPROCEDURAL_OPTIMIZATION:BOOL=OFF' '-DCMAKE_VERBOSE_MAKEFILE:BOOL=ON' '-DCMAKE_INSTALL_RPATH_USE_LINK_PATH:BOOL=ON' '-DCMAKE_INSTALL_RPATH:STRING=/spack/opt/spack/__spack_path_placeholder__/__spack_path_placeholder__/__spack_path_placeholder__/__spack_path_placeholder__/__spack_path_placeholder__/__spack_path_placeholder__/__spack_path_placeholder__/__spack_path_placeholder__/__spack_path_placeholde/linux-ubuntu20.04-x86_64/clang-15.0.6/bufr-11.7.0-6ofk5pxpgzi2ugljjekp3xymxfdmnlxk/lib;/spack/opt/spack/__spack_path_placeholder__/__spack_path_placeholder__/__spack_path_placeholder__/__spack_path_placeholder__/__spack_path_placeholder__/__spack_path_placeholder__/__spack_path_placeholder__/__spack_path_placeholder__/__spack_path_placeholde/linux-ubuntu20.04-x86_64/clang-15.0.6/bufr-11.7.0-6ofk5pxpgzi2ugljjekp3xymxfdmnlxk/lib64' '-DCMAKE_PREFIX_PATH:STRING=/spack/opt/spack/__spack_path_placeholder__/__spack_path_placeholder__/__spack_path_placeholder__/__spack_path_placeholder__/__spack_path_placeholder__/__spack_path_placeholder__/__spack_path_placeholder__/__spack_path_placeholder__/__spack_path_placeholde/linux-ubuntu20.04-x86_64/clang-15.0.6/cmake-3.25.1-v7rz7lmdkwr2s46kk5i4o4bhj5t6bjun' '/tmp/root/spack-stage/spack-stage-bufr-11.7.0-6ofk5pxpgzi2ugljjekp3xymxfdmnlxk/spack-src'

3 errors found in build log:
     8     -- Detecting C compile features
     9     -- Detecting C compile features - done
     10    -- Detecting Fortran compiler ABI info
     11    -- Detecting Fortran compiler ABI info - failed
     12    -- Check for working Fortran compiler: /spack/lib/spack/env/clang/flang
     13    -- Check for working Fortran compiler: /spack/lib/spack/env/clang/flang - broken
  >> 14    CMake Error at /spack/opt/spack/__spack_path_placeholder__/__spack_path_placeholder__/__spack_path_placeholder__/__spack_path_placeholder__/__spack_path_placeholder__/__spack_p
           ath_placeholder__/__spack_path_placeholder__/__spack_path_placeholder__/__spack_path_placeholde/linux-ubuntu20.04-x86_64/clang-15.0.6/cmake-3.25.1-v7rz7lmdkwr2s46kk5i4o4bhj5t6b
           jun/share/cmake-3.25/Modules/CMakeTestFortranCompiler.cmake:62 (message):
     15      The Fortran compiler
     16    
     17        "/spack/lib/spack/env/clang/flang"
     18    
     19      is not able to compile a simple test program.
     20    

     ...

     24    
     25        Run Build Command(s):/usr/bin/make -f Makefile cmTC_8c8c2/fast && /usr/bin/make  -f CMakeFiles/cmTC_8c8c2.dir/build.make CMakeFiles/cmTC_8c8c2.dir/build
     26        make[1]: Entering directory '/tmp/root/spack-stage/spack-stage-bufr-11.7.0-6ofk5pxpgzi2ugljjekp3xymxfdmnlxk/spack-build-6ofk5px/CMakeFiles/CMakeScratch/TryCompile-zwCEdl'
     27        Building Fortran object CMakeFiles/cmTC_8c8c2.dir/testFortranCompiler.f.o
     28        /spack/lib/spack/env/clang/flang    -c /tmp/root/spack-stage/spack-stage-bufr-11.7.0-6ofk5pxpgzi2ugljjekp3xymxfdmnlxk/spack-build-6ofk5px/CMakeFiles/CMakeScratch/TryCompile
           -zwCEdl/testFortranCompiler.f -o CMakeFiles/cmTC_8c8c2.dir/testFortranCompiler.f.o
     29        [spack cc] ERROR: Compiler 'clang@15.0.6' does not have a Fortran 90 compiler configured.
  >> 30    make[1]: *** [CMakeFiles/cmTC_8c8c2.dir/build.make:78: CMakeFiles/cmTC_8c8c2.dir/testFortranCompiler.f.o] Error 1
     31        make[1]: Leaving directory '/tmp/root/spack-stage/spack-stage-bufr-11.7.0-6ofk5pxpgzi2ugljjekp3xymxfdmnlxk/spack-build-6ofk5px/CMakeFiles/CMakeScratch/TryCompile-zwCEdl'
  >> 32        make: *** [Makefile:127: cmTC_8c8c2/fast] Error 2
     33    
     34    
     35    
     36    
     37    
     38      CMake will not be able to correctly generate this project.

See build log for details:
  /tmp/root/spack-stage/spack-stage-bufr-11.7.0-6ofk5pxpgzi2ugljjekp3xymxfdmnlxk/spack-build-out.txt

==> Installing w3nco-2.4.1-z4ginocepzdyyvzlicejqqhdl7l3isux
==> w3nco exists in binary cache but with different hash
==> No binary for w3nco-2.4.1-z4ginocepzdyyvzlicejqqhdl7l3isux found: installing from source
==> Using cached archive: /spack/var/spack/cache/_source-cache/archive/48/48b06e0ea21d3d0fd5d5c4e7eb50b081402567c1bff6c4abf4fd4f3669070139.tar.gz
==> No patches needed for w3nco
==> w3nco: Executing phase: 'cmake'
==> Error: ProcessError: Command exited with status 1:
    '/spack/opt/spack/__spack_path_placeholder__/__spack_path_placeholder__/__spack_path_placeholder__/__spack_path_placeholder__/__spack_path_placeholder__/__spack_path_placeholder__/__spack_path_placeholder__/__spack_path_placeholder__/__spack_path_placeholde/linux-ubuntu20.04-x86_64/clang-15.0.6/cmake-3.25.1-v7rz7lmdkwr2s46kk5i4o4bhj5t6bjun/bin/cmake' '-G' 'Unix Makefiles' '-DCMAKE_INSTALL_PREFIX:STRING=/spack/opt/spack/__spack_path_placeholder__/__spack_path_placeholder__/__spack_path_placeholder__/__spack_path_placeholder__/__spack_path_placeholder__/__spack_path_placeholder__/__spack_path_placeholder__/__spack_path_placeholder__/__spack_path_placeholde/linux-ubuntu20.04-x86_64/clang-15.0.6/w3nco-2.4.1-z4ginocepzdyyvzlicejqqhdl7l3isux' '-DCMAKE_BUILD_TYPE:STRING=RelWithDebInfo' '-DBUILD_TESTING:BOOL=OFF' '-DCMAKE_INTERPROCEDURAL_OPTIMIZATION:BOOL=OFF' '-DCMAKE_VERBOSE_MAKEFILE:BOOL=ON' '-DCMAKE_INSTALL_RPATH_USE_LINK_PATH:BOOL=ON' '-DCMAKE_INSTALL_RPATH:STRING=/spack/opt/spack/__spack_path_placeholder__/__spack_path_placeholder__/__spack_path_placeholder__/__spack_path_placeholder__/__spack_path_placeholder__/__spack_path_placeholder__/__spack_path_placeholder__/__spack_path_placeholder__/__spack_path_placeholde/linux-ubuntu20.04-x86_64/clang-15.0.6/w3nco-2.4.1-z4ginocepzdyyvzlicejqqhdl7l3isux/lib;/spack/opt/spack/__spack_path_placeholder__/__spack_path_placeholder__/__spack_path_placeholder__/__spack_path_placeholder__/__spack_path_placeholder__/__spack_path_placeholder__/__spack_path_placeholder__/__spack_path_placeholder__/__spack_path_placeholde/linux-ubuntu20.04-x86_64/clang-15.0.6/w3nco-2.4.1-z4ginocepzdyyvzlicejqqhdl7l3isux/lib64' '-DCMAKE_PREFIX_PATH:STRING=/spack/opt/spack/__spack_path_placeholder__/__spack_path_placeholder__/__spack_path_placeholder__/__spack_path_placeholder__/__spack_path_placeholder__/__spack_path_placeholder__/__spack_path_placeholder__/__spack_path_placeholder__/__spack_path_placeholde/linux-ubuntu20.04-x86_64/clang-15.0.6/cmake-3.25.1-v7rz7lmdkwr2s46kk5i4o4bhj5t6bjun' '/tmp/root/spack-stage/spack-stage-w3nco-2.4.1-z4ginocepzdyyvzlicejqqhdl7l3isux/spack-src'

3 errors found in build log:
     8     -- Detecting C compile features
     9     -- Detecting C compile features - done
     10    -- Detecting Fortran compiler ABI info
     11    -- Detecting Fortran compiler ABI info - failed
     12    -- Check for working Fortran compiler: /spack/lib/spack/env/clang/flang
     13    -- Check for working Fortran compiler: /spack/lib/spack/env/clang/flang - broken
  >> 14    CMake Error at /spack/opt/spack/__spack_path_placeholder__/__spack_path_placeholder__/__spack_path_placeholder__/__spack_path_placeholder__/__spack_path_placeholder__/__spack_p
           ath_placeholder__/__spack_path_placeholder__/__spack_path_placeholder__/__spack_path_placeholde/linux-ubuntu20.04-x86_64/clang-15.0.6/cmake-3.25.1-v7rz7lmdkwr2s46kk5i4o4bhj5t6b
           jun/share/cmake-3.25/Modules/CMakeTestFortranCompiler.cmake:62 (message):
     15      The Fortran compiler
     16    
     17        "/spack/lib/spack/env/clang/flang"
     18    
     19      is not able to compile a simple test program.
     20    

     ...

     24    
     25        Run Build Command(s):/usr/bin/make -f Makefile cmTC_0f704/fast && /usr/bin/make  -f CMakeFiles/cmTC_0f704.dir/build.make CMakeFiles/cmTC_0f704.dir/build
     26        make[1]: Entering directory '/tmp/root/spack-stage/spack-stage-w3nco-2.4.1-z4ginocepzdyyvzlicejqqhdl7l3isux/spack-build-z4ginoc/CMakeFiles/CMakeScratch/TryCompile-bpbNaj'
     27        Building Fortran object CMakeFiles/cmTC_0f704.dir/testFortranCompiler.f.o
     28        /spack/lib/spack/env/clang/flang    -c /tmp/root/spack-stage/spack-stage-w3nco-2.4.1-z4ginocepzdyyvzlicejqqhdl7l3isux/spack-build-z4ginoc/CMakeFiles/CMakeScratch/TryCompile
           -bpbNaj/testFortranCompiler.f -o CMakeFiles/cmTC_0f704.dir/testFortranCompiler.f.o
     29        [spack cc] ERROR: Compiler 'clang@15.0.6' does not have a Fortran 90 compiler configured.
  >> 30    make[1]: *** [CMakeFiles/cmTC_0f704.dir/build.make:78: CMakeFiles/cmTC_0f704.dir/testFortranCompiler.f.o] Error 1
     31        make[1]: Leaving directory '/tmp/root/spack-stage/spack-stage-w3nco-2.4.1-z4ginocepzdyyvzlicejqqhdl7l3isux/spack-build-z4ginoc/CMakeFiles/CMakeScratch/TryCompile-bpbNaj'
  >> 32        make: *** [Makefile:127: cmTC_0f704/fast] Error 2
     33    
     34    
     35    
     36    
     37    
     38      CMake will not be able to correctly generate this project.

See build log for details:
  /tmp/root/spack-stage/spack-stage-w3nco-2.4.1-z4ginocepzdyyvzlicejqqhdl7l3isux/spack-build-out.txt

[+] /spack/opt/spack/[padded-to-256-chars]/linux-ubuntu20.04-x86_64/clang-15.0.6/mpich-4.0.2-ns2hn3cy4r3ror7wwqbauc56gehhktyt
[+] /spack/opt/spack/[padded-to-256-chars]/linux-ubuntu20.04-x86_64/clang-15.0.6/parallel-netcdf-1.12.3-msamdfxmzudvwtjbac25nxyb53t7ny4h
[+] /spack/opt/spack/[padded-to-256-chars]/linux-ubuntu20.04-x86_64/clang-15.0.6/hdf5-1.12.2-croa67xpmlguu4vjq6bmlyemvdr36buu
[+] /spack/opt/spack/[padded-to-256-chars]/linux-ubuntu20.04-x86_64/clang-15.0.6/netcdf-c-4.9.0-mpxejdft2skhx7zxgjrgvu2zuilmksda
[+] /spack/opt/spack/[padded-to-256-chars]/linux-ubuntu20.04-x86_64/clang-15.0.6/netcdf-fortran-4.6.0-skgx7p2j2toll5pmp5ebhvybn4ahjwnv
==> Installing parallelio-2_5_4-d4fazwb2wwoy7i3rid6a46li5ojuhrwv
==> parallelio exists in binary cache but with different hash
==> No binary for parallelio-2_5_4-d4fazwb2wwoy7i3rid6a46li5ojuhrwv found: installing from source
==> Using cached archive: /spack/var/spack/cache/_source-cache/archive/e5/e51dc71683da808a714deddc1a80c2650ce847110383e42f1710f3ba567e7a65.tar.gz
==> Using cached archive: /spack/var/spack/cache/_source-cache/git//PARALLELIO/genf90.git/genf90_200608.tar.gz
==> Moving resource stage
	source: /tmp/root/spack-stage/resource-genf90-d4fazwb2wwoy7i3rid6a46li5ojuhrwv/spack-src/
	destination: /tmp/root/spack-stage/spack-stage-parallelio-2_5_4-d4fazwb2wwoy7i3rid6a46li5ojuhrwv/spack-src/genf90
==> No patches needed for parallelio
==> Warning: Fetching from mirror without a checksum!
  This package is normally checked out from a version control system, but it has been archived on a spack mirror.  This means we cannot know a checksum for the tarball in advance. Be sure that your connection to this mirror is secure!
==> parallelio: Executing phase: 'cmake'
==> Error: ProcessError: Command exited with status 1:
    '/spack/opt/spack/__spack_path_placeholder__/__spack_path_placeholder__/__spack_path_placeholder__/__spack_path_placeholder__/__spack_path_placeholder__/__spack_path_placeholder__/__spack_path_placeholder__/__spack_path_placeholder__/__spack_path_placeholde/linux-ubuntu20.04-x86_64/clang-15.0.6/cmake-3.25.1-v7rz7lmdkwr2s46kk5i4o4bhj5t6bjun/bin/cmake' '-G' 'Unix Makefiles' '-DCMAKE_INSTALL_PREFIX:STRING=/spack/opt/spack/__spack_path_placeholder__/__spack_path_placeholder__/__spack_path_placeholder__/__spack_path_placeholder__/__spack_path_placeholder__/__spack_path_placeholder__/__spack_path_placeholder__/__spack_path_placeholder__/__spack_path_placeholde/linux-ubuntu20.04-x86_64/clang-15.0.6/parallelio-2_5_4-d4fazwb2wwoy7i3rid6a46li5ojuhrwv' '-DCMAKE_BUILD_TYPE:STRING=RelWithDebInfo' '-DBUILD_TESTING:BOOL=OFF' '-DCMAKE_INTERPROCEDURAL_OPTIMIZATION:BOOL=OFF' '-DCMAKE_VERBOSE_MAKEFILE:BOOL=ON' '-DCMAKE_INSTALL_RPATH_USE_LINK_PATH:BOOL=ON' '-DCMAKE_INSTALL_RPATH:STRING=/spack/opt/spack/__spack_path_placeholder__/__spack_path_placeholder__/__spack_path_placeholder__/__spack_path_placeholder__/__spack_path_placeholder__/__spack_path_placeholder__/__spack_path_placeholder__/__spack_path_placeholder__/__spack_path_placeholde/linux-ubuntu20.04-x86_64/clang-15.0.6/parallelio-2_5_4-d4fazwb2wwoy7i3rid6a46li5ojuhrwv/lib;/spack/opt/spack/__spack_path_placeholder__/__spack_path_placeholder__/__spack_path_placeholder__/__spack_path_placeholder__/__spack_path_placeholder__/__spack_path_placeholder__/__spack_path_placeholder__/__spack_path_placeholder__/__spack_path_placeholde/linux-ubuntu20.04-x86_64/clang-15.0.6/parallelio-2_5_4-d4fazwb2wwoy7i3rid6a46li5ojuhrwv/lib64;/spack/opt/spack/__spack_path_placeholder__/__spack_path_placeholder__/__spack_path_placeholder__/__spack_path_placeholder__/__spack_path_placeholder__/__spack_path_placeholder__/__spack_path_placeholder__/__spack_path_placeholder__/__spack_path_placeholde/linux-ubuntu20.04-x86_64/clang-15.0.6/mpich-4.0.2-ns2hn3cy4r3ror7wwqbauc56gehhktyt/lib;/spack/opt/spack/__spack_path_placeholder__/__spack_path_placeholder__/__spack_path_placeholder__/__spack_path_placeholder__/__spack_path_placeholder__/__spack_path_placeholder__/__spack_path_placeholder__/__spack_path_placeholder__/__spack_path_placeholde/linux-ubuntu20.04-x86_64/clang-15.0.6/hwloc-2.8.0-jcqwo4y5qxvl4cfpfgje2tdffnoza3m7/lib;/spack/opt/spack/__spack_path_placeholder__/__spack_path_placeholder__/__spack_path_placeholder__/__spack_path_placeholder__/__spack_path_placeholder__/__spack_path_placeholder__/__spack_path_placeholder__/__spack_path_placeholder__/__spack_path_placeholde/linux-ubuntu20.04-x86_64/clang-15.0.6/libpciaccess-0.16-c3bxkjrr4ywi4j7ttzs4m7tw5jyk74cm/lib;/spack/opt/spack/__spack_path_placeholder__/__spack_path_placeholder__/__spack_path_placeholder__/__spack_path_placeholder__/__spack_path_placeholder__/__spack_path_placeholder__/__spack_path_placeholder__/__spack_path_placeholder__/__spack_path_placeholde/linux-ubuntu20.04-x86_64/clang-15.0.6/libxml2-2.10.3-2yymdxhoniemqbvetg5gt3zo7yo6yurp/lib;/spack/opt/spack/__spack_path_placeholder__/__spack_path_placeholder__/__spack_path_placeholder__/__spack_path_placeholder__/__spack_path_placeholder__/__spack_path_placeholder__/__spack_path_placeholder__/__spack_path_placeholder__/__spack_path_placeholde/linux-ubuntu20.04-x86_64/clang-15.0.6/libiconv-1.16-hxkyau7zweprjwiklx77xy5uk4jgc3gh/lib;/spack/opt/spack/__spack_path_placeholder__/__spack_path_placeholder__/__spack_path_placeholder__/__spack_path_placeholder__/__spack_path_placeholder__/__spack_path_placeholder__/__spack_path_placeholder__/__spack_path_placeholder__/__spack_path_placeholde/linux-ubuntu20.04-x86_64/clang-15.0.6/xz-5.2.7-qaeqhhnsciec4yu4n3d7oddsxbosp52k/lib;/spack/opt/spack/__spack_path_placeholder__/__spack_path_placeholder__/__spack_path_placeholder__/__spack_path_placeholder__/__spack_path_placeholder__/__spack_path_placeholder__/__spack_path_placeholder__/__spack_path_placeholder__/__spack_path_placeholde/linux-ubuntu20.04-x86_64/clang-15.0.6/zlib-1.2.13-2ekbc22kudeq7t7yi23ynvq5qb62lyrt/lib;/spack/opt/spack/__spack_path_placeholder__/__spack_path_placeholder__/__spack_path_placeholder__/__spack_path_placeholder__/__spack_path_placeholder__/__spack_path_placeholder__/__spack_path_placeholder__/__spack_path_placeholder__/__spack_path_placeholde/linux-ubuntu20.04-x86_64/clang-15.0.6/ncurses-6.3-3v6uyyykzsjdtxfwvikyposaxma6iaud/lib;/spack/opt/spack/__spack_path_placeholder__/__spack_path_placeholder__/__spack_path_placeholder__/__spack_path_placeholder__/__spack_path_placeholder__/__spack_path_placeholder__/__spack_path_placeholder__/__spack_path_placeholder__/__spack_path_placeholde/linux-ubuntu20.04-x86_64/clang-15.0.6/libfabric-1.16.1-pfo7welh32ltr6gmfvr3nsfbbuudefhm/lib;/spack/opt/spack/__spack_path_placeholder__/__spack_path_placeholder__/__spack_path_placeholder__/__spack_path_placeholder__/__spack_path_placeholder__/__spack_path_placeholder__/__spack_path_placeholder__/__spack_path_placeholder__/__spack_path_placeholde/linux-ubuntu20.04-x86_64/clang-15.0.6/yaksa-0.2-2o2pnoa6t4du5i64jbwrdw5awzdwglzw/lib;/spack/opt/spack/__spack_path_placeholder__/__spack_path_placeholder__/__spack_path_placeholder__/__spack_path_placeholder__/__spack_path_placeholder__/__spack_path_placeholder__/__spack_path_placeholder__/__spack_path_placeholder__/__spack_path_placeholde/linux-ubuntu20.04-x86_64/clang-15.0.6/netcdf-c-4.9.0-mpxejdft2skhx7zxgjrgvu2zuilmksda/lib;/spack/opt/spack/__spack_path_placeholder__/__spack_path_placeholder__/__spack_path_placeholder__/__spack_path_placeholder__/__spack_path_placeholder__/__spack_path_placeholder__/__spack_path_placeholder__/__spack_path_placeholder__/__spack_path_placeholde/linux-ubuntu20.04-x86_64/clang-15.0.6/hdf5-1.12.2-croa67xpmlguu4vjq6bmlyemvdr36buu/lib;/spack/opt/spack/__spack_path_placeholder__/__spack_path_placeholder__/__spack_path_placeholder__/__spack_path_placeholder__/__spack_path_placeholder__/__spack_path_placeholder__/__spack_path_placeholder__/__spack_path_placeholder__/__spack_path_placeholde/linux-ubuntu20.04-x86_64/clang-15.0.6/zstd-1.5.2-7cypj47seafzja4c2vo5ldbtyzwjoa3u/lib;/spack/opt/spack/__spack_path_placeholder__/__spack_path_placeholder__/__spack_path_placeholder__/__spack_path_placeholder__/__spack_path_placeholder__/__spack_path_placeholder__/__spack_path_placeholder__/__spack_path_placeholder__/__spack_path_placeholde/linux-ubuntu20.04-x86_64/clang-15.0.6/netcdf-fortran-4.6.0-skgx7p2j2toll5pmp5ebhvybn4ahjwnv/lib' '-DCMAKE_PREFIX_PATH:STRING=/spack/opt/spack/__spack_path_placeholder__/__spack_path_placeholder__/__spack_path_placeholder__/__spack_path_placeholder__/__spack_path_placeholder__/__spack_path_placeholder__/__spack_path_placeholder__/__spack_path_placeholder__/__spack_path_placeholde/linux-ubuntu20.04-x86_64/clang-15.0.6/netcdf-fortran-4.6.0-skgx7p2j2toll5pmp5ebhvybn4ahjwnv;/spack/opt/spack/__spack_path_placeholder__/__spack_path_placeholder__/__spack_path_placeholder__/__spack_path_placeholder__/__spack_path_placeholder__/__spack_path_placeholder__/__spack_path_placeholder__/__spack_path_placeholder__/__spack_path_placeholde/linux-ubuntu20.04-x86_64/clang-15.0.6/netcdf-c-4.9.0-mpxejdft2skhx7zxgjrgvu2zuilmksda;/spack/opt/spack/__spack_path_placeholder__/__spack_path_placeholder__/__spack_path_placeholder__/__spack_path_placeholder__/__spack_path_placeholder__/__spack_path_placeholder__/__spack_path_placeholder__/__spack_path_placeholder__/__spack_path_placeholde/linux-ubuntu20.04-x86_64/clang-15.0.6/hdf5-1.12.2-croa67xpmlguu4vjq6bmlyemvdr36buu;/spack/opt/spack/__spack_path_placeholder__/__spack_path_placeholder__/__spack_path_placeholder__/__spack_path_placeholder__/__spack_path_placeholder__/__spack_path_placeholder__/__spack_path_placeholder__/__spack_path_placeholder__/__spack_path_placeholde/linux-ubuntu20.04-x86_64/clang-15.0.6/mpich-4.0.2-ns2hn3cy4r3ror7wwqbauc56gehhktyt;/spack/opt/spack/__spack_path_placeholder__/__spack_path_placeholder__/__spack_path_placeholder__/__spack_path_placeholder__/__spack_path_placeholder__/__spack_path_placeholder__/__spack_path_placeholder__/__spack_path_placeholder__/__spack_path_placeholde/linux-ubuntu20.04-x86_64/clang-15.0.6/yaksa-0.2-2o2pnoa6t4du5i64jbwrdw5awzdwglzw;/spack/opt/spack/__spack_path_placeholder__/__spack_path_placeholder__/__spack_path_placeholder__/__spack_path_placeholder__/__spack_path_placeholder__/__spack_path_placeholder__/__spack_path_placeholder__/__spack_path_placeholder__/__spack_path_placeholde/linux-ubuntu20.04-x86_64/clang-15.0.6/zstd-1.5.2-7cypj47seafzja4c2vo5ldbtyzwjoa3u;/spack/opt/spack/__spack_path_placeholder__/__spack_path_placeholder__/__spack_path_placeholder__/__spack_path_placeholder__/__spack_path_placeholder__/__spack_path_placeholder__/__spack_path_placeholder__/__spack_path_placeholder__/__spack_path_placeholde/linux-ubuntu20.04-x86_64/clang-15.0.6/libfabric-1.16.1-pfo7welh32ltr6gmfvr3nsfbbuudefhm;/spack/opt/spack/__spack_path_placeholder__/__spack_path_placeholder__/__spack_path_placeholder__/__spack_path_placeholder__/__spack_path_placeholder__/__spack_path_placeholder__/__spack_path_placeholder__/__spack_path_placeholder__/__spack_path_placeholde/linux-ubuntu20.04-x86_64/clang-15.0.6/hwloc-2.8.0-jcqwo4y5qxvl4cfpfgje2tdffnoza3m7;/spack/opt/spack/__spack_path_placeholder__/__spack_path_placeholder__/__spack_path_placeholder__/__spack_path_placeholder__/__spack_path_placeholder__/__spack_path_placeholder__/__spack_path_placeholder__/__spack_path_placeholder__/__spack_path_placeholde/linux-ubuntu20.04-x86_64/clang-15.0.6/libxml2-2.10.3-2yymdxhoniemqbvetg5gt3zo7yo6yurp;/spack/opt/spack/__spack_path_placeholder__/__spack_path_placeholder__/__spack_path_placeholder__/__spack_path_placeholder__/__spack_path_placeholder__/__spack_path_placeholder__/__spack_path_placeholder__/__spack_path_placeholder__/__spack_path_placeholde/linux-ubuntu20.04-x86_64/clang-15.0.6/xz-5.2.7-qaeqhhnsciec4yu4n3d7oddsxbosp52k;/spack/opt/spack/__spack_path_placeholder__/__spack_path_placeholder__/__spack_path_placeholder__/__spack_path_placeholder__/__spack_path_placeholder__/__spack_path_placeholder__/__spack_path_placeholder__/__spack_path_placeholder__/__spack_path_placeholde/linux-ubuntu20.04-x86_64/clang-15.0.6/libpciaccess-0.16-c3bxkjrr4ywi4j7ttzs4m7tw5jyk74cm;/spack/opt/spack/__spack_path_placeholder__/__spack_path_placeholder__/__spack_path_placeholder__/__spack_path_placeholder__/__spack_path_placeholder__/__spack_path_placeholder__/__spack_path_placeholder__/__spack_path_placeholder__/__spack_path_placeholde/linux-ubuntu20.04-x86_64/clang-15.0.6/cmake-3.25.1-v7rz7lmdkwr2s46kk5i4o4bhj5t6bjun;/spack/opt/spack/__spack_path_placeholder__/__spack_path_placeholder__/__spack_path_placeholder__/__spack_path_placeholder__/__spack_path_placeholder__/__spack_path_placeholder__/__spack_path_placeholder__/__spack_path_placeholder__/__spack_path_placeholde/linux-ubuntu20.04-x86_64/clang-15.0.6/zlib-1.2.13-2ekbc22kudeq7t7yi23ynvq5qb62lyrt;/spack/opt/spack/__spack_path_placeholder__/__spack_path_placeholder__/__spack_path_placeholder__/__spack_path_placeholder__/__spack_path_placeholder__/__spack_path_placeholder__/__spack_path_placeholder__/__spack_path_placeholder__/__spack_path_placeholde/linux-ubuntu20.04-x86_64/clang-15.0.6/libiconv-1.16-hxkyau7zweprjwiklx77xy5uk4jgc3gh;/spack/opt/spack/__spack_path_placeholder__/__spack_path_placeholder__/__spack_path_placeholder__/__spack_path_placeholder__/__spack_path_placeholder__/__spack_path_placeholder__/__spack_path_placeholder__/__spack_path_placeholder__/__spack_path_placeholde/linux-ubuntu20.04-x86_64/clang-15.0.6/ncurses-6.3-3v6uyyykzsjdtxfwvikyposaxma6iaud' '-DNetCDF_C_PATH:STRING=/spack/opt/spack/__spack_path_placeholder__/__spack_path_placeholder__/__spack_path_placeholder__/__spack_path_placeholder__/__spack_path_placeholder__/__spack_path_placeholder__/__spack_path_placeholder__/__spack_path_placeholder__/__spack_path_placeholde/linux-ubuntu20.04-x86_64/clang-15.0.6/netcdf-c-4.9.0-mpxejdft2skhx7zxgjrgvu2zuilmksda' '-DUSER_CMAKE_MODULE_PATH:STRING=/tmp/root/spack-stage/spack-stage-parallelio-2_5_4-d4fazwb2wwoy7i3rid6a46li5ojuhrwv/spack-src/cmake' '-DGENF90_PATH:STRING=/tmp/root/spack-stage/spack-stage-parallelio-2_5_4-d4fazwb2wwoy7i3rid6a46li5ojuhrwv/spack-src/genf90' '-DBUILD_SHARED_LIBS:BOOL=ON' '-DPIO_ENABLE_EXAMPLES:BOOL=OFF' '-DNetCDF_Fortran_PATH:STRING=/spack/opt/spack/__spack_path_placeholder__/__spack_path_placeholder__/__spack_path_placeholder__/__spack_path_placeholder__/__spack_path_placeholder__/__spack_path_placeholder__/__spack_path_placeholder__/__spack_path_placeholder__/__spack_path_placeholde/linux-ubuntu20.04-x86_64/clang-15.0.6/netcdf-fortran-4.6.0-skgx7p2j2toll5pmp5ebhvybn4ahjwnv' '-DPIO_ENABLE_TIMING:BOOL=OFF' '-DPIO_ENABLE_LOGGING:BOOL=OFF' '-DPIO_ENABLE_FORTRAN:BOOL=ON' '/tmp/root/spack-stage/spack-stage-parallelio-2_5_4-d4fazwb2wwoy7i3rid6a46li5ojuhrwv/spack-src'

3 errors found in build log:
     8     -- Detecting C compile features
     9     -- Detecting C compile features - done
     10    -- Detecting Fortran compiler ABI info
     11    -- Detecting Fortran compiler ABI info - failed
     12    -- Check for working Fortran compiler: /spack/opt/spack/__spack_path_placeholder__/__spack_path_placeholder__/__spack_path_placeholder__/__spack_path_placeholder__/__spack_path
           _placeholder__/__spack_path_placeholder__/__spack_path_placeholder__/__spack_path_placeholder__/__spack_path_placeholde/linux-ubuntu20.04-x86_64/clang-15.0.6/mpich-4.0.2-ns2hn3
           cy4r3ror7wwqbauc56gehhktyt/bin/mpif90
     13    -- Check for working Fortran compiler: /spack/opt/spack/__spack_path_placeholder__/__spack_path_placeholder__/__spack_path_placeholder__/__spack_path_placeholder__/__spack_path
           _placeholder__/__spack_path_placeholder__/__spack_path_placeholder__/__spack_path_placeholder__/__spack_path_placeholde/linux-ubuntu20.04-x86_64/clang-15.0.6/mpich-4.0.2-ns2hn3
           cy4r3ror7wwqbauc56gehhktyt/bin/mpif90 - broken
  >> 14    CMake Error at /spack/opt/spack/__spack_path_placeholder__/__spack_path_placeholder__/__spack_path_placeholder__/__spack_path_placeholder__/__spack_path_placeholder__/__spack_p
           ath_placeholder__/__spack_path_placeholder__/__spack_path_placeholder__/__spack_path_placeholde/linux-ubuntu20.04-x86_64/clang-15.0.6/cmake-3.25.1-v7rz7lmdkwr2s46kk5i4o4bhj5t6b
           jun/share/cmake-3.25/Modules/CMakeTestFortranCompiler.cmake:62 (message):
     15      The Fortran compiler
     16    
     17        "/spack/opt/spack/__spack_path_placeholder__/__spack_path_placeholder__/__spack_path_placeholder__/__spack_path_placeholder__/__spack_path_placeholder__/__spack_path_placeh
           older__/__spack_path_placeholder__/__spack_path_placeholder__/__spack_path_placeholde/linux-ubuntu20.04-x86_64/clang-15.0.6/mpich-4.0.2-ns2hn3cy4r3ror7wwqbauc56gehhktyt/bin/mpi
           f90"
     18    
     19      is not able to compile a simple test program.
     20    

     ...

     24    
     25        Run Build Command(s):/usr/bin/make -f Makefile cmTC_6b342/fast && /usr/bin/make  -f CMakeFiles/cmTC_6b342.dir/build.make CMakeFiles/cmTC_6b342.dir/build
     26        make[1]: Entering directory '/tmp/root/spack-stage/spack-stage-parallelio-2_5_4-d4fazwb2wwoy7i3rid6a46li5ojuhrwv/spack-build-d4fazwb/CMakeFiles/CMakeScratch/TryCompile-wYSs
           2q'
     27        Building Fortran object CMakeFiles/cmTC_6b342.dir/testFortranCompiler.f.o
     28        /spack/opt/spack/__spack_path_placeholder__/__spack_path_placeholder__/__spack_path_placeholder__/__spack_path_placeholder__/__spack_path_placeholder__/__spack_path_placeho
           lder__/__spack_path_placeholder__/__spack_path_placeholder__/__spack_path_placeholde/linux-ubuntu20.04-x86_64/clang-15.0.6/mpich-4.0.2-ns2hn3cy4r3ror7wwqbauc56gehhktyt/bin/mpif
           90    -c /tmp/root/spack-stage/spack-stage-parallelio-2_5_4-d4fazwb2wwoy7i3rid6a46li5ojuhrwv/spack-build-d4fazwb/CMakeFiles/CMakeScratch/TryCompile-wYSs2q/testFortranCompiler.f
            -o CMakeFiles/cmTC_6b342.dir/testFortranCompiler.f.o
     29        [spack cc] ERROR: Compiler 'clang@15.0.6' does not have a Fortran 90 compiler configured.
  >> 30    make[1]: *** [CMakeFiles/cmTC_6b342.dir/build.make:78: CMakeFiles/cmTC_6b342.dir/testFortranCompiler.f.o] Error 1
     31        make[1]: Leaving directory '/tmp/root/spack-stage/spack-stage-parallelio-2_5_4-d4fazwb2wwoy7i3rid6a46li5ojuhrwv/spack-build-d4fazwb/CMakeFiles/CMakeScratch/TryCompile-wYSs2
           q'
  >> 32        make: *** [Makefile:127: cmTC_6b342/fast] Error 2
     33    
     34    
     35    
     36    
     37    
     38      CMake will not be able to correctly generate this project.

See build log for details:
  /tmp/root/spack-stage/spack-stage-parallelio-2_5_4-d4fazwb2wwoy7i3rid6a46li5ojuhrwv/spack-build-out.txt

==> Installing fms-2019.01.03-z325zggijsfjxvkys36gojgf24fzoadm
==> fms exists in binary cache but with different hash
==> No binary for fms-2019.01.03-z325zggijsfjxvkys36gojgf24fzoadm found: installing from source
==> Using cached archive: /spack/var/spack/cache/_source-cache/archive/60/60a5181e883e141f2fdd4a30c535a788d609bcbbbca4af7e1ec73f66f4e58dc0.tar.gz
==> No patches needed for fms
==> fms: Executing phase: 'cmake'
==> Error: ProcessError: Command exited with status 1:
    '/spack/opt/spack/__spack_path_placeholder__/__spack_path_placeholder__/__spack_path_placeholder__/__spack_path_placeholder__/__spack_path_placeholder__/__spack_path_placeholder__/__spack_path_placeholder__/__spack_path_placeholder__/__spack_path_placeholde/linux-ubuntu20.04-x86_64/clang-15.0.6/cmake-3.25.1-v7rz7lmdkwr2s46kk5i4o4bhj5t6bjun/bin/cmake' '-G' 'Unix Makefiles' '-DCMAKE_INSTALL_PREFIX:STRING=/spack/opt/spack/__spack_path_placeholder__/__spack_path_placeholder__/__spack_path_placeholder__/__spack_path_placeholder__/__spack_path_placeholder__/__spack_path_placeholder__/__spack_path_placeholder__/__spack_path_placeholder__/__spack_path_placeholde/linux-ubuntu20.04-x86_64/clang-15.0.6/fms-2019.01.03-z325zggijsfjxvkys36gojgf24fzoadm' '-DCMAKE_BUILD_TYPE:STRING=RelWithDebInfo' '-DBUILD_TESTING:BOOL=OFF' '-DCMAKE_INTERPROCEDURAL_OPTIMIZATION:BOOL=OFF' '-DCMAKE_VERBOSE_MAKEFILE:BOOL=ON' '-DCMAKE_INSTALL_RPATH_USE_LINK_PATH:BOOL=ON' '-DCMAKE_INSTALL_RPATH:STRING=/spack/opt/spack/__spack_path_placeholder__/__spack_path_placeholder__/__spack_path_placeholder__/__spack_path_placeholder__/__spack_path_placeholder__/__spack_path_placeholder__/__spack_path_placeholder__/__spack_path_placeholder__/__spack_path_placeholde/linux-ubuntu20.04-x86_64/clang-15.0.6/fms-2019.01.03-z325zggijsfjxvkys36gojgf24fzoadm/lib;/spack/opt/spack/__spack_path_placeholder__/__spack_path_placeholder__/__spack_path_placeholder__/__spack_path_placeholder__/__spack_path_placeholder__/__spack_path_placeholder__/__spack_path_placeholder__/__spack_path_placeholder__/__spack_path_placeholde/linux-ubuntu20.04-x86_64/clang-15.0.6/fms-2019.01.03-z325zggijsfjxvkys36gojgf24fzoadm/lib64;/spack/opt/spack/__spack_path_placeholder__/__spack_path_placeholder__/__spack_path_placeholder__/__spack_path_placeholder__/__spack_path_placeholder__/__spack_path_placeholder__/__spack_path_placeholder__/__spack_path_placeholder__/__spack_path_placeholde/linux-ubuntu20.04-x86_64/clang-15.0.6/mpich-4.0.2-ns2hn3cy4r3ror7wwqbauc56gehhktyt/lib;/spack/opt/spack/__spack_path_placeholder__/__spack_path_placeholder__/__spack_path_placeholder__/__spack_path_placeholder__/__spack_path_placeholder__/__spack_path_placeholder__/__spack_path_placeholder__/__spack_path_placeholder__/__spack_path_placeholde/linux-ubuntu20.04-x86_64/clang-15.0.6/hwloc-2.8.0-jcqwo4y5qxvl4cfpfgje2tdffnoza3m7/lib;/spack/opt/spack/__spack_path_placeholder__/__spack_path_placeholder__/__spack_path_placeholder__/__spack_path_placeholder__/__spack_path_placeholder__/__spack_path_placeholder__/__spack_path_placeholder__/__spack_path_placeholder__/__spack_path_placeholde/linux-ubuntu20.04-x86_64/clang-15.0.6/libpciaccess-0.16-c3bxkjrr4ywi4j7ttzs4m7tw5jyk74cm/lib;/spack/opt/spack/__spack_path_placeholder__/__spack_path_placeholder__/__spack_path_placeholder__/__spack_path_placeholder__/__spack_path_placeholder__/__spack_path_placeholder__/__spack_path_placeholder__/__spack_path_placeholder__/__spack_path_placeholde/linux-ubuntu20.04-x86_64/clang-15.0.6/libxml2-2.10.3-2yymdxhoniemqbvetg5gt3zo7yo6yurp/lib;/spack/opt/spack/__spack_path_placeholder__/__spack_path_placeholder__/__spack_path_placeholder__/__spack_path_placeholder__/__spack_path_placeholder__/__spack_path_placeholder__/__spack_path_placeholder__/__spack_path_placeholder__/__spack_path_placeholde/linux-ubuntu20.04-x86_64/clang-15.0.6/libiconv-1.16-hxkyau7zweprjwiklx77xy5uk4jgc3gh/lib;/spack/opt/spack/__spack_path_placeholder__/__spack_path_placeholder__/__spack_path_placeholder__/__spack_path_placeholder__/__spack_path_placeholder__/__spack_path_placeholder__/__spack_path_placeholder__/__spack_path_placeholder__/__spack_path_placeholde/linux-ubuntu20.04-x86_64/clang-15.0.6/xz-5.2.7-qaeqhhnsciec4yu4n3d7oddsxbosp52k/lib;/spack/opt/spack/__spack_path_placeholder__/__spack_path_placeholder__/__spack_path_placeholder__/__spack_path_placeholder__/__spack_path_placeholder__/__spack_path_placeholder__/__spack_path_placeholder__/__spack_path_placeholder__/__spack_path_placeholde/linux-ubuntu20.04-x86_64/clang-15.0.6/zlib-1.2.13-2ekbc22kudeq7t7yi23ynvq5qb62lyrt/lib;/spack/opt/spack/__spack_path_placeholder__/__spack_path_placeholder__/__spack_path_placeholder__/__spack_path_placeholder__/__spack_path_placeholder__/__spack_path_placeholder__/__spack_path_placeholder__/__spack_path_placeholder__/__spack_path_placeholde/linux-ubuntu20.04-x86_64/clang-15.0.6/ncurses-6.3-3v6uyyykzsjdtxfwvikyposaxma6iaud/lib;/spack/opt/spack/__spack_path_placeholder__/__spack_path_placeholder__/__spack_path_placeholder__/__spack_path_placeholder__/__spack_path_placeholder__/__spack_path_placeholder__/__spack_path_placeholder__/__spack_path_placeholder__/__spack_path_placeholde/linux-ubuntu20.04-x86_64/clang-15.0.6/libfabric-1.16.1-pfo7welh32ltr6gmfvr3nsfbbuudefhm/lib;/spack/opt/spack/__spack_path_placeholder__/__spack_path_placeholder__/__spack_path_placeholder__/__spack_path_placeholder__/__spack_path_placeholder__/__spack_path_placeholder__/__spack_path_placeholder__/__spack_path_placeholder__/__spack_path_placeholde/linux-ubuntu20.04-x86_64/clang-15.0.6/yaksa-0.2-2o2pnoa6t4du5i64jbwrdw5awzdwglzw/lib;/spack/opt/spack/__spack_path_placeholder__/__spack_path_placeholder__/__spack_path_placeholder__/__spack_path_placeholder__/__spack_path_placeholder__/__spack_path_placeholder__/__spack_path_placeholder__/__spack_path_placeholder__/__spack_path_placeholde/linux-ubuntu20.04-x86_64/clang-15.0.6/netcdf-c-4.9.0-mpxejdft2skhx7zxgjrgvu2zuilmksda/lib;/spack/opt/spack/__spack_path_placeholder__/__spack_path_placeholder__/__spack_path_placeholder__/__spack_path_placeholder__/__spack_path_placeholder__/__spack_path_placeholder__/__spack_path_placeholder__/__spack_path_placeholder__/__spack_path_placeholde/linux-ubuntu20.04-x86_64/clang-15.0.6/hdf5-1.12.2-croa67xpmlguu4vjq6bmlyemvdr36buu/lib;/spack/opt/spack/__spack_path_placeholder__/__spack_path_placeholder__/__spack_path_placeholder__/__spack_path_placeholder__/__spack_path_placeholder__/__spack_path_placeholder__/__spack_path_placeholder__/__spack_path_placeholder__/__spack_path_placeholde/linux-ubuntu20.04-x86_64/clang-15.0.6/zstd-1.5.2-7cypj47seafzja4c2vo5ldbtyzwjoa3u/lib;/spack/opt/spack/__spack_path_placeholder__/__spack_path_placeholder__/__spack_path_placeholder__/__spack_path_placeholder__/__spack_path_placeholder__/__spack_path_placeholder__/__spack_path_placeholder__/__spack_path_placeholder__/__spack_path_placeholde/linux-ubuntu20.04-x86_64/clang-15.0.6/netcdf-fortran-4.6.0-skgx7p2j2toll5pmp5ebhvybn4ahjwnv/lib' '-DCMAKE_PREFIX_PATH:STRING=/spack/opt/spack/__spack_path_placeholder__/__spack_path_placeholder__/__spack_path_placeholder__/__spack_path_placeholder__/__spack_path_placeholder__/__spack_path_placeholder__/__spack_path_placeholder__/__spack_path_placeholder__/__spack_path_placeholde/linux-ubuntu20.04-x86_64/clang-15.0.6/netcdf-fortran-4.6.0-skgx7p2j2toll5pmp5ebhvybn4ahjwnv;/spack/opt/spack/__spack_path_placeholder__/__spack_path_placeholder__/__spack_path_placeholder__/__spack_path_placeholder__/__spack_path_placeholder__/__spack_path_placeholder__/__spack_path_placeholder__/__spack_path_placeholder__/__spack_path_placeholde/linux-ubuntu20.04-x86_64/clang-15.0.6/netcdf-c-4.9.0-mpxejdft2skhx7zxgjrgvu2zuilmksda;/spack/opt/spack/__spack_path_placeholder__/__spack_path_placeholder__/__spack_path_placeholder__/__spack_path_placeholder__/__spack_path_placeholder__/__spack_path_placeholder__/__spack_path_placeholder__/__spack_path_placeholder__/__spack_path_placeholde/linux-ubuntu20.04-x86_64/clang-15.0.6/hdf5-1.12.2-croa67xpmlguu4vjq6bmlyemvdr36buu;/spack/opt/spack/__spack_path_placeholder__/__spack_path_placeholder__/__spack_path_placeholder__/__spack_path_placeholder__/__spack_path_placeholder__/__spack_path_placeholder__/__spack_path_placeholder__/__spack_path_placeholder__/__spack_path_placeholde/linux-ubuntu20.04-x86_64/clang-15.0.6/mpich-4.0.2-ns2hn3cy4r3ror7wwqbauc56gehhktyt;/spack/opt/spack/__spack_path_placeholder__/__spack_path_placeholder__/__spack_path_placeholder__/__spack_path_placeholder__/__spack_path_placeholder__/__spack_path_placeholder__/__spack_path_placeholder__/__spack_path_placeholder__/__spack_path_placeholde/linux-ubuntu20.04-x86_64/clang-15.0.6/yaksa-0.2-2o2pnoa6t4du5i64jbwrdw5awzdwglzw;/spack/opt/spack/__spack_path_placeholder__/__spack_path_placeholder__/__spack_path_placeholder__/__spack_path_placeholder__/__spack_path_placeholder__/__spack_path_placeholder__/__spack_path_placeholder__/__spack_path_placeholder__/__spack_path_placeholde/linux-ubuntu20.04-x86_64/clang-15.0.6/zstd-1.5.2-7cypj47seafzja4c2vo5ldbtyzwjoa3u;/spack/opt/spack/__spack_path_placeholder__/__spack_path_placeholder__/__spack_path_placeholder__/__spack_path_placeholder__/__spack_path_placeholder__/__spack_path_placeholder__/__spack_path_placeholder__/__spack_path_placeholder__/__spack_path_placeholde/linux-ubuntu20.04-x86_64/clang-15.0.6/libfabric-1.16.1-pfo7welh32ltr6gmfvr3nsfbbuudefhm;/spack/opt/spack/__spack_path_placeholder__/__spack_path_placeholder__/__spack_path_placeholder__/__spack_path_placeholder__/__spack_path_placeholder__/__spack_path_placeholder__/__spack_path_placeholder__/__spack_path_placeholder__/__spack_path_placeholde/linux-ubuntu20.04-x86_64/clang-15.0.6/hwloc-2.8.0-jcqwo4y5qxvl4cfpfgje2tdffnoza3m7;/spack/opt/spack/__spack_path_placeholder__/__spack_path_placeholder__/__spack_path_placeholder__/__spack_path_placeholder__/__spack_path_placeholder__/__spack_path_placeholder__/__spack_path_placeholder__/__spack_path_placeholder__/__spack_path_placeholde/linux-ubuntu20.04-x86_64/clang-15.0.6/libxml2-2.10.3-2yymdxhoniemqbvetg5gt3zo7yo6yurp;/spack/opt/spack/__spack_path_placeholder__/__spack_path_placeholder__/__spack_path_placeholder__/__spack_path_placeholder__/__spack_path_placeholder__/__spack_path_placeholder__/__spack_path_placeholder__/__spack_path_placeholder__/__spack_path_placeholde/linux-ubuntu20.04-x86_64/clang-15.0.6/xz-5.2.7-qaeqhhnsciec4yu4n3d7oddsxbosp52k;/spack/opt/spack/__spack_path_placeholder__/__spack_path_placeholder__/__spack_path_placeholder__/__spack_path_placeholder__/__spack_path_placeholder__/__spack_path_placeholder__/__spack_path_placeholder__/__spack_path_placeholder__/__spack_path_placeholde/linux-ubuntu20.04-x86_64/clang-15.0.6/libpciaccess-0.16-c3bxkjrr4ywi4j7ttzs4m7tw5jyk74cm;/spack/opt/spack/__spack_path_placeholder__/__spack_path_placeholder__/__spack_path_placeholder__/__spack_path_placeholder__/__spack_path_placeholder__/__spack_path_placeholder__/__spack_path_placeholder__/__spack_path_placeholder__/__spack_path_placeholde/linux-ubuntu20.04-x86_64/clang-15.0.6/cmake-3.25.1-v7rz7lmdkwr2s46kk5i4o4bhj5t6bjun;/spack/opt/spack/__spack_path_placeholder__/__spack_path_placeholder__/__spack_path_placeholder__/__spack_path_placeholder__/__spack_path_placeholder__/__spack_path_placeholder__/__spack_path_placeholder__/__spack_path_placeholder__/__spack_path_placeholde/linux-ubuntu20.04-x86_64/clang-15.0.6/zlib-1.2.13-2ekbc22kudeq7t7yi23ynvq5qb62lyrt;/spack/opt/spack/__spack_path_placeholder__/__spack_path_placeholder__/__spack_path_placeholder__/__spack_path_placeholder__/__spack_path_placeholder__/__spack_path_placeholder__/__spack_path_placeholder__/__spack_path_placeholder__/__spack_path_placeholde/linux-ubuntu20.04-x86_64/clang-15.0.6/libiconv-1.16-hxkyau7zweprjwiklx77xy5uk4jgc3gh;/spack/opt/spack/__spack_path_placeholder__/__spack_path_placeholder__/__spack_path_placeholder__/__spack_path_placeholder__/__spack_path_placeholder__/__spack_path_placeholder__/__spack_path_placeholder__/__spack_path_placeholder__/__spack_path_placeholde/linux-ubuntu20.04-x86_64/clang-15.0.6/ncurses-6.3-3v6uyyykzsjdtxfwvikyposaxma6iaud' '-D64BIT:BOOL=ON' '-DGFS_PHYS:BOOL=ON' '-DOPENMP:BOOL=ON' '-DENABLE_QUAD_PRECISION:BOOL=ON' '' '' '' '-DCMAKE_C_COMPILER:STRING=/spack/opt/spack/__spack_path_placeholder__/__spack_path_placeholder__/__spack_path_placeholder__/__spack_path_placeholder__/__spack_path_placeholder__/__spack_path_placeholder__/__spack_path_placeholder__/__spack_path_placeholder__/__spack_path_placeholde/linux-ubuntu20.04-x86_64/clang-15.0.6/mpich-4.0.2-ns2hn3cy4r3ror7wwqbauc56gehhktyt/bin/mpicc' '-DCMAKE_CXX_COMPILER:STRING=/spack/opt/spack/__spack_path_placeholder__/__spack_path_placeholder__/__spack_path_placeholder__/__spack_path_placeholder__/__spack_path_placeholder__/__spack_path_placeholder__/__spack_path_placeholder__/__spack_path_placeholder__/__spack_path_placeholde/linux-ubuntu20.04-x86_64/clang-15.0.6/mpich-4.0.2-ns2hn3cy4r3ror7wwqbauc56gehhktyt/bin/mpic++' '-DCMAKE_Fortran_COMPILER:STRING=/spack/opt/spack/__spack_path_placeholder__/__spack_path_placeholder__/__spack_path_placeholder__/__spack_path_placeholder__/__spack_path_placeholder__/__spack_path_placeholder__/__spack_path_placeholder__/__spack_path_placeholder__/__spack_path_placeholde/linux-ubuntu20.04-x86_64/clang-15.0.6/mpich-4.0.2-ns2hn3cy4r3ror7wwqbauc56gehhktyt/bin/mpif90' '/tmp/root/spack-stage/spack-stage-fms-2019.01.03-z325zggijsfjxvkys36gojgf24fzoadm/spack-src'

1 error found in build log:
     15    CMake Warning:
     16      Ignoring extra path from command line:
     17    
     18       "/tmp/root/spack-stage/spack-stage-fms-2019.01.03-z325zggijsfjxvkys36gojgf24fzoadm/spack-src"
     19    
     20    
  >> 21    CMake Error: The source directory "/tmp/root/spack-stage/spack-stage-fms-2019.01.03-z325zggijsfjxvkys36gojgf24fzoadm/spack-src" does not appear to contain CMakeLists.txt.
     22    Specify --help for usage, or press the help button on the CMake GUI.

See build log for details:
  /tmp/root/spack-stage/spack-stage-fms-2019.01.03-z325zggijsfjxvkys36gojgf24fzoadm/spack-build-out.txt

==> Installing esmf-8.3.0b09-4alrwdyqoaxhzquncnogmnv2ayoybd3u
==> esmf exists in binary cache but with different hash
==> No binary for esmf-8.3.0b09-4alrwdyqoaxhzquncnogmnv2ayoybd3u found: installing from source
==> No patches needed for esmf
==> esmf: Executing phase: 'edit'
==> Error: TypeError: expected str, bytes or os.PathLike object, not NoneType

/spack/var/spack/repos/builtin/packages/esmf/package.py:209, in edit:
        206        elif self.compiler.name in ["clang", "apple-clang"]:
        207            os.environ["ESMF_COMPILER"] = "gfortranclang"
        208            gfortran_major_version = int(
  >>    209                spack.compiler.get_compiler_version_output(self.compiler.fc, "-dumpversion").split(
        210                    "."
        211                )[0]
        212            )

See build log for details:
  /tmp/root/spack-stage/spack-stage-esmf-8.3.0b09-4alrwdyqoaxhzquncnogmnv2ayoybd3u/spack-build-out.txt

==> Error: bufr-11.7.0-6ofk5pxpgzi2ugljjekp3xymxfdmnlxk: ProcessError: Command exited with status 1:
    '/spack/opt/spack/__spack_path_placeholder__/__spack_path_placeholder__/__spack_path_placeholder__/__spack_path_placeholder__/__spack_path_placeholder__/__spack_path_placeholder__/__spack_path_placeholder__/__spack_path_placeholder__/__spack_path_placeholde/linux-ubuntu20.04-x86_64/clang-15.0.6/cmake-3.25.1-v7rz7lmdkwr2s46kk5i4o4bhj5t6bjun/bin/cmake' '-G' 'Unix Makefiles' '-DCMAKE_INSTALL_PREFIX:STRING=/spack/opt/spack/__spack_path_placeholder__/__spack_path_placeholder__/__spack_path_placeholder__/__spack_path_placeholder__/__spack_path_placeholder__/__spack_path_placeholder__/__spack_path_placeholder__/__spack_path_placeholder__/__spack_path_placeholde/linux-ubuntu20.04-x86_64/clang-15.0.6/bufr-11.7.0-6ofk5pxpgzi2ugljjekp3xymxfdmnlxk' '-DCMAKE_BUILD_TYPE:STRING=RelWithDebInfo' '-DBUILD_TESTING:BOOL=OFF' '-DCMAKE_INTERPROCEDURAL_OPTIMIZATION:BOOL=OFF' '-DCMAKE_VERBOSE_MAKEFILE:BOOL=ON' '-DCMAKE_INSTALL_RPATH_USE_LINK_PATH:BOOL=ON' '-DCMAKE_INSTALL_RPATH:STRING=/spack/opt/spack/__spack_path_placeholder__/__spack_path_placeholder__/__spack_path_placeholder__/__spack_path_placeholder__/__spack_path_placeholder__/__spack_path_placeholder__/__spack_path_placeholder__/__spack_path_placeholder__/__spack_path_placeholde/linux-ubuntu20.04-x86_64/clang-15.0.6/bufr-11.7.0-6ofk5pxpgzi2ugljjekp3xymxfdmnlxk/lib;/spack/opt/spack/__spack_path_placeholder__/__spack_path_placeholder__/__spack_path_placeholder__/__spack_path_placeholder__/__spack_path_placeholder__/__spack_path_placeholder__/__spack_path_placeholder__/__spack_path_placeholder__/__spack_path_placeholde/linux-ubuntu20.04-x86_64/clang-15.0.6/bufr-11.7.0-6ofk5pxpgzi2ugljjekp3xymxfdmnlxk/lib64' '-DCMAKE_PREFIX_PATH:STRING=/spack/opt/spack/__spack_path_placeholder__/__spack_path_placeholder__/__spack_path_placeholder__/__spack_path_placeholder__/__spack_path_placeholder__/__spack_path_placeholder__/__spack_path_placeholder__/__spack_path_placeholder__/__spack_path_placeholde/linux-ubuntu20.04-x86_64/clang-15.0.6/cmake-3.25.1-v7rz7lmdkwr2s46kk5i4o4bhj5t6bjun' '/tmp/root/spack-stage/spack-stage-bufr-11.7.0-6ofk5pxpgzi2ugljjekp3xymxfdmnlxk/spack-src'
==> Error: w3nco-2.4.1-z4ginocepzdyyvzlicejqqhdl7l3isux: ProcessError: Command exited with status 1:
    '/spack/opt/spack/__spack_path_placeholder__/__spack_path_placeholder__/__spack_path_placeholder__/__spack_path_placeholder__/__spack_path_placeholder__/__spack_path_placeholder__/__spack_path_placeholder__/__spack_path_placeholder__/__spack_path_placeholde/linux-ubuntu20.04-x86_64/clang-15.0.6/cmake-3.25.1-v7rz7lmdkwr2s46kk5i4o4bhj5t6bjun/bin/cmake' '-G' 'Unix Makefiles' '-DCMAKE_INSTALL_PREFIX:STRING=/spack/opt/spack/__spack_path_placeholder__/__spack_path_placeholder__/__spack_path_placeholder__/__spack_path_placeholder__/__spack_path_placeholder__/__spack_path_placeholder__/__spack_path_placeholder__/__spack_path_placeholder__/__spack_path_placeholde/linux-ubuntu20.04-x86_64/clang-15.0.6/w3nco-2.4.1-z4ginocepzdyyvzlicejqqhdl7l3isux' '-DCMAKE_BUILD_TYPE:STRING=RelWithDebInfo' '-DBUILD_TESTING:BOOL=OFF' '-DCMAKE_INTERPROCEDURAL_OPTIMIZATION:BOOL=OFF' '-DCMAKE_VERBOSE_MAKEFILE:BOOL=ON' '-DCMAKE_INSTALL_RPATH_USE_LINK_PATH:BOOL=ON' '-DCMAKE_INSTALL_RPATH:STRING=/spack/opt/spack/__spack_path_placeholder__/__spack_path_placeholder__/__spack_path_placeholder__/__spack_path_placeholder__/__spack_path_placeholder__/__spack_path_placeholder__/__spack_path_placeholder__/__spack_path_placeholder__/__spack_path_placeholde/linux-ubuntu20.04-x86_64/clang-15.0.6/w3nco-2.4.1-z4ginocepzdyyvzlicejqqhdl7l3isux/lib;/spack/opt/spack/__spack_path_placeholder__/__spack_path_placeholder__/__spack_path_placeholder__/__spack_path_placeholder__/__spack_path_placeholder__/__spack_path_placeholder__/__spack_path_placeholder__/__spack_path_placeholder__/__spack_path_placeholde/linux-ubuntu20.04-x86_64/clang-15.0.6/w3nco-2.4.1-z4ginocepzdyyvzlicejqqhdl7l3isux/lib64' '-DCMAKE_PREFIX_PATH:STRING=/spack/opt/spack/__spack_path_placeholder__/__spack_path_placeholder__/__spack_path_placeholder__/__spack_path_placeholder__/__spack_path_placeholder__/__spack_path_placeholder__/__spack_path_placeholder__/__spack_path_placeholder__/__spack_path_placeholde/linux-ubuntu20.04-x86_64/clang-15.0.6/cmake-3.25.1-v7rz7lmdkwr2s46kk5i4o4bhj5t6bjun' '/tmp/root/spack-stage/spack-stage-w3nco-2.4.1-z4ginocepzdyyvzlicejqqhdl7l3isux/spack-src'
==> Error: parallelio-2_5_4-d4fazwb2wwoy7i3rid6a46li5ojuhrwv: ProcessError: Command exited with status 1:
    '/spack/opt/spack/__spack_path_placeholder__/__spack_path_placeholder__/__spack_path_placeholder__/__spack_path_placeholder__/__spack_path_placeholder__/__spack_path_placeholder__/__spack_path_placeholder__/__spack_path_placeholder__/__spack_path_placeholde/linux-ubuntu20.04-x86_64/clang-15.0.6/cmake-3.25.1-v7rz7lmdkwr2s46kk5i4o4bhj5t6bjun/bin/cmake' '-G' 'Unix Makefiles' '-DCMAKE_INSTALL_PREFIX:STRING=/spack/opt/spack/__spack_path_placeholder__/__spack_path_placeholder__/__spack_path_placeholder__/__spack_path_placeholder__/__spack_path_placeholder__/__spack_path_placeholder__/__spack_path_placeholder__/__spack_path_placeholder__/__spack_path_placeholde/linux-ubuntu20.04-x86_64/clang-15.0.6/parallelio-2_5_4-d4fazwb2wwoy7i3rid6a46li5ojuhrwv' '-DCMAKE_BUILD_TYPE:STRING=RelWithDebInfo' '-DBUILD_TESTING:BOOL=OFF' '-DCMAKE_INTERPROCEDURAL_OPTIMIZATION:BOOL=OFF' '-DCMAKE_VERBOSE_MAKEFILE:BOOL=ON' '-DCMAKE_INSTALL_RPATH_USE_LINK_PATH:BOOL=ON' '-DCMAKE_INSTALL_RPATH:STRING=/spack/opt/spack/__spack_path_placeholder__/__spack_path_placeholder__/__spack_path_placeholder__/__spack_path_placeholder__/__spack_path_placeholder__/__spack_path_placeholder__/__spack_path_placeholder__/__spack_path_placeholder__/__spack_path_placeholde/linux-ubuntu20.04-x86_64/clang-15.0.6/parallelio-2_5_4-d4fazwb2wwoy7i3rid6a46li5ojuhrwv/lib;/spack/opt/spack/__spack_path_placeholder__/__spack_path_placeholder__/__spack_path_placeholder__/__spack_path_placeholder__/__spack_path_placeholder__/__spack_path_placeholder__/__spack_path_placeholder__/__spack_path_placeholder__/__spack_path_placeholde/linux-ubuntu20.04-x86_64/clang-15.0.6/parallelio-2_5_4-d4fazwb2wwoy7i3rid6a46li5ojuhrwv/lib64;/spack/opt/spack/__spack_path_placeholder__/__spack_path_placeholder__/__spack_path_placeholder__/__spack_path_placeholder__/__spack_path_placeholder__/__spack_path_placeholder__/__spack_path_placeholder__/__spack_path_placeholder__/__spack_path_placeholde/linux-ubuntu20.04-x86_64/clang-15.0.6/mpich-4.0.2-ns2hn3cy4r3ror7wwqbauc56gehhktyt/lib;/spack/opt/spack/__spack_path_placeholder__/__spack_path_placeholder__/__spack_path_placeholder__/__spack_path_placeholder__/__spack_path_placeholder__/__spack_path_placeholder__/__spack_path_placeholder__/__spack_path_placeholder__/__spack_path_placeholde/linux-ubuntu20.04-x86_64/clang-15.0.6/hwloc-2.8.0-jcqwo4y5qxvl4cfpfgje2tdffnoza3m7/lib;/spack/opt/spack/__spack_path_placeholder__/__spack_path_placeholder__/__spack_path_placeholder__/__spack_path_placeholder__/__spack_path_placeholder__/__spack_path_placeholder__/__spack_path_placeholder__/__spack_path_placeholder__/__spack_path_placeholde/linux-ubuntu20.04-x86_64/clang-15.0.6/libpciaccess-0.16-c3bxkjrr4ywi4j7ttzs4m7tw5jyk74cm/lib;/spack/opt/spack/__spack_path_placeholder__/__spack_path_placeholder__/__spack_path_placeholder__/__spack_path_placeholder__/__spack_path_placeholder__/__spack_path_placeholder__/__spack_path_placeholder__/__spack_path_placeholder__/__spack_path_placeholde/linux-ubuntu20.04-x86_64/clang-15.0.6/libxml2-2.10.3-2yymdxhoniemqbvetg5gt3zo7yo6yurp/lib;/spack/opt/spack/__spack_path_placeholder__/__spack_path_placeholder__/__spack_path_placeholder__/__spack_path_placeholder__/__spack_path_placeholder__/__spack_path_placeholder__/__spack_path_placeholder__/__spack_path_placeholder__/__spack_path_placeholde/linux-ubuntu20.04-x86_64/clang-15.0.6/libiconv-1.16-hxkyau7zweprjwiklx77xy5uk4jgc3gh/lib;/spack/opt/spack/__spack_path_placeholder__/__spack_path_placeholder__/__spack_path_placeholder__/__spack_path_placeholder__/__spack_path_placeholder__/__spack_path_placeholder__/__spack_path_placeholder__/__spack_path_placeholder__/__spack_path_placeholde/linux-ubuntu20.04-x86_64/clang-15.0.6/xz-5.2.7-qaeqhhnsciec4yu4n3d7oddsxbosp52k/lib;/spack/opt/spack/__spack_path_placeholder__/__spack_path_placeholder__/__spack_path_placeholder__/__spack_path_placeholder__/__spack_path_placeholder__/__spack_path_placeholder__/__spack_path_placeholder__/__spack_path_placeholder__/__spack_path_placeholde/linux-ubuntu20.04-x86_64/clang-15.0.6/zlib-1.2.13-2ekbc22kudeq7t7yi23ynvq5qb62lyrt/lib;/spack/opt/spack/__spack_path_placeholder__/__spack_path_placeholder__/__spack_path_placeholder__/__spack_path_placeholder__/__spack_path_placeholder__/__spack_path_placeholder__/__spack_path_placeholder__/__spack_path_placeholder__/__spack_path_placeholde/linux-ubuntu20.04-x86_64/clang-15.0.6/ncurses-6.3-3v6uyyykzsjdtxfwvikyposaxma6iaud/lib;/spack/opt/spack/__spack_path_placeholder__/__spack_path_placeholder__/__spack_path_placeholder__/__spack_path_placeholder__/__spack_path_placeholder__/__spack_path_placeholder__/__spack_path_placeholder__/__spack_path_placeholder__/__spack_path_placeholde/linux-ubuntu20.04-x86_64/clang-15.0.6/libfabric-1.16.1-pfo7welh32ltr6gmfvr3nsfbbuudefhm/lib;/spack/opt/spack/__spack_path_placeholder__/__spack_path_placeholder__/__spack_path_placeholder__/__spack_path_placeholder__/__spack_path_placeholder__/__spack_path_placeholder__/__spack_path_placeholder__/__spack_path_placeholder__/__spack_path_placeholde/linux-ubuntu20.04-x86_64/clang-15.0.6/yaksa-0.2-2o2pnoa6t4du5i64jbwrdw5awzdwglzw/lib;/spack/opt/spack/__spack_path_placeholder__/__spack_path_placeholder__/__spack_path_placeholder__/__spack_path_placeholder__/__spack_path_placeholder__/__spack_path_placeholder__/__spack_path_placeholder__/__spack_path_placeholder__/__spack_path_placeholde/linux-ubuntu20.04-x86_64/clang-15.0.6/netcdf-c-4.9.0-mpxejdft2skhx7zxgjrgvu2zuilmksda/lib;/spack/opt/spack/__spack_path_placeholder__/__spack_path_placeholder__/__spack_path_placeholder__/__spack_path_placeholder__/__spack_path_placeholder__/__spack_path_placeholder__/__spack_path_placeholder__/__spack_path_placeholder__/__spack_path_placeholde/linux-ubuntu20.04-x86_64/clang-15.0.6/hdf5-1.12.2-croa67xpmlguu4vjq6bmlyemvdr36buu/lib;/spack/opt/spack/__spack_path_placeholder__/__spack_path_placeholder__/__spack_path_placeholder__/__spack_path_placeholder__/__spack_path_placeholder__/__spack_path_placeholder__/__spack_path_placeholder__/__spack_path_placeholder__/__spack_path_placeholde/linux-ubuntu20.04-x86_64/clang-15.0.6/zstd-1.5.2-7cypj47seafzja4c2vo5ldbtyzwjoa3u/lib;/spack/opt/spack/__spack_path_placeholder__/__spack_path_placeholder__/__spack_path_placeholder__/__spack_path_placeholder__/__spack_path_placeholder__/__spack_path_placeholder__/__spack_path_placeholder__/__spack_path_placeholder__/__spack_path_placeholde/linux-ubuntu20.04-x86_64/clang-15.0.6/netcdf-fortran-4.6.0-skgx7p2j2toll5pmp5ebhvybn4ahjwnv/lib' '-DCMAKE_PREFIX_PATH:STRING=/spack/opt/spack/__spack_path_placeholder__/__spack_path_placeholder__/__spack_path_placeholder__/__spack_path_placeholder__/__spack_path_placeholder__/__spack_path_placeholder__/__spack_path_placeholder__/__spack_path_placeholder__/__spack_path_placeholde/linux-ubuntu20.04-x86_64/clang-15.0.6/netcdf-fortran-4.6.0-skgx7p2j2toll5pmp5ebhvybn4ahjwnv;/spack/opt/spack/__spack_path_placeholder__/__spack_path_placeholder__/__spack_path_placeholder__/__spack_path_placeholder__/__spack_path_placeholder__/__spack_path_placeholder__/__spack_path_placeholder__/__spack_path_placeholder__/__spack_path_placeholde/linux-ubuntu20.04-x86_64/clang-15.0.6/netcdf-c-4.9.0-mpxejdft2skhx7zxgjrgvu2zuilmksda;/spack/opt/spack/__spack_path_placeholder__/__spack_path_placeholder__/__spack_path_placeholder__/__spack_path_placeholder__/__spack_path_placeholder__/__spack_path_placeholder__/__spack_path_placeholder__/__spack_path_placeholder__/__spack_path_placeholde/linux-ubuntu20.04-x86_64/clang-15.0.6/hdf5-1.12.2-croa67xpmlguu4vjq6bmlyemvdr36buu;/spack/opt/spack/__spack_path_placeholder__/__spack_path_placeholder__/__spack_path_placeholder__/__spack_path_placeholder__/__spack_path_placeholder__/__spack_path_placeholder__/__spack_path_placeholder__/__spack_path_placeholder__/__spack_path_placeholde/linux-ubuntu20.04-x86_64/clang-15.0.6/mpich-4.0.2-ns2hn3cy4r3ror7wwqbauc56gehhktyt;/spack/opt/spack/__spack_path_placeholder__/__spack_path_placeholder__/__spack_path_placeholder__/__spack_path_placeholder__/__spack_path_placeholder__/__spack_path_placeholder__/__spack_path_placeholder__/__spack_path_placeholder__/__spack_path_placeholde/linux-ubuntu20.04-x86_64/clang-15.0.6/yaksa-0.2-2o2pnoa6t4du5i64jbwrdw5awzdwglzw;/spack/opt/spack/__spack_path_placeholder__/__spack_path_placeholder__/__spack_path_placeholder__/__spack_path_placeholder__/__spack_path_placeholder__/__spack_path_placeholder__/__spack_path_placeholder__/__spack_path_placeholder__/__spack_path_placeholde/linux-ubuntu20.04-x86_64/clang-15.0.6/zstd-1.5.2-7cypj47seafzja4c2vo5ldbtyzwjoa3u;/spack/opt/spack/__spack_path_placeholder__/__spack_path_placeholder__/__spack_path_placeholder__/__spack_path_placeholder__/__spack_path_placeholder__/__spack_path_placeholder__/__spack_path_placeholder__/__spack_path_placeholder__/__spack_path_placeholde/linux-ubuntu20.04-x86_64/clang-15.0.6/libfabric-1.16.1-pfo7welh32ltr6gmfvr3nsfbbuudefhm;/spack/opt/spack/__spack_path_placeholder__/__spack_path_placeholder__/__spack_path_placeholder__/__spack_path_placeholder__/__spack_path_placeholder__/__spack_path_placeholder__/__spack_path_placeholder__/__spack_path_placeholder__/__spack_path_placeholde/linux-ubuntu20.04-x86_64/clang-15.0.6/hwloc-2.8.0-jcqwo4y5qxvl4cfpfgje2tdffnoza3m7;/spack/opt/spack/__spack_path_placeholder__/__spack_path_placeholder__/__spack_path_placeholder__/__spack_path_placeholder__/__spack_path_placeholder__/__spack_path_placeholder__/__spack_path_placeholder__/__spack_path_placeholder__/__spack_path_placeholde/linux-ubuntu20.04-x86_64/clang-15.0.6/libxml2-2.10.3-2yymdxhoniemqbvetg5gt3zo7yo6yurp;/spack/opt/spack/__spack_path_placeholder__/__spack_path_placeholder__/__spack_path_placeholder__/__spack_path_placeholder__/__spack_path_placeholder__/__spack_path_placeholder__/__spack_path_placeholder__/__spack_path_placeholder__/__spack_path_placeholde/linux-ubuntu20.04-x86_64/clang-15.0.6/xz-5.2.7-qaeqhhnsciec4yu4n3d7oddsxbosp52k;/spack/opt/spack/__spack_path_placeholder__/__spack_path_placeholder__/__spack_path_placeholder__/__spack_path_placeholder__/__spack_path_placeholder__/__spack_path_placeholder__/__spack_path_placeholder__/__spack_path_placeholder__/__spack_path_placeholde/linux-ubuntu20.04-x86_64/clang-15.0.6/libpciaccess-0.16-c3bxkjrr4ywi4j7ttzs4m7tw5jyk74cm;/spack/opt/spack/__spack_path_placeholder__/__spack_path_placeholder__/__spack_path_placeholder__/__spack_path_placeholder__/__spack_path_placeholder__/__spack_path_placeholder__/__spack_path_placeholder__/__spack_path_placeholder__/__spack_path_placeholde/linux-ubuntu20.04-x86_64/clang-15.0.6/cmake-3.25.1-v7rz7lmdkwr2s46kk5i4o4bhj5t6bjun;/spack/opt/spack/__spack_path_placeholder__/__spack_path_placeholder__/__spack_path_placeholder__/__spack_path_placeholder__/__spack_path_placeholder__/__spack_path_placeholder__/__spack_path_placeholder__/__spack_path_placeholder__/__spack_path_placeholde/linux-ubuntu20.04-x86_64/clang-15.0.6/zlib-1.2.13-2ekbc22kudeq7t7yi23ynvq5qb62lyrt;/spack/opt/spack/__spack_path_placeholder__/__spack_path_placeholder__/__spack_path_placeholder__/__spack_path_placeholder__/__spack_path_placeholder__/__spack_path_placeholder__/__spack_path_placeholder__/__spack_path_placeholder__/__spack_path_placeholde/linux-ubuntu20.04-x86_64/clang-15.0.6/libiconv-1.16-hxkyau7zweprjwiklx77xy5uk4jgc3gh;/spack/opt/spack/__spack_path_placeholder__/__spack_path_placeholder__/__spack_path_placeholder__/__spack_path_placeholder__/__spack_path_placeholder__/__spack_path_placeholder__/__spack_path_placeholder__/__spack_path_placeholder__/__spack_path_placeholde/linux-ubuntu20.04-x86_64/clang-15.0.6/ncurses-6.3-3v6uyyykzsjdtxfwvikyposaxma6iaud' '-DNetCDF_C_PATH:STRING=/spack/opt/spack/__spack_path_placeholder__/__spack_path_placeholder__/__spack_path_placeholder__/__spack_path_placeholder__/__spack_path_placeholder__/__spack_path_placeholder__/__spack_path_placeholder__/__spack_path_placeholder__/__spack_path_placeholde/linux-ubuntu20.04-x86_64/clang-15.0.6/netcdf-c-4.9.0-mpxejdft2skhx7zxgjrgvu2zuilmksda' '-DUSER_CMAKE_MODULE_PATH:STRING=/tmp/root/spack-stage/spack-stage-parallelio-2_5_4-d4fazwb2wwoy7i3rid6a46li5ojuhrwv/spack-src/cmake' '-DGENF90_PATH:STRING=/tmp/root/spack-stage/spack-stage-parallelio-2_5_4-d4fazwb2wwoy7i3rid6a46li5ojuhrwv/spack-src/genf90' '-DBUILD_SHARED_LIBS:BOOL=ON' '-DPIO_ENABLE_EXAMPLES:BOOL=OFF' '-DNetCDF_Fortran_PATH:STRING=/spack/opt/spack/__spack_path_placeholder__/__spack_path_placeholder__/__spack_path_placeholder__/__spack_path_placeholder__/__spack_path_placeholder__/__spack_path_placeholder__/__spack_path_placeholder__/__spack_path_placeholder__/__spack_path_placeholde/linux-ubuntu20.04-x86_64/clang-15.0.6/netcdf-fortran-4.6.0-skgx7p2j2toll5pmp5ebhvybn4ahjwnv' '-DPIO_ENABLE_TIMING:BOOL=OFF' '-DPIO_ENABLE_LOGGING:BOOL=OFF' '-DPIO_ENABLE_FORTRAN:BOOL=ON' '/tmp/root/spack-stage/spack-stage-parallelio-2_5_4-d4fazwb2wwoy7i3rid6a46li5ojuhrwv/spack-src'
==> Error: fms-2019.01.03-z325zggijsfjxvkys36gojgf24fzoadm: ProcessError: Command exited with status 1:
    '/spack/opt/spack/__spack_path_placeholder__/__spack_path_placeholder__/__spack_path_placeholder__/__spack_path_placeholder__/__spack_path_placeholder__/__spack_path_placeholder__/__spack_path_placeholder__/__spack_path_placeholder__/__spack_path_placeholde/linux-ubuntu20.04-x86_64/clang-15.0.6/cmake-3.25.1-v7rz7lmdkwr2s46kk5i4o4bhj5t6bjun/bin/cmake' '-G' 'Unix Makefiles' '-DCMAKE_INSTALL_PREFIX:STRING=/spack/opt/spack/__spack_path_placeholder__/__spack_path_placeholder__/__spack_path_placeholder__/__spack_path_placeholder__/__spack_path_placeholder__/__spack_path_placeholder__/__spack_path_placeholder__/__spack_path_placeholder__/__spack_path_placeholde/linux-ubuntu20.04-x86_64/clang-15.0.6/fms-2019.01.03-z325zggijsfjxvkys36gojgf24fzoadm' '-DCMAKE_BUILD_TYPE:STRING=RelWithDebInfo' '-DBUILD_TESTING:BOOL=OFF' '-DCMAKE_INTERPROCEDURAL_OPTIMIZATION:BOOL=OFF' '-DCMAKE_VERBOSE_MAKEFILE:BOOL=ON' '-DCMAKE_INSTALL_RPATH_USE_LINK_PATH:BOOL=ON' '-DCMAKE_INSTALL_RPATH:STRING=/spack/opt/spack/__spack_path_placeholder__/__spack_path_placeholder__/__spack_path_placeholder__/__spack_path_placeholder__/__spack_path_placeholder__/__spack_path_placeholder__/__spack_path_placeholder__/__spack_path_placeholder__/__spack_path_placeholde/linux-ubuntu20.04-x86_64/clang-15.0.6/fms-2019.01.03-z325zggijsfjxvkys36gojgf24fzoadm/lib;/spack/opt/spack/__spack_path_placeholder__/__spack_path_placeholder__/__spack_path_placeholder__/__spack_path_placeholder__/__spack_path_placeholder__/__spack_path_placeholder__/__spack_path_placeholder__/__spack_path_placeholder__/__spack_path_placeholde/linux-ubuntu20.04-x86_64/clang-15.0.6/fms-2019.01.03-z325zggijsfjxvkys36gojgf24fzoadm/lib64;/spack/opt/spack/__spack_path_placeholder__/__spack_path_placeholder__/__spack_path_placeholder__/__spack_path_placeholder__/__spack_path_placeholder__/__spack_path_placeholder__/__spack_path_placeholder__/__spack_path_placeholder__/__spack_path_placeholde/linux-ubuntu20.04-x86_64/clang-15.0.6/mpich-4.0.2-ns2hn3cy4r3ror7wwqbauc56gehhktyt/lib;/spack/opt/spack/__spack_path_placeholder__/__spack_path_placeholder__/__spack_path_placeholder__/__spack_path_placeholder__/__spack_path_placeholder__/__spack_path_placeholder__/__spack_path_placeholder__/__spack_path_placeholder__/__spack_path_placeholde/linux-ubuntu20.04-x86_64/clang-15.0.6/hwloc-2.8.0-jcqwo4y5qxvl4cfpfgje2tdffnoza3m7/lib;/spack/opt/spack/__spack_path_placeholder__/__spack_path_placeholder__/__spack_path_placeholder__/__spack_path_placeholder__/__spack_path_placeholder__/__spack_path_placeholder__/__spack_path_placeholder__/__spack_path_placeholder__/__spack_path_placeholde/linux-ubuntu20.04-x86_64/clang-15.0.6/libpciaccess-0.16-c3bxkjrr4ywi4j7ttzs4m7tw5jyk74cm/lib;/spack/opt/spack/__spack_path_placeholder__/__spack_path_placeholder__/__spack_path_placeholder__/__spack_path_placeholder__/__spack_path_placeholder__/__spack_path_placeholder__/__spack_path_placeholder__/__spack_path_placeholder__/__spack_path_placeholde/linux-ubuntu20.04-x86_64/clang-15.0.6/libxml2-2.10.3-2yymdxhoniemqbvetg5gt3zo7yo6yurp/lib;/spack/opt/spack/__spack_path_placeholder__/__spack_path_placeholder__/__spack_path_placeholder__/__spack_path_placeholder__/__spack_path_placeholder__/__spack_path_placeholder__/__spack_path_placeholder__/__spack_path_placeholder__/__spack_path_placeholde/linux-ubuntu20.04-x86_64/clang-15.0.6/libiconv-1.16-hxkyau7zweprjwiklx77xy5uk4jgc3gh/lib;/spack/opt/spack/__spack_path_placeholder__/__spack_path_placeholder__/__spack_path_placeholder__/__spack_path_placeholder__/__spack_path_placeholder__/__spack_path_placeholder__/__spack_path_placeholder__/__spack_path_placeholder__/__spack_path_placeholde/linux-ubuntu20.04-x86_64/clang-15.0.6/xz-5.2.7-qaeqhhnsciec4yu4n3d7oddsxbosp52k/lib;/spack/opt/spack/__spack_path_placeholder__/__spack_path_placeholder__/__spack_path_placeholder__/__spack_path_placeholder__/__spack_path_placeholder__/__spack_path_placeholder__/__spack_path_placeholder__/__spack_path_placeholder__/__spack_path_placeholde/linux-ubuntu20.04-x86_64/clang-15.0.6/zlib-1.2.13-2ekbc22kudeq7t7yi23ynvq5qb62lyrt/lib;/spack/opt/spack/__spack_path_placeholder__/__spack_path_placeholder__/__spack_path_placeholder__/__spack_path_placeholder__/__spack_path_placeholder__/__spack_path_placeholder__/__spack_path_placeholder__/__spack_path_placeholder__/__spack_path_placeholde/linux-ubuntu20.04-x86_64/clang-15.0.6/ncurses-6.3-3v6uyyykzsjdtxfwvikyposaxma6iaud/lib;/spack/opt/spack/__spack_path_placeholder__/__spack_path_placeholder__/__spack_path_placeholder__/__spack_path_placeholder__/__spack_path_placeholder__/__spack_path_placeholder__/__spack_path_placeholder__/__spack_path_placeholder__/__spack_path_placeholde/linux-ubuntu20.04-x86_64/clang-15.0.6/libfabric-1.16.1-pfo7welh32ltr6gmfvr3nsfbbuudefhm/lib;/spack/opt/spack/__spack_path_placeholder__/__spack_path_placeholder__/__spack_path_placeholder__/__spack_path_placeholder__/__spack_path_placeholder__/__spack_path_placeholder__/__spack_path_placeholder__/__spack_path_placeholder__/__spack_path_placeholde/linux-ubuntu20.04-x86_64/clang-15.0.6/yaksa-0.2-2o2pnoa6t4du5i64jbwrdw5awzdwglzw/lib;/spack/opt/spack/__spack_path_placeholder__/__spack_path_placeholder__/__spack_path_placeholder__/__spack_path_placeholder__/__spack_path_placeholder__/__spack_path_placeholder__/__spack_path_placeholder__/__spack_path_placeholder__/__spack_path_placeholde/linux-ubuntu20.04-x86_64/clang-15.0.6/netcdf-c-4.9.0-mpxejdft2skhx7zxgjrgvu2zuilmksda/lib;/spack/opt/spack/__spack_path_placeholder__/__spack_path_placeholder__/__spack_path_placeholder__/__spack_path_placeholder__/__spack_path_placeholder__/__spack_path_placeholder__/__spack_path_placeholder__/__spack_path_placeholder__/__spack_path_placeholde/linux-ubuntu20.04-x86_64/clang-15.0.6/hdf5-1.12.2-croa67xpmlguu4vjq6bmlyemvdr36buu/lib;/spack/opt/spack/__spack_path_placeholder__/__spack_path_placeholder__/__spack_path_placeholder__/__spack_path_placeholder__/__spack_path_placeholder__/__spack_path_placeholder__/__spack_path_placeholder__/__spack_path_placeholder__/__spack_path_placeholde/linux-ubuntu20.04-x86_64/clang-15.0.6/zstd-1.5.2-7cypj47seafzja4c2vo5ldbtyzwjoa3u/lib;/spack/opt/spack/__spack_path_placeholder__/__spack_path_placeholder__/__spack_path_placeholder__/__spack_path_placeholder__/__spack_path_placeholder__/__spack_path_placeholder__/__spack_path_placeholder__/__spack_path_placeholder__/__spack_path_placeholde/linux-ubuntu20.04-x86_64/clang-15.0.6/netcdf-fortran-4.6.0-skgx7p2j2toll5pmp5ebhvybn4ahjwnv/lib' '-DCMAKE_PREFIX_PATH:STRING=/spack/opt/spack/__spack_path_placeholder__/__spack_path_placeholder__/__spack_path_placeholder__/__spack_path_placeholder__/__spack_path_placeholder__/__spack_path_placeholder__/__spack_path_placeholder__/__spack_path_placeholder__/__spack_path_placeholde/linux-ubuntu20.04-x86_64/clang-15.0.6/netcdf-fortran-4.6.0-skgx7p2j2toll5pmp5ebhvybn4ahjwnv;/spack/opt/spack/__spack_path_placeholder__/__spack_path_placeholder__/__spack_path_placeholder__/__spack_path_placeholder__/__spack_path_placeholder__/__spack_path_placeholder__/__spack_path_placeholder__/__spack_path_placeholder__/__spack_path_placeholde/linux-ubuntu20.04-x86_64/clang-15.0.6/netcdf-c-4.9.0-mpxejdft2skhx7zxgjrgvu2zuilmksda;/spack/opt/spack/__spack_path_placeholder__/__spack_path_placeholder__/__spack_path_placeholder__/__spack_path_placeholder__/__spack_path_placeholder__/__spack_path_placeholder__/__spack_path_placeholder__/__spack_path_placeholder__/__spack_path_placeholde/linux-ubuntu20.04-x86_64/clang-15.0.6/hdf5-1.12.2-croa67xpmlguu4vjq6bmlyemvdr36buu;/spack/opt/spack/__spack_path_placeholder__/__spack_path_placeholder__/__spack_path_placeholder__/__spack_path_placeholder__/__spack_path_placeholder__/__spack_path_placeholder__/__spack_path_placeholder__/__spack_path_placeholder__/__spack_path_placeholde/linux-ubuntu20.04-x86_64/clang-15.0.6/mpich-4.0.2-ns2hn3cy4r3ror7wwqbauc56gehhktyt;/spack/opt/spack/__spack_path_placeholder__/__spack_path_placeholder__/__spack_path_placeholder__/__spack_path_placeholder__/__spack_path_placeholder__/__spack_path_placeholder__/__spack_path_placeholder__/__spack_path_placeholder__/__spack_path_placeholde/linux-ubuntu20.04-x86_64/clang-15.0.6/yaksa-0.2-2o2pnoa6t4du5i64jbwrdw5awzdwglzw;/spack/opt/spack/__spack_path_placeholder__/__spack_path_placeholder__/__spack_path_placeholder__/__spack_path_placeholder__/__spack_path_placeholder__/__spack_path_placeholder__/__spack_path_placeholder__/__spack_path_placeholder__/__spack_path_placeholde/linux-ubuntu20.04-x86_64/clang-15.0.6/zstd-1.5.2-7cypj47seafzja4c2vo5ldbtyzwjoa3u;/spack/opt/spack/__spack_path_placeholder__/__spack_path_placeholder__/__spack_path_placeholder__/__spack_path_placeholder__/__spack_path_placeholder__/__spack_path_placeholder__/__spack_path_placeholder__/__spack_path_placeholder__/__spack_path_placeholde/linux-ubuntu20.04-x86_64/clang-15.0.6/libfabric-1.16.1-pfo7welh32ltr6gmfvr3nsfbbuudefhm;/spack/opt/spack/__spack_path_placeholder__/__spack_path_placeholder__/__spack_path_placeholder__/__spack_path_placeholder__/__spack_path_placeholder__/__spack_path_placeholder__/__spack_path_placeholder__/__spack_path_placeholder__/__spack_path_placeholde/linux-ubuntu20.04-x86_64/clang-15.0.6/hwloc-2.8.0-jcqwo4y5qxvl4cfpfgje2tdffnoza3m7;/spack/opt/spack/__spack_path_placeholder__/__spack_path_placeholder__/__spack_path_placeholder__/__spack_path_placeholder__/__spack_path_placeholder__/__spack_path_placeholder__/__spack_path_placeholder__/__spack_path_placeholder__/__spack_path_placeholde/linux-ubuntu20.04-x86_64/clang-15.0.6/libxml2-2.10.3-2yymdxhoniemqbvetg5gt3zo7yo6yurp;/spack/opt/spack/__spack_path_placeholder__/__spack_path_placeholder__/__spack_path_placeholder__/__spack_path_placeholder__/__spack_path_placeholder__/__spack_path_placeholder__/__spack_path_placeholder__/__spack_path_placeholder__/__spack_path_placeholde/linux-ubuntu20.04-x86_64/clang-15.0.6/xz-5.2.7-qaeqhhnsciec4yu4n3d7oddsxbosp52k;/spack/opt/spack/__spack_path_placeholder__/__spack_path_placeholder__/__spack_path_placeholder__/__spack_path_placeholder__/__spack_path_placeholder__/__spack_path_placeholder__/__spack_path_placeholder__/__spack_path_placeholder__/__spack_path_placeholde/linux-ubuntu20.04-x86_64/clang-15.0.6/libpciaccess-0.16-c3bxkjrr4ywi4j7ttzs4m7tw5jyk74cm;/spack/opt/spack/__spack_path_placeholder__/__spack_path_placeholder__/__spack_path_placeholder__/__spack_path_placeholder__/__spack_path_placeholder__/__spack_path_placeholder__/__spack_path_placeholder__/__spack_path_placeholder__/__spack_path_placeholde/linux-ubuntu20.04-x86_64/clang-15.0.6/cmake-3.25.1-v7rz7lmdkwr2s46kk5i4o4bhj5t6bjun;/spack/opt/spack/__spack_path_placeholder__/__spack_path_placeholder__/__spack_path_placeholder__/__spack_path_placeholder__/__spack_path_placeholder__/__spack_path_placeholder__/__spack_path_placeholder__/__spack_path_placeholder__/__spack_path_placeholde/linux-ubuntu20.04-x86_64/clang-15.0.6/zlib-1.2.13-2ekbc22kudeq7t7yi23ynvq5qb62lyrt;/spack/opt/spack/__spack_path_placeholder__/__spack_path_placeholder__/__spack_path_placeholder__/__spack_path_placeholder__/__spack_path_placeholder__/__spack_path_placeholder__/__spack_path_placeholder__/__spack_path_placeholder__/__spack_path_placeholde/linux-ubuntu20.04-x86_64/clang-15.0.6/libiconv-1.16-hxkyau7zweprjwiklx77xy5uk4jgc3gh;/spack/opt/spack/__spack_path_placeholder__/__spack_path_placeholder__/__spack_path_placeholder__/__spack_path_placeholder__/__spack_path_placeholder__/__spack_path_placeholder__/__spack_path_placeholder__/__spack_path_placeholder__/__spack_path_placeholde/linux-ubuntu20.04-x86_64/clang-15.0.6/ncurses-6.3-3v6uyyykzsjdtxfwvikyposaxma6iaud' '-D64BIT:BOOL=ON' '-DGFS_PHYS:BOOL=ON' '-DOPENMP:BOOL=ON' '-DENABLE_QUAD_PRECISION:BOOL=ON' '' '' '' '-DCMAKE_C_COMPILER:STRING=/spack/opt/spack/__spack_path_placeholder__/__spack_path_placeholder__/__spack_path_placeholder__/__spack_path_placeholder__/__spack_path_placeholder__/__spack_path_placeholder__/__spack_path_placeholder__/__spack_path_placeholder__/__spack_path_placeholde/linux-ubuntu20.04-x86_64/clang-15.0.6/mpich-4.0.2-ns2hn3cy4r3ror7wwqbauc56gehhktyt/bin/mpicc' '-DCMAKE_CXX_COMPILER:STRING=/spack/opt/spack/__spack_path_placeholder__/__spack_path_placeholder__/__spack_path_placeholder__/__spack_path_placeholder__/__spack_path_placeholder__/__spack_path_placeholder__/__spack_path_placeholder__/__spack_path_placeholder__/__spack_path_placeholde/linux-ubuntu20.04-x86_64/clang-15.0.6/mpich-4.0.2-ns2hn3cy4r3ror7wwqbauc56gehhktyt/bin/mpic++' '-DCMAKE_Fortran_COMPILER:STRING=/spack/opt/spack/__spack_path_placeholder__/__spack_path_placeholder__/__spack_path_placeholder__/__spack_path_placeholder__/__spack_path_placeholder__/__spack_path_placeholder__/__spack_path_placeholder__/__spack_path_placeholder__/__spack_path_placeholde/linux-ubuntu20.04-x86_64/clang-15.0.6/mpich-4.0.2-ns2hn3cy4r3ror7wwqbauc56gehhktyt/bin/mpif90' '/tmp/root/spack-stage/spack-stage-fms-2019.01.03-z325zggijsfjxvkys36gojgf24fzoadm/spack-src'
==> Error: esmf-8.3.0b09-4alrwdyqoaxhzquncnogmnv2ayoybd3u: TypeError: expected str, bytes or os.PathLike object, not NoneType
==> Error: bufr-11.7.0-6ofk5pxpgzi2ugljjekp3xymxfdmnlxk: Package was not installed
==> Error: esmf-8.3.0b09-4alrwdyqoaxhzquncnogmnv2ayoybd3u: Package was not installed
==> Error: fms-2019.01.03-z325zggijsfjxvkys36gojgf24fzoadm: Package was not installed
==> Error: parallelio-2_5_4-d4fazwb2wwoy7i3rid6a46li5ojuhrwv: Package was not installed
==> Error: w3nco-2.4.1-z4ginocepzdyyvzlicejqqhdl7l3isux: Package was not installed
==> Error: Installation request failed.  Refer to reported errors for failing package(s).
