==> Starting concretization pool with 16 processes
==> Environment concretized in 28.04 seconds.
==> Concretized bacio@2.4.1
[+]  insck3s  bacio@2.4.1%nvhpc@22.11~ipo+pic build_system=cmake build_type=RelWithDebInfo arch=linux-ubuntu20.04-x86_64
[+]  vghw527      ^cmake@3.25.1%gcc@11.1.0~doc+ncurses+ownlibs~qt build_system=generic build_type=Release arch=linux-ubuntu20.04-x86_64
[+]  vpcvkau          ^ncurses@6.3%nvhpc@22.11~symlinks+termlib abi=none build_system=autotools arch=linux-ubuntu20.04-x86_64
[+]  sucikwl              ^pkgconf@1.8.0%nvhpc@22.11 build_system=autotools arch=linux-ubuntu20.04-x86_64
[+]  urs6pu7          ^openssl@1.1.1s%nvhpc@22.11~docs~shared build_system=generic certs=mozilla arch=linux-ubuntu20.04-x86_64
[+]  fn2so2a              ^ca-certificates-mozilla@2022-10-11%nvhpc@22.11 build_system=generic arch=linux-ubuntu20.04-x86_64
[+]  ygvh7b2              ^perl@5.36.0%nvhpc@22.11+cpanm+shared+threads build_system=generic arch=linux-ubuntu20.04-x86_64
[+]  cmg6vgl                  ^berkeley-db@18.1.40%nvhpc@22.11+cxx~docs+stl build_system=autotools patches=26090f4,b231fcc arch=linux-ubuntu20.04-x86_64
[+]  okoe73l                  ^bzip2@1.0.8%nvhpc@22.11~debug~pic+shared build_system=generic arch=linux-ubuntu20.04-x86_64
[+]  vaeyduy                      ^diffutils@3.7%nvhpc@22.11 build_system=autotools patches=6e42dc2 arch=linux-ubuntu20.04-x86_64
[+]  q7hfn57                          ^libiconv@1.16%nvhpc@22.11 build_system=autotools libs=shared,static arch=linux-ubuntu20.04-x86_64
[+]  mzr7wy5                  ^gdbm@1.23%nvhpc@22.11 build_system=autotools arch=linux-ubuntu20.04-x86_64
[+]  hdcq3sf                      ^readline@8.2%gcc@11.1.0 build_system=autotools patches=bbf97f1 arch=linux-ubuntu20.04-x86_64
[+]  3eurdp2              ^zlib@1.2.13%nvhpc@22.11+optimize+pic+shared build_system=makefile arch=linux-ubuntu20.04-x86_64

==> Concretized bison@3.8.2
[+]  3rqczrf  bison@3.8.2%nvhpc@22.11 build_system=autotools arch=linux-ubuntu20.04-x86_64
[+]  vaeyduy      ^diffutils@3.7%nvhpc@22.11 build_system=autotools patches=6e42dc2 arch=linux-ubuntu20.04-x86_64
[+]  q7hfn57          ^libiconv@1.16%nvhpc@22.11 build_system=autotools libs=shared,static arch=linux-ubuntu20.04-x86_64
[+]  sylqsk2      ^m4@1.4.19%nvhpc@22.11+sigsegv build_system=autotools patches=6985830,72bb1ad,9dc5fbd,bfdffa7 arch=linux-ubuntu20.04-x86_64
[+]  3etrspe          ^libsigsegv@2.13%nvhpc@22.11 build_system=autotools arch=linux-ubuntu20.04-x86_64
[+]  ygvh7b2      ^perl@5.36.0%nvhpc@22.11+cpanm+shared+threads build_system=generic arch=linux-ubuntu20.04-x86_64
[+]  cmg6vgl          ^berkeley-db@18.1.40%nvhpc@22.11+cxx~docs+stl build_system=autotools patches=26090f4,b231fcc arch=linux-ubuntu20.04-x86_64
[+]  okoe73l          ^bzip2@1.0.8%nvhpc@22.11~debug~pic+shared build_system=generic arch=linux-ubuntu20.04-x86_64
[+]  mzr7wy5          ^gdbm@1.23%nvhpc@22.11 build_system=autotools arch=linux-ubuntu20.04-x86_64
[+]  hdcq3sf              ^readline@8.2%gcc@11.1.0 build_system=autotools patches=bbf97f1 arch=linux-ubuntu20.04-x86_64
[+]  vpcvkau                  ^ncurses@6.3%nvhpc@22.11~symlinks+termlib abi=none build_system=autotools arch=linux-ubuntu20.04-x86_64
[+]  sucikwl                      ^pkgconf@1.8.0%nvhpc@22.11 build_system=autotools arch=linux-ubuntu20.04-x86_64
[+]  3eurdp2          ^zlib@1.2.13%nvhpc@22.11+optimize+pic+shared build_system=makefile arch=linux-ubuntu20.04-x86_64

==> Concretized ecbuild@3.6.5
[+]  l2rcxk4  ecbuild@3.6.5%nvhpc@22.11~ipo build_system=cmake build_type=RelWithDebInfo arch=linux-ubuntu20.04-x86_64
[+]  vghw527      ^cmake@3.25.1%gcc@11.1.0~doc+ncurses+ownlibs~qt build_system=generic build_type=Release arch=linux-ubuntu20.04-x86_64
[+]  vpcvkau          ^ncurses@6.3%nvhpc@22.11~symlinks+termlib abi=none build_system=autotools arch=linux-ubuntu20.04-x86_64
[+]  sucikwl              ^pkgconf@1.8.0%nvhpc@22.11 build_system=autotools arch=linux-ubuntu20.04-x86_64
[+]  urs6pu7          ^openssl@1.1.1s%nvhpc@22.11~docs~shared build_system=generic certs=mozilla arch=linux-ubuntu20.04-x86_64
[+]  fn2so2a              ^ca-certificates-mozilla@2022-10-11%nvhpc@22.11 build_system=generic arch=linux-ubuntu20.04-x86_64
[+]  ygvh7b2      ^perl@5.36.0%nvhpc@22.11+cpanm+shared+threads build_system=generic arch=linux-ubuntu20.04-x86_64
[+]  cmg6vgl          ^berkeley-db@18.1.40%nvhpc@22.11+cxx~docs+stl build_system=autotools patches=26090f4,b231fcc arch=linux-ubuntu20.04-x86_64
[+]  okoe73l          ^bzip2@1.0.8%nvhpc@22.11~debug~pic+shared build_system=generic arch=linux-ubuntu20.04-x86_64
[+]  vaeyduy              ^diffutils@3.7%nvhpc@22.11 build_system=autotools patches=6e42dc2 arch=linux-ubuntu20.04-x86_64
[+]  q7hfn57                  ^libiconv@1.16%nvhpc@22.11 build_system=autotools libs=shared,static arch=linux-ubuntu20.04-x86_64
[+]  mzr7wy5          ^gdbm@1.23%nvhpc@22.11 build_system=autotools arch=linux-ubuntu20.04-x86_64
[+]  hdcq3sf              ^readline@8.2%gcc@11.1.0 build_system=autotools patches=bbf97f1 arch=linux-ubuntu20.04-x86_64
[+]  3eurdp2          ^zlib@1.2.13%nvhpc@22.11+optimize+pic+shared build_system=makefile arch=linux-ubuntu20.04-x86_64

==> Concretized eccodes@2.25.0
[+]  rdtjtv4  eccodes@2.25.0%nvhpc@22.11~aec~fortran~ipo~memfs~netcdf~openmp~png~pthreads+shared~tools build_system=cmake build_type=RelWithDebInfo definitions=auto jp2k=openjpeg samples=auto arch=linux-ubuntu20.04-x86_64
[+]  vghw527      ^cmake@3.25.1%gcc@11.1.0~doc+ncurses+ownlibs~qt build_system=generic build_type=Release arch=linux-ubuntu20.04-x86_64
[+]  vpcvkau          ^ncurses@6.3%nvhpc@22.11~symlinks+termlib abi=none build_system=autotools arch=linux-ubuntu20.04-x86_64
[+]  sucikwl              ^pkgconf@1.8.0%nvhpc@22.11 build_system=autotools arch=linux-ubuntu20.04-x86_64
[+]  urs6pu7          ^openssl@1.1.1s%nvhpc@22.11~docs~shared build_system=generic certs=mozilla arch=linux-ubuntu20.04-x86_64
[+]  fn2so2a              ^ca-certificates-mozilla@2022-10-11%nvhpc@22.11 build_system=generic arch=linux-ubuntu20.04-x86_64
[+]  ygvh7b2              ^perl@5.36.0%nvhpc@22.11+cpanm+shared+threads build_system=generic arch=linux-ubuntu20.04-x86_64
[+]  cmg6vgl                  ^berkeley-db@18.1.40%nvhpc@22.11+cxx~docs+stl build_system=autotools patches=26090f4,b231fcc arch=linux-ubuntu20.04-x86_64
[+]  okoe73l                  ^bzip2@1.0.8%nvhpc@22.11~debug~pic+shared build_system=generic arch=linux-ubuntu20.04-x86_64
[+]  vaeyduy                      ^diffutils@3.7%nvhpc@22.11 build_system=autotools patches=6e42dc2 arch=linux-ubuntu20.04-x86_64
[+]  q7hfn57                          ^libiconv@1.16%nvhpc@22.11 build_system=autotools libs=shared,static arch=linux-ubuntu20.04-x86_64
[+]  mzr7wy5                  ^gdbm@1.23%nvhpc@22.11 build_system=autotools arch=linux-ubuntu20.04-x86_64
[+]  hdcq3sf                      ^readline@8.2%gcc@11.1.0 build_system=autotools patches=bbf97f1 arch=linux-ubuntu20.04-x86_64
[+]  3eurdp2              ^zlib@1.2.13%nvhpc@22.11+optimize+pic+shared build_system=makefile arch=linux-ubuntu20.04-x86_64
[+]  3sa2eri      ^openjpeg@2.3.1%nvhpc@22.11~codec~ipo build_system=cmake build_type=RelWithDebInfo arch=linux-ubuntu20.04-x86_64

==> Concretized eckit@1.19.0
[+]  qjtgqsx  eckit@1.19.0%nvhpc@22.11+admin+aio~curl~ipo~jemalloc+mpi+sql~ssl+tools+unicode+xxhash build_system=cmake build_type=RelWithDebInfo compression=none linalg=none arch=linux-ubuntu20.04-x86_64
[+]  3rqczrf      ^bison@3.8.2%nvhpc@22.11 build_system=autotools arch=linux-ubuntu20.04-x86_64
[+]  vaeyduy          ^diffutils@3.7%nvhpc@22.11 build_system=autotools patches=6e42dc2 arch=linux-ubuntu20.04-x86_64
[+]  q7hfn57              ^libiconv@1.16%nvhpc@22.11 build_system=autotools libs=shared,static arch=linux-ubuntu20.04-x86_64
[+]  sylqsk2          ^m4@1.4.19%nvhpc@22.11+sigsegv build_system=autotools patches=6985830,72bb1ad,9dc5fbd,bfdffa7 arch=linux-ubuntu20.04-x86_64
[+]  3etrspe              ^libsigsegv@2.13%nvhpc@22.11 build_system=autotools arch=linux-ubuntu20.04-x86_64
[+]  ygvh7b2          ^perl@5.36.0%nvhpc@22.11+cpanm+shared+threads build_system=generic arch=linux-ubuntu20.04-x86_64
[+]  cmg6vgl              ^berkeley-db@18.1.40%nvhpc@22.11+cxx~docs+stl build_system=autotools patches=26090f4,b231fcc arch=linux-ubuntu20.04-x86_64
[+]  okoe73l              ^bzip2@1.0.8%nvhpc@22.11~debug~pic+shared build_system=generic arch=linux-ubuntu20.04-x86_64
[+]  mzr7wy5              ^gdbm@1.23%nvhpc@22.11 build_system=autotools arch=linux-ubuntu20.04-x86_64
[+]  hdcq3sf                  ^readline@8.2%gcc@11.1.0 build_system=autotools patches=bbf97f1 arch=linux-ubuntu20.04-x86_64
[+]  vghw527      ^cmake@3.25.1%gcc@11.1.0~doc+ncurses+ownlibs~qt build_system=generic build_type=Release arch=linux-ubuntu20.04-x86_64
[+]  urs6pu7          ^openssl@1.1.1s%nvhpc@22.11~docs~shared build_system=generic certs=mozilla arch=linux-ubuntu20.04-x86_64
[+]  fn2so2a              ^ca-certificates-mozilla@2022-10-11%nvhpc@22.11 build_system=generic arch=linux-ubuntu20.04-x86_64
[+]  l2rcxk4      ^ecbuild@3.6.5%nvhpc@22.11~ipo build_system=cmake build_type=RelWithDebInfo arch=linux-ubuntu20.04-x86_64
[+]  xt7lztf      ^flex@2.6.3%nvhpc@22.11+lex~nls build_system=autotools arch=linux-ubuntu20.04-x86_64
[+]  jp2ioqn          ^findutils@4.9.0%nvhpc@22.11 build_system=autotools patches=440b954 arch=linux-ubuntu20.04-x86_64
[+]  vpcvkau      ^ncurses@6.3%nvhpc@22.11~symlinks+termlib abi=none build_system=autotools arch=linux-ubuntu20.04-x86_64
[+]  sucikwl          ^pkgconf@1.8.0%nvhpc@22.11 build_system=autotools arch=linux-ubuntu20.04-x86_64
[+]  fsxopge      ^openmpi@4.1.4%nvhpc@22.11~atomics~cuda~cxx~cxx_exceptions~gpfs~internal-hwloc~java~legacylaunchers~lustre~memchecker~orterunprefix+romio+rsh~singularity+static+vt+wrapper-rpath build_system=autotools fabrics=none schedulers=none arch=linux-ubuntu20.04-x86_64
[+]  miotk5g          ^hwloc@2.8.0%nvhpc@22.11~cairo~cuda~gl~libudev+libxml2~netloc~nvml~oneapi-level-zero~opencl+pci~rocm build_system=autotools libs=shared,static arch=linux-ubuntu20.04-x86_64
[+]  pm4rcuq              ^libpciaccess@0.16%nvhpc@22.11 build_system=autotools patches=6e08dc4 arch=linux-ubuntu20.04-x86_64
[+]  x5yxndh                  ^util-macros@1.19.3%nvhpc@22.11 build_system=autotools arch=linux-ubuntu20.04-x86_64
[+]  s6pnymp              ^libxml2@2.10.3%nvhpc@22.11~python build_system=autotools arch=linux-ubuntu20.04-x86_64
[+]  g2fdtei                  ^xz@5.2.7%gcc@11.1.0~pic build_system=autotools libs=shared,static arch=linux-ubuntu20.04-x86_64
[+]  boppvrg          ^numactl@2.0.14%nvhpc@22.11 build_system=autotools patches=4e1d78c,62fc8a8,ff37630 arch=linux-ubuntu20.04-x86_64
[+]  vfxclvk              ^autoconf@2.69%nvhpc@22.11 build_system=autotools patches=35c4492,7793209,a49dd5b arch=linux-ubuntu20.04-x86_64
[+]  m5ulpgf              ^automake@1.16.5%nvhpc@22.11 build_system=autotools arch=linux-ubuntu20.04-x86_64
[+]  lk7iieq              ^libtool@2.4.7%nvhpc@22.11 build_system=autotools arch=linux-ubuntu20.04-x86_64
[+]  hxx3b4q          ^openssh@9.1p1%nvhpc@22.11+gssapi build_system=autotools arch=linux-ubuntu20.04-x86_64
[+]  xhg7qxj              ^krb5@1.20.1%nvhpc@22.11+shared build_system=autotools arch=linux-ubuntu20.04-x86_64
[+]  6wkkjde                  ^gettext@0.21.1%nvhpc@22.11+bzip2+curses+git~libunistring+libxml2+tar+xz build_system=autotools patches=6e530da,fb27a3f arch=linux-ubuntu20.04-x86_64
[+]  vqzbeuw                      ^tar@1.30%nvhpc@22.11 build_system=autotools patches=4e8cdf6 zip=pigz arch=linux-ubuntu20.04-x86_64
[+]  wltysiq                          ^pigz@2.7%nvhpc@22.11 build_system=makefile arch=linux-ubuntu20.04-x86_64
[+]  m6d5nmk              ^libedit@3.1-20210216%nvhpc@22.11 build_system=autotools arch=linux-ubuntu20.04-x86_64
[+]  zywksgf              ^libxcrypt@4.4.33%gcc@11.1.0~obsolete_api build_system=autotools arch=linux-ubuntu20.04-x86_64
[+]  qxpx5hq          ^pmix@4.1.2%nvhpc@22.11~docs+pmi_backwards_compatibility~python~restful build_system=autotools arch=linux-ubuntu20.04-x86_64
[+]  svbtj6w              ^libevent@2.1.12%nvhpc@22.11+openssl build_system=autotools arch=linux-ubuntu20.04-x86_64
[+]  3eurdp2          ^zlib@1.2.13%nvhpc@22.11+optimize+pic+shared build_system=makefile arch=linux-ubuntu20.04-x86_64

==> Concretized eigen@3.4.0
[+]  gjoo2sp  eigen@3.4.0%nvhpc@22.11~ipo build_system=cmake build_type=RelWithDebInfo arch=linux-ubuntu20.04-x86_64
[+]  vghw527      ^cmake@3.25.1%gcc@11.1.0~doc+ncurses+ownlibs~qt build_system=generic build_type=Release arch=linux-ubuntu20.04-x86_64
[+]  vpcvkau          ^ncurses@6.3%nvhpc@22.11~symlinks+termlib abi=none build_system=autotools arch=linux-ubuntu20.04-x86_64
[+]  sucikwl              ^pkgconf@1.8.0%nvhpc@22.11 build_system=autotools arch=linux-ubuntu20.04-x86_64
[+]  urs6pu7          ^openssl@1.1.1s%nvhpc@22.11~docs~shared build_system=generic certs=mozilla arch=linux-ubuntu20.04-x86_64
[+]  fn2so2a              ^ca-certificates-mozilla@2022-10-11%nvhpc@22.11 build_system=generic arch=linux-ubuntu20.04-x86_64
[+]  ygvh7b2              ^perl@5.36.0%nvhpc@22.11+cpanm+shared+threads build_system=generic arch=linux-ubuntu20.04-x86_64
[+]  cmg6vgl                  ^berkeley-db@18.1.40%nvhpc@22.11+cxx~docs+stl build_system=autotools patches=26090f4,b231fcc arch=linux-ubuntu20.04-x86_64
[+]  okoe73l                  ^bzip2@1.0.8%nvhpc@22.11~debug~pic+shared build_system=generic arch=linux-ubuntu20.04-x86_64
[+]  vaeyduy                      ^diffutils@3.7%nvhpc@22.11 build_system=autotools patches=6e42dc2 arch=linux-ubuntu20.04-x86_64
[+]  q7hfn57                          ^libiconv@1.16%nvhpc@22.11 build_system=autotools libs=shared,static arch=linux-ubuntu20.04-x86_64
[+]  mzr7wy5                  ^gdbm@1.23%nvhpc@22.11 build_system=autotools arch=linux-ubuntu20.04-x86_64
[+]  hdcq3sf                      ^readline@8.2%gcc@11.1.0 build_system=autotools patches=bbf97f1 arch=linux-ubuntu20.04-x86_64
[+]  3eurdp2              ^zlib@1.2.13%nvhpc@22.11+optimize+pic+shared build_system=makefile arch=linux-ubuntu20.04-x86_64

==> Concretized esmf@8.3.0b09+pio
[+]  7rrlnrr  esmf@8.3.0b09%nvhpc@22.11~debug~external-lapack+mpi+netcdf~parallelio+pio+pnetcdf+shared+xerces build_system=makefile arch=linux-ubuntu20.04-x86_64
[+]  s6pnymp      ^libxml2@2.10.3%nvhpc@22.11~python build_system=autotools arch=linux-ubuntu20.04-x86_64
[+]  q7hfn57          ^libiconv@1.16%nvhpc@22.11 build_system=autotools libs=shared,static arch=linux-ubuntu20.04-x86_64
[+]  sucikwl          ^pkgconf@1.8.0%nvhpc@22.11 build_system=autotools arch=linux-ubuntu20.04-x86_64
[+]  g2fdtei          ^xz@5.2.7%gcc@11.1.0~pic build_system=autotools libs=shared,static arch=linux-ubuntu20.04-x86_64
[+]  6r6uuce      ^netcdf-c@4.9.0%nvhpc@22.11~dap~fsync~hdf4~jna+mpi+optimize~parallel-netcdf+pic+shared+zstd build_system=autotools arch=linux-ubuntu20.04-x86_64
[+]  aexzcil          ^hdf5@1.12.2%nvhpc@22.11~cxx~fortran+hl~ipo~java+mpi+shared~szip~threadsafe+tools api=default build_system=cmake build_type=RelWithDebInfo arch=linux-ubuntu20.04-x86_64
[+]  vghw527              ^cmake@3.25.1%gcc@11.1.0~doc+ncurses+ownlibs~qt build_system=generic build_type=Release arch=linux-ubuntu20.04-x86_64
[+]  sylqsk2          ^m4@1.4.19%nvhpc@22.11+sigsegv build_system=autotools patches=6985830,72bb1ad,9dc5fbd,bfdffa7 arch=linux-ubuntu20.04-x86_64
[+]  vaeyduy              ^diffutils@3.7%nvhpc@22.11 build_system=autotools patches=6e42dc2 arch=linux-ubuntu20.04-x86_64
[+]  3etrspe              ^libsigsegv@2.13%nvhpc@22.11 build_system=autotools arch=linux-ubuntu20.04-x86_64
[+]  dksiqmu          ^zstd@1.5.2%nvhpc@22.11~programs build_system=makefile libs=shared,static arch=linux-ubuntu20.04-x86_64
[+]  ke4q4fe      ^netcdf-fortran@4.6.0%nvhpc@22.11~doc+pic+shared build_system=autotools arch=linux-ubuntu20.04-x86_64
[+]  fsxopge      ^openmpi@4.1.4%nvhpc@22.11~atomics~cuda~cxx~cxx_exceptions~gpfs~internal-hwloc~java~legacylaunchers~lustre~memchecker~orterunprefix+romio+rsh~singularity+static+vt+wrapper-rpath build_system=autotools fabrics=none schedulers=none arch=linux-ubuntu20.04-x86_64
[+]  miotk5g          ^hwloc@2.8.0%nvhpc@22.11~cairo~cuda~gl~libudev+libxml2~netloc~nvml~oneapi-level-zero~opencl+pci~rocm build_system=autotools libs=shared,static arch=linux-ubuntu20.04-x86_64
[+]  pm4rcuq              ^libpciaccess@0.16%nvhpc@22.11 build_system=autotools patches=6e08dc4 arch=linux-ubuntu20.04-x86_64
[+]  x5yxndh                  ^util-macros@1.19.3%nvhpc@22.11 build_system=autotools arch=linux-ubuntu20.04-x86_64
[+]  vpcvkau              ^ncurses@6.3%nvhpc@22.11~symlinks+termlib abi=none build_system=autotools arch=linux-ubuntu20.04-x86_64
[+]  boppvrg          ^numactl@2.0.14%nvhpc@22.11 build_system=autotools patches=4e1d78c,62fc8a8,ff37630 arch=linux-ubuntu20.04-x86_64
[+]  vfxclvk              ^autoconf@2.69%nvhpc@22.11 build_system=autotools patches=35c4492,7793209,a49dd5b arch=linux-ubuntu20.04-x86_64
[+]  m5ulpgf              ^automake@1.16.5%nvhpc@22.11 build_system=autotools arch=linux-ubuntu20.04-x86_64
[+]  lk7iieq              ^libtool@2.4.7%nvhpc@22.11 build_system=autotools arch=linux-ubuntu20.04-x86_64
[+]  hxx3b4q          ^openssh@9.1p1%nvhpc@22.11+gssapi build_system=autotools arch=linux-ubuntu20.04-x86_64
[+]  xhg7qxj              ^krb5@1.20.1%nvhpc@22.11+shared build_system=autotools arch=linux-ubuntu20.04-x86_64
[+]  3rqczrf                  ^bison@3.8.2%nvhpc@22.11 build_system=autotools arch=linux-ubuntu20.04-x86_64
[+]  6wkkjde                  ^gettext@0.21.1%nvhpc@22.11+bzip2+curses+git~libunistring+libxml2+tar+xz build_system=autotools patches=6e530da,fb27a3f arch=linux-ubuntu20.04-x86_64
[+]  vqzbeuw                      ^tar@1.30%nvhpc@22.11 build_system=autotools patches=4e8cdf6 zip=pigz arch=linux-ubuntu20.04-x86_64
[+]  wltysiq                          ^pigz@2.7%nvhpc@22.11 build_system=makefile arch=linux-ubuntu20.04-x86_64
[+]  m6d5nmk              ^libedit@3.1-20210216%nvhpc@22.11 build_system=autotools arch=linux-ubuntu20.04-x86_64
[+]  zywksgf              ^libxcrypt@4.4.33%gcc@11.1.0~obsolete_api build_system=autotools arch=linux-ubuntu20.04-x86_64
[+]  urs6pu7              ^openssl@1.1.1s%nvhpc@22.11~docs~shared build_system=generic certs=mozilla arch=linux-ubuntu20.04-x86_64
[+]  fn2so2a                  ^ca-certificates-mozilla@2022-10-11%nvhpc@22.11 build_system=generic arch=linux-ubuntu20.04-x86_64
[+]  ygvh7b2          ^perl@5.36.0%nvhpc@22.11+cpanm+shared+threads build_system=generic arch=linux-ubuntu20.04-x86_64
[+]  cmg6vgl              ^berkeley-db@18.1.40%nvhpc@22.11+cxx~docs+stl build_system=autotools patches=26090f4,b231fcc arch=linux-ubuntu20.04-x86_64
[+]  okoe73l              ^bzip2@1.0.8%nvhpc@22.11~debug~pic+shared build_system=generic arch=linux-ubuntu20.04-x86_64
[+]  mzr7wy5              ^gdbm@1.23%nvhpc@22.11 build_system=autotools arch=linux-ubuntu20.04-x86_64
[+]  hdcq3sf                  ^readline@8.2%gcc@11.1.0 build_system=autotools patches=bbf97f1 arch=linux-ubuntu20.04-x86_64
[+]  qxpx5hq          ^pmix@4.1.2%nvhpc@22.11~docs+pmi_backwards_compatibility~python~restful build_system=autotools arch=linux-ubuntu20.04-x86_64
[+]  svbtj6w              ^libevent@2.1.12%nvhpc@22.11+openssl build_system=autotools arch=linux-ubuntu20.04-x86_64
[+]  rsx46je      ^parallel-netcdf@1.12.3%nvhpc@22.11~burstbuffer+cxx+fortran+pic+shared build_system=autotools arch=linux-ubuntu20.04-x86_64
[+]  h3xiqda      ^xerces-c@3.2.3%nvhpc@22.11 build_system=autotools cxxstd=default netaccessor=curl transcoder=gnuiconv arch=linux-ubuntu20.04-x86_64
[+]  y6jc7nl          ^curl@7.85.0%nvhpc@22.11~gssapi~ldap~libidn2~librtmp~libssh~libssh2~nghttp2 build_system=autotools libs=shared,static tls=openssl arch=linux-ubuntu20.04-x86_64
[+]  3eurdp2      ^zlib@1.2.13%nvhpc@22.11+optimize+pic+shared build_system=makefile arch=linux-ubuntu20.04-x86_64

==> Concretized flex@2.6.4
[+]  4tbsbn4  flex@2.6.4%nvhpc@22.11+lex~nls build_system=autotools patches=f8b85a0 arch=linux-ubuntu20.04-x86_64
[+]  vfxclvk      ^autoconf@2.69%nvhpc@22.11 build_system=autotools patches=35c4492,7793209,a49dd5b arch=linux-ubuntu20.04-x86_64
[+]  ygvh7b2          ^perl@5.36.0%nvhpc@22.11+cpanm+shared+threads build_system=generic arch=linux-ubuntu20.04-x86_64
[+]  cmg6vgl              ^berkeley-db@18.1.40%nvhpc@22.11+cxx~docs+stl build_system=autotools patches=26090f4,b231fcc arch=linux-ubuntu20.04-x86_64
[+]  mzr7wy5              ^gdbm@1.23%nvhpc@22.11 build_system=autotools arch=linux-ubuntu20.04-x86_64
[+]  hdcq3sf                  ^readline@8.2%gcc@11.1.0 build_system=autotools patches=bbf97f1 arch=linux-ubuntu20.04-x86_64
[+]  3eurdp2              ^zlib@1.2.13%nvhpc@22.11+optimize+pic+shared build_system=makefile arch=linux-ubuntu20.04-x86_64
[+]  m5ulpgf      ^automake@1.16.5%nvhpc@22.11 build_system=autotools arch=linux-ubuntu20.04-x86_64
[+]  3rqczrf      ^bison@3.8.2%nvhpc@22.11 build_system=autotools arch=linux-ubuntu20.04-x86_64
[+]  vaeyduy      ^diffutils@3.7%nvhpc@22.11 build_system=autotools patches=6e42dc2 arch=linux-ubuntu20.04-x86_64
[+]  q7hfn57          ^libiconv@1.16%nvhpc@22.11 build_system=autotools libs=shared,static arch=linux-ubuntu20.04-x86_64
[+]  jp2ioqn      ^findutils@4.9.0%nvhpc@22.11 build_system=autotools patches=440b954 arch=linux-ubuntu20.04-x86_64
[+]  6wkkjde      ^gettext@0.21.1%nvhpc@22.11+bzip2+curses+git~libunistring+libxml2+tar+xz build_system=autotools patches=6e530da,fb27a3f arch=linux-ubuntu20.04-x86_64
[+]  okoe73l          ^bzip2@1.0.8%nvhpc@22.11~debug~pic+shared build_system=generic arch=linux-ubuntu20.04-x86_64
[+]  s6pnymp          ^libxml2@2.10.3%nvhpc@22.11~python build_system=autotools arch=linux-ubuntu20.04-x86_64
[+]  sucikwl              ^pkgconf@1.8.0%nvhpc@22.11 build_system=autotools arch=linux-ubuntu20.04-x86_64
[+]  vpcvkau          ^ncurses@6.3%nvhpc@22.11~symlinks+termlib abi=none build_system=autotools arch=linux-ubuntu20.04-x86_64
[+]  vqzbeuw          ^tar@1.30%nvhpc@22.11 build_system=autotools patches=4e8cdf6 zip=pigz arch=linux-ubuntu20.04-x86_64
[+]  wltysiq              ^pigz@2.7%nvhpc@22.11 build_system=makefile arch=linux-ubuntu20.04-x86_64
[+]  g2fdtei          ^xz@5.2.7%gcc@11.1.0~pic build_system=autotools libs=shared,static arch=linux-ubuntu20.04-x86_64
[+]  xryrbl2      ^help2man@1.47.16%nvhpc@22.11 build_system=autotools arch=linux-ubuntu20.04-x86_64
[+]  lk7iieq      ^libtool@2.4.7%nvhpc@22.11 build_system=autotools arch=linux-ubuntu20.04-x86_64
[+]  sylqsk2      ^m4@1.4.19%nvhpc@22.11+sigsegv build_system=autotools patches=6985830,72bb1ad,9dc5fbd,bfdffa7 arch=linux-ubuntu20.04-x86_64
[+]  3etrspe          ^libsigsegv@2.13%nvhpc@22.11 build_system=autotools arch=linux-ubuntu20.04-x86_64

==> Concretized g2@3.4.5
[+]  nnssfno  g2@3.4.5%nvhpc@22.11~ipo build_system=cmake build_type=RelWithDebInfo arch=linux-ubuntu20.04-x86_64
[+]  vghw527      ^cmake@3.25.1%gcc@11.1.0~doc+ncurses+ownlibs~qt build_system=generic build_type=Release arch=linux-ubuntu20.04-x86_64
[+]  vpcvkau          ^ncurses@6.3%nvhpc@22.11~symlinks+termlib abi=none build_system=autotools arch=linux-ubuntu20.04-x86_64
[+]  sucikwl              ^pkgconf@1.8.0%nvhpc@22.11 build_system=autotools arch=linux-ubuntu20.04-x86_64
[+]  urs6pu7          ^openssl@1.1.1s%nvhpc@22.11~docs~shared build_system=generic certs=mozilla arch=linux-ubuntu20.04-x86_64
[+]  fn2so2a              ^ca-certificates-mozilla@2022-10-11%nvhpc@22.11 build_system=generic arch=linux-ubuntu20.04-x86_64
[+]  ygvh7b2              ^perl@5.36.0%nvhpc@22.11+cpanm+shared+threads build_system=generic arch=linux-ubuntu20.04-x86_64
[+]  cmg6vgl                  ^berkeley-db@18.1.40%nvhpc@22.11+cxx~docs+stl build_system=autotools patches=26090f4,b231fcc arch=linux-ubuntu20.04-x86_64
[+]  okoe73l                  ^bzip2@1.0.8%nvhpc@22.11~debug~pic+shared build_system=generic arch=linux-ubuntu20.04-x86_64
[+]  vaeyduy                      ^diffutils@3.7%nvhpc@22.11 build_system=autotools patches=6e42dc2 arch=linux-ubuntu20.04-x86_64
[+]  q7hfn57                          ^libiconv@1.16%nvhpc@22.11 build_system=autotools libs=shared,static arch=linux-ubuntu20.04-x86_64
[+]  mzr7wy5                  ^gdbm@1.23%nvhpc@22.11 build_system=autotools arch=linux-ubuntu20.04-x86_64
[+]  hdcq3sf                      ^readline@8.2%gcc@11.1.0 build_system=autotools patches=bbf97f1 arch=linux-ubuntu20.04-x86_64
[+]  3zk4pzq      ^jasper@2.0.32%gcc@11.1.0+jpeg~opengl+shared build_system=generic build_type=Release arch=linux-ubuntu20.04-x86_64
[+]  tv4mtvs          ^libjpeg-turbo@2.1.4%nvhpc@22.11~ipo~jpeg8+shared+static build_system=cmake build_type=RelWithDebInfo arch=linux-ubuntu20.04-x86_64
[+]  g57p4w5              ^nasm@2.15.05%nvhpc@22.11 build_system=autotools arch=linux-ubuntu20.04-x86_64
[+]  xurqyx6      ^libpng@1.6.37%nvhpc@22.11 build_system=autotools libs=shared,static arch=linux-ubuntu20.04-x86_64
[+]  3eurdp2          ^zlib@1.2.13%nvhpc@22.11+optimize+pic+shared build_system=makefile arch=linux-ubuntu20.04-x86_64

==> Concretized g2tmpl@1.10.0
[+]  2kmagtr  g2tmpl@1.10.0%nvhpc@22.11~ipo build_system=cmake build_type=RelWithDebInfo arch=linux-ubuntu20.04-x86_64
[+]  vghw527      ^cmake@3.25.1%gcc@11.1.0~doc+ncurses+ownlibs~qt build_system=generic build_type=Release arch=linux-ubuntu20.04-x86_64
[+]  vpcvkau          ^ncurses@6.3%nvhpc@22.11~symlinks+termlib abi=none build_system=autotools arch=linux-ubuntu20.04-x86_64
[+]  sucikwl              ^pkgconf@1.8.0%nvhpc@22.11 build_system=autotools arch=linux-ubuntu20.04-x86_64
[+]  urs6pu7          ^openssl@1.1.1s%nvhpc@22.11~docs~shared build_system=generic certs=mozilla arch=linux-ubuntu20.04-x86_64
[+]  fn2so2a              ^ca-certificates-mozilla@2022-10-11%nvhpc@22.11 build_system=generic arch=linux-ubuntu20.04-x86_64
[+]  ygvh7b2              ^perl@5.36.0%nvhpc@22.11+cpanm+shared+threads build_system=generic arch=linux-ubuntu20.04-x86_64
[+]  cmg6vgl                  ^berkeley-db@18.1.40%nvhpc@22.11+cxx~docs+stl build_system=autotools patches=26090f4,b231fcc arch=linux-ubuntu20.04-x86_64
[+]  okoe73l                  ^bzip2@1.0.8%nvhpc@22.11~debug~pic+shared build_system=generic arch=linux-ubuntu20.04-x86_64
[+]  vaeyduy                      ^diffutils@3.7%nvhpc@22.11 build_system=autotools patches=6e42dc2 arch=linux-ubuntu20.04-x86_64
[+]  q7hfn57                          ^libiconv@1.16%nvhpc@22.11 build_system=autotools libs=shared,static arch=linux-ubuntu20.04-x86_64
[+]  mzr7wy5                  ^gdbm@1.23%nvhpc@22.11 build_system=autotools arch=linux-ubuntu20.04-x86_64
[+]  hdcq3sf                      ^readline@8.2%gcc@11.1.0 build_system=autotools patches=bbf97f1 arch=linux-ubuntu20.04-x86_64
[+]  3eurdp2              ^zlib@1.2.13%nvhpc@22.11+optimize+pic+shared build_system=makefile arch=linux-ubuntu20.04-x86_64

==> Concretized hdf@4.2.15
[+]  dl6umn7  hdf@4.2.15%nvhpc@22.11+external-xdr~fortran~java~netcdf+pic~shared~szip build_system=autotools patches=49733dd,5434f29,ce75518,d54592d,f7d67e8 arch=linux-ubuntu20.04-x86_64
[+]  3rqczrf      ^bison@3.8.2%nvhpc@22.11 build_system=autotools arch=linux-ubuntu20.04-x86_64
[+]  vaeyduy          ^diffutils@3.7%nvhpc@22.11 build_system=autotools patches=6e42dc2 arch=linux-ubuntu20.04-x86_64
[+]  q7hfn57              ^libiconv@1.16%nvhpc@22.11 build_system=autotools libs=shared,static arch=linux-ubuntu20.04-x86_64
[+]  sylqsk2          ^m4@1.4.19%nvhpc@22.11+sigsegv build_system=autotools patches=6985830,72bb1ad,9dc5fbd,bfdffa7 arch=linux-ubuntu20.04-x86_64
[+]  3etrspe              ^libsigsegv@2.13%nvhpc@22.11 build_system=autotools arch=linux-ubuntu20.04-x86_64
[+]  ygvh7b2          ^perl@5.36.0%nvhpc@22.11+cpanm+shared+threads build_system=generic arch=linux-ubuntu20.04-x86_64
[+]  cmg6vgl              ^berkeley-db@18.1.40%nvhpc@22.11+cxx~docs+stl build_system=autotools patches=26090f4,b231fcc arch=linux-ubuntu20.04-x86_64
[+]  okoe73l              ^bzip2@1.0.8%nvhpc@22.11~debug~pic+shared build_system=generic arch=linux-ubuntu20.04-x86_64
[+]  mzr7wy5              ^gdbm@1.23%nvhpc@22.11 build_system=autotools arch=linux-ubuntu20.04-x86_64
[+]  hdcq3sf                  ^readline@8.2%gcc@11.1.0 build_system=autotools patches=bbf97f1 arch=linux-ubuntu20.04-x86_64
[+]  xt7lztf      ^flex@2.6.3%nvhpc@22.11+lex~nls build_system=autotools arch=linux-ubuntu20.04-x86_64
[+]  jp2ioqn          ^findutils@4.9.0%nvhpc@22.11 build_system=autotools patches=440b954 arch=linux-ubuntu20.04-x86_64
[+]  tv4mtvs      ^libjpeg-turbo@2.1.4%nvhpc@22.11~ipo~jpeg8+shared+static build_system=cmake build_type=RelWithDebInfo arch=linux-ubuntu20.04-x86_64
[+]  vghw527          ^cmake@3.25.1%gcc@11.1.0~doc+ncurses+ownlibs~qt build_system=generic build_type=Release arch=linux-ubuntu20.04-x86_64
[+]  vpcvkau              ^ncurses@6.3%nvhpc@22.11~symlinks+termlib abi=none build_system=autotools arch=linux-ubuntu20.04-x86_64
[+]  sucikwl                  ^pkgconf@1.8.0%nvhpc@22.11 build_system=autotools arch=linux-ubuntu20.04-x86_64
[+]  urs6pu7              ^openssl@1.1.1s%nvhpc@22.11~docs~shared build_system=generic certs=mozilla arch=linux-ubuntu20.04-x86_64
[+]  fn2so2a                  ^ca-certificates-mozilla@2022-10-11%nvhpc@22.11 build_system=generic arch=linux-ubuntu20.04-x86_64
[+]  g57p4w5          ^nasm@2.15.05%nvhpc@22.11 build_system=autotools arch=linux-ubuntu20.04-x86_64
[+]  zzokrj2      ^libtirpc@1.2.6%nvhpc@22.11 build_system=autotools patches=d087e44 arch=linux-ubuntu20.04-x86_64
[+]  xhg7qxj          ^krb5@1.20.1%nvhpc@22.11+shared build_system=autotools arch=linux-ubuntu20.04-x86_64
[+]  6wkkjde              ^gettext@0.21.1%nvhpc@22.11+bzip2+curses+git~libunistring+libxml2+tar+xz build_system=autotools patches=6e530da,fb27a3f arch=linux-ubuntu20.04-x86_64
[+]  s6pnymp                  ^libxml2@2.10.3%nvhpc@22.11~python build_system=autotools arch=linux-ubuntu20.04-x86_64
[+]  vqzbeuw                  ^tar@1.30%nvhpc@22.11 build_system=autotools patches=4e8cdf6 zip=pigz arch=linux-ubuntu20.04-x86_64
[+]  wltysiq                      ^pigz@2.7%nvhpc@22.11 build_system=makefile arch=linux-ubuntu20.04-x86_64
[+]  g2fdtei                  ^xz@5.2.7%gcc@11.1.0~pic build_system=autotools libs=shared,static arch=linux-ubuntu20.04-x86_64
[+]  3eurdp2      ^zlib@1.2.13%nvhpc@22.11+optimize+pic+shared build_system=makefile arch=linux-ubuntu20.04-x86_64

==> Concretized hdf5@1.12.1
[+]  6mije4k  hdf5@1.12.1%nvhpc@22.11~cxx~fortran~hl~ipo~java+mpi+shared~szip~threadsafe+tools api=default build_system=cmake build_type=RelWithDebInfo patches=ee351eb arch=linux-ubuntu20.04-x86_64
[+]  vghw527      ^cmake@3.25.1%gcc@11.1.0~doc+ncurses+ownlibs~qt build_system=generic build_type=Release arch=linux-ubuntu20.04-x86_64
[+]  vpcvkau          ^ncurses@6.3%nvhpc@22.11~symlinks+termlib abi=none build_system=autotools arch=linux-ubuntu20.04-x86_64
[+]  urs6pu7          ^openssl@1.1.1s%nvhpc@22.11~docs~shared build_system=generic certs=mozilla arch=linux-ubuntu20.04-x86_64
[+]  fn2so2a              ^ca-certificates-mozilla@2022-10-11%nvhpc@22.11 build_system=generic arch=linux-ubuntu20.04-x86_64
[+]  fsxopge      ^openmpi@4.1.4%nvhpc@22.11~atomics~cuda~cxx~cxx_exceptions~gpfs~internal-hwloc~java~legacylaunchers~lustre~memchecker~orterunprefix+romio+rsh~singularity+static+vt+wrapper-rpath build_system=autotools fabrics=none schedulers=none arch=linux-ubuntu20.04-x86_64
[+]  miotk5g          ^hwloc@2.8.0%nvhpc@22.11~cairo~cuda~gl~libudev+libxml2~netloc~nvml~oneapi-level-zero~opencl+pci~rocm build_system=autotools libs=shared,static arch=linux-ubuntu20.04-x86_64
[+]  pm4rcuq              ^libpciaccess@0.16%nvhpc@22.11 build_system=autotools patches=6e08dc4 arch=linux-ubuntu20.04-x86_64
[+]  x5yxndh                  ^util-macros@1.19.3%nvhpc@22.11 build_system=autotools arch=linux-ubuntu20.04-x86_64
[+]  s6pnymp              ^libxml2@2.10.3%nvhpc@22.11~python build_system=autotools arch=linux-ubuntu20.04-x86_64
[+]  q7hfn57                  ^libiconv@1.16%nvhpc@22.11 build_system=autotools libs=shared,static arch=linux-ubuntu20.04-x86_64
[+]  g2fdtei                  ^xz@5.2.7%gcc@11.1.0~pic build_system=autotools libs=shared,static arch=linux-ubuntu20.04-x86_64
[+]  boppvrg          ^numactl@2.0.14%nvhpc@22.11 build_system=autotools patches=4e1d78c,62fc8a8,ff37630 arch=linux-ubuntu20.04-x86_64
[+]  vfxclvk              ^autoconf@2.69%nvhpc@22.11 build_system=autotools patches=35c4492,7793209,a49dd5b arch=linux-ubuntu20.04-x86_64
[+]  m5ulpgf              ^automake@1.16.5%nvhpc@22.11 build_system=autotools arch=linux-ubuntu20.04-x86_64
[+]  lk7iieq              ^libtool@2.4.7%nvhpc@22.11 build_system=autotools arch=linux-ubuntu20.04-x86_64
[+]  sylqsk2              ^m4@1.4.19%nvhpc@22.11+sigsegv build_system=autotools patches=6985830,72bb1ad,9dc5fbd,bfdffa7 arch=linux-ubuntu20.04-x86_64
[+]  vaeyduy                  ^diffutils@3.7%nvhpc@22.11 build_system=autotools patches=6e42dc2 arch=linux-ubuntu20.04-x86_64
[+]  3etrspe                  ^libsigsegv@2.13%nvhpc@22.11 build_system=autotools arch=linux-ubuntu20.04-x86_64
[+]  hxx3b4q          ^openssh@9.1p1%nvhpc@22.11+gssapi build_system=autotools arch=linux-ubuntu20.04-x86_64
[+]  xhg7qxj              ^krb5@1.20.1%nvhpc@22.11+shared build_system=autotools arch=linux-ubuntu20.04-x86_64
[+]  3rqczrf                  ^bison@3.8.2%nvhpc@22.11 build_system=autotools arch=linux-ubuntu20.04-x86_64
[+]  6wkkjde                  ^gettext@0.21.1%nvhpc@22.11+bzip2+curses+git~libunistring+libxml2+tar+xz build_system=autotools patches=6e530da,fb27a3f arch=linux-ubuntu20.04-x86_64
[+]  vqzbeuw                      ^tar@1.30%nvhpc@22.11 build_system=autotools patches=4e8cdf6 zip=pigz arch=linux-ubuntu20.04-x86_64
[+]  wltysiq                          ^pigz@2.7%nvhpc@22.11 build_system=makefile arch=linux-ubuntu20.04-x86_64
[+]  m6d5nmk              ^libedit@3.1-20210216%nvhpc@22.11 build_system=autotools arch=linux-ubuntu20.04-x86_64
[+]  zywksgf              ^libxcrypt@4.4.33%gcc@11.1.0~obsolete_api build_system=autotools arch=linux-ubuntu20.04-x86_64
[+]  ygvh7b2          ^perl@5.36.0%nvhpc@22.11+cpanm+shared+threads build_system=generic arch=linux-ubuntu20.04-x86_64
[+]  cmg6vgl              ^berkeley-db@18.1.40%nvhpc@22.11+cxx~docs+stl build_system=autotools patches=26090f4,b231fcc arch=linux-ubuntu20.04-x86_64
[+]  okoe73l              ^bzip2@1.0.8%nvhpc@22.11~debug~pic+shared build_system=generic arch=linux-ubuntu20.04-x86_64
[+]  mzr7wy5              ^gdbm@1.23%nvhpc@22.11 build_system=autotools arch=linux-ubuntu20.04-x86_64
[+]  hdcq3sf                  ^readline@8.2%gcc@11.1.0 build_system=autotools patches=bbf97f1 arch=linux-ubuntu20.04-x86_64
[+]  qxpx5hq          ^pmix@4.1.2%nvhpc@22.11~docs+pmi_backwards_compatibility~python~restful build_system=autotools arch=linux-ubuntu20.04-x86_64
[+]  svbtj6w              ^libevent@2.1.12%nvhpc@22.11+openssl build_system=autotools arch=linux-ubuntu20.04-x86_64
[+]  sucikwl      ^pkgconf@1.8.0%nvhpc@22.11 build_system=autotools arch=linux-ubuntu20.04-x86_64
[+]  3eurdp2      ^zlib@1.2.13%nvhpc@22.11+optimize+pic+shared build_system=makefile arch=linux-ubuntu20.04-x86_64

==> Concretized ip@3.3.3
[+]  n4k5eyg  ip@3.3.3%nvhpc@22.11~ipo build_system=cmake build_type=RelWithDebInfo arch=linux-ubuntu20.04-x86_64
[+]  vghw527      ^cmake@3.25.1%gcc@11.1.0~doc+ncurses+ownlibs~qt build_system=generic build_type=Release arch=linux-ubuntu20.04-x86_64
[+]  vpcvkau          ^ncurses@6.3%nvhpc@22.11~symlinks+termlib abi=none build_system=autotools arch=linux-ubuntu20.04-x86_64
[+]  sucikwl              ^pkgconf@1.8.0%nvhpc@22.11 build_system=autotools arch=linux-ubuntu20.04-x86_64
[+]  urs6pu7          ^openssl@1.1.1s%nvhpc@22.11~docs~shared build_system=generic certs=mozilla arch=linux-ubuntu20.04-x86_64
[+]  fn2so2a              ^ca-certificates-mozilla@2022-10-11%nvhpc@22.11 build_system=generic arch=linux-ubuntu20.04-x86_64
[+]  ygvh7b2              ^perl@5.36.0%nvhpc@22.11+cpanm+shared+threads build_system=generic arch=linux-ubuntu20.04-x86_64
[+]  cmg6vgl                  ^berkeley-db@18.1.40%nvhpc@22.11+cxx~docs+stl build_system=autotools patches=26090f4,b231fcc arch=linux-ubuntu20.04-x86_64
[+]  okoe73l                  ^bzip2@1.0.8%nvhpc@22.11~debug~pic+shared build_system=generic arch=linux-ubuntu20.04-x86_64
[+]  vaeyduy                      ^diffutils@3.7%nvhpc@22.11 build_system=autotools patches=6e42dc2 arch=linux-ubuntu20.04-x86_64
[+]  q7hfn57                          ^libiconv@1.16%nvhpc@22.11 build_system=autotools libs=shared,static arch=linux-ubuntu20.04-x86_64
[+]  mzr7wy5                  ^gdbm@1.23%nvhpc@22.11 build_system=autotools arch=linux-ubuntu20.04-x86_64
[+]  hdcq3sf                      ^readline@8.2%gcc@11.1.0 build_system=autotools patches=bbf97f1 arch=linux-ubuntu20.04-x86_64
[+]  3eurdp2              ^zlib@1.2.13%nvhpc@22.11+optimize+pic+shared build_system=makefile arch=linux-ubuntu20.04-x86_64
[+]  ed64ece      ^sp@2.3.3%nvhpc@22.11~ipo build_system=cmake build_type=RelWithDebInfo arch=linux-ubuntu20.04-x86_64

==> Concretized jasper@2.0.32
[+]  3zk4pzq  jasper@2.0.32%gcc@11.1.0+jpeg~opengl+shared build_system=generic build_type=Release arch=linux-ubuntu20.04-x86_64
[+]  vghw527      ^cmake@3.25.1%gcc@11.1.0~doc+ncurses+ownlibs~qt build_system=generic build_type=Release arch=linux-ubuntu20.04-x86_64
[+]  vpcvkau          ^ncurses@6.3%nvhpc@22.11~symlinks+termlib abi=none build_system=autotools arch=linux-ubuntu20.04-x86_64
[+]  sucikwl              ^pkgconf@1.8.0%nvhpc@22.11 build_system=autotools arch=linux-ubuntu20.04-x86_64
[+]  urs6pu7          ^openssl@1.1.1s%nvhpc@22.11~docs~shared build_system=generic certs=mozilla arch=linux-ubuntu20.04-x86_64
[+]  fn2so2a              ^ca-certificates-mozilla@2022-10-11%nvhpc@22.11 build_system=generic arch=linux-ubuntu20.04-x86_64
[+]  ygvh7b2              ^perl@5.36.0%nvhpc@22.11+cpanm+shared+threads build_system=generic arch=linux-ubuntu20.04-x86_64
[+]  cmg6vgl                  ^berkeley-db@18.1.40%nvhpc@22.11+cxx~docs+stl build_system=autotools patches=26090f4,b231fcc arch=linux-ubuntu20.04-x86_64
[+]  okoe73l                  ^bzip2@1.0.8%nvhpc@22.11~debug~pic+shared build_system=generic arch=linux-ubuntu20.04-x86_64
[+]  vaeyduy                      ^diffutils@3.7%nvhpc@22.11 build_system=autotools patches=6e42dc2 arch=linux-ubuntu20.04-x86_64
[+]  q7hfn57                          ^libiconv@1.16%nvhpc@22.11 build_system=autotools libs=shared,static arch=linux-ubuntu20.04-x86_64
[+]  mzr7wy5                  ^gdbm@1.23%nvhpc@22.11 build_system=autotools arch=linux-ubuntu20.04-x86_64
[+]  hdcq3sf                      ^readline@8.2%gcc@11.1.0 build_system=autotools patches=bbf97f1 arch=linux-ubuntu20.04-x86_64
[+]  3eurdp2              ^zlib@1.2.13%nvhpc@22.11+optimize+pic+shared build_system=makefile arch=linux-ubuntu20.04-x86_64
[+]  tv4mtvs      ^libjpeg-turbo@2.1.4%nvhpc@22.11~ipo~jpeg8+shared+static build_system=cmake build_type=RelWithDebInfo arch=linux-ubuntu20.04-x86_64
[+]  g57p4w5          ^nasm@2.15.05%nvhpc@22.11 build_system=autotools arch=linux-ubuntu20.04-x86_64

==> Concretized libpng@1.6.37
[+]  xurqyx6  libpng@1.6.37%nvhpc@22.11 build_system=autotools libs=shared,static arch=linux-ubuntu20.04-x86_64
[+]  3eurdp2      ^zlib@1.2.13%nvhpc@22.11+optimize+pic+shared build_system=makefile arch=linux-ubuntu20.04-x86_64

==> Concretized libyaml@0.2.5
[+]  u3bbijm  libyaml@0.2.5%nvhpc@22.11 build_system=autotools arch=linux-ubuntu20.04-x86_64

==> Concretized nccmp@1.9.0.1
[+]  hngf3r7  nccmp@1.9.0.1%nvhpc@22.11~ipo build_system=cmake build_type=RelWithDebInfo arch=linux-ubuntu20.04-x86_64
[+]  vghw527      ^cmake@3.25.1%gcc@11.1.0~doc+ncurses+ownlibs~qt build_system=generic build_type=Release arch=linux-ubuntu20.04-x86_64
[+]  vpcvkau          ^ncurses@6.3%nvhpc@22.11~symlinks+termlib abi=none build_system=autotools arch=linux-ubuntu20.04-x86_64
[+]  sucikwl              ^pkgconf@1.8.0%nvhpc@22.11 build_system=autotools arch=linux-ubuntu20.04-x86_64
[+]  urs6pu7          ^openssl@1.1.1s%nvhpc@22.11~docs~shared build_system=generic certs=mozilla arch=linux-ubuntu20.04-x86_64
[+]  fn2so2a              ^ca-certificates-mozilla@2022-10-11%nvhpc@22.11 build_system=generic arch=linux-ubuntu20.04-x86_64
[+]  ygvh7b2              ^perl@5.36.0%nvhpc@22.11+cpanm+shared+threads build_system=generic arch=linux-ubuntu20.04-x86_64
[+]  cmg6vgl                  ^berkeley-db@18.1.40%nvhpc@22.11+cxx~docs+stl build_system=autotools patches=26090f4,b231fcc arch=linux-ubuntu20.04-x86_64
[+]  okoe73l                  ^bzip2@1.0.8%nvhpc@22.11~debug~pic+shared build_system=generic arch=linux-ubuntu20.04-x86_64
[+]  mzr7wy5                  ^gdbm@1.23%nvhpc@22.11 build_system=autotools arch=linux-ubuntu20.04-x86_64
[+]  hdcq3sf                      ^readline@8.2%gcc@11.1.0 build_system=autotools patches=bbf97f1 arch=linux-ubuntu20.04-x86_64
[+]  6r6uuce      ^netcdf-c@4.9.0%nvhpc@22.11~dap~fsync~hdf4~jna+mpi+optimize~parallel-netcdf+pic+shared+zstd build_system=autotools arch=linux-ubuntu20.04-x86_64
[+]  aexzcil          ^hdf5@1.12.2%nvhpc@22.11~cxx~fortran+hl~ipo~java+mpi+shared~szip~threadsafe+tools api=default build_system=cmake build_type=RelWithDebInfo arch=linux-ubuntu20.04-x86_64
[+]  sylqsk2          ^m4@1.4.19%nvhpc@22.11+sigsegv build_system=autotools patches=6985830,72bb1ad,9dc5fbd,bfdffa7 arch=linux-ubuntu20.04-x86_64
[+]  vaeyduy              ^diffutils@3.7%nvhpc@22.11 build_system=autotools patches=6e42dc2 arch=linux-ubuntu20.04-x86_64
[+]  q7hfn57                  ^libiconv@1.16%nvhpc@22.11 build_system=autotools libs=shared,static arch=linux-ubuntu20.04-x86_64
[+]  3etrspe              ^libsigsegv@2.13%nvhpc@22.11 build_system=autotools arch=linux-ubuntu20.04-x86_64
[+]  fsxopge          ^openmpi@4.1.4%nvhpc@22.11~atomics~cuda~cxx~cxx_exceptions~gpfs~internal-hwloc~java~legacylaunchers~lustre~memchecker~orterunprefix+romio+rsh~singularity+static+vt+wrapper-rpath build_system=autotools fabrics=none schedulers=none arch=linux-ubuntu20.04-x86_64
[+]  miotk5g              ^hwloc@2.8.0%nvhpc@22.11~cairo~cuda~gl~libudev+libxml2~netloc~nvml~oneapi-level-zero~opencl+pci~rocm build_system=autotools libs=shared,static arch=linux-ubuntu20.04-x86_64
[+]  pm4rcuq                  ^libpciaccess@0.16%nvhpc@22.11 build_system=autotools patches=6e08dc4 arch=linux-ubuntu20.04-x86_64
[+]  x5yxndh                      ^util-macros@1.19.3%nvhpc@22.11 build_system=autotools arch=linux-ubuntu20.04-x86_64
[+]  s6pnymp                  ^libxml2@2.10.3%nvhpc@22.11~python build_system=autotools arch=linux-ubuntu20.04-x86_64
[+]  g2fdtei                      ^xz@5.2.7%gcc@11.1.0~pic build_system=autotools libs=shared,static arch=linux-ubuntu20.04-x86_64
[+]  boppvrg              ^numactl@2.0.14%nvhpc@22.11 build_system=autotools patches=4e1d78c,62fc8a8,ff37630 arch=linux-ubuntu20.04-x86_64
[+]  vfxclvk                  ^autoconf@2.69%nvhpc@22.11 build_system=autotools patches=35c4492,7793209,a49dd5b arch=linux-ubuntu20.04-x86_64
[+]  m5ulpgf                  ^automake@1.16.5%nvhpc@22.11 build_system=autotools arch=linux-ubuntu20.04-x86_64
[+]  lk7iieq                  ^libtool@2.4.7%nvhpc@22.11 build_system=autotools arch=linux-ubuntu20.04-x86_64
[+]  hxx3b4q              ^openssh@9.1p1%nvhpc@22.11+gssapi build_system=autotools arch=linux-ubuntu20.04-x86_64
[+]  xhg7qxj                  ^krb5@1.20.1%nvhpc@22.11+shared build_system=autotools arch=linux-ubuntu20.04-x86_64
[+]  3rqczrf                      ^bison@3.8.2%nvhpc@22.11 build_system=autotools arch=linux-ubuntu20.04-x86_64
[+]  6wkkjde                      ^gettext@0.21.1%nvhpc@22.11+bzip2+curses+git~libunistring+libxml2+tar+xz build_system=autotools patches=6e530da,fb27a3f arch=linux-ubuntu20.04-x86_64
[+]  vqzbeuw                          ^tar@1.30%nvhpc@22.11 build_system=autotools patches=4e8cdf6 zip=pigz arch=linux-ubuntu20.04-x86_64
[+]  wltysiq                              ^pigz@2.7%nvhpc@22.11 build_system=makefile arch=linux-ubuntu20.04-x86_64
[+]  m6d5nmk                  ^libedit@3.1-20210216%nvhpc@22.11 build_system=autotools arch=linux-ubuntu20.04-x86_64
[+]  zywksgf                  ^libxcrypt@4.4.33%gcc@11.1.0~obsolete_api build_system=autotools arch=linux-ubuntu20.04-x86_64
[+]  qxpx5hq              ^pmix@4.1.2%nvhpc@22.11~docs+pmi_backwards_compatibility~python~restful build_system=autotools arch=linux-ubuntu20.04-x86_64
[+]  svbtj6w                  ^libevent@2.1.12%nvhpc@22.11+openssl build_system=autotools arch=linux-ubuntu20.04-x86_64
[+]  3eurdp2          ^zlib@1.2.13%nvhpc@22.11+optimize+pic+shared build_system=makefile arch=linux-ubuntu20.04-x86_64
[+]  dksiqmu          ^zstd@1.5.2%nvhpc@22.11~programs build_system=makefile libs=shared,static arch=linux-ubuntu20.04-x86_64

==> Concretized nco@5.0.6
[+]  ufepstc  nco@5.0.6%nvhpc@22.11~doc build_system=autotools arch=linux-ubuntu20.04-x86_64
[+]  evotqu4      ^antlr@2.7.7%nvhpc@22.11+cxx~java~python build_system=autotools patches=33897ad arch=linux-ubuntu20.04-x86_64
[+]  3rqczrf      ^bison@3.8.2%nvhpc@22.11 build_system=autotools arch=linux-ubuntu20.04-x86_64
[+]  vaeyduy          ^diffutils@3.7%nvhpc@22.11 build_system=autotools patches=6e42dc2 arch=linux-ubuntu20.04-x86_64
[+]  q7hfn57              ^libiconv@1.16%nvhpc@22.11 build_system=autotools libs=shared,static arch=linux-ubuntu20.04-x86_64
[+]  sylqsk2          ^m4@1.4.19%nvhpc@22.11+sigsegv build_system=autotools patches=6985830,72bb1ad,9dc5fbd,bfdffa7 arch=linux-ubuntu20.04-x86_64
[+]  3etrspe              ^libsigsegv@2.13%nvhpc@22.11 build_system=autotools arch=linux-ubuntu20.04-x86_64
[+]  ygvh7b2          ^perl@5.36.0%nvhpc@22.11+cpanm+shared+threads build_system=generic arch=linux-ubuntu20.04-x86_64
[+]  cmg6vgl              ^berkeley-db@18.1.40%nvhpc@22.11+cxx~docs+stl build_system=autotools patches=26090f4,b231fcc arch=linux-ubuntu20.04-x86_64
[+]  okoe73l              ^bzip2@1.0.8%nvhpc@22.11~debug~pic+shared build_system=generic arch=linux-ubuntu20.04-x86_64
[+]  mzr7wy5              ^gdbm@1.23%nvhpc@22.11 build_system=autotools arch=linux-ubuntu20.04-x86_64
[+]  hdcq3sf                  ^readline@8.2%gcc@11.1.0 build_system=autotools patches=bbf97f1 arch=linux-ubuntu20.04-x86_64
[+]  xt7lztf      ^flex@2.6.3%nvhpc@22.11+lex~nls build_system=autotools arch=linux-ubuntu20.04-x86_64
[+]  jp2ioqn          ^findutils@4.9.0%nvhpc@22.11 build_system=autotools patches=440b954 arch=linux-ubuntu20.04-x86_64
[+]  aqgzww6      ^gsl@2.7.1%nvhpc@22.11~external-cblas build_system=autotools arch=linux-ubuntu20.04-x86_64
[+]  6r6uuce      ^netcdf-c@4.9.0%nvhpc@22.11~dap~fsync~hdf4~jna+mpi+optimize~parallel-netcdf+pic+shared+zstd build_system=autotools arch=linux-ubuntu20.04-x86_64
[+]  aexzcil          ^hdf5@1.12.2%nvhpc@22.11~cxx~fortran+hl~ipo~java+mpi+shared~szip~threadsafe+tools api=default build_system=cmake build_type=RelWithDebInfo arch=linux-ubuntu20.04-x86_64
[+]  vghw527              ^cmake@3.25.1%gcc@11.1.0~doc+ncurses+ownlibs~qt build_system=generic build_type=Release arch=linux-ubuntu20.04-x86_64
[+]  vpcvkau                  ^ncurses@6.3%nvhpc@22.11~symlinks+termlib abi=none build_system=autotools arch=linux-ubuntu20.04-x86_64
[+]  urs6pu7                  ^openssl@1.1.1s%nvhpc@22.11~docs~shared build_system=generic certs=mozilla arch=linux-ubuntu20.04-x86_64
[+]  fn2so2a                      ^ca-certificates-mozilla@2022-10-11%nvhpc@22.11 build_system=generic arch=linux-ubuntu20.04-x86_64
[+]  sucikwl              ^pkgconf@1.8.0%nvhpc@22.11 build_system=autotools arch=linux-ubuntu20.04-x86_64
[+]  fsxopge          ^openmpi@4.1.4%nvhpc@22.11~atomics~cuda~cxx~cxx_exceptions~gpfs~internal-hwloc~java~legacylaunchers~lustre~memchecker~orterunprefix+romio+rsh~singularity+static+vt+wrapper-rpath build_system=autotools fabrics=none schedulers=none arch=linux-ubuntu20.04-x86_64
[+]  miotk5g              ^hwloc@2.8.0%nvhpc@22.11~cairo~cuda~gl~libudev+libxml2~netloc~nvml~oneapi-level-zero~opencl+pci~rocm build_system=autotools libs=shared,static arch=linux-ubuntu20.04-x86_64
[+]  pm4rcuq                  ^libpciaccess@0.16%nvhpc@22.11 build_system=autotools patches=6e08dc4 arch=linux-ubuntu20.04-x86_64
[+]  x5yxndh                      ^util-macros@1.19.3%nvhpc@22.11 build_system=autotools arch=linux-ubuntu20.04-x86_64
[+]  s6pnymp                  ^libxml2@2.10.3%nvhpc@22.11~python build_system=autotools arch=linux-ubuntu20.04-x86_64
[+]  g2fdtei                      ^xz@5.2.7%gcc@11.1.0~pic build_system=autotools libs=shared,static arch=linux-ubuntu20.04-x86_64
[+]  boppvrg              ^numactl@2.0.14%nvhpc@22.11 build_system=autotools patches=4e1d78c,62fc8a8,ff37630 arch=linux-ubuntu20.04-x86_64
[+]  vfxclvk                  ^autoconf@2.69%nvhpc@22.11 build_system=autotools patches=35c4492,7793209,a49dd5b arch=linux-ubuntu20.04-x86_64
[+]  m5ulpgf                  ^automake@1.16.5%nvhpc@22.11 build_system=autotools arch=linux-ubuntu20.04-x86_64
[+]  lk7iieq                  ^libtool@2.4.7%nvhpc@22.11 build_system=autotools arch=linux-ubuntu20.04-x86_64
[+]  hxx3b4q              ^openssh@9.1p1%nvhpc@22.11+gssapi build_system=autotools arch=linux-ubuntu20.04-x86_64
[+]  xhg7qxj                  ^krb5@1.20.1%nvhpc@22.11+shared build_system=autotools arch=linux-ubuntu20.04-x86_64
[+]  6wkkjde                      ^gettext@0.21.1%nvhpc@22.11+bzip2+curses+git~libunistring+libxml2+tar+xz build_system=autotools patches=6e530da,fb27a3f arch=linux-ubuntu20.04-x86_64
[+]  vqzbeuw                          ^tar@1.30%nvhpc@22.11 build_system=autotools patches=4e8cdf6 zip=pigz arch=linux-ubuntu20.04-x86_64
[+]  wltysiq                              ^pigz@2.7%nvhpc@22.11 build_system=makefile arch=linux-ubuntu20.04-x86_64
[+]  m6d5nmk                  ^libedit@3.1-20210216%nvhpc@22.11 build_system=autotools arch=linux-ubuntu20.04-x86_64
[+]  zywksgf                  ^libxcrypt@4.4.33%gcc@11.1.0~obsolete_api build_system=autotools arch=linux-ubuntu20.04-x86_64
[+]  qxpx5hq              ^pmix@4.1.2%nvhpc@22.11~docs+pmi_backwards_compatibility~python~restful build_system=autotools arch=linux-ubuntu20.04-x86_64
[+]  svbtj6w                  ^libevent@2.1.12%nvhpc@22.11+openssl build_system=autotools arch=linux-ubuntu20.04-x86_64
[+]  3eurdp2          ^zlib@1.2.13%nvhpc@22.11+optimize+pic+shared build_system=makefile arch=linux-ubuntu20.04-x86_64
[+]  dksiqmu          ^zstd@1.5.2%nvhpc@22.11~programs build_system=makefile libs=shared,static arch=linux-ubuntu20.04-x86_64
[+]  yyahekl      ^udunits@2.2.28%nvhpc@22.11 build_system=autotools arch=linux-ubuntu20.04-x86_64
[+]  slyjaoz          ^expat@2.5.0%nvhpc@22.11+libbsd build_system=autotools arch=linux-ubuntu20.04-x86_64
[+]  6ex5j6p              ^libbsd@0.11.3%nvhpc@22.11 build_system=autotools arch=linux-ubuntu20.04-x86_64
[+]  jfemu5o                  ^libmd@1.0.4%nvhpc@22.11 build_system=autotools patches=991953c arch=linux-ubuntu20.04-x86_64

==> Concretized netcdf-c@4.8.1
[+]  rbxvqar  netcdf-c@4.8.1%nvhpc@22.11~dap~fsync~hdf4~jna+mpi+optimize~parallel-netcdf+pic+shared build_system=autotools patches=de556da arch=linux-ubuntu20.04-x86_64
[+]  aexzcil      ^hdf5@1.12.2%nvhpc@22.11~cxx~fortran+hl~ipo~java+mpi+shared~szip~threadsafe+tools api=default build_system=cmake build_type=RelWithDebInfo arch=linux-ubuntu20.04-x86_64
[+]  vghw527          ^cmake@3.25.1%gcc@11.1.0~doc+ncurses+ownlibs~qt build_system=generic build_type=Release arch=linux-ubuntu20.04-x86_64
[+]  vpcvkau              ^ncurses@6.3%nvhpc@22.11~symlinks+termlib abi=none build_system=autotools arch=linux-ubuntu20.04-x86_64
[+]  urs6pu7              ^openssl@1.1.1s%nvhpc@22.11~docs~shared build_system=generic certs=mozilla arch=linux-ubuntu20.04-x86_64
[+]  fn2so2a                  ^ca-certificates-mozilla@2022-10-11%nvhpc@22.11 build_system=generic arch=linux-ubuntu20.04-x86_64
[+]  sucikwl          ^pkgconf@1.8.0%nvhpc@22.11 build_system=autotools arch=linux-ubuntu20.04-x86_64
[+]  sylqsk2      ^m4@1.4.19%nvhpc@22.11+sigsegv build_system=autotools patches=6985830,72bb1ad,9dc5fbd,bfdffa7 arch=linux-ubuntu20.04-x86_64
[+]  vaeyduy          ^diffutils@3.7%nvhpc@22.11 build_system=autotools patches=6e42dc2 arch=linux-ubuntu20.04-x86_64
[+]  q7hfn57              ^libiconv@1.16%nvhpc@22.11 build_system=autotools libs=shared,static arch=linux-ubuntu20.04-x86_64
[+]  3etrspe          ^libsigsegv@2.13%nvhpc@22.11 build_system=autotools arch=linux-ubuntu20.04-x86_64
[+]  fsxopge      ^openmpi@4.1.4%nvhpc@22.11~atomics~cuda~cxx~cxx_exceptions~gpfs~internal-hwloc~java~legacylaunchers~lustre~memchecker~orterunprefix+romio+rsh~singularity+static+vt+wrapper-rpath build_system=autotools fabrics=none schedulers=none arch=linux-ubuntu20.04-x86_64
[+]  miotk5g          ^hwloc@2.8.0%nvhpc@22.11~cairo~cuda~gl~libudev+libxml2~netloc~nvml~oneapi-level-zero~opencl+pci~rocm build_system=autotools libs=shared,static arch=linux-ubuntu20.04-x86_64
[+]  pm4rcuq              ^libpciaccess@0.16%nvhpc@22.11 build_system=autotools patches=6e08dc4 arch=linux-ubuntu20.04-x86_64
[+]  x5yxndh                  ^util-macros@1.19.3%nvhpc@22.11 build_system=autotools arch=linux-ubuntu20.04-x86_64
[+]  s6pnymp              ^libxml2@2.10.3%nvhpc@22.11~python build_system=autotools arch=linux-ubuntu20.04-x86_64
[+]  g2fdtei                  ^xz@5.2.7%gcc@11.1.0~pic build_system=autotools libs=shared,static arch=linux-ubuntu20.04-x86_64
[+]  boppvrg          ^numactl@2.0.14%nvhpc@22.11 build_system=autotools patches=4e1d78c,62fc8a8,ff37630 arch=linux-ubuntu20.04-x86_64
[+]  vfxclvk              ^autoconf@2.69%nvhpc@22.11 build_system=autotools patches=35c4492,7793209,a49dd5b arch=linux-ubuntu20.04-x86_64
[+]  m5ulpgf              ^automake@1.16.5%nvhpc@22.11 build_system=autotools arch=linux-ubuntu20.04-x86_64
[+]  lk7iieq              ^libtool@2.4.7%nvhpc@22.11 build_system=autotools arch=linux-ubuntu20.04-x86_64
[+]  hxx3b4q          ^openssh@9.1p1%nvhpc@22.11+gssapi build_system=autotools arch=linux-ubuntu20.04-x86_64
[+]  xhg7qxj              ^krb5@1.20.1%nvhpc@22.11+shared build_system=autotools arch=linux-ubuntu20.04-x86_64
[+]  3rqczrf                  ^bison@3.8.2%nvhpc@22.11 build_system=autotools arch=linux-ubuntu20.04-x86_64
[+]  6wkkjde                  ^gettext@0.21.1%nvhpc@22.11+bzip2+curses+git~libunistring+libxml2+tar+xz build_system=autotools patches=6e530da,fb27a3f arch=linux-ubuntu20.04-x86_64
[+]  vqzbeuw                      ^tar@1.30%nvhpc@22.11 build_system=autotools patches=4e8cdf6 zip=pigz arch=linux-ubuntu20.04-x86_64
[+]  wltysiq                          ^pigz@2.7%nvhpc@22.11 build_system=makefile arch=linux-ubuntu20.04-x86_64
[+]  m6d5nmk              ^libedit@3.1-20210216%nvhpc@22.11 build_system=autotools arch=linux-ubuntu20.04-x86_64
[+]  zywksgf              ^libxcrypt@4.4.33%gcc@11.1.0~obsolete_api build_system=autotools arch=linux-ubuntu20.04-x86_64
[+]  ygvh7b2          ^perl@5.36.0%nvhpc@22.11+cpanm+shared+threads build_system=generic arch=linux-ubuntu20.04-x86_64
[+]  cmg6vgl              ^berkeley-db@18.1.40%nvhpc@22.11+cxx~docs+stl build_system=autotools patches=26090f4,b231fcc arch=linux-ubuntu20.04-x86_64
[+]  okoe73l              ^bzip2@1.0.8%nvhpc@22.11~debug~pic+shared build_system=generic arch=linux-ubuntu20.04-x86_64
[+]  mzr7wy5              ^gdbm@1.23%nvhpc@22.11 build_system=autotools arch=linux-ubuntu20.04-x86_64
[+]  hdcq3sf                  ^readline@8.2%gcc@11.1.0 build_system=autotools patches=bbf97f1 arch=linux-ubuntu20.04-x86_64
[+]  qxpx5hq          ^pmix@4.1.2%nvhpc@22.11~docs+pmi_backwards_compatibility~python~restful build_system=autotools arch=linux-ubuntu20.04-x86_64
[+]  svbtj6w              ^libevent@2.1.12%nvhpc@22.11+openssl build_system=autotools arch=linux-ubuntu20.04-x86_64
[+]  3eurdp2      ^zlib@1.2.13%nvhpc@22.11+optimize+pic+shared build_system=makefile arch=linux-ubuntu20.04-x86_64

==> Concretized netcdf-fortran@4.5.4
[+]  5g7flgw  netcdf-fortran@4.5.4%nvhpc@22.11~doc+pic+shared build_system=autotools arch=linux-ubuntu20.04-x86_64
[+]  6r6uuce      ^netcdf-c@4.9.0%nvhpc@22.11~dap~fsync~hdf4~jna+mpi+optimize~parallel-netcdf+pic+shared+zstd build_system=autotools arch=linux-ubuntu20.04-x86_64
[+]  aexzcil          ^hdf5@1.12.2%nvhpc@22.11~cxx~fortran+hl~ipo~java+mpi+shared~szip~threadsafe+tools api=default build_system=cmake build_type=RelWithDebInfo arch=linux-ubuntu20.04-x86_64
[+]  vghw527              ^cmake@3.25.1%gcc@11.1.0~doc+ncurses+ownlibs~qt build_system=generic build_type=Release arch=linux-ubuntu20.04-x86_64
[+]  vpcvkau                  ^ncurses@6.3%nvhpc@22.11~symlinks+termlib abi=none build_system=autotools arch=linux-ubuntu20.04-x86_64
[+]  urs6pu7                  ^openssl@1.1.1s%nvhpc@22.11~docs~shared build_system=generic certs=mozilla arch=linux-ubuntu20.04-x86_64
[+]  fn2so2a                      ^ca-certificates-mozilla@2022-10-11%nvhpc@22.11 build_system=generic arch=linux-ubuntu20.04-x86_64
[+]  sucikwl              ^pkgconf@1.8.0%nvhpc@22.11 build_system=autotools arch=linux-ubuntu20.04-x86_64
[+]  sylqsk2          ^m4@1.4.19%nvhpc@22.11+sigsegv build_system=autotools patches=6985830,72bb1ad,9dc5fbd,bfdffa7 arch=linux-ubuntu20.04-x86_64
[+]  vaeyduy              ^diffutils@3.7%nvhpc@22.11 build_system=autotools patches=6e42dc2 arch=linux-ubuntu20.04-x86_64
[+]  q7hfn57                  ^libiconv@1.16%nvhpc@22.11 build_system=autotools libs=shared,static arch=linux-ubuntu20.04-x86_64
[+]  3etrspe              ^libsigsegv@2.13%nvhpc@22.11 build_system=autotools arch=linux-ubuntu20.04-x86_64
[+]  fsxopge          ^openmpi@4.1.4%nvhpc@22.11~atomics~cuda~cxx~cxx_exceptions~gpfs~internal-hwloc~java~legacylaunchers~lustre~memchecker~orterunprefix+romio+rsh~singularity+static+vt+wrapper-rpath build_system=autotools fabrics=none schedulers=none arch=linux-ubuntu20.04-x86_64
[+]  miotk5g              ^hwloc@2.8.0%nvhpc@22.11~cairo~cuda~gl~libudev+libxml2~netloc~nvml~oneapi-level-zero~opencl+pci~rocm build_system=autotools libs=shared,static arch=linux-ubuntu20.04-x86_64
[+]  pm4rcuq                  ^libpciaccess@0.16%nvhpc@22.11 build_system=autotools patches=6e08dc4 arch=linux-ubuntu20.04-x86_64
[+]  x5yxndh                      ^util-macros@1.19.3%nvhpc@22.11 build_system=autotools arch=linux-ubuntu20.04-x86_64
[+]  s6pnymp                  ^libxml2@2.10.3%nvhpc@22.11~python build_system=autotools arch=linux-ubuntu20.04-x86_64
[+]  g2fdtei                      ^xz@5.2.7%gcc@11.1.0~pic build_system=autotools libs=shared,static arch=linux-ubuntu20.04-x86_64
[+]  boppvrg              ^numactl@2.0.14%nvhpc@22.11 build_system=autotools patches=4e1d78c,62fc8a8,ff37630 arch=linux-ubuntu20.04-x86_64
[+]  vfxclvk                  ^autoconf@2.69%nvhpc@22.11 build_system=autotools patches=35c4492,7793209,a49dd5b arch=linux-ubuntu20.04-x86_64
[+]  m5ulpgf                  ^automake@1.16.5%nvhpc@22.11 build_system=autotools arch=linux-ubuntu20.04-x86_64
[+]  lk7iieq                  ^libtool@2.4.7%nvhpc@22.11 build_system=autotools arch=linux-ubuntu20.04-x86_64
[+]  hxx3b4q              ^openssh@9.1p1%nvhpc@22.11+gssapi build_system=autotools arch=linux-ubuntu20.04-x86_64
[+]  xhg7qxj                  ^krb5@1.20.1%nvhpc@22.11+shared build_system=autotools arch=linux-ubuntu20.04-x86_64
[+]  3rqczrf                      ^bison@3.8.2%nvhpc@22.11 build_system=autotools arch=linux-ubuntu20.04-x86_64
[+]  6wkkjde                      ^gettext@0.21.1%nvhpc@22.11+bzip2+curses+git~libunistring+libxml2+tar+xz build_system=autotools patches=6e530da,fb27a3f arch=linux-ubuntu20.04-x86_64
[+]  vqzbeuw                          ^tar@1.30%nvhpc@22.11 build_system=autotools patches=4e8cdf6 zip=pigz arch=linux-ubuntu20.04-x86_64
[+]  wltysiq                              ^pigz@2.7%nvhpc@22.11 build_system=makefile arch=linux-ubuntu20.04-x86_64
[+]  m6d5nmk                  ^libedit@3.1-20210216%nvhpc@22.11 build_system=autotools arch=linux-ubuntu20.04-x86_64
[+]  zywksgf                  ^libxcrypt@4.4.33%gcc@11.1.0~obsolete_api build_system=autotools arch=linux-ubuntu20.04-x86_64
[+]  ygvh7b2              ^perl@5.36.0%nvhpc@22.11+cpanm+shared+threads build_system=generic arch=linux-ubuntu20.04-x86_64
[+]  cmg6vgl                  ^berkeley-db@18.1.40%nvhpc@22.11+cxx~docs+stl build_system=autotools patches=26090f4,b231fcc arch=linux-ubuntu20.04-x86_64
[+]  okoe73l                  ^bzip2@1.0.8%nvhpc@22.11~debug~pic+shared build_system=generic arch=linux-ubuntu20.04-x86_64
[+]  mzr7wy5                  ^gdbm@1.23%nvhpc@22.11 build_system=autotools arch=linux-ubuntu20.04-x86_64
[+]  hdcq3sf                      ^readline@8.2%gcc@11.1.0 build_system=autotools patches=bbf97f1 arch=linux-ubuntu20.04-x86_64
[+]  qxpx5hq              ^pmix@4.1.2%nvhpc@22.11~docs+pmi_backwards_compatibility~python~restful build_system=autotools arch=linux-ubuntu20.04-x86_64
[+]  svbtj6w                  ^libevent@2.1.12%nvhpc@22.11+openssl build_system=autotools arch=linux-ubuntu20.04-x86_64
[+]  3eurdp2          ^zlib@1.2.13%nvhpc@22.11+optimize+pic+shared build_system=makefile arch=linux-ubuntu20.04-x86_64
[+]  dksiqmu          ^zstd@1.5.2%nvhpc@22.11~programs build_system=makefile libs=shared,static arch=linux-ubuntu20.04-x86_64

==> Concretized nlohmann-json-schema-validator@2.1.0
[+]  2bzt2l3  nlohmann-json-schema-validator@2.1.0%nvhpc@22.11~ipo build_system=cmake build_type=RelWithDebInfo arch=linux-ubuntu20.04-x86_64
[+]  vghw527      ^cmake@3.25.1%gcc@11.1.0~doc+ncurses+ownlibs~qt build_system=generic build_type=Release arch=linux-ubuntu20.04-x86_64
[+]  vpcvkau          ^ncurses@6.3%nvhpc@22.11~symlinks+termlib abi=none build_system=autotools arch=linux-ubuntu20.04-x86_64
[+]  sucikwl              ^pkgconf@1.8.0%nvhpc@22.11 build_system=autotools arch=linux-ubuntu20.04-x86_64
[+]  urs6pu7          ^openssl@1.1.1s%nvhpc@22.11~docs~shared build_system=generic certs=mozilla arch=linux-ubuntu20.04-x86_64
[+]  fn2so2a              ^ca-certificates-mozilla@2022-10-11%nvhpc@22.11 build_system=generic arch=linux-ubuntu20.04-x86_64
[+]  ygvh7b2              ^perl@5.36.0%nvhpc@22.11+cpanm+shared+threads build_system=generic arch=linux-ubuntu20.04-x86_64
[+]  cmg6vgl                  ^berkeley-db@18.1.40%nvhpc@22.11+cxx~docs+stl build_system=autotools patches=26090f4,b231fcc arch=linux-ubuntu20.04-x86_64
[+]  okoe73l                  ^bzip2@1.0.8%nvhpc@22.11~debug~pic+shared build_system=generic arch=linux-ubuntu20.04-x86_64
[+]  vaeyduy                      ^diffutils@3.7%nvhpc@22.11 build_system=autotools patches=6e42dc2 arch=linux-ubuntu20.04-x86_64
[+]  q7hfn57                          ^libiconv@1.16%nvhpc@22.11 build_system=autotools libs=shared,static arch=linux-ubuntu20.04-x86_64
[+]  mzr7wy5                  ^gdbm@1.23%nvhpc@22.11 build_system=autotools arch=linux-ubuntu20.04-x86_64
[+]  hdcq3sf                      ^readline@8.2%gcc@11.1.0 build_system=autotools patches=bbf97f1 arch=linux-ubuntu20.04-x86_64
[+]  3eurdp2              ^zlib@1.2.13%nvhpc@22.11+optimize+pic+shared build_system=makefile arch=linux-ubuntu20.04-x86_64
[+]  vpp2yxu      ^nlohmann-json@3.11.2%nvhpc@22.11~ipo+multiple_headers build_system=cmake build_type=RelWithDebInfo arch=linux-ubuntu20.04-x86_64

==> Concretized nlohmann-json@3.10.5
[+]  shbfidj  nlohmann-json@3.10.5%nvhpc@22.11~ipo+multiple_headers build_system=cmake build_type=RelWithDebInfo arch=linux-ubuntu20.04-x86_64
[+]  vghw527      ^cmake@3.25.1%gcc@11.1.0~doc+ncurses+ownlibs~qt build_system=generic build_type=Release arch=linux-ubuntu20.04-x86_64
[+]  vpcvkau          ^ncurses@6.3%nvhpc@22.11~symlinks+termlib abi=none build_system=autotools arch=linux-ubuntu20.04-x86_64
[+]  sucikwl              ^pkgconf@1.8.0%nvhpc@22.11 build_system=autotools arch=linux-ubuntu20.04-x86_64
[+]  urs6pu7          ^openssl@1.1.1s%nvhpc@22.11~docs~shared build_system=generic certs=mozilla arch=linux-ubuntu20.04-x86_64
[+]  fn2so2a              ^ca-certificates-mozilla@2022-10-11%nvhpc@22.11 build_system=generic arch=linux-ubuntu20.04-x86_64
[+]  ygvh7b2              ^perl@5.36.0%nvhpc@22.11+cpanm+shared+threads build_system=generic arch=linux-ubuntu20.04-x86_64
[+]  cmg6vgl                  ^berkeley-db@18.1.40%nvhpc@22.11+cxx~docs+stl build_system=autotools patches=26090f4,b231fcc arch=linux-ubuntu20.04-x86_64
[+]  okoe73l                  ^bzip2@1.0.8%nvhpc@22.11~debug~pic+shared build_system=generic arch=linux-ubuntu20.04-x86_64
[+]  vaeyduy                      ^diffutils@3.7%nvhpc@22.11 build_system=autotools patches=6e42dc2 arch=linux-ubuntu20.04-x86_64
[+]  q7hfn57                          ^libiconv@1.16%nvhpc@22.11 build_system=autotools libs=shared,static arch=linux-ubuntu20.04-x86_64
[+]  mzr7wy5                  ^gdbm@1.23%nvhpc@22.11 build_system=autotools arch=linux-ubuntu20.04-x86_64
[+]  hdcq3sf                      ^readline@8.2%gcc@11.1.0 build_system=autotools patches=bbf97f1 arch=linux-ubuntu20.04-x86_64
[+]  3eurdp2              ^zlib@1.2.13%nvhpc@22.11+optimize+pic+shared build_system=makefile arch=linux-ubuntu20.04-x86_64

==> Concretized odc@1.4.5
[+]  5cutxui  odc@1.4.5%nvhpc@22.11~fortran~ipo build_system=cmake build_type=RelWithDebInfo arch=linux-ubuntu20.04-x86_64
[+]  vghw527      ^cmake@3.25.1%gcc@11.1.0~doc+ncurses+ownlibs~qt build_system=generic build_type=Release arch=linux-ubuntu20.04-x86_64
[+]  vpcvkau          ^ncurses@6.3%nvhpc@22.11~symlinks+termlib abi=none build_system=autotools arch=linux-ubuntu20.04-x86_64
[+]  sucikwl              ^pkgconf@1.8.0%nvhpc@22.11 build_system=autotools arch=linux-ubuntu20.04-x86_64
[+]  urs6pu7          ^openssl@1.1.1s%nvhpc@22.11~docs~shared build_system=generic certs=mozilla arch=linux-ubuntu20.04-x86_64
[+]  fn2so2a              ^ca-certificates-mozilla@2022-10-11%nvhpc@22.11 build_system=generic arch=linux-ubuntu20.04-x86_64
[+]  3eurdp2              ^zlib@1.2.13%nvhpc@22.11+optimize+pic+shared build_system=makefile arch=linux-ubuntu20.04-x86_64
[+]  l2rcxk4      ^ecbuild@3.6.5%nvhpc@22.11~ipo build_system=cmake build_type=RelWithDebInfo arch=linux-ubuntu20.04-x86_64
[+]  ygvh7b2          ^perl@5.36.0%nvhpc@22.11+cpanm+shared+threads build_system=generic arch=linux-ubuntu20.04-x86_64
[+]  cmg6vgl              ^berkeley-db@18.1.40%nvhpc@22.11+cxx~docs+stl build_system=autotools patches=26090f4,b231fcc arch=linux-ubuntu20.04-x86_64
[+]  okoe73l              ^bzip2@1.0.8%nvhpc@22.11~debug~pic+shared build_system=generic arch=linux-ubuntu20.04-x86_64
[+]  mzr7wy5              ^gdbm@1.23%nvhpc@22.11 build_system=autotools arch=linux-ubuntu20.04-x86_64
[+]  hdcq3sf                  ^readline@8.2%gcc@11.1.0 build_system=autotools patches=bbf97f1 arch=linux-ubuntu20.04-x86_64
[+]  2p53x7j      ^eckit@1.20.2%nvhpc@22.11+admin+aio~curl~ipo~jemalloc+mpi+sql~ssl+tools+unicode+xxhash build_system=cmake build_type=RelWithDebInfo compression=none linalg=none arch=linux-ubuntu20.04-x86_64
[+]  3rqczrf          ^bison@3.8.2%nvhpc@22.11 build_system=autotools arch=linux-ubuntu20.04-x86_64
[+]  vaeyduy              ^diffutils@3.7%nvhpc@22.11 build_system=autotools patches=6e42dc2 arch=linux-ubuntu20.04-x86_64
[+]  q7hfn57                  ^libiconv@1.16%nvhpc@22.11 build_system=autotools libs=shared,static arch=linux-ubuntu20.04-x86_64
[+]  sylqsk2              ^m4@1.4.19%nvhpc@22.11+sigsegv build_system=autotools patches=6985830,72bb1ad,9dc5fbd,bfdffa7 arch=linux-ubuntu20.04-x86_64
[+]  3etrspe                  ^libsigsegv@2.13%nvhpc@22.11 build_system=autotools arch=linux-ubuntu20.04-x86_64
[+]  xt7lztf          ^flex@2.6.3%nvhpc@22.11+lex~nls build_system=autotools arch=linux-ubuntu20.04-x86_64
[+]  jp2ioqn              ^findutils@4.9.0%nvhpc@22.11 build_system=autotools patches=440b954 arch=linux-ubuntu20.04-x86_64
[+]  fsxopge          ^openmpi@4.1.4%nvhpc@22.11~atomics~cuda~cxx~cxx_exceptions~gpfs~internal-hwloc~java~legacylaunchers~lustre~memchecker~orterunprefix+romio+rsh~singularity+static+vt+wrapper-rpath build_system=autotools fabrics=none schedulers=none arch=linux-ubuntu20.04-x86_64
[+]  miotk5g              ^hwloc@2.8.0%nvhpc@22.11~cairo~cuda~gl~libudev+libxml2~netloc~nvml~oneapi-level-zero~opencl+pci~rocm build_system=autotools libs=shared,static arch=linux-ubuntu20.04-x86_64
[+]  pm4rcuq                  ^libpciaccess@0.16%nvhpc@22.11 build_system=autotools patches=6e08dc4 arch=linux-ubuntu20.04-x86_64
[+]  x5yxndh                      ^util-macros@1.19.3%nvhpc@22.11 build_system=autotools arch=linux-ubuntu20.04-x86_64
[+]  s6pnymp                  ^libxml2@2.10.3%nvhpc@22.11~python build_system=autotools arch=linux-ubuntu20.04-x86_64
[+]  g2fdtei                      ^xz@5.2.7%gcc@11.1.0~pic build_system=autotools libs=shared,static arch=linux-ubuntu20.04-x86_64
[+]  boppvrg              ^numactl@2.0.14%nvhpc@22.11 build_system=autotools patches=4e1d78c,62fc8a8,ff37630 arch=linux-ubuntu20.04-x86_64
[+]  vfxclvk                  ^autoconf@2.69%nvhpc@22.11 build_system=autotools patches=35c4492,7793209,a49dd5b arch=linux-ubuntu20.04-x86_64
[+]  m5ulpgf                  ^automake@1.16.5%nvhpc@22.11 build_system=autotools arch=linux-ubuntu20.04-x86_64
[+]  lk7iieq                  ^libtool@2.4.7%nvhpc@22.11 build_system=autotools arch=linux-ubuntu20.04-x86_64
[+]  hxx3b4q              ^openssh@9.1p1%nvhpc@22.11+gssapi build_system=autotools arch=linux-ubuntu20.04-x86_64
[+]  xhg7qxj                  ^krb5@1.20.1%nvhpc@22.11+shared build_system=autotools arch=linux-ubuntu20.04-x86_64
[+]  6wkkjde                      ^gettext@0.21.1%nvhpc@22.11+bzip2+curses+git~libunistring+libxml2+tar+xz build_system=autotools patches=6e530da,fb27a3f arch=linux-ubuntu20.04-x86_64
[+]  vqzbeuw                          ^tar@1.30%nvhpc@22.11 build_system=autotools patches=4e8cdf6 zip=pigz arch=linux-ubuntu20.04-x86_64
[+]  wltysiq                              ^pigz@2.7%nvhpc@22.11 build_system=makefile arch=linux-ubuntu20.04-x86_64
[+]  m6d5nmk                  ^libedit@3.1-20210216%nvhpc@22.11 build_system=autotools arch=linux-ubuntu20.04-x86_64
[+]  zywksgf                  ^libxcrypt@4.4.33%gcc@11.1.0~obsolete_api build_system=autotools arch=linux-ubuntu20.04-x86_64
[+]  qxpx5hq              ^pmix@4.1.2%nvhpc@22.11~docs+pmi_backwards_compatibility~python~restful build_system=autotools arch=linux-ubuntu20.04-x86_64
[+]  svbtj6w                  ^libevent@2.1.12%nvhpc@22.11+openssl build_system=autotools arch=linux-ubuntu20.04-x86_64

==> Concretized parallel-netcdf@1.12.2
[+]  fhjhb5r  parallel-netcdf@1.12.2%nvhpc@22.11~burstbuffer+cxx+fortran+pic+shared build_system=autotools arch=linux-ubuntu20.04-x86_64
[+]  sylqsk2      ^m4@1.4.19%nvhpc@22.11+sigsegv build_system=autotools patches=6985830,72bb1ad,9dc5fbd,bfdffa7 arch=linux-ubuntu20.04-x86_64
[+]  vaeyduy          ^diffutils@3.7%nvhpc@22.11 build_system=autotools patches=6e42dc2 arch=linux-ubuntu20.04-x86_64
[+]  q7hfn57              ^libiconv@1.16%nvhpc@22.11 build_system=autotools libs=shared,static arch=linux-ubuntu20.04-x86_64
[+]  3etrspe          ^libsigsegv@2.13%nvhpc@22.11 build_system=autotools arch=linux-ubuntu20.04-x86_64
[+]  fsxopge      ^openmpi@4.1.4%nvhpc@22.11~atomics~cuda~cxx~cxx_exceptions~gpfs~internal-hwloc~java~legacylaunchers~lustre~memchecker~orterunprefix+romio+rsh~singularity+static+vt+wrapper-rpath build_system=autotools fabrics=none schedulers=none arch=linux-ubuntu20.04-x86_64
[+]  miotk5g          ^hwloc@2.8.0%nvhpc@22.11~cairo~cuda~gl~libudev+libxml2~netloc~nvml~oneapi-level-zero~opencl+pci~rocm build_system=autotools libs=shared,static arch=linux-ubuntu20.04-x86_64
[+]  pm4rcuq              ^libpciaccess@0.16%nvhpc@22.11 build_system=autotools patches=6e08dc4 arch=linux-ubuntu20.04-x86_64
[+]  x5yxndh                  ^util-macros@1.19.3%nvhpc@22.11 build_system=autotools arch=linux-ubuntu20.04-x86_64
[+]  s6pnymp              ^libxml2@2.10.3%nvhpc@22.11~python build_system=autotools arch=linux-ubuntu20.04-x86_64
[+]  g2fdtei                  ^xz@5.2.7%gcc@11.1.0~pic build_system=autotools libs=shared,static arch=linux-ubuntu20.04-x86_64
[+]  vpcvkau              ^ncurses@6.3%nvhpc@22.11~symlinks+termlib abi=none build_system=autotools arch=linux-ubuntu20.04-x86_64
[+]  boppvrg          ^numactl@2.0.14%nvhpc@22.11 build_system=autotools patches=4e1d78c,62fc8a8,ff37630 arch=linux-ubuntu20.04-x86_64
[+]  vfxclvk              ^autoconf@2.69%nvhpc@22.11 build_system=autotools patches=35c4492,7793209,a49dd5b arch=linux-ubuntu20.04-x86_64
[+]  m5ulpgf              ^automake@1.16.5%nvhpc@22.11 build_system=autotools arch=linux-ubuntu20.04-x86_64
[+]  lk7iieq              ^libtool@2.4.7%nvhpc@22.11 build_system=autotools arch=linux-ubuntu20.04-x86_64
[+]  hxx3b4q          ^openssh@9.1p1%nvhpc@22.11+gssapi build_system=autotools arch=linux-ubuntu20.04-x86_64
[+]  xhg7qxj              ^krb5@1.20.1%nvhpc@22.11+shared build_system=autotools arch=linux-ubuntu20.04-x86_64
[+]  3rqczrf                  ^bison@3.8.2%nvhpc@22.11 build_system=autotools arch=linux-ubuntu20.04-x86_64
[+]  6wkkjde                  ^gettext@0.21.1%nvhpc@22.11+bzip2+curses+git~libunistring+libxml2+tar+xz build_system=autotools patches=6e530da,fb27a3f arch=linux-ubuntu20.04-x86_64
[+]  vqzbeuw                      ^tar@1.30%nvhpc@22.11 build_system=autotools patches=4e8cdf6 zip=pigz arch=linux-ubuntu20.04-x86_64
[+]  wltysiq                          ^pigz@2.7%nvhpc@22.11 build_system=makefile arch=linux-ubuntu20.04-x86_64
[+]  m6d5nmk              ^libedit@3.1-20210216%nvhpc@22.11 build_system=autotools arch=linux-ubuntu20.04-x86_64
[+]  zywksgf              ^libxcrypt@4.4.33%gcc@11.1.0~obsolete_api build_system=autotools arch=linux-ubuntu20.04-x86_64
[+]  urs6pu7              ^openssl@1.1.1s%nvhpc@22.11~docs~shared build_system=generic certs=mozilla arch=linux-ubuntu20.04-x86_64
[+]  fn2so2a                  ^ca-certificates-mozilla@2022-10-11%nvhpc@22.11 build_system=generic arch=linux-ubuntu20.04-x86_64
[+]  sucikwl          ^pkgconf@1.8.0%nvhpc@22.11 build_system=autotools arch=linux-ubuntu20.04-x86_64
[+]  qxpx5hq          ^pmix@4.1.2%nvhpc@22.11~docs+pmi_backwards_compatibility~python~restful build_system=autotools arch=linux-ubuntu20.04-x86_64
[+]  svbtj6w              ^libevent@2.1.12%nvhpc@22.11+openssl build_system=autotools arch=linux-ubuntu20.04-x86_64
[+]  3eurdp2          ^zlib@1.2.13%nvhpc@22.11+optimize+pic+shared build_system=makefile arch=linux-ubuntu20.04-x86_64
[+]  ygvh7b2      ^perl@5.36.0%nvhpc@22.11+cpanm+shared+threads build_system=generic arch=linux-ubuntu20.04-x86_64
[+]  cmg6vgl          ^berkeley-db@18.1.40%nvhpc@22.11+cxx~docs+stl build_system=autotools patches=26090f4,b231fcc arch=linux-ubuntu20.04-x86_64
[+]  okoe73l          ^bzip2@1.0.8%nvhpc@22.11~debug~pic+shared build_system=generic arch=linux-ubuntu20.04-x86_64
[+]  mzr7wy5          ^gdbm@1.23%nvhpc@22.11 build_system=autotools arch=linux-ubuntu20.04-x86_64
[+]  hdcq3sf              ^readline@8.2%gcc@11.1.0 build_system=autotools patches=bbf97f1 arch=linux-ubuntu20.04-x86_64

==> Concretized parallelio@2.5.4
[+]  a64y3jm  parallelio@2_5_4%nvhpc@22.11+fortran~ipo~logging+mpi~pnetcdf~timing build_system=cmake build_type=RelWithDebInfo arch=linux-ubuntu20.04-x86_64
[+]  vghw527      ^cmake@3.25.1%gcc@11.1.0~doc+ncurses+ownlibs~qt build_system=generic build_type=Release arch=linux-ubuntu20.04-x86_64
[+]  vpcvkau          ^ncurses@6.3%nvhpc@22.11~symlinks+termlib abi=none build_system=autotools arch=linux-ubuntu20.04-x86_64
[+]  urs6pu7          ^openssl@1.1.1s%nvhpc@22.11~docs~shared build_system=generic certs=mozilla arch=linux-ubuntu20.04-x86_64
[+]  fn2so2a              ^ca-certificates-mozilla@2022-10-11%nvhpc@22.11 build_system=generic arch=linux-ubuntu20.04-x86_64
[+]  6r6uuce      ^netcdf-c@4.9.0%nvhpc@22.11~dap~fsync~hdf4~jna+mpi+optimize~parallel-netcdf+pic+shared+zstd build_system=autotools arch=linux-ubuntu20.04-x86_64
[+]  aexzcil          ^hdf5@1.12.2%nvhpc@22.11~cxx~fortran+hl~ipo~java+mpi+shared~szip~threadsafe+tools api=default build_system=cmake build_type=RelWithDebInfo arch=linux-ubuntu20.04-x86_64
[+]  sylqsk2          ^m4@1.4.19%nvhpc@22.11+sigsegv build_system=autotools patches=6985830,72bb1ad,9dc5fbd,bfdffa7 arch=linux-ubuntu20.04-x86_64
[+]  vaeyduy              ^diffutils@3.7%nvhpc@22.11 build_system=autotools patches=6e42dc2 arch=linux-ubuntu20.04-x86_64
[+]  q7hfn57                  ^libiconv@1.16%nvhpc@22.11 build_system=autotools libs=shared,static arch=linux-ubuntu20.04-x86_64
[+]  3etrspe              ^libsigsegv@2.13%nvhpc@22.11 build_system=autotools arch=linux-ubuntu20.04-x86_64
[+]  3eurdp2          ^zlib@1.2.13%nvhpc@22.11+optimize+pic+shared build_system=makefile arch=linux-ubuntu20.04-x86_64
[+]  dksiqmu          ^zstd@1.5.2%nvhpc@22.11~programs build_system=makefile libs=shared,static arch=linux-ubuntu20.04-x86_64
[+]  ke4q4fe      ^netcdf-fortran@4.6.0%nvhpc@22.11~doc+pic+shared build_system=autotools arch=linux-ubuntu20.04-x86_64
[+]  fsxopge      ^openmpi@4.1.4%nvhpc@22.11~atomics~cuda~cxx~cxx_exceptions~gpfs~internal-hwloc~java~legacylaunchers~lustre~memchecker~orterunprefix+romio+rsh~singularity+static+vt+wrapper-rpath build_system=autotools fabrics=none schedulers=none arch=linux-ubuntu20.04-x86_64
[+]  miotk5g          ^hwloc@2.8.0%nvhpc@22.11~cairo~cuda~gl~libudev+libxml2~netloc~nvml~oneapi-level-zero~opencl+pci~rocm build_system=autotools libs=shared,static arch=linux-ubuntu20.04-x86_64
[+]  pm4rcuq              ^libpciaccess@0.16%nvhpc@22.11 build_system=autotools patches=6e08dc4 arch=linux-ubuntu20.04-x86_64
[+]  x5yxndh                  ^util-macros@1.19.3%nvhpc@22.11 build_system=autotools arch=linux-ubuntu20.04-x86_64
[+]  s6pnymp              ^libxml2@2.10.3%nvhpc@22.11~python build_system=autotools arch=linux-ubuntu20.04-x86_64
[+]  g2fdtei                  ^xz@5.2.7%gcc@11.1.0~pic build_system=autotools libs=shared,static arch=linux-ubuntu20.04-x86_64
[+]  boppvrg          ^numactl@2.0.14%nvhpc@22.11 build_system=autotools patches=4e1d78c,62fc8a8,ff37630 arch=linux-ubuntu20.04-x86_64
[+]  vfxclvk              ^autoconf@2.69%nvhpc@22.11 build_system=autotools patches=35c4492,7793209,a49dd5b arch=linux-ubuntu20.04-x86_64
[+]  m5ulpgf              ^automake@1.16.5%nvhpc@22.11 build_system=autotools arch=linux-ubuntu20.04-x86_64
[+]  lk7iieq              ^libtool@2.4.7%nvhpc@22.11 build_system=autotools arch=linux-ubuntu20.04-x86_64
[+]  hxx3b4q          ^openssh@9.1p1%nvhpc@22.11+gssapi build_system=autotools arch=linux-ubuntu20.04-x86_64
[+]  xhg7qxj              ^krb5@1.20.1%nvhpc@22.11+shared build_system=autotools arch=linux-ubuntu20.04-x86_64
[+]  3rqczrf                  ^bison@3.8.2%nvhpc@22.11 build_system=autotools arch=linux-ubuntu20.04-x86_64
[+]  6wkkjde                  ^gettext@0.21.1%nvhpc@22.11+bzip2+curses+git~libunistring+libxml2+tar+xz build_system=autotools patches=6e530da,fb27a3f arch=linux-ubuntu20.04-x86_64
[+]  vqzbeuw                      ^tar@1.30%nvhpc@22.11 build_system=autotools patches=4e8cdf6 zip=pigz arch=linux-ubuntu20.04-x86_64
[+]  wltysiq                          ^pigz@2.7%nvhpc@22.11 build_system=makefile arch=linux-ubuntu20.04-x86_64
[+]  m6d5nmk              ^libedit@3.1-20210216%nvhpc@22.11 build_system=autotools arch=linux-ubuntu20.04-x86_64
[+]  zywksgf              ^libxcrypt@4.4.33%gcc@11.1.0~obsolete_api build_system=autotools arch=linux-ubuntu20.04-x86_64
[+]  ygvh7b2          ^perl@5.36.0%nvhpc@22.11+cpanm+shared+threads build_system=generic arch=linux-ubuntu20.04-x86_64
[+]  cmg6vgl              ^berkeley-db@18.1.40%nvhpc@22.11+cxx~docs+stl build_system=autotools patches=26090f4,b231fcc arch=linux-ubuntu20.04-x86_64
[+]  okoe73l              ^bzip2@1.0.8%nvhpc@22.11~debug~pic+shared build_system=generic arch=linux-ubuntu20.04-x86_64
[+]  mzr7wy5              ^gdbm@1.23%nvhpc@22.11 build_system=autotools arch=linux-ubuntu20.04-x86_64
[+]  hdcq3sf                  ^readline@8.2%gcc@11.1.0 build_system=autotools patches=bbf97f1 arch=linux-ubuntu20.04-x86_64
[+]  sucikwl          ^pkgconf@1.8.0%nvhpc@22.11 build_system=autotools arch=linux-ubuntu20.04-x86_64
[+]  qxpx5hq          ^pmix@4.1.2%nvhpc@22.11~docs+pmi_backwards_compatibility~python~restful build_system=autotools arch=linux-ubuntu20.04-x86_64
[+]  svbtj6w              ^libevent@2.1.12%nvhpc@22.11+openssl build_system=autotools arch=linux-ubuntu20.04-x86_64

==> Concretized sp@2.3.3
[+]  ed64ece  sp@2.3.3%nvhpc@22.11~ipo build_system=cmake build_type=RelWithDebInfo arch=linux-ubuntu20.04-x86_64
[+]  vghw527      ^cmake@3.25.1%gcc@11.1.0~doc+ncurses+ownlibs~qt build_system=generic build_type=Release arch=linux-ubuntu20.04-x86_64
[+]  vpcvkau          ^ncurses@6.3%nvhpc@22.11~symlinks+termlib abi=none build_system=autotools arch=linux-ubuntu20.04-x86_64
[+]  sucikwl              ^pkgconf@1.8.0%nvhpc@22.11 build_system=autotools arch=linux-ubuntu20.04-x86_64
[+]  urs6pu7          ^openssl@1.1.1s%nvhpc@22.11~docs~shared build_system=generic certs=mozilla arch=linux-ubuntu20.04-x86_64
[+]  fn2so2a              ^ca-certificates-mozilla@2022-10-11%nvhpc@22.11 build_system=generic arch=linux-ubuntu20.04-x86_64
[+]  ygvh7b2              ^perl@5.36.0%nvhpc@22.11+cpanm+shared+threads build_system=generic arch=linux-ubuntu20.04-x86_64
[+]  cmg6vgl                  ^berkeley-db@18.1.40%nvhpc@22.11+cxx~docs+stl build_system=autotools patches=26090f4,b231fcc arch=linux-ubuntu20.04-x86_64
[+]  okoe73l                  ^bzip2@1.0.8%nvhpc@22.11~debug~pic+shared build_system=generic arch=linux-ubuntu20.04-x86_64
[+]  vaeyduy                      ^diffutils@3.7%nvhpc@22.11 build_system=autotools patches=6e42dc2 arch=linux-ubuntu20.04-x86_64
[+]  q7hfn57                          ^libiconv@1.16%nvhpc@22.11 build_system=autotools libs=shared,static arch=linux-ubuntu20.04-x86_64
[+]  mzr7wy5                  ^gdbm@1.23%nvhpc@22.11 build_system=autotools arch=linux-ubuntu20.04-x86_64
[+]  hdcq3sf                      ^readline@8.2%gcc@11.1.0 build_system=autotools patches=bbf97f1 arch=linux-ubuntu20.04-x86_64
[+]  3eurdp2              ^zlib@1.2.13%nvhpc@22.11+optimize+pic+shared build_system=makefile arch=linux-ubuntu20.04-x86_64

==> Concretized udunits@2.2.28
[+]  yyahekl  udunits@2.2.28%nvhpc@22.11 build_system=autotools arch=linux-ubuntu20.04-x86_64
[+]  slyjaoz      ^expat@2.5.0%nvhpc@22.11+libbsd build_system=autotools arch=linux-ubuntu20.04-x86_64
[+]  6ex5j6p          ^libbsd@0.11.3%nvhpc@22.11 build_system=autotools arch=linux-ubuntu20.04-x86_64
[+]  jfemu5o              ^libmd@1.0.4%nvhpc@22.11 build_system=autotools patches=991953c arch=linux-ubuntu20.04-x86_64

==> Concretized w3nco@2.4.1
[+]  5rfph6f  w3nco@2.4.1%nvhpc@22.11~ipo build_system=cmake build_type=RelWithDebInfo arch=linux-ubuntu20.04-x86_64
[+]  vghw527      ^cmake@3.25.1%gcc@11.1.0~doc+ncurses+ownlibs~qt build_system=generic build_type=Release arch=linux-ubuntu20.04-x86_64
[+]  vpcvkau          ^ncurses@6.3%nvhpc@22.11~symlinks+termlib abi=none build_system=autotools arch=linux-ubuntu20.04-x86_64
[+]  sucikwl              ^pkgconf@1.8.0%nvhpc@22.11 build_system=autotools arch=linux-ubuntu20.04-x86_64
[+]  urs6pu7          ^openssl@1.1.1s%nvhpc@22.11~docs~shared build_system=generic certs=mozilla arch=linux-ubuntu20.04-x86_64
[+]  fn2so2a              ^ca-certificates-mozilla@2022-10-11%nvhpc@22.11 build_system=generic arch=linux-ubuntu20.04-x86_64
[+]  ygvh7b2              ^perl@5.36.0%nvhpc@22.11+cpanm+shared+threads build_system=generic arch=linux-ubuntu20.04-x86_64
[+]  cmg6vgl                  ^berkeley-db@18.1.40%nvhpc@22.11+cxx~docs+stl build_system=autotools patches=26090f4,b231fcc arch=linux-ubuntu20.04-x86_64
[+]  okoe73l                  ^bzip2@1.0.8%nvhpc@22.11~debug~pic+shared build_system=generic arch=linux-ubuntu20.04-x86_64
[+]  vaeyduy                      ^diffutils@3.7%nvhpc@22.11 build_system=autotools patches=6e42dc2 arch=linux-ubuntu20.04-x86_64
[+]  q7hfn57                          ^libiconv@1.16%nvhpc@22.11 build_system=autotools libs=shared,static arch=linux-ubuntu20.04-x86_64
[+]  mzr7wy5                  ^gdbm@1.23%nvhpc@22.11 build_system=autotools arch=linux-ubuntu20.04-x86_64
[+]  hdcq3sf                      ^readline@8.2%gcc@11.1.0 build_system=autotools patches=bbf97f1 arch=linux-ubuntu20.04-x86_64
[+]  3eurdp2              ^zlib@1.2.13%nvhpc@22.11+optimize+pic+shared build_system=makefile arch=linux-ubuntu20.04-x86_64

==> Concretized zlib@1.2.12
[+]  alcpn33  zlib@1.2.12%nvhpc@22.11+optimize+pic+shared build_system=makefile patches=0d38234 arch=linux-ubuntu20.04-x86_64

