==> Installing environment /
[+] /spack/opt/spack/[padded-to-256-chars]/linux-ubuntu20.04-x86_64/nvhpc-22.11/libiconv-1.16-q7hfn57bjhs3zw53jpqruuz4hptjmt2h
[+] /spack/opt/spack/[padded-to-256-chars]/linux-ubuntu20.04-x86_64/nvhpc-22.11/libmd-1.0.4-jfemu5otaqbbztkniwprkw3lytwsdgjf
[+] /spack/opt/spack/[padded-to-256-chars]/linux-ubuntu20.04-x86_64/nvhpc-22.11/pkgconf-1.8.0-sucikwly5i2rmjhldy4d3tyowtagez5g
[+] /spack/opt/spack/[padded-to-256-chars]/linux-ubuntu20.04-x86_64/gcc-11.1.0/xz-5.2.7-g2fdtei2ij3bnv2nlg7n56dopn6ms4sf
[+] /spack/opt/spack/[padded-to-256-chars]/linux-ubuntu20.04-x86_64/nvhpc-22.11/zlib-1.2.13-3eurdp2zhmkoab4vxmujw5rybqekfyzp
[+] /spack/opt/spack/[padded-to-256-chars]/linux-ubuntu20.04-x86_64/gcc-11.1.0/libffi-3.4.2-sgzskrfovhh3macgd4yvpobmp3swdfnm
[+] /spack/opt/spack/[padded-to-256-chars]/linux-ubuntu20.04-x86_64/gcc-11.1.0/libxcrypt-4.4.33-zywksgfofjyp5wuaq6rwbamkjmsxshaa
[+] /spack/opt/spack/[padded-to-256-chars]/linux-ubuntu20.04-x86_64/nvhpc-22.11/ca-certificates-mozilla-2022-10-11-fn2so2ayxixzq2mjvguo3kqnh7npuilb
[+] /spack/opt/spack/[padded-to-256-chars]/linux-ubuntu20.04-x86_64/nvhpc-22.11/berkeley-db-18.1.40-cmg6vgl72bcb4txwaysuwikw7j7hbcv4
[+] /spack/opt/spack/[padded-to-256-chars]/linux-ubuntu20.04-x86_64/nvhpc-22.11/diffutils-3.7-vaeyduyor3tnmhsftpp47e6r6o2ko5sb
[+] /spack/opt/spack/[padded-to-256-chars]/linux-ubuntu20.04-x86_64/nvhpc-22.11/libbsd-0.11.3-6ex5j6p4gr4bl3bhrcddf2arhusdasuh
[+] /spack/opt/spack/[padded-to-256-chars]/linux-ubuntu20.04-x86_64/nvhpc-22.11/util-linux-uuid-2.38.1-3cv33m4gyq44uukyz7jwlptkj2fgu4bd
[+] /spack/opt/spack/[padded-to-256-chars]/linux-ubuntu20.04-x86_64/nvhpc-22.11/ncurses-6.3-vpcvkaux34kn2lohxvkazxn4v3znezmp
[+] /spack/opt/spack/[padded-to-256-chars]/linux-ubuntu20.04-x86_64/nvhpc-22.11/libxml2-2.10.3-s6pnymp7b3msisbhe4ff5j2ewy753n5c
[+] /spack/opt/spack/[padded-to-256-chars]/linux-ubuntu20.04-x86_64/nvhpc-22.11/pigz-2.7-wltysiqlsehhkuuqtqsd3cfsclwpvhes
[+] /spack/opt/spack/[padded-to-256-chars]/linux-ubuntu20.04-x86_64/nvhpc-22.11/bzip2-1.0.8-okoe73lz34lyzebijmtbty5btyrybmed
[+] /spack/opt/spack/[padded-to-256-chars]/linux-ubuntu20.04-x86_64/nvhpc-22.11/expat-2.5.0-slyjaoz7dam7icehhgqlh62jyvv44sm5
[+] /spack/opt/spack/[padded-to-256-chars]/linux-ubuntu20.04-x86_64/gcc-11.1.0/readline-8.2-hdcq3sfnfi2zbbad6miehz4mebza2opt
[+] /spack/opt/spack/[padded-to-256-chars]/linux-ubuntu20.04-x86_64/nvhpc-22.11/tar-1.30-vqzbeuwbkimr42kvprigxphtr7rgqxww
[+] /spack/opt/spack/[padded-to-256-chars]/linux-ubuntu20.04-x86_64/nvhpc-22.11/sqlite-3.40.0-muyoiolzuerspfspy7zl2245ewu52ilt
[+] /spack/opt/spack/[padded-to-256-chars]/linux-ubuntu20.04-x86_64/nvhpc-22.11/gdbm-1.23-mzr7wy5qmdfly6thhaaqpxq7s6rhuaqf
[+] /spack/opt/spack/[padded-to-256-chars]/linux-ubuntu20.04-x86_64/nvhpc-22.11/gettext-0.21.1-6wkkjdeemsstebh7aikvag6rkdanqjik
[+] /spack/opt/spack/[padded-to-256-chars]/linux-ubuntu20.04-x86_64/nvhpc-22.11/perl-5.36.0-ygvh7b2nsfnliutjygfrjlveliglnc73
[+] /spack/opt/spack/[padded-to-256-chars]/linux-ubuntu20.04-x86_64/nvhpc-22.11/openssl-1.1.1s-urs6pu7ne2zzc6clmjnngssk32s2olzb
[+] /spack/opt/spack/[padded-to-256-chars]/linux-ubuntu20.04-x86_64/nvhpc-22.11/openblas-0.3.21-3oapbupikuisb2vqchalqmyic3qg4eig
[+] /spack/opt/spack/[padded-to-256-chars]/linux-ubuntu20.04-x86_64/gcc-11.1.0/python-3.10.8-ngptfwb7kxxp6gdobz5rsw7dqywjxkv3
[+] /spack/opt/spack/[padded-to-256-chars]/linux-ubuntu20.04-x86_64/gcc-11.1.0/cmake-3.25.1-vghw527fwqerrspvi7gahv4uk6kir3em
[+] /spack/opt/spack/[padded-to-256-chars]/linux-ubuntu20.04-x86_64/nvhpc-22.11/py-pip-22.2.2-65vsqoppf6cobzhdllmjauryp56qodac
[+] /spack/opt/spack/[padded-to-256-chars]/linux-ubuntu20.04-x86_64/nvhpc-22.11/boost-1.80.0-3tgey2dfczfojmxrqrywqtubuggnwpt2
[+] /spack/opt/spack/[padded-to-256-chars]/linux-ubuntu20.04-x86_64/nvhpc-22.11/py-setuptools-63.0.0-hobexd5daxor3prklad2ithtsnxsehoj
[+] /spack/opt/spack/[padded-to-256-chars]/linux-ubuntu20.04-x86_64/nvhpc-22.11/py-wheel-0.37.1-4hvl7zod7goq2rdtjaqh42k7gukiqoen
[+] /spack/opt/spack/[padded-to-256-chars]/linux-ubuntu20.04-x86_64/nvhpc-22.11/py-pytz-2022.2.1-mpjjpgna3nrojgicsv24qyf4zrmezijf
[+] /spack/opt/spack/[padded-to-256-chars]/linux-ubuntu20.04-x86_64/nvhpc-22.11/py-toml-0.10.2-da5fa5cmedujt4lsrmgbeggt6dwlrwua
[+] /spack/opt/spack/[padded-to-256-chars]/linux-ubuntu20.04-x86_64/nvhpc-22.11/py-six-1.16.0-cwjauuwmvihd2r2bq34otcvur3znbvag
[+] /spack/opt/spack/[padded-to-256-chars]/linux-ubuntu20.04-x86_64/gcc-11.1.0/py-cython-0.29.32-2t6vjvg4nwnaru7rta2iumzdh6ohloom
[+] /spack/opt/spack/[padded-to-256-chars]/linux-ubuntu20.04-x86_64/nvhpc-22.11/py-setuptools-scm-6.0.1-yckp6utkuqlhswnwkoj2jphaxhrocjrc
==> Installing py-numpy-1.22.3-26ll4lp7dy24ewvgk6y6sphqtpjsu3db
==> py-numpy exists in binary cache but with different hash
==> No binary for py-numpy-1.22.3-26ll4lp7dy24ewvgk6y6sphqtpjsu3db found: installing from source
==> Warning: download_tarball() was unable to download py-numpy@1.22.3%nvhpc@22.11+blas+lapack build_system=python_pip patches=873745d,e9508c3 arch=linux-ubuntu20.04-x86_64 ^berkeley-db@18.1.40%nvhpc@22.11+cxx~docs+stl build_system=autotools patches=26090f4,b231fcc arch=linux-ubuntu20.04-x86_64 ^bzip2@1.0.8%nvhpc@22.11~debug~pic+shared build_system=generic arch=linux-ubuntu20.04-x86_64 ^ca-certificates-mozilla@2022-10-11%nvhpc@22.11 build_system=generic arch=linux-ubuntu20.04-x86_64 ^diffutils@3.7%nvhpc@22.11 build_system=autotools patches=6e42dc2 arch=linux-ubuntu20.04-x86_64 ^expat@2.5.0%nvhpc@22.11+libbsd build_system=autotools arch=linux-ubuntu20.04-x86_64 ^gdbm@1.23%nvhpc@22.11 build_system=autotools arch=linux-ubuntu20.04-x86_64 ^gettext@0.21.1%nvhpc@22.11+bzip2+curses+git~libunistring+libxml2+tar+xz build_system=autotools patches=6e530da,fb27a3f arch=linux-ubuntu20.04-x86_64 ^libbsd@0.11.3%nvhpc@22.11 build_system=autotools arch=linux-ubuntu20.04-x86_64 ^libffi@3.4.2%gcc@11.1.0 build_system=autotools arch=linux-ubuntu20.04-x86_64 ^libiconv@1.16%nvhpc@22.11 build_system=autotools libs=shared,static arch=linux-ubuntu20.04-x86_64 ^libmd@1.0.4%nvhpc@22.11 build_system=autotools patches=991953c arch=linux-ubuntu20.04-x86_64 ^libxcrypt@4.4.33%gcc@11.1.0~obsolete_api build_system=autotools arch=linux-ubuntu20.04-x86_64 ^libxml2@2.10.3%nvhpc@22.11~python build_system=autotools arch=linux-ubuntu20.04-x86_64 ^ncurses@6.3%nvhpc@22.11~symlinks+termlib abi=none build_system=autotools arch=linux-ubuntu20.04-x86_64 ^openblas@0.3.21%nvhpc@22.11~bignuma~consistent_fpcsr+fortran~ilp64+locking+pic+shared build_system=makefile patches=d3d9b15 symbol_suffix=none threads=none arch=linux-ubuntu20.04-x86_64 ^openssl@1.1.1s%nvhpc@22.11~docs~shared build_system=generic certs=mozilla arch=linux-ubuntu20.04-x86_64 ^perl@5.36.0%nvhpc@22.11+cpanm+shared+threads build_system=generic arch=linux-ubuntu20.04-x86_64 ^pigz@2.7%nvhpc@22.11 build_system=makefile arch=linux-ubuntu20.04-x86_64 ^pkgconf@1.8.0%nvhpc@22.11 build_system=autotools arch=linux-ubuntu20.04-x86_64 ^py-cython@0.29.32%gcc@11.1.0 build_system=python_pip arch=linux-ubuntu20.04-x86_64 ^py-pip@22.2.2%nvhpc@22.11 build_system=generic arch=linux-ubuntu20.04-x86_64 ^py-setuptools@63.0.0%nvhpc@22.11 build_system=generic arch=linux-ubuntu20.04-x86_64 ^py-wheel@0.37.1%nvhpc@22.11 build_system=generic arch=linux-ubuntu20.04-x86_64 ^python@3.10.8%gcc@11.1.0+bz2+crypt+ctypes+dbm~debug+libxml2+lzma~nis~optimizations+pic+pyexpat+pythoncmd+readline+shared+sqlite3+ssl~tkinter+uuid+zlib build_system=generic patches=0d98e93,7d40923,f2fd060 arch=linux-ubuntu20.04-x86_64 ^readline@8.2%gcc@11.1.0 build_system=autotools patches=bbf97f1 arch=linux-ubuntu20.04-x86_64 ^sqlite@3.40.0%nvhpc@22.11+column_metadata+dynamic_extensions+fts~functions+rtree build_system=autotools arch=linux-ubuntu20.04-x86_64 ^tar@1.30%nvhpc@22.11 build_system=autotools patches=4e8cdf6 zip=pigz arch=linux-ubuntu20.04-x86_64 ^util-linux-uuid@2.38.1%nvhpc@22.11 build_system=autotools arch=linux-ubuntu20.04-x86_64 ^xz@5.2.7%gcc@11.1.0~pic build_system=autotools libs=shared,static arch=linux-ubuntu20.04-x86_64 ^zlib@1.2.13%nvhpc@22.11+optimize+pic+shared build_system=makefile arch=linux-ubuntu20.04-x86_64 from any configured mirrors
==> Using cached archive: /spack/var/spack/cache/_source-cache/archive/db/dbc7601a3b7472d559dc7b933b18b4b66f9aa7452c120e87dfb33d02008c8a18.zip
==> Using cached archive: /spack/var/spack/cache/_source-cache/archive/e9/e9508c3b3a1e1a24669014a0c1b9f3b009a149ea3886cf711eaef2a32b247fdb
==> Applied patch /spack/var/spack/repos/builtin/packages/py-numpy/check_executables.patch
==> Applied patch https://github.com/numpy/numpy/pull/21448.patch?full_index=1
==> py-numpy: Executing phase: 'install'
==> Error: ProcessError: Command exited with status 1:
    '/spack/opt/spack/__spack_path_placeholder__/__spack_path_placeholder__/__spack_path_placeholder__/__spack_path_placeholder__/__spack_path_placeholder__/__spack_path_placeholder__/__spack_path_placeholder__/__spack_path_placeholder__/__spack_path_placeholde/linux-ubuntu20.04-x86_64/gcc-11.1.0/python-3.10.8-ngptfwb7kxxp6gdobz5rsw7dqywjxkv3/bin/python3.10' '-m' 'pip' '-vvv' '--no-input' '--no-cache-dir' '--disable-pip-version-check' 'install' '--no-deps' '--ignore-installed' '--no-build-isolation' '--no-warn-script-location' '--no-index' '--prefix=/spack/opt/spack/__spack_path_placeholder__/__spack_path_placeholder__/__spack_path_placeholder__/__spack_path_placeholder__/__spack_path_placeholder__/__spack_path_placeholder__/__spack_path_placeholder__/__spack_path_placeholder__/__spack_path_placeholde/linux-ubuntu20.04-x86_64/nvhpc-22.11/py-numpy-1.22.3-26ll4lp7dy24ewvgk6y6sphqtpjsu3db' '.'

2 errors found in build log:
     80       package init file 'numpy/f2py/tests/src/size/__init__.py' not found (or not a regular file)
     81       package init file 'numpy/f2py/tests/src/array_from_pyobj/__init__.py' not found (or not a regular file)
     82       package init file 'numpy/f2py/tests/src/parameter/__init__.py' not found (or not a regular file)
     83       package init file 'numpy/f2py/tests/src/assumed_shape/__init__.py' not found (or not a regular file)
     84       package init file 'numpy/f2py/tests/src/mixed/__init__.py' not found (or not a regular file)
     85       package init file 'numpy/f2py/tests/src/kind/__init__.py' not found (or not a regular file)
  >> 86     /spack/opt/spack/__spack_path_placeholder__/__spack_path_placeholder__/__spack_path_placeholder__/__spack_path_placeholder__/__spack_path_placeholder__/__spack_path_
            placeholder__/__spack_path_placeholder__/__spack_path_placeholder__/__spack_path_placeholde/linux-ubuntu20.04-x86_64/nvhpc-22.11/py-setuptools-63.0.0-hobexd5daxor3pr
            klad2ithtsnxsehoj/lib/python3.10/site-packages/setuptools/command/egg_info.py:632: SetuptoolsDeprecationWarning: Custom 'build_py' does not implement 'get_data_files
            _without_manifest'.
     87       Please extend command classes from setuptools instead of distutils.
     88         warnings.warn(
     89       reading manifest file '/tmp/pip-modern-metadata-6_yn10bb/numpy.egg-info/SOURCES.txt'
     90       reading manifest template 'MANIFEST.in'
     91       warning: no previously-included files found matching 'LICENSES_bundled.txt'
     92       warning: no previously-included files found matching 'azure-*.yml'

     ...

     112    Building wheels for collected packages: numpy
     113      Created temporary directory: /tmp/pip-wheel-rlgz97l_
     114      Destination directory: /tmp/pip-wheel-rlgz97l_
     115      Building wheel for numpy (pyproject.toml): started
     116      Running command Building wheel for numpy (pyproject.toml)
     117      Running from numpy source directory.
  >> 118    /tmp/root/spack-stage/spack-stage-py-numpy-1.22.3-26ll4lp7dy24ewvgk6y6sphqtpjsu3db/spack-src/tools/cythonize.py:63: DeprecationWarning: The distutils package is depr
            ecated and slated for removal in Python 3.12. Use setuptools or check PEP 632 for potential alternatives
     119        from distutils.version import LooseVersion
     120      Processing numpy/random/_bounded_integers.pxd.in
     121      Processing numpy/random/_mt19937.pyx
     122      Processing numpy/random/_generator.pyx
     123      Processing numpy/random/_philox.pyx
     124      Processing numpy/random/_bounded_integers.pyx.in

See build log for details:
  /tmp/root/spack-stage/spack-stage-py-numpy-1.22.3-26ll4lp7dy24ewvgk6y6sphqtpjsu3db/spack-build-out.txt

==> Installing py-numpy-1.22.4-reithnxf4hqv5w2y7yzcld3bvw7e7vnl
==> py-numpy exists in binary cache but with different hash
==> No binary for py-numpy-1.22.4-reithnxf4hqv5w2y7yzcld3bvw7e7vnl found: installing from source
==> Warning: download_tarball() was unable to download py-numpy@1.22.4%nvhpc@22.11+blas+lapack build_system=python_pip patches=873745d arch=linux-ubuntu20.04-x86_64 ^berkeley-db@18.1.40%nvhpc@22.11+cxx~docs+stl build_system=autotools patches=26090f4,b231fcc arch=linux-ubuntu20.04-x86_64 ^bzip2@1.0.8%nvhpc@22.11~debug~pic+shared build_system=generic arch=linux-ubuntu20.04-x86_64 ^ca-certificates-mozilla@2022-10-11%nvhpc@22.11 build_system=generic arch=linux-ubuntu20.04-x86_64 ^diffutils@3.7%nvhpc@22.11 build_system=autotools patches=6e42dc2 arch=linux-ubuntu20.04-x86_64 ^expat@2.5.0%nvhpc@22.11+libbsd build_system=autotools arch=linux-ubuntu20.04-x86_64 ^gdbm@1.23%nvhpc@22.11 build_system=autotools arch=linux-ubuntu20.04-x86_64 ^gettext@0.21.1%nvhpc@22.11+bzip2+curses+git~libunistring+libxml2+tar+xz build_system=autotools patches=6e530da,fb27a3f arch=linux-ubuntu20.04-x86_64 ^libbsd@0.11.3%nvhpc@22.11 build_system=autotools arch=linux-ubuntu20.04-x86_64 ^libffi@3.4.2%gcc@11.1.0 build_system=autotools arch=linux-ubuntu20.04-x86_64 ^libiconv@1.16%nvhpc@22.11 build_system=autotools libs=shared,static arch=linux-ubuntu20.04-x86_64 ^libmd@1.0.4%nvhpc@22.11 build_system=autotools patches=991953c arch=linux-ubuntu20.04-x86_64 ^libxcrypt@4.4.33%gcc@11.1.0~obsolete_api build_system=autotools arch=linux-ubuntu20.04-x86_64 ^libxml2@2.10.3%nvhpc@22.11~python build_system=autotools arch=linux-ubuntu20.04-x86_64 ^ncurses@6.3%nvhpc@22.11~symlinks+termlib abi=none build_system=autotools arch=linux-ubuntu20.04-x86_64 ^openblas@0.3.21%nvhpc@22.11~bignuma~consistent_fpcsr+fortran~ilp64+locking+pic+shared build_system=makefile patches=d3d9b15 symbol_suffix=none threads=none arch=linux-ubuntu20.04-x86_64 ^openssl@1.1.1s%nvhpc@22.11~docs~shared build_system=generic certs=mozilla arch=linux-ubuntu20.04-x86_64 ^perl@5.36.0%nvhpc@22.11+cpanm+shared+threads build_system=generic arch=linux-ubuntu20.04-x86_64 ^pigz@2.7%nvhpc@22.11 build_system=makefile arch=linux-ubuntu20.04-x86_64 ^pkgconf@1.8.0%nvhpc@22.11 build_system=autotools arch=linux-ubuntu20.04-x86_64 ^py-cython@0.29.32%gcc@11.1.0 build_system=python_pip arch=linux-ubuntu20.04-x86_64 ^py-pip@22.2.2%nvhpc@22.11 build_system=generic arch=linux-ubuntu20.04-x86_64 ^py-setuptools@63.0.0%nvhpc@22.11 build_system=generic arch=linux-ubuntu20.04-x86_64 ^py-wheel@0.37.1%nvhpc@22.11 build_system=generic arch=linux-ubuntu20.04-x86_64 ^python@3.10.8%gcc@11.1.0+bz2+crypt+ctypes+dbm~debug+libxml2+lzma~nis~optimizations+pic+pyexpat+pythoncmd+readline+shared+sqlite3+ssl~tkinter+uuid+zlib build_system=generic patches=0d98e93,7d40923,f2fd060 arch=linux-ubuntu20.04-x86_64 ^readline@8.2%gcc@11.1.0 build_system=autotools patches=bbf97f1 arch=linux-ubuntu20.04-x86_64 ^sqlite@3.40.0%nvhpc@22.11+column_metadata+dynamic_extensions+fts~functions+rtree build_system=autotools arch=linux-ubuntu20.04-x86_64 ^tar@1.30%nvhpc@22.11 build_system=autotools patches=4e8cdf6 zip=pigz arch=linux-ubuntu20.04-x86_64 ^util-linux-uuid@2.38.1%nvhpc@22.11 build_system=autotools arch=linux-ubuntu20.04-x86_64 ^xz@5.2.7%gcc@11.1.0~pic build_system=autotools libs=shared,static arch=linux-ubuntu20.04-x86_64 ^zlib@1.2.13%nvhpc@22.11+optimize+pic+shared build_system=makefile arch=linux-ubuntu20.04-x86_64 from any configured mirrors
==> Using cached archive: /spack/var/spack/cache/_source-cache/archive/42/425b390e4619f58d8526b3dcf656dde069133ae5c240229821f01b5f44ea07af.zip
==> Applied patch /spack/var/spack/repos/builtin/packages/py-numpy/check_executables.patch
==> py-numpy: Executing phase: 'install'
==> Error: ProcessError: Command exited with status 1:
    '/spack/opt/spack/__spack_path_placeholder__/__spack_path_placeholder__/__spack_path_placeholder__/__spack_path_placeholder__/__spack_path_placeholder__/__spack_path_placeholder__/__spack_path_placeholder__/__spack_path_placeholder__/__spack_path_placeholde/linux-ubuntu20.04-x86_64/gcc-11.1.0/python-3.10.8-ngptfwb7kxxp6gdobz5rsw7dqywjxkv3/bin/python3.10' '-m' 'pip' '-vvv' '--no-input' '--no-cache-dir' '--disable-pip-version-check' 'install' '--no-deps' '--ignore-installed' '--no-build-isolation' '--no-warn-script-location' '--no-index' '--prefix=/spack/opt/spack/__spack_path_placeholder__/__spack_path_placeholder__/__spack_path_placeholder__/__spack_path_placeholder__/__spack_path_placeholder__/__spack_path_placeholder__/__spack_path_placeholder__/__spack_path_placeholder__/__spack_path_placeholde/linux-ubuntu20.04-x86_64/nvhpc-22.11/py-numpy-1.22.4-reithnxf4hqv5w2y7yzcld3bvw7e7vnl' '.'

2 errors found in build log:
     80       package init file 'numpy/f2py/tests/src/size/__init__.py' not found (or not a regular file)
     81       package init file 'numpy/f2py/tests/src/array_from_pyobj/__init__.py' not found (or not a regular file)
     82       package init file 'numpy/f2py/tests/src/parameter/__init__.py' not found (or not a regular file)
     83       package init file 'numpy/f2py/tests/src/assumed_shape/__init__.py' not found (or not a regular file)
     84       package init file 'numpy/f2py/tests/src/mixed/__init__.py' not found (or not a regular file)
     85       package init file 'numpy/f2py/tests/src/kind/__init__.py' not found (or not a regular file)
  >> 86     /spack/opt/spack/__spack_path_placeholder__/__spack_path_placeholder__/__spack_path_placeholder__/__spack_path_placeholder__/__spack_path_placeholder__/__spack_path_
            placeholder__/__spack_path_placeholder__/__spack_path_placeholder__/__spack_path_placeholde/linux-ubuntu20.04-x86_64/nvhpc-22.11/py-setuptools-63.0.0-hobexd5daxor3pr
            klad2ithtsnxsehoj/lib/python3.10/site-packages/setuptools/command/egg_info.py:632: SetuptoolsDeprecationWarning: Custom 'build_py' does not implement 'get_data_files
            _without_manifest'.
     87       Please extend command classes from setuptools instead of distutils.
     88         warnings.warn(
     89       reading manifest file '/tmp/pip-modern-metadata-_pnm3eqb/numpy.egg-info/SOURCES.txt'
     90       reading manifest template 'MANIFEST.in'
     91       warning: no previously-included files found matching 'LICENSES_bundled.txt'
     92       warning: no previously-included files found matching 'azure-*.yml'

     ...

     112    Building wheels for collected packages: numpy
     113      Created temporary directory: /tmp/pip-wheel-exowltgy
     114      Destination directory: /tmp/pip-wheel-exowltgy
     115      Building wheel for numpy (pyproject.toml): started
     116      Running command Building wheel for numpy (pyproject.toml)
     117      Running from numpy source directory.
  >> 118    /tmp/root/spack-stage/spack-stage-py-numpy-1.22.4-reithnxf4hqv5w2y7yzcld3bvw7e7vnl/spack-src/tools/cythonize.py:63: DeprecationWarning: The distutils package is depr
            ecated and slated for removal in Python 3.12. Use setuptools or check PEP 632 for potential alternatives
     119        from distutils.version import LooseVersion
     120      Processing numpy/random/_bounded_integers.pxd.in
     121      Processing numpy/random/_mt19937.pyx
     122      Processing numpy/random/_generator.pyx
     123      Processing numpy/random/_philox.pyx
     124      Processing numpy/random/_bounded_integers.pyx.in

See build log for details:
  /tmp/root/spack-stage/spack-stage-py-numpy-1.22.4-reithnxf4hqv5w2y7yzcld3bvw7e7vnl/spack-build-out.txt

==> Installing py-numpy-1.23.5-xcprgdpek3e773uq25zqtwlofacqokqw
==> py-numpy exists in binary cache but with different hash
==> No binary for py-numpy-1.23.5-xcprgdpek3e773uq25zqtwlofacqokqw found: installing from source
==> Warning: Skipping build of py-numexpr-2.7.3-rwev3b3zu6ajc2qki2p5dbryp62dtfhd since py-numpy-1.22.4-reithnxf4hqv5w2y7yzcld3bvw7e7vnl failed
==> Warning: Skipping build of py-pandas-1.4.0-p3cjhsuualjv6gd5ajx2z3auwahkfyfa since py-numexpr-2.7.3-rwev3b3zu6ajc2qki2p5dbryp62dtfhd failed
==> Warning: Skipping build of py-bottleneck-1.3.2-qbyaese3yvrykst5hwxnlmwtxe2z6w66 since py-numpy-1.22.4-reithnxf4hqv5w2y7yzcld3bvw7e7vnl failed
==> Warning: download_tarball() was unable to download py-numpy@1.23.5%nvhpc@22.11+blas+lapack build_system=python_pip patches=873745d arch=linux-ubuntu20.04-x86_64 ^berkeley-db@18.1.40%nvhpc@22.11+cxx~docs+stl build_system=autotools patches=26090f4,b231fcc arch=linux-ubuntu20.04-x86_64 ^bzip2@1.0.8%nvhpc@22.11~debug~pic+shared build_system=generic arch=linux-ubuntu20.04-x86_64 ^ca-certificates-mozilla@2022-10-11%nvhpc@22.11 build_system=generic arch=linux-ubuntu20.04-x86_64 ^diffutils@3.7%nvhpc@22.11 build_system=autotools patches=6e42dc2 arch=linux-ubuntu20.04-x86_64 ^expat@2.5.0%nvhpc@22.11+libbsd build_system=autotools arch=linux-ubuntu20.04-x86_64 ^gdbm@1.23%nvhpc@22.11 build_system=autotools arch=linux-ubuntu20.04-x86_64 ^gettext@0.21.1%nvhpc@22.11+bzip2+curses+git~libunistring+libxml2+tar+xz build_system=autotools patches=6e530da,fb27a3f arch=linux-ubuntu20.04-x86_64 ^libbsd@0.11.3%nvhpc@22.11 build_system=autotools arch=linux-ubuntu20.04-x86_64 ^libffi@3.4.2%gcc@11.1.0 build_system=autotools arch=linux-ubuntu20.04-x86_64 ^libiconv@1.16%nvhpc@22.11 build_system=autotools libs=shared,static arch=linux-ubuntu20.04-x86_64 ^libmd@1.0.4%nvhpc@22.11 build_system=autotools patches=991953c arch=linux-ubuntu20.04-x86_64 ^libxcrypt@4.4.33%gcc@11.1.0~obsolete_api build_system=autotools arch=linux-ubuntu20.04-x86_64 ^libxml2@2.10.3%nvhpc@22.11~python build_system=autotools arch=linux-ubuntu20.04-x86_64 ^ncurses@6.3%nvhpc@22.11~symlinks+termlib abi=none build_system=autotools arch=linux-ubuntu20.04-x86_64 ^openblas@0.3.21%nvhpc@22.11~bignuma~consistent_fpcsr+fortran~ilp64+locking+pic+shared build_system=makefile patches=d3d9b15 symbol_suffix=none threads=none arch=linux-ubuntu20.04-x86_64 ^openssl@1.1.1s%nvhpc@22.11~docs~shared build_system=generic certs=mozilla arch=linux-ubuntu20.04-x86_64 ^perl@5.36.0%nvhpc@22.11+cpanm+shared+threads build_system=generic arch=linux-ubuntu20.04-x86_64 ^pigz@2.7%nvhpc@22.11 build_system=makefile arch=linux-ubuntu20.04-x86_64 ^pkgconf@1.8.0%nvhpc@22.11 build_system=autotools arch=linux-ubuntu20.04-x86_64 ^py-cython@0.29.32%gcc@11.1.0 build_system=python_pip arch=linux-ubuntu20.04-x86_64 ^py-pip@22.2.2%nvhpc@22.11 build_system=generic arch=linux-ubuntu20.04-x86_64 ^py-setuptools@63.0.0%nvhpc@22.11 build_system=generic arch=linux-ubuntu20.04-x86_64 ^py-wheel@0.37.1%nvhpc@22.11 build_system=generic arch=linux-ubuntu20.04-x86_64 ^python@3.10.8%gcc@11.1.0+bz2+crypt+ctypes+dbm~debug+libxml2+lzma~nis~optimizations+pic+pyexpat+pythoncmd+readline+shared+sqlite3+ssl~tkinter+uuid+zlib build_system=generic patches=0d98e93,7d40923,f2fd060 arch=linux-ubuntu20.04-x86_64 ^readline@8.2%gcc@11.1.0 build_system=autotools patches=bbf97f1 arch=linux-ubuntu20.04-x86_64 ^sqlite@3.40.0%nvhpc@22.11+column_metadata+dynamic_extensions+fts~functions+rtree build_system=autotools arch=linux-ubuntu20.04-x86_64 ^tar@1.30%nvhpc@22.11 build_system=autotools patches=4e8cdf6 zip=pigz arch=linux-ubuntu20.04-x86_64 ^util-linux-uuid@2.38.1%nvhpc@22.11 build_system=autotools arch=linux-ubuntu20.04-x86_64 ^xz@5.2.7%gcc@11.1.0~pic build_system=autotools libs=shared,static arch=linux-ubuntu20.04-x86_64 ^zlib@1.2.13%nvhpc@22.11+optimize+pic+shared build_system=makefile arch=linux-ubuntu20.04-x86_64 from any configured mirrors
==> Using cached archive: /spack/var/spack/cache/_source-cache/archive/1b/1b1766d6f397c18153d40015ddfc79ddb715cabadc04d2d228d4e5a8bc4ded1a.tar.gz
==> Applied patch /spack/var/spack/repos/builtin/packages/py-numpy/check_executables.patch
==> py-numpy: Executing phase: 'install'
==> Error: ProcessError: Command exited with status 1:
    '/spack/opt/spack/__spack_path_placeholder__/__spack_path_placeholder__/__spack_path_placeholder__/__spack_path_placeholder__/__spack_path_placeholder__/__spack_path_placeholder__/__spack_path_placeholder__/__spack_path_placeholder__/__spack_path_placeholde/linux-ubuntu20.04-x86_64/gcc-11.1.0/python-3.10.8-ngptfwb7kxxp6gdobz5rsw7dqywjxkv3/bin/python3.10' '-m' 'pip' '-vvv' '--no-input' '--no-cache-dir' '--disable-pip-version-check' 'install' '--no-deps' '--ignore-installed' '--no-build-isolation' '--no-warn-script-location' '--no-index' '--prefix=/spack/opt/spack/__spack_path_placeholder__/__spack_path_placeholder__/__spack_path_placeholder__/__spack_path_placeholder__/__spack_path_placeholder__/__spack_path_placeholder__/__spack_path_placeholder__/__spack_path_placeholder__/__spack_path_placeholde/linux-ubuntu20.04-x86_64/nvhpc-22.11/py-numpy-1.23.5-xcprgdpek3e773uq25zqtwlofacqokqw' '.'

3 errors found in build log:
     12     Processing /tmp/root/spack-stage/spack-stage-py-numpy-1.23.5-xcprgdpek3e773uq25zqtwlofacqokqw/spack-src
     13       Added file:///tmp/root/spack-stage/spack-stage-py-numpy-1.23.5-xcprgdpek3e773uq25zqtwlofacqokqw/spack-src to build tracker '/tmp/pip-build-tracker-4wlc84qh'
     14       Created temporary directory: /tmp/pip-modern-metadata-it7bys81
     15       Preparing metadata (pyproject.toml): started
     16       Running command Preparing metadata (pyproject.toml)
     17       Running from numpy source directory.
  >> 18     setup.py:86: DeprecationWarning:
     19     
     20         `numpy.distutils` is deprecated since NumPy 1.23.0, as a result
     21         of the deprecation of `distutils` itself. It will be removed for
     22         Python >= 3.12. For older Python versions it will remain present.
     23         It is recommended to use `setuptools < 60.0` for those Python versions.
     24         For more details, see:

     ...

     105      package init file 'numpy/random/src/splitmix64/__init__.py' not found (or not a regular file)
     106      package init file 'numpy/typing/tests/data/__init__.py' not found (or not a regular file)
     107      package init file 'numpy/typing/tests/data/fail/__init__.py' not found (or not a regular file)
     108      package init file 'numpy/typing/tests/data/misc/__init__.py' not found (or not a regular file)
     109      package init file 'numpy/typing/tests/data/pass/__init__.py' not found (or not a regular file)
     110      package init file 'numpy/typing/tests/data/reveal/__init__.py' not found (or not a regular file)
  >> 111    /spack/opt/spack/__spack_path_placeholder__/__spack_path_placeholder__/__spack_path_placeholder__/__spack_path_placeholder__/__spack_path_placeholder__/__spack_path_
            placeholder__/__spack_path_placeholder__/__spack_path_placeholder__/__spack_path_placeholde/linux-ubuntu20.04-x86_64/nvhpc-22.11/py-setuptools-63.0.0-hobexd5daxor3pr
            klad2ithtsnxsehoj/lib/python3.10/site-packages/setuptools/command/egg_info.py:632: SetuptoolsDeprecationWarning: Custom 'build_py' does not implement 'get_data_files
            _without_manifest'.
     112      Please extend command classes from setuptools instead of distutils.
     113        warnings.warn(
     114      reading manifest file '/tmp/pip-modern-metadata-it7bys81/numpy.egg-info/SOURCES.txt'
     115      reading manifest template 'MANIFEST.in'
     116      warning: no previously-included files found matching 'LICENSES_bundled.txt'
     117      warning: no previously-included files found matching 'azure-*.yml'

     ...

     137    Building wheels for collected packages: numpy
     138      Created temporary directory: /tmp/pip-wheel-4fi27_rk
     139      Destination directory: /tmp/pip-wheel-4fi27_rk
     140      Building wheel for numpy (pyproject.toml): started
     141      Running command Building wheel for numpy (pyproject.toml)
     142      Running from numpy source directory.
  >> 143    setup.py:86: DeprecationWarning:
     144    
     145        `numpy.distutils` is deprecated since NumPy 1.23.0, as a result
     146        of the deprecation of `distutils` itself. It will be removed for
     147        Python >= 3.12. For older Python versions it will remain present.
     148        It is recommended to use `setuptools < 60.0` for those Python versions.
     149        For more details, see:

See build log for details:
  /tmp/root/spack-stage/spack-stage-py-numpy-1.23.5-xcprgdpek3e773uq25zqtwlofacqokqw/spack-build-out.txt

==> Warning: Skipping build of ecflow-5.8.3-k3jx3zm3xgdwixrq5kixfkmuo4jdhls7 since py-numpy-1.23.5-xcprgdpek3e773uq25zqtwlofacqokqw failed
==> Error: py-numpy-1.22.3-26ll4lp7dy24ewvgk6y6sphqtpjsu3db: ProcessError: Command exited with status 1:
    '/spack/opt/spack/__spack_path_placeholder__/__spack_path_placeholder__/__spack_path_placeholder__/__spack_path_placeholder__/__spack_path_placeholder__/__spack_path_placeholder__/__spack_path_placeholder__/__spack_path_placeholder__/__spack_path_placeholde/linux-ubuntu20.04-x86_64/gcc-11.1.0/python-3.10.8-ngptfwb7kxxp6gdobz5rsw7dqywjxkv3/bin/python3.10' '-m' 'pip' '-vvv' '--no-input' '--no-cache-dir' '--disable-pip-version-check' 'install' '--no-deps' '--ignore-installed' '--no-build-isolation' '--no-warn-script-location' '--no-index' '--prefix=/spack/opt/spack/__spack_path_placeholder__/__spack_path_placeholder__/__spack_path_placeholder__/__spack_path_placeholder__/__spack_path_placeholder__/__spack_path_placeholder__/__spack_path_placeholder__/__spack_path_placeholder__/__spack_path_placeholde/linux-ubuntu20.04-x86_64/nvhpc-22.11/py-numpy-1.22.3-26ll4lp7dy24ewvgk6y6sphqtpjsu3db' '.'
==> Error: ecflow-5.8.3-k3jx3zm3xgdwixrq5kixfkmuo4jdhls7: Package was not installed
==> Error: py-numpy-1.22.3-26ll4lp7dy24ewvgk6y6sphqtpjsu3db: Package was not installed
==> Error: py-pandas-1.4.0-p3cjhsuualjv6gd5ajx2z3auwahkfyfa: Package was not installed
==> Error: Installation request failed.  Refer to reported errors for failing package(s).
[+] /spack/opt/spack/[padded-to-256-chars]/linux-ubuntu20.04-x86_64/nvhpc-22.11/py-python-dateutil-2.8.2-3mu2kprc6hgyvsqi6dxnicsrtwbdyyqh
